#
# There is insufficient memory for the Java Runtime Environment to continue.
# Native memory allocation (malloc) failed to allocate 187728 bytes for Chunk::new
# Possible reasons:
#   The system is out of physical RAM or swap space
#   In 32 bit mode, the process size limit was hit
# Possible solutions:
#   Reduce memory load on the system
#   Increase physical memory or swap space
#   Check if swap backing store is full
#   Use 64 bit Java on a 64 bit OS
#   Decrease Java heap size (-Xmx/-Xms)
#   Decrease number of Java threads
#   Decrease Java thread stack sizes (-Xss)
#   Set larger code cache with -XX:ReservedCodeCacheSize=
# This output file may be truncated or incomplete.
#
#  Out of Memory Error (allocation.cpp:390), pid=4688, tid=9980
#
# JRE version: Java(TM) SE Runtime Environment (8.0_45-b15) (build 1.8.0_45-b15)
# Java VM: Java HotSpot(TM) 64-Bit Server VM (25.45-b02 mixed mode windows-amd64 compressed oops)
# Failed to write core dump. Minidumps are not enabled by default on client versions of Windows
#

---------------  T H R E A D  ---------------

Current thread (0x000000000620a000):  JavaThread "C2 CompilerThread0" daemon [_thread_in_native, id=9980, stack(0x0000000007d50000,0x0000000007e50000)]

Stack: [0x0000000007d50000,0x0000000007e50000]
Native frames: (J=compiled Java code, j=interpreted, Vv=VM code, C=native code)
V  [jvm.dll+0x32b57a]
V  [jvm.dll+0x279873]
V  [jvm.dll+0x27a509]
V  [jvm.dll+0x271825]
V  [jvm.dll+0xcb9e2]
V  [jvm.dll+0xcbeac]
V  [jvm.dll+0x464342]
V  [jvm.dll+0x4d9490]
V  [jvm.dll+0x4dc0bb]
V  [jvm.dll+0x46a551]
V  [jvm.dll+0x46cd52]
V  [jvm.dll+0x4500f2]
V  [jvm.dll+0xa4352]
V  [jvm.dll+0xa4c8f]
V  [jvm.dll+0x241984]
V  [jvm.dll+0x29853a]
C  [msvcr100.dll+0x21d9f]
C  [msvcr100.dll+0x21e3b]
C  [KERNEL32.DLL+0x18102]
C  [ntdll.dll+0x5c5b4]


Current CompileTask:
C2:   4820 1075       4       com.android.dx.ssa.SsaMethod::forEachInsn (36 bytes)


---------------  P R O C E S S  ---------------

Java Threads: ( => current thread )
  0x00000000080eb800 JavaThread "pool-2-thread-4" [_thread_in_vm, id=4452, stack(0x0000000008a50000,0x0000000008b50000)]
  0x00000000080eb000 JavaThread "pool-2-thread-3" [_thread_blocked, id=10984, stack(0x0000000008950000,0x0000000008a50000)]
  0x00000000080e6800 JavaThread "pool-2-thread-2" [_thread_blocked, id=9504, stack(0x0000000008850000,0x0000000008950000)]
  0x00000000080e6000 JavaThread "pool-3-thread-1" [_thread_blocked, id=3948, stack(0x0000000008750000,0x0000000008850000)]
  0x00000000080e3000 JavaThread "pool-2-thread-1" [_thread_blocked, id=11400, stack(0x0000000008650000,0x0000000008750000)]
  0x0000000007eb2800 JavaThread "Service Thread" daemon [_thread_blocked, id=4796, stack(0x0000000008450000,0x0000000008550000)]
  0x0000000007ea7000 JavaThread "C1 CompilerThread2" daemon [_thread_blocked, id=3504, stack(0x0000000008350000,0x0000000008450000)]
  0x000000000620d000 JavaThread "C2 CompilerThread1" daemon [_thread_in_native, id=8332, stack(0x0000000008250000,0x0000000008350000)]
=>0x000000000620a000 JavaThread "C2 CompilerThread0" daemon [_thread_in_native, id=9980, stack(0x0000000007d50000,0x0000000007e50000)]
  0x00000000061be000 JavaThread "Attach Listener" daemon [_thread_blocked, id=6164, stack(0x0000000007c50000,0x0000000007d50000)]
  0x00000000061bd000 JavaThread "Signal Dispatcher" daemon [_thread_blocked, id=10464, stack(0x0000000007b50000,0x0000000007c50000)]
  0x0000000002ad1800 JavaThread "Finalizer" daemon [_thread_blocked, id=7412, stack(0x0000000007400000,0x0000000007500000)]
  0x0000000002ace000 JavaThread "Reference Handler" daemon [_thread_blocked, id=7660, stack(0x0000000007300000,0x0000000007400000)]
  0x00000000029e0800 JavaThread "main" [_thread_in_Java, id=8564, stack(0x00000000024f0000,0x00000000025f0000)]

Other Threads:
  0x0000000006178000 VMThread [stack: 0x0000000007200000,0x0000000007300000] [id=9456]
  0x0000000007ed4000 WatcherThread [stack: 0x0000000008550000,0x0000000008650000] [id=9272]

VM state:not at safepoint (normal execution)

VM Mutex/Monitor currently owned by a thread: None

Heap:
 PSYoungGen      total 18944K, used 15219K [0x00000000eab00000, 0x00000000ed000000, 0x0000000100000000)
  eden space 16384K, 77% used [0x00000000eab00000,0x00000000eb760768,0x00000000ebb00000)
  from space 2560K, 99% used [0x00000000ebb00000,0x00000000ebd7c6d8,0x00000000ebd80000)
  to   space 2560K, 0% used [0x00000000ecd80000,0x00000000ecd80000,0x00000000ed000000)
 ParOldGen       total 44032K, used 1038K [0x00000000c0000000, 0x00000000c2b00000, 0x00000000eab00000)
  object space 44032K, 2% used [0x00000000c0000000,0x00000000c0103b28,0x00000000c2b00000)
 Metaspace       used 5947K, capacity 6832K, committed 7040K, reserved 1056768K
  class space    used 596K, capacity 616K, committed 640K, reserved 1048576K

Card table byte_map: [0x0000000002ea0000,0x00000000030b0000] byte_map_base: 0x00000000028a0000

Marking Bits: (ParMarkBitMap*) 0x000000006c934040
 Begin Bits: [0x0000000003610000, 0x0000000004610000)
 End Bits:   [0x0000000004610000, 0x0000000005610000)

Polling page: 0x0000000000cb0000

CodeCache: size=245760Kb used=4346Kb max_used=4361Kb free=241413Kb
 bounds [0x000000000f010000, 0x000000000f460000, 0x000000001e010000]
 total_blobs=1385 nmethods=1114 adapters=184
 compilation: enabled

Compilation events (10 events):
Event: 4.774 Thread 0x000000000620d000 nmethod 1107 0x000000000f40b450 code [0x000000000f40b5a0, 0x000000000f40b608]
Event: 4.774 Thread 0x000000000620d000 1081   !   4       com.android.dx.ssa.BasicRegisterMapper::map (44 bytes)
Event: 4.776 Thread 0x000000000620d000 nmethod 1081 0x000000000f44dc10 code [0x000000000f44dd60, 0x000000000f44dea8]
Event: 4.776 Thread 0x000000000620d000 1105       4       com.android.dx.dex.code.OutputFinisher::updateInfo (44 bytes)
Event: 4.782 Thread 0x000000000620d000 nmethod 1105 0x000000000f44f250 code [0x000000000f44f3c0, 0x000000000f44f5e8]
Event: 4.782 Thread 0x000000000620d000 1123       4       com.android.dx.rop.cst.CstString::compareTo0 (15 bytes)
Event: 4.783 Thread 0x000000000620d000 nmethod 1123 0x000000000f44ee90 code [0x000000000f44efe0, 0x000000000f44f158]
Event: 4.783 Thread 0x000000000620d000 1129       4       com.android.dx.util.ByteArray$MyInputStream::read (40 bytes)
Event: 4.784 Thread 0x000000000620d000 nmethod 1129 0x000000000f44eb10 code [0x000000000f44ec60, 0x000000000f44ed38]
Event: 4.785 Thread 0x000000000620d000 1128       4       com.android.dx.rop.code.PlainInsn::<init> (73 bytes)

GC Heap History (2 events):
Event: 3.308 GC heap before
{Heap before GC invocations=1 (full 0):
 PSYoungGen      total 18944K, used 16384K [0x00000000eab00000, 0x00000000ec000000, 0x0000000100000000)
  eden space 16384K, 100% used [0x00000000eab00000,0x00000000ebb00000,0x00000000ebb00000)
  from space 2560K, 0% used [0x00000000ebd80000,0x00000000ebd80000,0x00000000ec000000)
  to   space 2560K, 0% used [0x00000000ebb00000,0x00000000ebb00000,0x00000000ebd80000)
 ParOldGen       total 44032K, used 0K [0x00000000c0000000, 0x00000000c2b00000, 0x00000000eab00000)
  object space 44032K, 0% used [0x00000000c0000000,0x00000000c0000000,0x00000000c2b00000)
 Metaspace       used 5512K, capacity 6448K, committed 6528K, reserved 1056768K
  class space    used 589K, capacity 616K, committed 640K, reserved 1048576K
Event: 3.391 GC heap after
Heap after GC invocations=1 (full 0):
 PSYoungGen      total 18944K, used 2545K [0x00000000eab00000, 0x00000000ed000000, 0x0000000100000000)
  eden space 16384K, 0% used [0x00000000eab00000,0x00000000eab00000,0x00000000ebb00000)
  from space 2560K, 99% used [0x00000000ebb00000,0x00000000ebd7c6d8,0x00000000ebd80000)
  to   space 2560K, 0% used [0x00000000ecd80000,0x00000000ecd80000,0x00000000ed000000)
 ParOldGen       total 44032K, used 1038K [0x00000000c0000000, 0x00000000c2b00000, 0x00000000eab00000)
  object space 44032K, 2% used [0x00000000c0000000,0x00000000c0103b28,0x00000000c2b00000)
 Metaspace       used 5512K, capacity 6448K, committed 6528K, reserved 1056768K
  class space    used 589K, capacity 616K, committed 640K, reserved 1048576K
}

Deoptimization events (3 events):
Event: 1.162 Thread 0x00000000029e0800 Uncommon trap: reason=unstable_if action=reinterpret pc=0x000000000f18be54 method=java.lang.String.compareTo(Ljava/lang/String;)I @ 38
Event: 4.773 Thread 0x00000000080eb800 Uncommon trap: reason=unstable_if action=reinterpret pc=0x000000000f34bd2c method=com.android.dx.rop.code.RegisterSpecSet.put(Lcom/android/dx/rop/code/RegisterSpec;)V @ 77
Event: 4.774 Thread 0x00000000080eb800 Uncommon trap: reason=unstable_if action=reinterpret pc=0x000000000f3cd668 method=com.android.dx.rop.code.RegisterSpecSet.put(Lcom/android/dx/rop/code/RegisterSpec;)V @ 77

Internal exceptions (2 events):
Event: 0.142 Thread 0x00000000029e0800 Exception <a 'java/lang/NoSuchMethodError': Method sun.misc.Unsafe.defineClass(Ljava/lang/String;[BII)Ljava/lang/Class; name or signature does not match> (0x00000000eab12f00) thrown at [C:\re\workspace\8-2-build-windows-amd64-cygwin\jdk8u45\3627\hotspot\sr+ŒQã9Â?
Event: 0.142 Thread 0x00000000029e0800 Exception <a 'java/lang/NoSuchMethodError': Method sun.misc.Unsafe.prefetchRead(Ljava/lang/Object;J)V name or signature does not match> (0x00000000eab13190) thrown at [C:\re\workspace\8-2-build-windows-amd64-cygwin\jdk8u45\3627\hotspot\src\share\vm\prims\j

Events (10 events):
Event: 4.727 loading class com/android/dx/cf/code/SwitchList
Event: 4.727 loading class com/android/dx/cf/code/SwitchList done
Event: 4.768 loading class java/util/DualPivotQuicksort
Event: 4.769 loading class java/util/DualPivotQuicksort done
Event: 4.773 Thread 0x00000000080eb800 Uncommon trap: trap_request=0xffffff65 fr.pc=0x000000000f34bd2c
Event: 4.773 Thread 0x00000000080eb800 DEOPT PACKING pc=0x000000000f34bd2c sp=0x0000000008b4eb30
Event: 4.774 Thread 0x00000000080eb800 DEOPT UNPACKING pc=0x000000000f05582a sp=0x0000000008b4eab8 mode 2
Event: 4.774 Thread 0x00000000080eb800 Uncommon trap: trap_request=0xffffff65 fr.pc=0x000000000f3cd668
Event: 4.774 Thread 0x00000000080eb800 DEOPT PACKING pc=0x000000000f3cd668 sp=0x0000000008b4eb20
Event: 4.774 Thread 0x00000000080eb800 DEOPT UNPACKING pc=0x000000000f05582a sp=0x0000000008b4ea40 mode 2


Dynamic libraries:
0x00007ff67cce0000 - 0x00007ff67cd17000 	C:\Program Files\Java\jdk1.8.0_45\bin\java.exe
0x00007ffe8e9c0000 - 0x00007ffe8eb81000 	C:\WINDOWS\SYSTEM32\ntdll.dll
0x00007ffe8c470000 - 0x00007ffe8c51d000 	C:\WINDOWS\system32\KERNEL32.DLL
0x00007ffe8bb40000 - 0x00007ffe8bd28000 	C:\WINDOWS\system32\KERNELBASE.dll
0x00007ffe8e0a0000 - 0x00007ffe8e147000 	C:\WINDOWS\system32\ADVAPI32.dll
0x00007ffe8e240000 - 0x00007ffe8e2dd000 	C:\WINDOWS\system32\msvcrt.dll
0x00007ffe8e960000 - 0x00007ffe8e9bb000 	C:\WINDOWS\system32\sechost.dll
0x00007ffe8df20000 - 0x00007ffe8e03c000 	C:\WINDOWS\system32\RPCRT4.dll
0x00007ffe8bed0000 - 0x00007ffe8c026000 	C:\WINDOWS\system32\USER32.dll
0x00007ffe8e340000 - 0x00007ffe8e4c6000 	C:\WINDOWS\system32\GDI32.dll
0x00007ffe86660000 - 0x00007ffe868d4000 	C:\WINDOWS\WinSxS\amd64_microsoft.windows.common-controls_6595b64144ccf1df_6.0.10586.494_none_a2d8b04ea53e3145\COMCTL32.dll
0x00007ffe8e630000 - 0x00007ffe8e8ad000 	C:\WINDOWS\system32\combase.dll
0x00007ffe8b3a0000 - 0x00007ffe8b40a000 	C:\WINDOWS\system32\bcryptPrimitives.dll
0x00007ffe8e920000 - 0x00007ffe8e95b000 	C:\WINDOWS\system32\IMM32.DLL
0x00007ffe8aec0000 - 0x00007ffe8aef1000 	C:\Windows\system32\nvinitx.dll
0x00007ffe8af30000 - 0x00007ffe8af3a000 	C:\WINDOWS\SYSTEM32\VERSION.dll
0x000000000f000000 - 0x000000000f006000 	C:\Program Files\NVIDIA Corporation\CoProcManager\_etoured.dll
0x00007ffe89320000 - 0x00007ffe89352000 	C:\Program Files\NVIDIA Corporation\CoProcManager\nvd3d9wrapx.dll
0x00007ffe8c030000 - 0x00007ffe8c459000 	C:\WINDOWS\system32\SETUPAPI.dll
0x00007ffe8b350000 - 0x00007ffe8b393000 	C:\WINDOWS\system32\CFGMGR32.dll
0x00007ffe87ea0000 - 0x00007ffe87ec2000 	C:\Program Files\NVIDIA Corporation\CoProcManager\nvdxgiwrapx.dll
0x000000006b340000 - 0x000000006b412000 	C:\Program Files\Java\jdk1.8.0_45\jre\bin\msvcr100.dll
0x000000006c130000 - 0x000000006c9b3000 	C:\Program Files\Java\jdk1.8.0_45\jre\bin\server\jvm.dll
0x00007ffe8c460000 - 0x00007ffe8c468000 	C:\WINDOWS\system32\PSAPI.DLL
0x00007ffe7e890000 - 0x00007ffe7e899000 	C:\WINDOWS\SYSTEM32\WSOCK32.dll
0x00007ffe8de40000 - 0x00007ffe8deab000 	C:\WINDOWS\system32\WS2_32.dll
0x00007ffe892a0000 - 0x00007ffe892c3000 	C:\WINDOWS\SYSTEM32\WINMM.dll
0x00007ffe89050000 - 0x00007ffe8907c000 	C:\WINDOWS\SYSTEM32\WINMMBASE.dll
0x000000006c120000 - 0x000000006c12f000 	C:\Program Files\Java\jdk1.8.0_45\jre\bin\verify.dll
0x000000006c0f0000 - 0x000000006c119000 	C:\Program Files\Java\jdk1.8.0_45\jre\bin\java.dll
0x000000006c0d0000 - 0x000000006c0e6000 	C:\Program Files\Java\jdk1.8.0_45\jre\bin\zip.dll
0x00007ffe8c6d0000 - 0x00007ffe8dc2c000 	C:\WINDOWS\system32\SHELL32.dll
0x0000000007500000 - 0x0000000007b45000 	C:\WINDOWS\system32\windows.storage.dll
0x00007ffe8e2e0000 - 0x00007ffe8e332000 	C:\WINDOWS\system32\shlwapi.dll
0x00007ffe8afe0000 - 0x00007ffe8afef000 	C:\WINDOWS\system32\kernel.appcore.dll
0x00007ffe8b410000 - 0x00007ffe8b4c5000 	C:\WINDOWS\system32\shcore.dll
0x00007ffe8aff0000 - 0x00007ffe8b03b000 	C:\WINDOWS\system32\powrprof.dll
0x00007ffe8b050000 - 0x00007ffe8b064000 	C:\WINDOWS\system32\profapi.dll
0x00007ffe77d00000 - 0x00007ffe77e8c000 	C:\WINDOWS\SYSTEM32\dbghelp.dll

VM Arguments:
jvm_args: -Djava.awt.headless=true -Xmx1024M -Dfile.encoding=x-windows-949 -Duser.country=KR -Duser.language=ko -Duser.variant 
java_command: com.android.dx.command.Main --dex --force-jumbo --num-threads=4 --multi-dex --output E:\AndroidStudioProjects\CheongwonPay\app\build\intermediates\transforms\dex\debug\folders\1000\10\com.android.support-appcompat-v7-24.1.1_c07326e7290ee2387f81167e5d732b31896ae87a E:\AndroidStudioProjects\CheongwonPay\app\build\intermediates\exploded-aar\com.android.support\appcompat-v7\24.1.1\jars\classes.jar
java_class_path (initial): E:\Android\sdk\build-tools\23.0.3\lib\dx.jar
Launcher Type: SUN_STANDARD

Environment Variables:
PATH=C:\ProgramData\Oracle\Java\javapath;C:\Program Files (x86)\Wizvera\Delfino;C:\Program Files (x86)\NVIDIA Corporation\PhysX\Common;C:\WINDOWS\system32;C:\WINDOWS;C:\WINDOWS\System32\Wbem;C:\WINDOWS\System32\WindowsPowerShell\v1.0\;C:\Program Files\WIDCOMM\Bluetooth Software\;C:\Program Files\WIDCOMM\Bluetooth Software\syswow64;;C:\Program Files (x86)\Intel\OpenCL SDK\2.0\bin\x86;C:\Program Files (x86)\Intel\OpenCL SDK\2.0\bin\x64;C:\Program Files\Java\jdk1.8.0_45\bin;C:\Program Files\Java\jre1.8.0_45\bin;E:\Android\sdk\platform-tools;C:\Program Files (x86)\Skype\Phone\;C:\Users\Á¤¼·\AppData\Local\Bandizip\7z
USERNAME=Á¤¼·
OS=Windows_NT
PROCESSOR_IDENTIFIER=Intel64 Family 6 Model 42 Stepping 7, GenuineIntel



---------------  S Y S T E M  ---------------

OS: Windows 10.0 , 64 bit Build 10586 (10.0.10586.0)

CPU:total 4 (2 cores per cpu, 2 threads per core) family 6 model 42 stepping 7, cmov, cx8, fxsr, mmx, sse, sse2, sse3, ssse3, sse4.1, sse4.2, popcnt, avx, aes, clmul, ht, tsc, tscinvbit

Memory: 4k page, physical 4104480k(409476k free), swap 6560280k(3100k free)

vm_info: Java HotSpot(TM) 64-Bit Server VM (25.45-b02) for windows-amd64 JRE (1.8.0_45-b15), built on Apr 30 2015 12:40:44 by "java_re" with MS VC++ 10.0 (VS2010)

time: Sat Sep 03 23:30:29 2016
elapsed time: 4 seconds (0d 0h 0m 4s)

