#
# There is insufficient memory for the Java Runtime Environment to continue.
# Native memory allocation (malloc) failed to allocate 772656 bytes for Chunk::new
# Possible reasons:
#   The system is out of physical RAM or swap space
#   In 32 bit mode, the process size limit was hit
# Possible solutions:
#   Reduce memory load on the system
#   Increase physical memory or swap space
#   Check if swap backing store is full
#   Use 64 bit Java on a 64 bit OS
#   Decrease Java heap size (-Xmx/-Xms)
#   Decrease number of Java threads
#   Decrease Java thread stack sizes (-Xss)
#   Set larger code cache with -XX:ReservedCodeCacheSize=
# This output file may be truncated or incomplete.
#
#  Out of Memory Error (allocation.cpp:390), pid=2032, tid=5896
#
# JRE version: Java(TM) SE Runtime Environment (8.0_45-b15) (build 1.8.0_45-b15)
# Java VM: Java HotSpot(TM) 64-Bit Server VM (25.45-b02 mixed mode windows-amd64 compressed oops)
# Failed to write core dump. Minidumps are not enabled by default on client versions of Windows
#

---------------  T H R E A D  ---------------

Current thread (0x000000000667e000):  JavaThread "C2 CompilerThread0" daemon [_thread_in_native, id=5896, stack(0x0000000008210000,0x0000000008310000)]

Stack: [0x0000000008210000,0x0000000008310000]
Native frames: (J=compiled Java code, j=interpreted, Vv=VM code, C=native code)
V  [jvm.dll+0x32b57a]
V  [jvm.dll+0x279873]
V  [jvm.dll+0x27a509]
V  [jvm.dll+0x271825]
V  [jvm.dll+0xcb9e2]
V  [jvm.dll+0xcbeac]
V  [jvm.dll+0x476ef2]
V  [jvm.dll+0x4b955f]
V  [jvm.dll+0x46bf81]
V  [jvm.dll+0x46ccbe]
V  [jvm.dll+0x4500f2]
V  [jvm.dll+0xa4352]
V  [jvm.dll+0xa4c8f]
V  [jvm.dll+0x241984]
V  [jvm.dll+0x29853a]
C  [msvcr100.dll+0x21d9f]
C  [msvcr100.dll+0x21e3b]
C  [KERNEL32.DLL+0x18102]
C  [ntdll.dll+0x5c5b4]


Current CompileTask:
C2:  12015 1638       4       com.android.dx.rop.code.LocalVariableExtractor::processBlock (327 bytes)


---------------  P R O C E S S  ---------------

Java Threads: ( => current thread )
  0x0000000008572800 JavaThread "pool-2-thread-4" [_thread_in_Java, id=8456, stack(0x0000000008f10000,0x0000000009010000)]
  0x00000000085c9800 JavaThread "pool-2-thread-3" [_thread_in_Java, id=11260, stack(0x0000000008e10000,0x0000000008f10000)]
  0x00000000085a9000 JavaThread "pool-2-thread-2" [_thread_in_Java, id=1252, stack(0x0000000008d10000,0x0000000008e10000)]
  0x00000000085a8800 JavaThread "pool-3-thread-1" [_thread_blocked, id=3968, stack(0x0000000008c10000,0x0000000008d10000)]
  0x000000000859a000 JavaThread "pool-2-thread-1" [_thread_in_Java, id=10744, stack(0x0000000008b10000,0x0000000008c10000)]
  0x000000000836b800 JavaThread "Service Thread" daemon [_thread_blocked, id=12684, stack(0x0000000008910000,0x0000000008a10000)]
  0x0000000008366800 JavaThread "C1 CompilerThread2" daemon [_thread_blocked, id=1384, stack(0x0000000008810000,0x0000000008910000)]
  0x00000000066ce800 JavaThread "C2 CompilerThread1" daemon [_thread_in_native, id=10156, stack(0x0000000008710000,0x0000000008810000)]
=>0x000000000667e000 JavaThread "C2 CompilerThread0" daemon [_thread_in_native, id=5896, stack(0x0000000008210000,0x0000000008310000)]
  0x000000000667c000 JavaThread "Attach Listener" daemon [_thread_blocked, id=12812, stack(0x0000000008110000,0x0000000008210000)]
  0x000000000667b000 JavaThread "Signal Dispatcher" daemon [_thread_blocked, id=9452, stack(0x0000000008010000,0x0000000008110000)]
  0x0000000002f00000 JavaThread "Finalizer" daemon [_thread_blocked, id=12576, stack(0x00000000078c0000,0x00000000079c0000)]
  0x0000000002efd000 JavaThread "Reference Handler" daemon [_thread_blocked, id=4364, stack(0x00000000077c0000,0x00000000078c0000)]
  0x0000000002e10800 JavaThread "main" [_thread_in_Java, id=4492, stack(0x0000000002980000,0x0000000002a80000)]

Other Threads:
  0x0000000006638000 VMThread [stack: 0x00000000076c0000,0x00000000077c0000] [id=4416]
  0x000000000837d000 WatcherThread [stack: 0x0000000008a10000,0x0000000008b10000] [id=4852]

VM state:not at safepoint (normal execution)

VM Mutex/Monitor currently owned by a thread: None

Heap:
 PSYoungGen      total 35328K, used 18830K [0x00000000eab00000, 0x00000000ef000000, 0x0000000100000000)
  eden space 32768K, 49% used [0x00000000eab00000,0x00000000ebae6f00,0x00000000ecb00000)
  from space 2560K, 99% used [0x00000000ecb00000,0x00000000ecd7c968,0x00000000ecd80000)
  to   space 2560K, 0% used [0x00000000eed80000,0x00000000eed80000,0x00000000ef000000)
 ParOldGen       total 44032K, used 8904K [0x00000000c0000000, 0x00000000c2b00000, 0x00000000eab00000)
  object space 44032K, 20% used [0x00000000c0000000,0x00000000c08b2200,0x00000000c2b00000)
 Metaspace       used 6235K, capacity 7088K, committed 7296K, reserved 1056768K
  class space    used 596K, capacity 616K, committed 640K, reserved 1048576K

Card table byte_map: [0x0000000003360000,0x0000000003570000] byte_map_base: 0x0000000002d60000

Marking Bits: (ParMarkBitMap*) 0x000000006c934040
 Begin Bits: [0x0000000003ad0000, 0x0000000004ad0000)
 End Bits:   [0x0000000004ad0000, 0x0000000005ad0000)

Polling page: 0x0000000000fe0000

CodeCache: size=245760Kb used=7386Kb max_used=7386Kb free=238373Kb
 bounds [0x000000000f010000, 0x000000000f750000, 0x000000001e010000]
 total_blobs=1954 nmethods=1683 adapters=184
 compilation: enabled

Compilation events (10 events):
Event: 11.945 Thread 0x0000000008366800 1701       2       com.android.dx.rop.annotation.NameValuePair::<init> (43 bytes)
Event: 11.945 Thread 0x0000000008366800 nmethod 1701 0x000000000f748e50 code [0x000000000f748fe0, 0x000000000f7492b8]
Event: 11.945 Thread 0x0000000008366800 1702       2       com.android.dx.dex.file.ClassDefItem::addInstanceField (9 bytes)
Event: 11.946 Thread 0x0000000008366800 nmethod 1702 0x000000000f749410 code [0x000000000f7495a0, 0x000000000f7498d8]
Event: 11.946 Thread 0x0000000008366800 1703       2       com.android.dx.dex.file.ClassDataItem::addInstanceField (24 bytes)
Event: 11.947 Thread 0x0000000008366800 nmethod 1703 0x000000000f749b90 code [0x000000000f749d20, 0x000000000f74a078]
Event: 11.951 Thread 0x0000000008366800 1704       2       com.android.dx.cf.code.LocalVariableList::set (21 bytes)
Event: 11.952 Thread 0x0000000008366800 nmethod 1704 0x000000000f74a310 code [0x000000000f74a4c0, 0x000000000f74a9d8]
Event: 11.953 Thread 0x0000000008366800 1705       2       java.util.Collections$UnmodifiableList::get (11 bytes)
Event: 11.953 Thread 0x0000000008366800 nmethod 1705 0x000000000f74af50 code [0x000000000f74b0c0, 0x000000000f74b248]

GC Heap History (6 events):
Event: 6.889 GC heap before
{Heap before GC invocations=1 (full 0):
 PSYoungGen      total 18944K, used 16384K [0x00000000eab00000, 0x00000000ec000000, 0x0000000100000000)
  eden space 16384K, 100% used [0x00000000eab00000,0x00000000ebb00000,0x00000000ebb00000)
  from space 2560K, 0% used [0x00000000ebd80000,0x00000000ebd80000,0x00000000ec000000)
  to   space 2560K, 0% used [0x00000000ebb00000,0x00000000ebb00000,0x00000000ebd80000)
 ParOldGen       total 44032K, used 0K [0x00000000c0000000, 0x00000000c2b00000, 0x00000000eab00000)
  object space 44032K, 0% used [0x00000000c0000000,0x00000000c0000000,0x00000000c2b00000)
 Metaspace       used 5688K, capacity 6640K, committed 6784K, reserved 1056768K
  class space    used 587K, capacity 616K, committed 640K, reserved 1048576K
Event: 7.148 GC heap after
Heap after GC invocations=1 (full 0):
 PSYoungGen      total 18944K, used 2544K [0x00000000eab00000, 0x00000000ed000000, 0x0000000100000000)
  eden space 16384K, 0% used [0x00000000eab00000,0x00000000eab00000,0x00000000ebb00000)
  from space 2560K, 99% used [0x00000000ebb00000,0x00000000ebd7c278,0x00000000ebd80000)
  to   space 2560K, 0% used [0x00000000ecd80000,0x00000000ecd80000,0x00000000ed000000)
 ParOldGen       total 44032K, used 1522K [0x00000000c0000000, 0x00000000c2b00000, 0x00000000eab00000)
  object space 44032K, 3% used [0x00000000c0000000,0x00000000c017cab8,0x00000000c2b00000)
 Metaspace       used 5688K, capacity 6640K, committed 6784K, reserved 1056768K
  class space    used 587K, capacity 616K, committed 640K, reserved 1048576K
}
Event: 8.648 GC heap before
{Heap before GC invocations=2 (full 0):
 PSYoungGen      total 18944K, used 18928K [0x00000000eab00000, 0x00000000ed000000, 0x0000000100000000)
  eden space 16384K, 100% used [0x00000000eab00000,0x00000000ebb00000,0x00000000ebb00000)
  from space 2560K, 99% used [0x00000000ebb00000,0x00000000ebd7c278,0x00000000ebd80000)
  to   space 2560K, 0% used [0x00000000ecd80000,0x00000000ecd80000,0x00000000ed000000)
 ParOldGen       total 44032K, used 1522K [0x00000000c0000000, 0x00000000c2b00000, 0x00000000eab00000)
  object space 44032K, 3% used [0x00000000c0000000,0x00000000c017cab8,0x00000000c2b00000)
 Metaspace       used 6025K, capacity 6896K, committed 7040K, reserved 1056768K
  class space    used 594K, capacity 616K, committed 640K, reserved 1048576K
Event: 8.762 GC heap after
Heap after GC invocations=2 (full 0):
 PSYoungGen      total 35328K, used 2538K [0x00000000eab00000, 0x00000000ed000000, 0x0000000100000000)
  eden space 32768K, 0% used [0x00000000eab00000,0x00000000eab00000,0x00000000ecb00000)
  from space 2560K, 99% used [0x00000000ecd80000,0x00000000ecffabd8,0x00000000ed000000)
  to   space 2560K, 0% used [0x00000000ecb00000,0x00000000ecb00000,0x00000000ecd80000)
 ParOldGen       total 44032K, used 3884K [0x00000000c0000000, 0x00000000c2b00000, 0x00000000eab00000)
  object space 44032K, 8% used [0x00000000c0000000,0x00000000c03cb1a0,0x00000000c2b00000)
 Metaspace       used 6025K, capacity 6896K, committed 7040K, reserved 1056768K
  class space    used 594K, capacity 616K, committed 640K, reserved 1048576K
}
Event: 11.546 GC heap before
{Heap before GC invocations=3 (full 0):
 PSYoungGen      total 35328K, used 35306K [0x00000000eab00000, 0x00000000ed000000, 0x0000000100000000)
  eden space 32768K, 100% used [0x00000000eab00000,0x00000000ecb00000,0x00000000ecb00000)
  from space 2560K, 99% used [0x00000000ecd80000,0x00000000ecffabd8,0x00000000ed000000)
  to   space 2560K, 0% used [0x00000000ecb00000,0x00000000ecb00000,0x00000000ecd80000)
 ParOldGen       total 44032K, used 3884K [0x00000000c0000000, 0x00000000c2b00000, 0x00000000eab00000)
  object space 44032K, 8% used [0x00000000c0000000,0x00000000c03cb1a0,0x00000000c2b00000)
 Metaspace       used 6222K, capacity 7088K, committed 7296K, reserved 1056768K
  class space    used 596K, capacity 616K, committed 640K, reserved 1048576K
Event: 11.618 GC heap after
Heap after GC invocations=3 (full 0):
 PSYoungGen      total 35328K, used 2546K [0x00000000eab00000, 0x00000000ef000000, 0x0000000100000000)
  eden space 32768K, 0% used [0x00000000eab00000,0x00000000eab00000,0x00000000ecb00000)
  from space 2560K, 99% used [0x00000000ecb00000,0x00000000ecd7c968,0x00000000ecd80000)
  to   space 2560K, 0% used [0x00000000eed80000,0x00000000eed80000,0x00000000ef000000)
 ParOldGen       total 44032K, used 8904K [0x00000000c0000000, 0x00000000c2b00000, 0x00000000eab00000)
  object space 44032K, 20% used [0x00000000c0000000,0x00000000c08b2200,0x00000000c2b00000)
 Metaspace       used 6222K, capacity 7088K, committed 7296K, reserved 1056768K
  class space    used 596K, capacity 616K, committed 640K, reserved 1048576K
}

Deoptimization events (10 events):
Event: 11.812 Thread 0x00000000085c9800 Uncommon trap: reason=class_check action=maybe_recompile pc=0x000000000f694d98 method=com.android.dx.cf.code.RopperMachine.run(Lcom/android/dx/cf/code/Frame;II)V @ 310
Event: 11.813 Thread 0x00000000085c9800 Uncommon trap: reason=class_check action=maybe_recompile pc=0x000000000f694d98 method=com.android.dx.cf.code.RopperMachine.run(Lcom/android/dx/cf/code/Frame;II)V @ 310
Event: 11.850 Thread 0x000000000859a000 Uncommon trap: reason=bimorphic action=maybe_recompile pc=0x000000000f4f0978 method=java.util.HashMap.getNode(ILjava/lang/Object;)Ljava/util/HashMap$Node; @ 126
Event: 11.850 Thread 0x000000000859a000 Uncommon trap: reason=class_check action=maybe_recompile pc=0x000000000f5aea3c method=java.util.HashMap.putVal(ILjava/lang/Object;Ljava/lang/Object;ZZ)Ljava/lang/Object; @ 203
Event: 11.850 Thread 0x000000000859a000 Uncommon trap: reason=bimorphic action=maybe_recompile pc=0x000000000f4f0978 method=java.util.HashMap.getNode(ILjava/lang/Object;)Ljava/util/HashMap$Node; @ 126
Event: 11.850 Thread 0x000000000859a000 Uncommon trap: reason=class_check action=maybe_recompile pc=0x000000000f5aea3c method=java.util.HashMap.putVal(ILjava/lang/Object;Ljava/lang/Object;ZZ)Ljava/lang/Object; @ 203
Event: 11.850 Thread 0x000000000859a000 Uncommon trap: reason=class_check action=maybe_recompile pc=0x000000000f5aea3c method=java.util.HashMap.putVal(ILjava/lang/Object;Ljava/lang/Object;ZZ)Ljava/lang/Object; @ 203
Event: 11.891 Thread 0x0000000008572800 Uncommon trap: reason=bimorphic action=maybe_recompile pc=0x000000000f56b808 method=com.android.dx.ssa.LiteralOpUpgrader.tryReplacingWithConstant(Lcom/android/dx/ssa/NormalSsaInsn;)Z @ 52
Event: 11.891 Thread 0x0000000008572800 Uncommon trap: reason=bimorphic action=maybe_recompile pc=0x000000000f56b808 method=com.android.dx.ssa.LiteralOpUpgrader.tryReplacingWithConstant(Lcom/android/dx/ssa/NormalSsaInsn;)Z @ 52
Event: 11.893 Thread 0x0000000008572800 Uncommon trap: reason=bimorphic action=maybe_recompile pc=0x000000000f56b808 method=com.android.dx.ssa.LiteralOpUpgrader.tryReplacingWithConstant(Lcom/android/dx/ssa/NormalSsaInsn;)Z @ 52

Internal exceptions (4 events):
Event: 1.086 Thread 0x0000000002e10800 Exception <a 'java/lang/NoSuchMethodError': Method sun.misc.Unsafe.defineClass(Ljava/lang/String;[BII)Ljava/lang/Class; name or signature does not match> (0x00000000eab12f00) thrown at [C:\re\workspace\8-2-build-windows-amd64-cygwin\jdk8u45\3627\hotspot\srïèÌ£:_ñ?
Event: 1.086 Thread 0x0000000002e10800 Exception <a 'java/lang/NoSuchMethodError': Method sun.misc.Unsafe.prefetchRead(Ljava/lang/Object;J)V name or signature does not match> (0x00000000eab13190) thrown at [C:\re\workspace\8-2-build-windows-amd64-cygwin\jdk8u45\3627\hotspot\src\share\vm\prims\jNOý¶ôJ!@
Event: 8.646 Thread 0x00000000085a9000 Implicit null exception at 0x000000000f3b00e2 to 0x000000000f3b01d2
Event: 10.236 Thread 0x000000000859a000 Implicit null exception at 0x000000000f353734 to 0x000000000f355b99

Events (10 events):
Event: 11.850 Thread 0x000000000859a000 DEOPT UNPACKING pc=0x000000000f05582a sp=0x0000000008c0e258 mode 2
Event: 11.891 Thread 0x0000000008572800 Uncommon trap: trap_request=0xffffffc6 fr.pc=0x000000000f56b808
Event: 11.891 Thread 0x0000000008572800 DEOPT PACKING pc=0x000000000f56b808 sp=0x000000000900e740
Event: 11.891 Thread 0x0000000008572800 DEOPT UNPACKING pc=0x000000000f05582a sp=0x000000000900e648 mode 2
Event: 11.891 Thread 0x0000000008572800 Uncommon trap: trap_request=0xffffffc6 fr.pc=0x000000000f56b808
Event: 11.891 Thread 0x0000000008572800 DEOPT PACKING pc=0x000000000f56b808 sp=0x000000000900e740
Event: 11.891 Thread 0x0000000008572800 DEOPT UNPACKING pc=0x000000000f05582a sp=0x000000000900e648 mode 2
Event: 11.893 Thread 0x0000000008572800 Uncommon trap: trap_request=0xffffffc6 fr.pc=0x000000000f56b808
Event: 11.893 Thread 0x0000000008572800 DEOPT PACKING pc=0x000000000f56b808 sp=0x000000000900e740
Event: 11.893 Thread 0x0000000008572800 DEOPT UNPACKING pc=0x000000000f05582a sp=0x000000000900e648 mode 2


Dynamic libraries:
0x00007ff67cce0000 - 0x00007ff67cd17000 	C:\Program Files\Java\jdk1.8.0_45\bin\java.exe
0x00007ffe8e9c0000 - 0x00007ffe8eb81000 	C:\WINDOWS\SYSTEM32\ntdll.dll
0x00007ffe8c470000 - 0x00007ffe8c51d000 	C:\WINDOWS\system32\KERNEL32.DLL
0x00007ffe8bb40000 - 0x00007ffe8bd28000 	C:\WINDOWS\system32\KERNELBASE.dll
0x00007ffe8e0a0000 - 0x00007ffe8e147000 	C:\WINDOWS\system32\ADVAPI32.dll
0x00007ffe8e240000 - 0x00007ffe8e2dd000 	C:\WINDOWS\system32\msvcrt.dll
0x00007ffe8e960000 - 0x00007ffe8e9bb000 	C:\WINDOWS\system32\sechost.dll
0x00007ffe8df20000 - 0x00007ffe8e03c000 	C:\WINDOWS\system32\RPCRT4.dll
0x00007ffe8bed0000 - 0x00007ffe8c026000 	C:\WINDOWS\system32\USER32.dll
0x00007ffe8e340000 - 0x00007ffe8e4c6000 	C:\WINDOWS\system32\GDI32.dll
0x00007ffe86660000 - 0x00007ffe868d4000 	C:\WINDOWS\WinSxS\amd64_microsoft.windows.common-controls_6595b64144ccf1df_6.0.10586.494_none_a2d8b04ea53e3145\COMCTL32.dll
0x00007ffe8e630000 - 0x00007ffe8e8ad000 	C:\WINDOWS\system32\combase.dll
0x00007ffe8b3a0000 - 0x00007ffe8b40a000 	C:\WINDOWS\system32\bcryptPrimitives.dll
0x00007ffe8e920000 - 0x00007ffe8e95b000 	C:\WINDOWS\system32\IMM32.DLL
0x00007ffe8aec0000 - 0x00007ffe8aef1000 	C:\Windows\system32\nvinitx.dll
0x00007ffe8af30000 - 0x00007ffe8af3a000 	C:\WINDOWS\SYSTEM32\VERSION.dll
0x000000000f000000 - 0x000000000f006000 	C:\Program Files\NVIDIA Corporation\CoProcManager\_etoured.dll
0x00007ffe89320000 - 0x00007ffe89352000 	C:\Program Files\NVIDIA Corporation\CoProcManager\nvd3d9wrapx.dll
0x00007ffe8c030000 - 0x00007ffe8c459000 	C:\WINDOWS\system32\SETUPAPI.dll
0x00007ffe8b350000 - 0x00007ffe8b393000 	C:\WINDOWS\system32\CFGMGR32.dll
0x00007ffe87ea0000 - 0x00007ffe87ec2000 	C:\Program Files\NVIDIA Corporation\CoProcManager\nvdxgiwrapx.dll
0x000000006b340000 - 0x000000006b412000 	C:\Program Files\Java\jdk1.8.0_45\jre\bin\msvcr100.dll
0x000000006c130000 - 0x000000006c9b3000 	C:\Program Files\Java\jdk1.8.0_45\jre\bin\server\jvm.dll
0x00007ffe8c460000 - 0x00007ffe8c468000 	C:\WINDOWS\system32\PSAPI.DLL
0x00007ffe7e890000 - 0x00007ffe7e899000 	C:\WINDOWS\SYSTEM32\WSOCK32.dll
0x00007ffe8de40000 - 0x00007ffe8deab000 	C:\WINDOWS\system32\WS2_32.dll
0x00007ffe892a0000 - 0x00007ffe892c3000 	C:\WINDOWS\SYSTEM32\WINMM.dll
0x00007ffe89050000 - 0x00007ffe8907c000 	C:\WINDOWS\SYSTEM32\WINMMBASE.dll
0x000000006c120000 - 0x000000006c12f000 	C:\Program Files\Java\jdk1.8.0_45\jre\bin\verify.dll
0x000000006c0f0000 - 0x000000006c119000 	C:\Program Files\Java\jdk1.8.0_45\jre\bin\java.dll
0x000000006c0d0000 - 0x000000006c0e6000 	C:\Program Files\Java\jdk1.8.0_45\jre\bin\zip.dll
0x00007ffe8c6d0000 - 0x00007ffe8dc2c000 	C:\WINDOWS\system32\SHELL32.dll
0x00000000079c0000 - 0x0000000008005000 	C:\WINDOWS\system32\windows.storage.dll
0x00007ffe8e2e0000 - 0x00007ffe8e332000 	C:\WINDOWS\system32\shlwapi.dll
0x00007ffe8afe0000 - 0x00007ffe8afef000 	C:\WINDOWS\system32\kernel.appcore.dll
0x00007ffe8b410000 - 0x00007ffe8b4c5000 	C:\WINDOWS\system32\shcore.dll
0x00007ffe8aff0000 - 0x00007ffe8b03b000 	C:\WINDOWS\system32\powrprof.dll
0x00007ffe8b050000 - 0x00007ffe8b064000 	C:\WINDOWS\system32\profapi.dll
0x00007ffe77d00000 - 0x00007ffe77e8c000 	C:\WINDOWS\SYSTEM32\dbghelp.dll

VM Arguments:
jvm_args: -Djava.awt.headless=true -Xmx1024M -Dfile.encoding=x-windows-949 -Duser.country=KR -Duser.language=ko -Duser.variant 
java_command: com.android.dx.command.Main --dex --force-jumbo --num-threads=4 --multi-dex --output E:\AndroidStudioProjects\CheongwonPay\app\build\intermediates\transforms\dex\debug\folders\1000\10\com.android.support-design-24.1.1_6ceb22d17974f36b875b5a94114d5f2c2ed12311 E:\AndroidStudioProjects\CheongwonPay\app\build\intermediates\exploded-aar\com.android.support\design\24.1.1\jars\classes.jar
java_class_path (initial): E:\Android\sdk\build-tools\23.0.3\lib\dx.jar
Launcher Type: SUN_STANDARD

Environment Variables:
PATH=C:\ProgramData\Oracle\Java\javapath;C:\Program Files (x86)\Wizvera\Delfino;C:\Program Files (x86)\NVIDIA Corporation\PhysX\Common;C:\WINDOWS\system32;C:\WINDOWS;C:\WINDOWS\System32\Wbem;C:\WINDOWS\System32\WindowsPowerShell\v1.0\;C:\Program Files\WIDCOMM\Bluetooth Software\;C:\Program Files\WIDCOMM\Bluetooth Software\syswow64;;C:\Program Files (x86)\Intel\OpenCL SDK\2.0\bin\x86;C:\Program Files (x86)\Intel\OpenCL SDK\2.0\bin\x64;C:\Program Files\Java\jdk1.8.0_45\bin;C:\Program Files\Java\jre1.8.0_45\bin;E:\Android\sdk\platform-tools;C:\Program Files (x86)\Skype\Phone\;C:\Users\Á¤¼·\AppData\Local\Bandizip\7z
USERNAME=Á¤¼·
OS=Windows_NT
PROCESSOR_IDENTIFIER=Intel64 Family 6 Model 42 Stepping 7, GenuineIntel



---------------  S Y S T E M  ---------------

OS: Windows 10.0 , 64 bit Build 10586 (10.0.10586.0)

CPU:total 4 (2 cores per cpu, 2 threads per core) family 6 model 42 stepping 7, cmov, cx8, fxsr, mmx, sse, sse2, sse3, ssse3, sse4.1, sse4.2, popcnt, avx, aes, clmul, ht, tsc, tscinvbit

Memory: 4k page, physical 4104480k(332620k free), swap 6560280k(2148k free)

vm_info: Java HotSpot(TM) 64-Bit Server VM (25.45-b02) for windows-amd64 JRE (1.8.0_45-b15), built on Apr 30 2015 12:40:44 by "java_re" with MS VC++ 10.0 (VS2010)

time: Sat Sep 03 23:30:46 2016
elapsed time: 12 seconds (0d 0h 0m 12s)

