#
# There is insufficient memory for the Java Runtime Environment to continue.
# Native memory allocation (malloc) failed to allocate 1602336 bytes for Chunk::new
# Possible reasons:
#   The system is out of physical RAM or swap space
#   In 32 bit mode, the process size limit was hit
# Possible solutions:
#   Reduce memory load on the system
#   Increase physical memory or swap space
#   Check if swap backing store is full
#   Use 64 bit Java on a 64 bit OS
#   Decrease Java heap size (-Xmx/-Xms)
#   Decrease number of Java threads
#   Decrease Java thread stack sizes (-Xss)
#   Set larger code cache with -XX:ReservedCodeCacheSize=
# This output file may be truncated or incomplete.
#
#  Out of Memory Error (allocation.cpp:390), pid=6888, tid=10704
#
# JRE version: Java(TM) SE Runtime Environment (8.0_45-b15) (build 1.8.0_45-b15)
# Java VM: Java HotSpot(TM) 64-Bit Server VM (25.45-b02 mixed mode windows-amd64 compressed oops)
# Failed to write core dump. Minidumps are not enabled by default on client versions of Windows
#

---------------  T H R E A D  ---------------

Current thread (0x000000000657d000):  JavaThread "C2 CompilerThread1" daemon [_thread_in_native, id=10704, stack(0x0000000007f90000,0x0000000008090000)]

Stack: [0x0000000007f90000,0x0000000008090000]
Native frames: (J=compiled Java code, j=interpreted, Vv=VM code, C=native code)
V  [jvm.dll+0x32b57a]
V  [jvm.dll+0x279873]
V  [jvm.dll+0x27a509]
V  [jvm.dll+0x271825]
V  [jvm.dll+0xcb9e2]
V  [jvm.dll+0xcbeac]
V  [jvm.dll+0x476ef2]
V  [jvm.dll+0x4b955f]
V  [jvm.dll+0x46b92f]
V  [jvm.dll+0x46ccbe]
V  [jvm.dll+0x4500f2]
V  [jvm.dll+0xa4352]
V  [jvm.dll+0xa4c8f]
V  [jvm.dll+0x241984]
V  [jvm.dll+0x29853a]
C  [msvcr100.dll+0x21d9f]
C  [msvcr100.dll+0x21e3b]
C  [KERNEL32.DLL+0x18102]
C  [ntdll.dll+0x5c5b4]


Current CompileTask:
C2:   2841 1273   !   4       com.android.dx.cf.code.BytecodeArray::parseInstruction (2764 bytes)


---------------  P R O C E S S  ---------------

Java Threads: ( => current thread )
  0x0000000007e25000 JavaThread "pool-1-thread-4" [_thread_in_Java, id=1884, stack(0x0000000008f90000,0x0000000009090000)]
  0x0000000007e7f800 JavaThread "pool-1-thread-3" [_thread_blocked, id=5156, stack(0x0000000008e90000,0x0000000008f90000)]
  0x0000000007e7c000 JavaThread "pool-1-thread-2" [_thread_blocked, id=12472, stack(0x0000000008d90000,0x0000000008e90000)]
  0x0000000007e70000 JavaThread "pool-2-thread-1" [_thread_blocked, id=6532, stack(0x0000000008c90000,0x0000000008d90000)]
  0x0000000007e6f800 JavaThread "pool-1-thread-1" [_thread_blocked, id=5380, stack(0x0000000008b90000,0x0000000008c90000)]
  0x0000000007bf2800 JavaThread "Service Thread" daemon [_thread_blocked, id=11120, stack(0x0000000008190000,0x0000000008290000)]
  0x0000000007bea800 JavaThread "C1 CompilerThread2" daemon [_thread_blocked, id=10308, stack(0x0000000008090000,0x0000000008190000)]
=>0x000000000657d000 JavaThread "C2 CompilerThread1" daemon [_thread_in_native, id=10704, stack(0x0000000007f90000,0x0000000008090000)]
  0x000000000657a000 JavaThread "C2 CompilerThread0" daemon [_thread_in_native, id=8056, stack(0x0000000007a90000,0x0000000007b90000)]
  0x000000000652e000 JavaThread "Attach Listener" daemon [_thread_blocked, id=12148, stack(0x0000000007990000,0x0000000007a90000)]
  0x000000000652d000 JavaThread "Signal Dispatcher" daemon [_thread_blocked, id=3452, stack(0x0000000007890000,0x0000000007990000)]
  0x0000000002e47000 JavaThread "Finalizer" daemon [_thread_blocked, id=12728, stack(0x0000000007790000,0x0000000007890000)]
  0x0000000002e3e800 JavaThread "Reference Handler" daemon [_thread_blocked, id=2572, stack(0x0000000007690000,0x0000000007790000)]
  0x0000000002d50800 JavaThread "main" [_thread_in_Java, id=4216, stack(0x0000000002c50000,0x0000000002d50000)]

Other Threads:
  0x00000000064e7000 VMThread [stack: 0x0000000007590000,0x0000000007690000] [id=12356]
  0x0000000007c14000 WatcherThread [stack: 0x0000000008290000,0x0000000008390000] [id=2868]

VM state:not at safepoint (normal execution)

VM Mutex/Monitor currently owned by a thread: None

Heap:
 PSYoungGen      total 35328K, used 16154K [0x00000000eab00000, 0x00000000ed000000, 0x0000000100000000)
  eden space 32768K, 41% used [0x00000000eab00000,0x00000000eb849960,0x00000000ecb00000)
  from space 2560K, 99% used [0x00000000ecd80000,0x00000000ecffd0b8,0x00000000ed000000)
  to   space 2560K, 0% used [0x00000000ecb00000,0x00000000ecb00000,0x00000000ecd80000)
 ParOldGen       total 44032K, used 4183K [0x00000000c0000000, 0x00000000c2b00000, 0x00000000eab00000)
  object space 44032K, 9% used [0x00000000c0000000,0x00000000c0415f28,0x00000000c2b00000)
 Metaspace       used 6095K, capacity 6960K, committed 7040K, reserved 1056768K
  class space    used 593K, capacity 616K, committed 640K, reserved 1048576K

Card table byte_map: [0x0000000003210000,0x0000000003420000] byte_map_base: 0x0000000002c10000

Marking Bits: (ParMarkBitMap*) 0x0000000071e94040
 Begin Bits: [0x0000000003980000, 0x0000000004980000)
 End Bits:   [0x0000000004980000, 0x0000000005980000)

Polling page: 0x0000000002800000

CodeCache: size=245760Kb used=5621Kb max_used=5621Kb free=240138Kb
 bounds [0x000000000f010000, 0x000000000f5a0000, 0x000000001e010000]
 total_blobs=1646 nmethods=1375 adapters=184
 compilation: enabled

Compilation events (10 events):
Event: 2.805 Thread 0x0000000007bea800 nmethod 1381 0x000000000f5819d0 code [0x000000000f581b60, 0x000000000f581f18]
Event: 2.805 Thread 0x0000000007bea800 1383       3       com.android.dx.dex.cf.AttributeTranslator::getAnnotations (22 bytes)
Event: 2.806 Thread 0x0000000007bea800 nmethod 1383 0x000000000f582050 code [0x000000000f582260, 0x000000000f582cc8]
Event: 2.806 Thread 0x0000000007bea800 1384       1       com.android.dx.rop.annotation.NameValuePair::getName (5 bytes)
Event: 2.806 Thread 0x0000000007bea800 nmethod 1384 0x000000000f574190 code [0x000000000f5742e0, 0x000000000f5743f0]
Event: 2.807 Thread 0x0000000007bea800 1385       1       com.android.dx.dex.file.DexFile::getTypeIds (5 bytes)
Event: 2.807 Thread 0x0000000007bea800 nmethod 1385 0x000000000f583210 code [0x000000000f583360, 0x000000000f583470]
Event: 2.808 Thread 0x0000000007bea800 1386       3       com.android.dx.rop.type.Type::isReference (15 bytes)
Event: 2.808 Thread 0x0000000007bea800 nmethod 1386 0x000000000f5834d0 code [0x000000000f583620, 0x000000000f5837d0]
Event: 2.810 Thread 0x0000000007bea800 1389       3       com.android.dx.ssa.back.FirstFitLocalCombiningAllocator::handleLocalAssociatedOther (151 bytes)

GC Heap History (4 events):
Event: 1.676 GC heap before
{Heap before GC invocations=1 (full 0):
 PSYoungGen      total 18944K, used 16384K [0x00000000eab00000, 0x00000000ec000000, 0x0000000100000000)
  eden space 16384K, 100% used [0x00000000eab00000,0x00000000ebb00000,0x00000000ebb00000)
  from space 2560K, 0% used [0x00000000ebd80000,0x00000000ebd80000,0x00000000ec000000)
  to   space 2560K, 0% used [0x00000000ebb00000,0x00000000ebb00000,0x00000000ebd80000)
 ParOldGen       total 44032K, used 0K [0x00000000c0000000, 0x00000000c2b00000, 0x00000000eab00000)
  object space 44032K, 0% used [0x00000000c0000000,0x00000000c0000000,0x00000000c2b00000)
 Metaspace       used 5755K, capacity 6704K, committed 6784K, reserved 1056768K
  class space    used 590K, capacity 616K, committed 640K, reserved 1048576K
Event: 1.790 GC heap after
Heap after GC invocations=1 (full 0):
 PSYoungGen      total 18944K, used 2544K [0x00000000eab00000, 0x00000000ed000000, 0x0000000100000000)
  eden space 16384K, 0% used [0x00000000eab00000,0x00000000eab00000,0x00000000ebb00000)
  from space 2560K, 99% used [0x00000000ebb00000,0x00000000ebd7c298,0x00000000ebd80000)
  to   space 2560K, 0% used [0x00000000ecd80000,0x00000000ecd80000,0x00000000ed000000)
 ParOldGen       total 44032K, used 1626K [0x00000000c0000000, 0x00000000c2b00000, 0x00000000eab00000)
  object space 44032K, 3% used [0x00000000c0000000,0x00000000c0196ba0,0x00000000c2b00000)
 Metaspace       used 5755K, capacity 6704K, committed 6784K, reserved 1056768K
  class space    used 590K, capacity 616K, committed 640K, reserved 1048576K
}
Event: 2.434 GC heap before
{Heap before GC invocations=2 (full 0):
 PSYoungGen      total 18944K, used 18928K [0x00000000eab00000, 0x00000000ed000000, 0x0000000100000000)
  eden space 16384K, 100% used [0x00000000eab00000,0x00000000ebb00000,0x00000000ebb00000)
  from space 2560K, 99% used [0x00000000ebb00000,0x00000000ebd7c298,0x00000000ebd80000)
  to   space 2560K, 0% used [0x00000000ecd80000,0x00000000ecd80000,0x00000000ed000000)
 ParOldGen       total 44032K, used 1626K [0x00000000c0000000, 0x00000000c2b00000, 0x00000000eab00000)
  object space 44032K, 3% used [0x00000000c0000000,0x00000000c0196ba0,0x00000000c2b00000)
 Metaspace       used 5993K, capacity 6896K, committed 7040K, reserved 1056768K
  class space    used 593K, capacity 616K, committed 640K, reserved 1048576K
Event: 2.462 GC heap after
Heap after GC invocations=2 (full 0):
 PSYoungGen      total 35328K, used 2548K [0x00000000eab00000, 0x00000000ed000000, 0x0000000100000000)
  eden space 32768K, 0% used [0x00000000eab00000,0x00000000eab00000,0x00000000ecb00000)
  from space 2560K, 99% used [0x00000000ecd80000,0x00000000ecffd0b8,0x00000000ed000000)
  to   space 2560K, 0% used [0x00000000ecb00000,0x00000000ecb00000,0x00000000ecd80000)
 ParOldGen       total 44032K, used 4183K [0x00000000c0000000, 0x00000000c2b00000, 0x00000000eab00000)
  object space 44032K, 9% used [0x00000000c0000000,0x00000000c0415f28,0x00000000c2b00000)
 Metaspace       used 5993K, capacity 6896K, committed 7040K, reserved 1056768K
  class space    used 593K, capacity 616K, committed 640K, reserved 1048576K
}

Deoptimization events (9 events):
Event: 1.401 Thread 0x0000000007e7c000 Uncommon trap: reason=unstable_if action=reinterpret pc=0x000000000f252260 method=java.util.HashMap.getNode(ILjava/lang/Object;)Ljava/util/HashMap$Node; @ 129
Event: 1.623 Thread 0x0000000007e25000 Uncommon trap: reason=class_check action=maybe_recompile pc=0x000000000f2abff0 method=com.android.dx.ssa.NormalSsaInsn.accept(Lcom/android/dx/ssa/SsaInsn$Visitor;)V @ 9
Event: 1.848 Thread 0x0000000002d50800 Uncommon trap: reason=class_check action=maybe_recompile pc=0x000000000f2abff0 method=com.android.dx.ssa.NormalSsaInsn.accept(Lcom/android/dx/ssa/SsaInsn$Visitor;)V @ 9
Event: 1.848 Thread 0x0000000002d50800 Uncommon trap: reason=class_check action=maybe_recompile pc=0x000000000f2abff0 method=com.android.dx.ssa.NormalSsaInsn.accept(Lcom/android/dx/ssa/SsaInsn$Visitor;)V @ 9
Event: 1.872 Thread 0x0000000002d50800 Uncommon trap: reason=class_check action=maybe_recompile pc=0x000000000f2abff0 method=com.android.dx.ssa.NormalSsaInsn.accept(Lcom/android/dx/ssa/SsaInsn$Visitor;)V @ 9
Event: 2.228 Thread 0x0000000007e7c000 Uncommon trap: reason=null_check action=make_not_entrant pc=0x000000000f3983a4 method=com.android.dx.ssa.SsaRenamer.getLocalForNewReg(I)Lcom/android/dx/rop/code/LocalItem; @ 19
Event: 2.285 Thread 0x0000000002d50800 Uncommon trap: reason=unstable_if action=reinterpret pc=0x000000000f37d2dc method=com.android.dx.rop.code.RegisterSpec.equals(ILcom/android/dx/rop/type/TypeBearer;Lcom/android/dx/rop/code/LocalItem;)Z @ 42
Event: 2.324 Thread 0x0000000007e25000 Uncommon trap: reason=unstable_if action=reinterpret pc=0x000000000f417b68 method=com.android.dx.rop.code.RegisterSpecSet.put(Lcom/android/dx/rop/code/RegisterSpec;)V @ 77
Event: 2.624 Thread 0x0000000007e25000 Uncommon trap: reason=unstable_if action=reinterpret pc=0x000000000f386cdc method=com.android.dx.rop.cst.Constant.compareTo(Lcom/android/dx/rop/cst/Constant;)I @ 12

Internal exceptions (3 events):
Event: 0.073 Thread 0x0000000002d50800 Exception <a 'java/lang/NoSuchMethodError': Method sun.misc.Unsafe.defineClass(Ljava/lang/String;[BII)Ljava/lang/Class; name or signature does not match> (0x00000000eab12f00) thrown at [C:\re\workspace\8-2-build-windows-amd64-cygwin\jdk8u45\3627\hotspot\srÎ<¸Ó„—²?
Event: 0.073 Thread 0x0000000002d50800 Exception <a 'java/lang/NoSuchMethodError': Method sun.misc.Unsafe.prefetchRead(Ljava/lang/Object;J)V name or signature does not match> (0x00000000eab13190) thrown at [C:\re\workspace\8-2-build-windows-amd64-cygwin\jdk8u45\3627\hotspot\src\share\vm\prims\jîoRÒ@
Event: 2.228 Thread 0x0000000007e7c000 Implicit null exception at 0x000000000f395f6c to 0x000000000f39836d

Events (10 events):
Event: 2.285 Thread 0x0000000002d50800 DEOPT PACKING pc=0x000000000f37d2dc sp=0x0000000002d4e110
Event: 2.285 Thread 0x0000000002d50800 DEOPT UNPACKING pc=0x000000000f05582a sp=0x0000000002d4e098 mode 2
Event: 2.324 Thread 0x0000000007e25000 Uncommon trap: trap_request=0xffffff65 fr.pc=0x000000000f417b68
Event: 2.324 Thread 0x0000000007e25000 DEOPT PACKING pc=0x000000000f417b68 sp=0x000000000908e960
Event: 2.324 Thread 0x0000000007e25000 DEOPT UNPACKING pc=0x000000000f05582a sp=0x000000000908e880 mode 2
Event: 2.434 Executing VM operation: ParallelGCFailedAllocation
Event: 2.462 Executing VM operation: ParallelGCFailedAllocation done
Event: 2.624 Thread 0x0000000007e25000 Uncommon trap: trap_request=0xffffff65 fr.pc=0x000000000f386cdc
Event: 2.624 Thread 0x0000000007e25000 DEOPT PACKING pc=0x000000000f386cdc sp=0x000000000908e5f0
Event: 2.624 Thread 0x0000000007e25000 DEOPT UNPACKING pc=0x000000000f05582a sp=0x000000000908e590 mode 2


Dynamic libraries:
0x00007ff7003c0000 - 0x00007ff7003f7000 	C:\Program Files\Java\jdk1.8.0_45\bin\java.exe
0x00007ff9fb1b0000 - 0x00007ff9fb371000 	C:\WINDOWS\SYSTEM32\ntdll.dll
0x00007ff9facc0000 - 0x00007ff9fad6d000 	C:\WINDOWS\system32\KERNEL32.DLL
0x00007ff9f8020000 - 0x00007ff9f8208000 	C:\WINDOWS\system32\KERNELBASE.dll
0x00007ff9f9120000 - 0x00007ff9f91c7000 	C:\WINDOWS\system32\ADVAPI32.dll
0x00007ff9fa9f0000 - 0x00007ff9faa8d000 	C:\WINDOWS\system32\msvcrt.dll
0x00007ff9f8a20000 - 0x00007ff9f8a7b000 	C:\WINDOWS\system32\sechost.dll
0x00007ff9faba0000 - 0x00007ff9facbc000 	C:\WINDOWS\system32\RPCRT4.dll
0x00007ff9f8c10000 - 0x00007ff9f8d66000 	C:\WINDOWS\system32\USER32.dll
0x00007ff9f8a80000 - 0x00007ff9f8c06000 	C:\WINDOWS\system32\GDI32.dll
0x00007ff9f37a0000 - 0x00007ff9f3a14000 	C:\WINDOWS\WinSxS\amd64_microsoft.windows.common-controls_6595b64144ccf1df_6.0.10586.494_none_a2d8b04ea53e3145\COMCTL32.dll
0x00007ff9f8620000 - 0x00007ff9f889d000 	C:\WINDOWS\system32\combase.dll
0x00007ff9f78f0000 - 0x00007ff9f795a000 	C:\WINDOWS\system32\bcryptPrimitives.dll
0x00007ff9f8eb0000 - 0x00007ff9f8eeb000 	C:\WINDOWS\system32\IMM32.DLL
0x00007ff9f76c0000 - 0x00007ff9f76f1000 	C:\Windows\system32\nvinitx.dll
0x00007ff9f76b0000 - 0x00007ff9f76ba000 	C:\WINDOWS\SYSTEM32\VERSION.dll
0x000000000f000000 - 0x000000000f006000 	C:\Program Files\NVIDIA Corporation\CoProcManager\_etoured.dll
0x00007ff9f4420000 - 0x00007ff9f4452000 	C:\Program Files\NVIDIA Corporation\CoProcManager\nvd3d9wrapx.dll
0x00007ff9fad70000 - 0x00007ff9fb199000 	C:\WINDOWS\system32\SETUPAPI.dll
0x00007ff9f7fb0000 - 0x00007ff9f7ff3000 	C:\WINDOWS\system32\CFGMGR32.dll
0x00007ff9f3d80000 - 0x00007ff9f3da2000 	C:\Program Files\NVIDIA Corporation\CoProcManager\nvdxgiwrapx.dll
0x0000000071240000 - 0x0000000071312000 	C:\Program Files\Java\jdk1.8.0_45\jre\bin\msvcr100.dll
0x0000000071690000 - 0x0000000071f13000 	C:\Program Files\Java\jdk1.8.0_45\jre\bin\server\jvm.dll
0x00007ff9f85b0000 - 0x00007ff9f85b8000 	C:\WINDOWS\system32\PSAPI.DLL
0x00007ff9ea450000 - 0x00007ff9ea459000 	C:\WINDOWS\SYSTEM32\WSOCK32.dll
0x00007ff9f8d70000 - 0x00007ff9f8ddb000 	C:\WINDOWS\system32\WS2_32.dll
0x00007ff9f5e80000 - 0x00007ff9f5ea3000 	C:\WINDOWS\SYSTEM32\WINMM.dll
0x00000000027b0000 - 0x00000000027dc000 	C:\WINDOWS\SYSTEM32\WINMMBASE.dll
0x0000000071680000 - 0x000000007168f000 	C:\Program Files\Java\jdk1.8.0_45\jre\bin\verify.dll
0x0000000071650000 - 0x0000000071679000 	C:\Program Files\Java\jdk1.8.0_45\jre\bin\java.dll
0x0000000071630000 - 0x0000000071646000 	C:\Program Files\Java\jdk1.8.0_45\jre\bin\zip.dll
0x00007ff9f92e0000 - 0x00007ff9fa83c000 	C:\WINDOWS\system32\SHELL32.dll
0x00007ff9f7960000 - 0x00007ff9f7fa5000 	C:\WINDOWS\system32\windows.storage.dll
0x00007ff9f90c0000 - 0x00007ff9f9112000 	C:\WINDOWS\system32\shlwapi.dll
0x00007ff9f77f0000 - 0x00007ff9f77ff000 	C:\WINDOWS\system32\kernel.appcore.dll
0x00007ff9f83e0000 - 0x00007ff9f8495000 	C:\WINDOWS\system32\shcore.dll
0x00007ff9f7810000 - 0x00007ff9f785b000 	C:\WINDOWS\system32\powrprof.dll
0x00007ff9f77d0000 - 0x00007ff9f77e4000 	C:\WINDOWS\system32\profapi.dll
0x00007ff9e60b0000 - 0x00007ff9e623c000 	C:\WINDOWS\SYSTEM32\dbghelp.dll

VM Arguments:
jvm_args: -Djava.awt.headless=true -Xmx1024M -Dfile.encoding=x-windows-949 -Duser.country=KR -Duser.language=ko -Duser.variant 
java_command: com.android.dx.command.Main --dex --num-threads=4 --output E:\AndroidStudioProjects\CheongwonPay\app\build\intermediates\pre-dexed\release\core-3.2.1_9b7a5b312715182e2a1404d8d1facd7b67020648.jar E:\AndroidStudioProjects\CheongwonPay\core-3.2.1\core-3.2.1.jar
java_class_path (initial): E:\Android\sdk\build-tools\23.0.3\lib\dx.jar
Launcher Type: SUN_STANDARD

Environment Variables:
PATH=C:\ProgramData\Oracle\Java\javapath;C:\Program Files (x86)\Wizvera\Delfino;C:\Program Files (x86)\NVIDIA Corporation\PhysX\Common;C:\WINDOWS\system32;C:\WINDOWS;C:\WINDOWS\System32\Wbem;C:\WINDOWS\System32\WindowsPowerShell\v1.0\;C:\Program Files\WIDCOMM\Bluetooth Software\;C:\Program Files\WIDCOMM\Bluetooth Software\syswow64;;C:\Program Files (x86)\Intel\OpenCL SDK\2.0\bin\x86;C:\Program Files (x86)\Intel\OpenCL SDK\2.0\bin\x64;C:\Program Files\Java\jdk1.8.0_45\bin;C:\Program Files\Java\jre1.8.0_45\bin;E:\Android\sdk\platform-tools;C:\Program Files (x86)\Skype\Phone\;C:\Users\Á¤¼·\AppData\Local\Bandizip\7z
USERNAME=Á¤¼·
OS=Windows_NT
PROCESSOR_IDENTIFIER=Intel64 Family 6 Model 42 Stepping 7, GenuineIntel



---------------  S Y S T E M  ---------------

OS: Windows 10.0 , 64 bit Build 10586 (10.0.10586.0)

CPU:total 4 (2 cores per cpu, 2 threads per core) family 6 model 42 stepping 7, cmov, cx8, fxsr, mmx, sse, sse2, sse3, ssse3, sse4.1, sse4.2, popcnt, avx, aes, clmul, ht, tsc, tscinvbit

Memory: 4k page, physical 4104480k(741324k free), swap 6433208k(4244k free)

vm_info: Java HotSpot(TM) 64-Bit Server VM (25.45-b02) for windows-amd64 JRE (1.8.0_45-b15), built on Apr 30 2015 12:40:44 by "java_re" with MS VC++ 10.0 (VS2010)

time: Sun Sep 18 00:31:30 2016
elapsed time: 2 seconds (0d 0h 0m 2s)

