#
# There is insufficient memory for the Java Runtime Environment to continue.
# Native memory allocation (malloc) failed to allocate 32744 bytes for ChunkPool::allocate
# Possible reasons:
#   The system is out of physical RAM or swap space
#   In 32 bit mode, the process size limit was hit
# Possible solutions:
#   Reduce memory load on the system
#   Increase physical memory or swap space
#   Check if swap backing store is full
#   Use 64 bit Java on a 64 bit OS
#   Decrease Java heap size (-Xmx/-Xms)
#   Decrease number of Java threads
#   Decrease Java thread stack sizes (-Xss)
#   Set larger code cache with -XX:ReservedCodeCacheSize=
# This output file may be truncated or incomplete.
#
#  Out of Memory Error (allocation.cpp:273), pid=5876, tid=4872
#
# JRE version: Java(TM) SE Runtime Environment (8.0_45-b15) (build 1.8.0_45-b15)
# Java VM: Java HotSpot(TM) 64-Bit Server VM (25.45-b02 mixed mode windows-amd64 compressed oops)
# Failed to write core dump. Minidumps are not enabled by default on client versions of Windows
#

---------------  T H R E A D  ---------------

Current thread (0x00000000060be000):  JavaThread "C2 CompilerThread0" daemon [_thread_in_native, id=4872, stack(0x0000000007610000,0x0000000007710000)]

Stack: [0x0000000007610000,0x0000000007710000]
Native frames: (J=compiled Java code, j=interpreted, Vv=VM code, C=native code)
V  [jvm.dll+0x32b57a]
V  [jvm.dll+0x279873]
V  [jvm.dll+0x27a509]
V  [jvm.dll+0x271825]
V  [jvm.dll+0xcb804]
V  [jvm.dll+0xcba27]
V  [jvm.dll+0xcbeac]
V  [jvm.dll+0x4d6239]
V  [jvm.dll+0x4d6346]
V  [jvm.dll+0x4da3ea]
V  [jvm.dll+0x4db851]
V  [jvm.dll+0x4dc287]
V  [jvm.dll+0x46a551]
V  [jvm.dll+0x46cd52]
V  [jvm.dll+0x4500f2]
V  [jvm.dll+0xa4352]
V  [jvm.dll+0xa4c8f]
V  [jvm.dll+0x241984]
V  [jvm.dll+0x29853a]
C  [msvcr100.dll+0x21d9f]
C  [msvcr100.dll+0x21e3b]
C  [KERNEL32.DLL+0x18102]
C  [ntdll.dll+0x5c5b4]


Current CompileTask:
C2:   1391  530       4       java.util.Arrays::copyOfRange (63 bytes)


---------------  P R O C E S S  ---------------

Java Threads: ( => current thread )
  0x0000000007992000 JavaThread "pool-2-thread-1" [_thread_blocked, id=11664, stack(0x0000000008010000,0x0000000008110000)]
  0x000000000798f000 JavaThread "pool-1-thread-1" [_thread_in_vm, id=7300, stack(0x0000000007f10000,0x0000000008010000)]
  0x0000000007772000 JavaThread "Service Thread" daemon [_thread_blocked, id=12456, stack(0x0000000007d10000,0x0000000007e10000)]
  0x000000000776a000 JavaThread "C1 CompilerThread2" daemon [_thread_in_native, id=11872, stack(0x0000000007c10000,0x0000000007d10000)]
  0x000000000775f000 JavaThread "C2 CompilerThread1" daemon [_thread_blocked, id=13000, stack(0x0000000007b10000,0x0000000007c10000)]
=>0x00000000060be000 JavaThread "C2 CompilerThread0" daemon [_thread_in_native, id=4872, stack(0x0000000007610000,0x0000000007710000)]
  0x00000000060bc000 JavaThread "Attach Listener" daemon [_thread_blocked, id=1144, stack(0x0000000007510000,0x0000000007610000)]
  0x00000000060bb000 JavaThread "Signal Dispatcher" daemon [_thread_blocked, id=9252, stack(0x0000000007410000,0x0000000007510000)]
  0x00000000029d0000 JavaThread "Finalizer" daemon [_thread_blocked, id=6512, stack(0x0000000007310000,0x0000000007410000)]
  0x00000000029cd000 JavaThread "Reference Handler" daemon [_thread_blocked, id=12656, stack(0x0000000007210000,0x0000000007310000)]
  0x00000000028e0800 JavaThread "main" [_thread_blocked, id=2388, stack(0x00000000027e0000,0x00000000028e0000)]

Other Threads:
  0x0000000006078000 VMThread [stack: 0x0000000007110000,0x0000000007210000] [id=9604]
  0x000000000777b800 WatcherThread [stack: 0x0000000007e10000,0x0000000007f10000] [id=11164]

VM state:not at safepoint (normal execution)

VM Mutex/Monitor currently owned by a thread:  ([mutex/lock_event])
[0x0000000000b9c240] SystemDictionary_lock - owner thread: 0x000000000798f000

Heap:
 PSYoungGen      total 18944K, used 10884K [0x00000000eab00000, 0x00000000ec000000, 0x0000000100000000)
  eden space 16384K, 66% used [0x00000000eab00000,0x00000000eb5a1290,0x00000000ebb00000)
  from space 2560K, 0% used [0x00000000ebd80000,0x00000000ebd80000,0x00000000ec000000)
  to   space 2560K, 0% used [0x00000000ebb00000,0x00000000ebb00000,0x00000000ebd80000)
 ParOldGen       total 44032K, used 0K [0x00000000c0000000, 0x00000000c2b00000, 0x00000000eab00000)
  object space 44032K, 0% used [0x00000000c0000000,0x00000000c0000000,0x00000000c2b00000)
 Metaspace       used 5505K, capacity 6512K, committed 6784K, reserved 1056768K
  class space    used 593K, capacity 616K, committed 640K, reserved 1048576K

Card table byte_map: [0x0000000002da0000,0x0000000002fb0000] byte_map_base: 0x00000000027a0000

Marking Bits: (ParMarkBitMap*) 0x0000000071d94040
 Begin Bits: [0x0000000003510000, 0x0000000004510000)
 End Bits:   [0x0000000004510000, 0x0000000005510000)

Polling page: 0x00000000003f0000

CodeCache: size=245760Kb used=2144Kb max_used=2155Kb free=243615Kb
 bounds [0x000000000f010000, 0x000000000f280000, 0x000000001e010000]
 total_blobs=796 nmethods=525 adapters=184
 compilation: enabled

Compilation events (10 events):
Event: 1.281 Thread 0x000000000776a000 nmethod 516 0x000000000f225150 code [0x000000000f225300, 0x000000000f225918]
Event: 1.281 Thread 0x000000000776a000  517       3       com.android.dx.dex.code.OutputFinisher::updateInfo (44 bytes)
Event: 1.281 Thread 0x000000000776a000 nmethod 517 0x000000000f225c90 code [0x000000000f225e00, 0x000000000f2261c8]
Event: 1.281 Thread 0x000000000776a000  511       3       com.android.dx.util.Bits::clear (21 bytes)
Event: 1.281 Thread 0x000000000776a000 nmethod 511 0x000000000f2262d0 code [0x000000000f226420, 0x000000000f226590]
Event: 1.283 Thread 0x000000000776a000  518       1       com.android.dx.cf.attrib.BaseAttribute::getName (5 bytes)
Event: 1.283 Thread 0x000000000776a000 nmethod 518 0x000000000f226690 code [0x000000000f2267e0, 0x000000000f2268f0]
Event: 1.283 Thread 0x000000000776a000  519   !   3       com.android.dx.cf.code.BytecodeArray::parseInstruction (2764 bytes)
Event: 1.285 Thread 0x000000000775f000 nmethod 515 0x000000000f229910 code [0x000000000f229a80, 0x000000000f229e48]
Event: 1.287 Thread 0x00000000060be000  530       4       java.util.Arrays::copyOfRange (63 bytes)

GC Heap History (0 events):
No events

Deoptimization events (0 events):
No events

Internal exceptions (2 events):
Event: 0.087 Thread 0x00000000028e0800 Exception <a 'java/lang/NoSuchMethodError': Method sun.misc.Unsafe.defineClass(Ljava/lang/String;[BII)Ljava/lang/Class; name or signature does not match> (0x00000000eab12f00) thrown at [C:\re\workspace\8-2-build-windows-amd64-cygwin\jdk8u45\3627\hotspot\srç˘3»¥:∂?
Event: 0.087 Thread 0x00000000028e0800 Exception <a 'java/lang/NoSuchMethodError': Method sun.misc.Unsafe.prefetchRead(Ljava/lang/Object;J)V name or signature does not match> (0x00000000eab13190) thrown at [C:\re\workspace\8-2-build-windows-amd64-cygwin\jdk8u45\3627\hotspot\src\share\vm\prims\j

Events (10 events):
Event: 1.282 loading class java/io/PrintWriter
Event: 1.282 loading class java/io/PrintWriter done
Event: 1.282 loading class com/android/dx/dex/file/MethodIdItem
Event: 1.282 loading class com/android/dx/dex/file/MethodIdItem done
Event: 1.285 loading class com/android/dx/dex/file/ParameterAnnotationStruct
Event: 1.285 loading class com/android/dx/dex/file/ParameterAnnotationStruct done
Event: 1.286 loading class com/android/dx/dex/file/UniformListItem
Event: 1.286 loading class com/android/dx/dex/file/UniformListItem done
Event: 1.287 loading class com/android/dx/dex/file/AnnotationSetRefItem
Event: 1.287 loading class com/android/dx/dex/file/AnnotationSetRefItem done


Dynamic libraries:
0x00007ff768890000 - 0x00007ff7688c7000 	C:\Program Files\Java\jdk1.8.0_45\bin\java.exe
0x00007ff9fb1b0000 - 0x00007ff9fb371000 	C:\WINDOWS\SYSTEM32\ntdll.dll
0x00007ff9facc0000 - 0x00007ff9fad6d000 	C:\WINDOWS\system32\KERNEL32.DLL
0x00007ff9f8020000 - 0x00007ff9f8208000 	C:\WINDOWS\system32\KERNELBASE.dll
0x00007ff9f9120000 - 0x00007ff9f91c7000 	C:\WINDOWS\system32\ADVAPI32.dll
0x00007ff9fa9f0000 - 0x00007ff9faa8d000 	C:\WINDOWS\system32\msvcrt.dll
0x00007ff9f8a20000 - 0x00007ff9f8a7b000 	C:\WINDOWS\system32\sechost.dll
0x00007ff9faba0000 - 0x00007ff9facbc000 	C:\WINDOWS\system32\RPCRT4.dll
0x00007ff9f8c10000 - 0x00007ff9f8d66000 	C:\WINDOWS\system32\USER32.dll
0x00007ff9f8a80000 - 0x00007ff9f8c06000 	C:\WINDOWS\system32\GDI32.dll
0x00007ff9f37a0000 - 0x00007ff9f3a14000 	C:\WINDOWS\WinSxS\amd64_microsoft.windows.common-controls_6595b64144ccf1df_6.0.10586.494_none_a2d8b04ea53e3145\COMCTL32.dll
0x00007ff9f8620000 - 0x00007ff9f889d000 	C:\WINDOWS\system32\combase.dll
0x00007ff9f78f0000 - 0x00007ff9f795a000 	C:\WINDOWS\system32\bcryptPrimitives.dll
0x00007ff9f8eb0000 - 0x00007ff9f8eeb000 	C:\WINDOWS\system32\IMM32.DLL
0x00007ff9f76c0000 - 0x00007ff9f76f1000 	C:\Windows\system32\nvinitx.dll
0x00007ff9f76b0000 - 0x00007ff9f76ba000 	C:\WINDOWS\SYSTEM32\VERSION.dll
0x000000000f000000 - 0x000000000f006000 	C:\Program Files\NVIDIA Corporation\CoProcManager\_etoured.dll
0x00007ff9f4420000 - 0x00007ff9f4452000 	C:\Program Files\NVIDIA Corporation\CoProcManager\nvd3d9wrapx.dll
0x00007ff9fad70000 - 0x00007ff9fb199000 	C:\WINDOWS\system32\SETUPAPI.dll
0x00007ff9f7fb0000 - 0x00007ff9f7ff3000 	C:\WINDOWS\system32\CFGMGR32.dll
0x00007ff9f3d80000 - 0x00007ff9f3da2000 	C:\Program Files\NVIDIA Corporation\CoProcManager\nvdxgiwrapx.dll
0x0000000071e40000 - 0x0000000071f12000 	C:\Program Files\Java\jdk1.8.0_45\jre\bin\msvcr100.dll
0x0000000071590000 - 0x0000000071e13000 	C:\Program Files\Java\jdk1.8.0_45\jre\bin\server\jvm.dll
0x00007ff9f85b0000 - 0x00007ff9f85b8000 	C:\WINDOWS\system32\PSAPI.DLL
0x00007ff9ea450000 - 0x00007ff9ea459000 	C:\WINDOWS\SYSTEM32\WSOCK32.dll
0x00007ff9f8d70000 - 0x00007ff9f8ddb000 	C:\WINDOWS\system32\WS2_32.dll
0x00007ff9f5e80000 - 0x00007ff9f5ea3000 	C:\WINDOWS\SYSTEM32\WINMM.dll
0x00007ff9f5e50000 - 0x00007ff9f5e7c000 	C:\WINDOWS\SYSTEM32\WINMMBASE.dll
0x0000000071580000 - 0x000000007158f000 	C:\Program Files\Java\jdk1.8.0_45\jre\bin\verify.dll
0x0000000071550000 - 0x0000000071579000 	C:\Program Files\Java\jdk1.8.0_45\jre\bin\java.dll
0x0000000071530000 - 0x0000000071546000 	C:\Program Files\Java\jdk1.8.0_45\jre\bin\zip.dll
0x00007ff9f92e0000 - 0x00007ff9fa83c000 	C:\WINDOWS\system32\SHELL32.dll
0x00007ff9f7960000 - 0x00007ff9f7fa5000 	C:\WINDOWS\system32\windows.storage.dll
0x00007ff9f90c0000 - 0x00007ff9f9112000 	C:\WINDOWS\system32\shlwapi.dll
0x00007ff9f77f0000 - 0x00007ff9f77ff000 	C:\WINDOWS\system32\kernel.appcore.dll
0x00007ff9f83e0000 - 0x00007ff9f8495000 	C:\WINDOWS\system32\shcore.dll
0x00007ff9f7810000 - 0x00007ff9f785b000 	C:\WINDOWS\system32\powrprof.dll
0x00007ff9f77d0000 - 0x00007ff9f77e4000 	C:\WINDOWS\system32\profapi.dll
0x00007ff9e60b0000 - 0x00007ff9e623c000 	C:\WINDOWS\SYSTEM32\dbghelp.dll

VM Arguments:
jvm_args: -Djava.awt.headless=true -Xmx1024M -Dfile.encoding=x-windows-949 -Duser.country=KR -Duser.language=ko -Duser.variant 
java_command: com.android.dx.command.Main --dex --num-threads=4 --output E:\AndroidStudioProjects\CheongwonPay\app\build\intermediates\pre-dexed\debug\com.android.support-animated-vector-drawable-24.1.1_67c8d35fb6114f3fae4a9797b2d835d7f7a83289.jar E:\AndroidStudioProjects\CheongwonPay\app\build\intermediates\exploded-aar\com.android.support\animated-vector-drawable\24.1.1\jars\classes.jar
java_class_path (initial): E:\Android\sdk\build-tools\23.0.2\lib\dx.jar
Launcher Type: SUN_STANDARD

Environment Variables:
PATH=C:\ProgramData\Oracle\Java\javapath;C:\Program Files (x86)\Wizvera\Delfino;C:\Program Files (x86)\NVIDIA Corporation\PhysX\Common;C:\WINDOWS\system32;C:\WINDOWS;C:\WINDOWS\System32\Wbem;C:\WINDOWS\System32\WindowsPowerShell\v1.0\;C:\Program Files\WIDCOMM\Bluetooth Software\;C:\Program Files\WIDCOMM\Bluetooth Software\syswow64;;C:\Program Files (x86)\Intel\OpenCL SDK\2.0\bin\x86;C:\Program Files (x86)\Intel\OpenCL SDK\2.0\bin\x64;C:\Program Files\Java\jdk1.8.0_45\bin;C:\Program Files\Java\jre1.8.0_45\bin;E:\Android\sdk\platform-tools;C:\Program Files (x86)\Skype\Phone\;C:\Users\¡§º∑\AppData\Local\Bandizip\7z
USERNAME=¡§º∑
OS=Windows_NT
PROCESSOR_IDENTIFIER=Intel64 Family 6 Model 42 Stepping 7, GenuineIntel



---------------  S Y S T E M  ---------------

OS: Windows 10.0 , 64 bit Build 10586 (10.0.10586.0)

CPU:total 4 (2 cores per cpu, 2 threads per core) family 6 model 42 stepping 7, cmov, cx8, fxsr, mmx, sse, sse2, sse3, ssse3, sse4.1, sse4.2, popcnt, avx, aes, clmul, ht, tsc, tscinvbit

Memory: 4k page, physical 4104480k(766604k free), swap 5866180k(1120k free)

vm_info: Java HotSpot(TM) 64-Bit Server VM (25.45-b02) for windows-amd64 JRE (1.8.0_45-b15), built on Apr 30 2015 12:40:44 by "java_re" with MS VC++ 10.0 (VS2010)

time: Wed Sep 21 02:33:39 2016
elapsed time: 1 seconds (0d 0h 0m 1s)

