#
# There is insufficient memory for the Java Runtime Environment to continue.
# Native memory allocation (malloc) failed to allocate 32744 bytes for ChunkPool::allocate
# Possible reasons:
#   The system is out of physical RAM or swap space
#   In 32 bit mode, the process size limit was hit
# Possible solutions:
#   Reduce memory load on the system
#   Increase physical memory or swap space
#   Check if swap backing store is full
#   Use 64 bit Java on a 64 bit OS
#   Decrease Java heap size (-Xmx/-Xms)
#   Decrease number of Java threads
#   Decrease Java thread stack sizes (-Xss)
#   Set larger code cache with -XX:ReservedCodeCacheSize=
# This output file may be truncated or incomplete.
#
#  Out of Memory Error (allocation.cpp:273), pid=8048, tid=11572
#
# JRE version: Java(TM) SE Runtime Environment (8.0_45-b15) (build 1.8.0_45-b15)
# Java VM: Java HotSpot(TM) 64-Bit Server VM (25.45-b02 mixed mode windows-amd64 compressed oops)
# Failed to write core dump. Minidumps are not enabled by default on client versions of Windows
#

---------------  T H R E A D  ---------------

Current thread (0x00000000068d9000):  JavaThread "C2 CompilerThread0" daemon [_thread_in_native, id=11572, stack(0x0000000007dd0000,0x0000000007ed0000)]

Stack: [0x0000000007dd0000,0x0000000007ed0000]
Native frames: (J=compiled Java code, j=interpreted, Vv=VM code, C=native code)
V  [jvm.dll+0x32b57a]
V  [jvm.dll+0x279873]
V  [jvm.dll+0x27a509]
V  [jvm.dll+0x271825]
V  [jvm.dll+0xcb804]
V  [jvm.dll+0xcba27]
V  [jvm.dll+0xcbeac]
V  [jvm.dll+0xcc204]
V  [jvm.dll+0x4ea280]
V  [jvm.dll+0x505052]
V  [jvm.dll+0x45f973]
V  [jvm.dll+0x46a73b]
V  [jvm.dll+0x46cd52]
V  [jvm.dll+0x4500f2]
V  [jvm.dll+0xa4352]
V  [jvm.dll+0xa4c8f]
V  [jvm.dll+0x241984]
V  [jvm.dll+0x29853a]
C  [msvcr100.dll+0x21d9f]
C  [msvcr100.dll+0x21e3b]
C  [KERNEL32.DLL+0x18102]
C  [ntdll.dll+0x5c5b4]


Current CompileTask:
C2:   6388 2034   !   4       com.android.dx.cf.code.BytecodeArray::parseInstruction (2764 bytes)


---------------  P R O C E S S  ---------------

Java Threads: ( => current thread )
  0x000000000820f800 JavaThread "pool-1-thread-4" [_thread_blocked, id=2448, stack(0x0000000008ad0000,0x0000000008bd0000)]
  0x0000000008211000 JavaThread "pool-1-thread-3" [_thread_blocked, id=4540, stack(0x00000000089d0000,0x0000000008ad0000)]
  0x0000000008210800 JavaThread "pool-1-thread-2" [_thread_in_Java, id=5184, stack(0x00000000088d0000,0x00000000089d0000)]
  0x000000000820d800 JavaThread "pool-2-thread-1" [_thread_blocked, id=10628, stack(0x00000000087d0000,0x00000000088d0000)]
  0x0000000008207800 JavaThread "pool-1-thread-1" [_thread_in_Java, id=10732, stack(0x00000000086d0000,0x00000000087d0000)]
  0x0000000007f43800 JavaThread "Service Thread" daemon [_thread_blocked, id=1064, stack(0x00000000084d0000,0x00000000085d0000)]
  0x0000000007f2b800 JavaThread "C1 CompilerThread2" daemon [_thread_blocked, id=8024, stack(0x00000000083d0000,0x00000000084d0000)]
  0x00000000068dc000 JavaThread "C2 CompilerThread1" daemon [_thread_in_native, id=12492, stack(0x00000000082d0000,0x00000000083d0000)]
=>0x00000000068d9000 JavaThread "C2 CompilerThread0" daemon [_thread_in_native, id=11572, stack(0x0000000007dd0000,0x0000000007ed0000)]
  0x000000000688d800 JavaThread "Attach Listener" daemon [_thread_blocked, id=10216, stack(0x0000000007cd0000,0x0000000007dd0000)]
  0x0000000006878800 JavaThread "Signal Dispatcher" daemon [_thread_blocked, id=7592, stack(0x0000000007bd0000,0x0000000007cd0000)]
  0x0000000003180800 JavaThread "Finalizer" daemon [_thread_blocked, id=9576, stack(0x0000000007ad0000,0x0000000007bd0000)]
  0x000000000317d000 JavaThread "Reference Handler" daemon [_thread_blocked, id=3136, stack(0x00000000079d0000,0x0000000007ad0000)]
  0x0000000003090800 JavaThread "main" [_thread_in_vm, id=10700, stack(0x0000000002f90000,0x0000000003090000)]

Other Threads:
  0x0000000006848000 VMThread [stack: 0x00000000078d0000,0x00000000079d0000] [id=2780]
  0x0000000007f45000 WatcherThread [stack: 0x00000000085d0000,0x00000000086d0000] [id=9568]

VM state:not at safepoint (normal execution)

VM Mutex/Monitor currently owned by a thread: None

Heap:
 PSYoungGen      total 143872K, used 54527K [0x00000000eab00000, 0x00000000fa500000, 0x0000000100000000)
  eden space 123904K, 35% used [0x00000000eab00000,0x00000000ed5c9438,0x00000000f2400000)
  from space 19968K, 53% used [0x00000000f2400000,0x00000000f2e76b00,0x00000000f3780000)
  to   space 28672K, 0% used [0x00000000f8900000,0x00000000f8900000,0x00000000fa500000)
 ParOldGen       total 44032K, used 43550K [0x00000000c0000000, 0x00000000c2b00000, 0x00000000eab00000)
  object space 44032K, 98% used [0x00000000c0000000,0x00000000c2a87930,0x00000000c2b00000)
 Metaspace       used 6546K, capacity 7256K, committed 7424K, reserved 1056768K
  class space    used 618K, capacity 656K, committed 768K, reserved 1048576K

Card table byte_map: [0x0000000003550000,0x0000000003760000] byte_map_base: 0x0000000002f50000

Marking Bits: (ParMarkBitMap*) 0x0000000071d94040
 Begin Bits: [0x0000000003cc0000, 0x0000000004cc0000)
 End Bits:   [0x0000000004cc0000, 0x0000000005cc0000)

Polling page: 0x0000000000df0000

CodeCache: size=245760Kb used=8312Kb max_used=8312Kb free=237447Kb
 bounds [0x000000000f010000, 0x000000000f840000, 0x000000001e010000]
 total_blobs=2305 nmethods=2033 adapters=184
 compilation: enabled

Compilation events (10 events):
Event: 6.195 Thread 0x0000000007f2b800 2095       2       java.util.concurrent.locks.AbstractQueuedSynchronizer::enq (58 bytes)
Event: 6.196 Thread 0x0000000007f2b800 nmethod 2095 0x000000000f832b50 code [0x000000000f832cc0, 0x000000000f832fb0]
Event: 6.197 Thread 0x0000000007f2b800 2096       2       java.util.concurrent.locks.AbstractQueuedSynchronizer::transferForSignal (45 bytes)
Event: 6.197 Thread 0x0000000007f2b800 nmethod 2096 0x000000000f8330d0 code [0x000000000f833240, 0x000000000f833498]
Event: 6.197 Thread 0x0000000007f2b800 2097       2       java.util.concurrent.locks.AbstractQueuedSynchronizer$ConditionObject::checkInterruptWhileWaiting (27 bytes)
Event: 6.198 Thread 0x0000000007f2b800 nmethod 2097 0x000000000f8335d0 code [0x000000000f833760, 0x000000000f833a38]
Event: 6.204 Thread 0x0000000007f2b800 2098       2       java.util.concurrent.locks.AbstractQueuedSynchronizer$ConditionObject::doSignal (43 bytes)
Event: 6.204 Thread 0x0000000007f2b800 nmethod 2098 0x000000000f833c10 code [0x000000000f833d80, 0x000000000f833fc8]
Event: 6.330 Thread 0x0000000007f2b800 2101       2       com.android.dx.rop.code.Rops::opPutStatic (97 bytes)
Event: 6.331 Thread 0x0000000007f2b800 nmethod 2101 0x000000000f8340d0 code [0x000000000f8342a0, 0x000000000f834818]

GC Heap History (10 events):
Event: 2.626 GC heap before
{Heap before GC invocations=6 (full 0):
 PSYoungGen      total 35328K, used 35315K [0x00000000eab00000, 0x00000000efd00000, 0x0000000100000000)
  eden space 32768K, 100% used [0x00000000eab00000,0x00000000ecb00000,0x00000000ecb00000)
  from space 2560K, 99% used [0x00000000ecb00000,0x00000000ecd7cc58,0x00000000ecd80000)
  to   space 9216K, 0% used [0x00000000ef400000,0x00000000ef400000,0x00000000efd00000)
 ParOldGen       total 44032K, used 12877K [0x00000000c0000000, 0x00000000c2b00000, 0x00000000eab00000)
  object space 44032K, 29% used [0x00000000c0000000,0x00000000c0c936e0,0x00000000c2b00000)
 Metaspace       used 6302K, capacity 7152K, committed 7296K, reserved 1056768K
  class space    used 598K, capacity 616K, committed 640K, reserved 1048576K
Event: 2.654 GC heap after
Heap after GC invocations=6 (full 0):
 PSYoungGen      total 73728K, used 7500K [0x00000000eab00000, 0x00000000eff00000, 0x0000000100000000)
  eden space 64512K, 0% used [0x00000000eab00000,0x00000000eab00000,0x00000000eea00000)
  from space 9216K, 81% used [0x00000000ef400000,0x00000000efb53278,0x00000000efd00000)
  to   space 10240K, 0% used [0x00000000eea00000,0x00000000eea00000,0x00000000ef400000)
 ParOldGen       total 44032K, used 12877K [0x00000000c0000000, 0x00000000c2b00000, 0x00000000eab00000)
  object space 44032K, 29% used [0x00000000c0000000,0x00000000c0c936e0,0x00000000c2b00000)
 Metaspace       used 6302K, capacity 7152K, committed 7296K, reserved 1056768K
  class space    used 598K, capacity 616K, committed 640K, reserved 1048576K
}
Event: 3.184 GC heap before
{Heap before GC invocations=7 (full 0):
 PSYoungGen      total 73728K, used 72012K [0x00000000eab00000, 0x00000000eff00000, 0x0000000100000000)
  eden space 64512K, 100% used [0x00000000eab00000,0x00000000eea00000,0x00000000eea00000)
  from space 9216K, 81% used [0x00000000ef400000,0x00000000efb53278,0x00000000efd00000)
  to   space 10240K, 0% used [0x00000000eea00000,0x00000000eea00000,0x00000000ef400000)
 ParOldGen       total 44032K, used 12877K [0x00000000c0000000, 0x00000000c2b00000, 0x00000000eab00000)
  object space 44032K, 29% used [0x00000000c0000000,0x00000000c0c936e0,0x00000000c2b00000)
 Metaspace       used 6353K, capacity 7216K, committed 7296K, reserved 1056768K
  class space    used 598K, capacity 616K, committed 640K, reserved 1048576K
Event: 3.250 GC heap after
Heap after GC invocations=7 (full 0):
 PSYoungGen      total 74752K, used 10214K [0x00000000eab00000, 0x00000000f4600000, 0x0000000100000000)
  eden space 64512K, 0% used [0x00000000eab00000,0x00000000eab00000,0x00000000eea00000)
  from space 10240K, 99% used [0x00000000eea00000,0x00000000ef3f9878,0x00000000ef400000)
  to   space 14848K, 0% used [0x00000000f3780000,0x00000000f3780000,0x00000000f4600000)
 ParOldGen       total 44032K, used 19018K [0x00000000c0000000, 0x00000000c2b00000, 0x00000000eab00000)
  object space 44032K, 43% used [0x00000000c0000000,0x00000000c1292a88,0x00000000c2b00000)
 Metaspace       used 6353K, capacity 7216K, committed 7296K, reserved 1056768K
  class space    used 598K, capacity 616K, committed 640K, reserved 1048576K
}
Event: 3.817 GC heap before
{Heap before GC invocations=8 (full 0):
 PSYoungGen      total 74752K, used 74726K [0x00000000eab00000, 0x00000000f4600000, 0x0000000100000000)
  eden space 64512K, 100% used [0x00000000eab00000,0x00000000eea00000,0x00000000eea00000)
  from space 10240K, 99% used [0x00000000eea00000,0x00000000ef3f9878,0x00000000ef400000)
  to   space 14848K, 0% used [0x00000000f3780000,0x00000000f3780000,0x00000000f4600000)
 ParOldGen       total 44032K, used 19018K [0x00000000c0000000, 0x00000000c2b00000, 0x00000000eab00000)
  object space 44032K, 43% used [0x00000000c0000000,0x00000000c1292a88,0x00000000c2b00000)
 Metaspace       used 6400K, capacity 7216K, committed 7296K, reserved 1056768K
  class space    used 598K, capacity 616K, committed 640K, reserved 1048576K
Event: 3.949 GC heap after
Heap after GC invocations=8 (full 0):
 PSYoungGen      total 138752K, used 14817K [0x00000000eab00000, 0x00000000f5000000, 0x0000000100000000)
  eden space 123904K, 0% used [0x00000000eab00000,0x00000000eab00000,0x00000000f2400000)
  from space 14848K, 99% used [0x00000000f3780000,0x00000000f45f86d8,0x00000000f4600000)
  to   space 19968K, 0% used [0x00000000f2400000,0x00000000f2400000,0x00000000f3780000)
 ParOldGen       total 44032K, used 25080K [0x00000000c0000000, 0x00000000c2b00000, 0x00000000eab00000)
  object space 44032K, 56% used [0x00000000c0000000,0x00000000c187e0f8,0x00000000c2b00000)
 Metaspace       used 6400K, capacity 7216K, committed 7296K, reserved 1056768K
  class space    used 598K, capacity 616K, committed 640K, reserved 1048576K
}
Event: 5.050 GC heap before
{Heap before GC invocations=9 (full 0):
 PSYoungGen      total 138752K, used 138721K [0x00000000eab00000, 0x00000000f5000000, 0x0000000100000000)
  eden space 123904K, 100% used [0x00000000eab00000,0x00000000f2400000,0x00000000f2400000)
  from space 14848K, 99% used [0x00000000f3780000,0x00000000f45f86d8,0x00000000f4600000)
  to   space 19968K, 0% used [0x00000000f2400000,0x00000000f2400000,0x00000000f3780000)
 ParOldGen       total 44032K, used 25080K [0x00000000c0000000, 0x00000000c2b00000, 0x00000000eab00000)
  object space 44032K, 56% used [0x00000000c0000000,0x00000000c187e0f8,0x00000000c2b00000)
 Metaspace       used 6541K, capacity 7256K, committed 7424K, reserved 1056768K
  class space    used 618K, capacity 656K, committed 768K, reserved 1048576K
Event: 5.184 GC heap after
Heap after GC invocations=9 (full 0):
 PSYoungGen      total 143872K, used 19953K [0x00000000eab00000, 0x00000000fa500000, 0x0000000100000000)
  eden space 123904K, 0% used [0x00000000eab00000,0x00000000eab00000,0x00000000f2400000)
  from space 19968K, 99% used [0x00000000f2400000,0x00000000f377c710,0x00000000f3780000)
  to   space 28672K, 0% used [0x00000000f8900000,0x00000000f8900000,0x00000000fa500000)
 ParOldGen       total 44032K, used 37979K [0x00000000c0000000, 0x00000000c2b00000, 0x00000000eab00000)
  object space 44032K, 86% used [0x00000000c0000000,0x00000000c2516c98,0x00000000c2b00000)
 Metaspace       used 6541K, capacity 7256K, committed 7424K, reserved 1056768K
  class space    used 618K, capacity 656K, committed 768K, reserved 1048576K
}
Event: 5.184 GC heap before
{Heap before GC invocations=10 (full 1):
 PSYoungGen      total 143872K, used 19953K [0x00000000eab00000, 0x00000000fa500000, 0x0000000100000000)
  eden space 123904K, 0% used [0x00000000eab00000,0x00000000eab00000,0x00000000f2400000)
  from space 19968K, 99% used [0x00000000f2400000,0x00000000f377c710,0x00000000f3780000)
  to   space 28672K, 0% used [0x00000000f8900000,0x00000000f8900000,0x00000000fa500000)
 ParOldGen       total 44032K, used 37979K [0x00000000c0000000, 0x00000000c2b00000, 0x00000000eab00000)
  object space 44032K, 86% used [0x00000000c0000000,0x00000000c2516c98,0x00000000c2b00000)
 Metaspace       used 6541K, capacity 7256K, committed 7424K, reserved 1056768K
  class space    used 618K, capacity 656K, committed 768K, reserved 1048576K
Event: 5.968 GC heap after
Heap after GC invocations=10 (full 1):
 PSYoungGen      total 143872K, used 10714K [0x00000000eab00000, 0x00000000fa500000, 0x0000000100000000)
  eden space 123904K, 0% used [0x00000000eab00000,0x00000000eab00000,0x00000000f2400000)
  from space 19968K, 53% used [0x00000000f2400000,0x00000000f2e76b00,0x00000000f3780000)
  to   space 28672K, 0% used [0x00000000f8900000,0x00000000f8900000,0x00000000fa500000)
 ParOldGen       total 44032K, used 43550K [0x00000000c0000000, 0x00000000c2b00000, 0x00000000eab00000)
  object space 44032K, 98% used [0x00000000c0000000,0x00000000c2a87930,0x00000000c2b00000)
 Metaspace       used 6541K, capacity 7256K, committed 7424K, reserved 1056768K
  class space    used 618K, capacity 656K, committed 768K, reserved 1048576K
}

Deoptimization events (10 events):
Event: 4.164 Thread 0x0000000008211000 Uncommon trap: reason=unstable_if action=reinterpret pc=0x000000000f677858 method=java.util.HashMap.getNode(ILjava/lang/Object;)Ljava/util/HashMap$Node; @ 84
Event: 4.289 Thread 0x0000000003090800 Uncommon trap: reason=unstable_if action=reinterpret pc=0x000000000f784ce8 method=java.util.HashMap.putVal(ILjava/lang/Object;Ljava/lang/Object;ZZ)Ljava/lang/Object; @ 109
Event: 4.301 Thread 0x0000000008207800 Uncommon trap: reason=bimorphic action=maybe_recompile pc=0x000000000f7bbf08 method=com.android.dx.cf.code.BytecodeArray.parseInstruction(ILcom/android/dx/cf/code/BytecodeArray$Visitor;)I @ 1161
Event: 4.301 Thread 0x0000000008207800 Uncommon trap: reason=bimorphic action=maybe_recompile pc=0x000000000f7bbf08 method=com.android.dx.cf.code.BytecodeArray.parseInstruction(ILcom/android/dx/cf/code/BytecodeArray$Visitor;)I @ 1161
Event: 4.378 Thread 0x0000000008211000 Uncommon trap: reason=unstable_if action=reinterpret pc=0x000000000f695d94 method=com.android.dx.ssa.MoveParamCombiner$1.visitNonMoveInsn(Lcom/android/dx/ssa/NormalSsaInsn;)V @ 27
Event: 4.528 Thread 0x0000000008211000 Uncommon trap: reason=bimorphic action=maybe_recompile pc=0x000000000f69fe90 method=com.android.dx.ssa.LiteralOpUpgrader.tryReplacingWithConstant(Lcom/android/dx/ssa/NormalSsaInsn;)Z @ 62
Event: 4.533 Thread 0x0000000008211000 Uncommon trap: reason=bimorphic action=maybe_recompile pc=0x000000000f69fe90 method=com.android.dx.ssa.LiteralOpUpgrader.tryReplacingWithConstant(Lcom/android/dx/ssa/NormalSsaInsn;)Z @ 62
Event: 4.597 Thread 0x0000000008210800 Uncommon trap: reason=unstable_if action=reinterpret pc=0x000000000f482708 method=com.android.dx.ssa.SsaMethod.getExitBlock()Lcom/android/dx/ssa/SsaBasicBlock; @ 4
Event: 4.597 Thread 0x0000000008210800 Uncommon trap: reason=unstable_if action=reinterpret pc=0x000000000f287234 method=com.android.dx.ssa.SsaMethod.getExitBlock()Lcom/android/dx/ssa/SsaBasicBlock; @ 4
Event: 4.665 Thread 0x0000000008210800 Uncommon trap: reason=unstable_if action=reinterpret pc=0x000000000f80fd38 method=com.android.dx.rop.code.RegisterSpec.equals(ILcom/android/dx/rop/type/TypeBearer;Lcom/android/dx/rop/code/LocalItem;)Z @ 42

Internal exceptions (5 events):
Event: 0.087 Thread 0x0000000003090800 Exception <a 'java/lang/NoSuchMethodError': Method sun.misc.Unsafe.defineClass(Ljava/lang/String;[BII)Ljava/lang/Class; name or signature does not match> (0x00000000eab12e78) thrown at [C:\re\workspace\8-2-build-windows-amd64-cygwin\jdk8u45\3627\hotspot\srví0’R∂?
Event: 0.087 Thread 0x0000000003090800 Exception <a 'java/lang/NoSuchMethodError': Method sun.misc.Unsafe.prefetchRead(Ljava/lang/Object;J)V name or signature does not match> (0x00000000eab13108) thrown at [C:\re\workspace\8-2-build-windows-amd64-cygwin\jdk8u45\3627\hotspot\src\share\vm\prims\jLƒùXmâ@
Event: 4.134 Thread 0x0000000008211000 Exception <a 'java/lang/ArrayIndexOutOfBoundsException': 18> (0x00000000ec316a60) thrown at [C:\re\workspace\8-2-build-windows-amd64-cygwin\jdk8u45\3627\hotspot\src\share\vm\interpreter\interpreterRuntime.cpp, line 366]
Event: 4.135 Thread 0x0000000008211000 Exception <a 'java/lang/ArrayIndexOutOfBoundsException'> (0x00000000ec318530) thrown at [C:\re\workspace\8-2-build-windows-amd64-cygwin\jdk8u45\3627\hotspot\src\share\vm\runtime\sharedRuntime.cpp, line 605]
Event: 4.136 Thread 0x0000000008211000 Exception <a 'java/lang/ArrayIndexOutOfBoundsException'> (0x00000000ec319768) thrown at [C:\re\workspace\8-2-build-windows-amd64-cygwin\jdk8u45\3627\hotspot\src\share\vm\runtime\sharedRuntime.cpp, line 605]

Events (10 events):
Event: 4.597 Thread 0x0000000008210800 Uncommon trap: trap_request=0xffffff65 fr.pc=0x000000000f287234
Event: 4.597 Thread 0x0000000008210800 DEOPT PACKING pc=0x000000000f287234 sp=0x00000000089ceda0
Event: 4.597 Thread 0x0000000008210800 DEOPT UNPACKING pc=0x000000000f05582a sp=0x00000000089ced58 mode 2
Event: 4.665 Thread 0x0000000008210800 Uncommon trap: trap_request=0xffffff65 fr.pc=0x000000000f80fd38
Event: 4.665 Thread 0x0000000008210800 DEOPT PACKING pc=0x000000000f80fd38 sp=0x00000000089ced80
Event: 4.665 Thread 0x0000000008210800 DEOPT UNPACKING pc=0x000000000f05582a sp=0x00000000089ceca8 mode 2
Event: 4.721 Thread 0x0000000008211000 DEOPT PACKING pc=0x000000000f7f96b2 sp=0x0000000008ace6c0
Event: 4.722 Thread 0x0000000008211000 DEOPT UNPACKING pc=0x000000000f05787f sp=0x0000000008ace4a0 mode 0
Event: 5.050 Executing VM operation: ParallelGCFailedAllocation
Event: 5.968 Executing VM operation: ParallelGCFailedAllocation done


Dynamic libraries:
0x00007ff768890000 - 0x00007ff7688c7000 	C:\Program Files\Java\jdk1.8.0_45\bin\java.exe
0x00007ff9fb1b0000 - 0x00007ff9fb371000 	C:\WINDOWS\SYSTEM32\ntdll.dll
0x00007ff9facc0000 - 0x00007ff9fad6d000 	C:\WINDOWS\system32\KERNEL32.DLL
0x00007ff9f8020000 - 0x00007ff9f8208000 	C:\WINDOWS\system32\KERNELBASE.dll
0x00007ff9f9120000 - 0x00007ff9f91c7000 	C:\WINDOWS\system32\ADVAPI32.dll
0x00007ff9fa9f0000 - 0x00007ff9faa8d000 	C:\WINDOWS\system32\msvcrt.dll
0x00007ff9f8a20000 - 0x00007ff9f8a7b000 	C:\WINDOWS\system32\sechost.dll
0x00007ff9faba0000 - 0x00007ff9facbc000 	C:\WINDOWS\system32\RPCRT4.dll
0x00007ff9f8c10000 - 0x00007ff9f8d66000 	C:\WINDOWS\system32\USER32.dll
0x00007ff9f8a80000 - 0x00007ff9f8c06000 	C:\WINDOWS\system32\GDI32.dll
0x00007ff9f37a0000 - 0x00007ff9f3a14000 	C:\WINDOWS\WinSxS\amd64_microsoft.windows.common-controls_6595b64144ccf1df_6.0.10586.494_none_a2d8b04ea53e3145\COMCTL32.dll
0x00007ff9f8620000 - 0x00007ff9f889d000 	C:\WINDOWS\system32\combase.dll
0x00007ff9f78f0000 - 0x00007ff9f795a000 	C:\WINDOWS\system32\bcryptPrimitives.dll
0x00007ff9f8eb0000 - 0x00007ff9f8eeb000 	C:\WINDOWS\system32\IMM32.DLL
0x00007ff9f76c0000 - 0x00007ff9f76f1000 	C:\Windows\system32\nvinitx.dll
0x00007ff9f76b0000 - 0x00007ff9f76ba000 	C:\WINDOWS\SYSTEM32\VERSION.dll
0x000000000f000000 - 0x000000000f006000 	C:\Program Files\NVIDIA Corporation\CoProcManager\_etoured.dll
0x00007ff9f4420000 - 0x00007ff9f4452000 	C:\Program Files\NVIDIA Corporation\CoProcManager\nvd3d9wrapx.dll
0x00007ff9fad70000 - 0x00007ff9fb199000 	C:\WINDOWS\system32\SETUPAPI.dll
0x00007ff9f7fb0000 - 0x00007ff9f7ff3000 	C:\WINDOWS\system32\CFGMGR32.dll
0x00007ff9f3d80000 - 0x00007ff9f3da2000 	C:\Program Files\NVIDIA Corporation\CoProcManager\nvdxgiwrapx.dll
0x0000000071e40000 - 0x0000000071f12000 	C:\Program Files\Java\jdk1.8.0_45\jre\bin\msvcr100.dll
0x0000000071590000 - 0x0000000071e13000 	C:\Program Files\Java\jdk1.8.0_45\jre\bin\server\jvm.dll
0x00007ff9f85b0000 - 0x00007ff9f85b8000 	C:\WINDOWS\system32\PSAPI.DLL
0x00007ff9ea450000 - 0x00007ff9ea459000 	C:\WINDOWS\SYSTEM32\WSOCK32.dll
0x00007ff9f5e80000 - 0x00007ff9f5ea3000 	C:\WINDOWS\SYSTEM32\WINMM.dll
0x00007ff9f5e50000 - 0x00007ff9f5e7c000 	C:\WINDOWS\SYSTEM32\WINMMBASE.dll
0x00007ff9f8d70000 - 0x00007ff9f8ddb000 	C:\WINDOWS\system32\WS2_32.dll
0x0000000071580000 - 0x000000007158f000 	C:\Program Files\Java\jdk1.8.0_45\jre\bin\verify.dll
0x0000000071550000 - 0x0000000071579000 	C:\Program Files\Java\jdk1.8.0_45\jre\bin\java.dll
0x0000000071530000 - 0x0000000071546000 	C:\Program Files\Java\jdk1.8.0_45\jre\bin\zip.dll
0x00007ff9f92e0000 - 0x00007ff9fa83c000 	C:\WINDOWS\system32\SHELL32.dll
0x00007ff9f7960000 - 0x00007ff9f7fa5000 	C:\WINDOWS\system32\windows.storage.dll
0x00007ff9f90c0000 - 0x00007ff9f9112000 	C:\WINDOWS\system32\shlwapi.dll
0x00007ff9f77f0000 - 0x00007ff9f77ff000 	C:\WINDOWS\system32\kernel.appcore.dll
0x00007ff9f83e0000 - 0x00007ff9f8495000 	C:\WINDOWS\system32\shcore.dll
0x00007ff9f7810000 - 0x00007ff9f785b000 	C:\WINDOWS\system32\powrprof.dll
0x00007ff9f77d0000 - 0x00007ff9f77e4000 	C:\WINDOWS\system32\profapi.dll
0x00007ff9e60b0000 - 0x00007ff9e623c000 	C:\WINDOWS\SYSTEM32\dbghelp.dll

VM Arguments:
jvm_args: -Djava.awt.headless=true -Xmx1024M -Dfile.encoding=x-windows-949 -Duser.country=KR -Duser.language=ko -Duser.variant 
java_command: com.android.dx.command.Main --dex --num-threads=4 --output E:\AndroidStudioProjects\CheongwonPay\app\build\intermediates\pre-dexed\debug\com.android.support-support-v4-24.1.1_3d197affe514d1b00e72a93678d35c14b349c7f7.jar E:\AndroidStudioProjects\CheongwonPay\app\build\intermediates\exploded-aar\com.android.support\support-v4\24.1.1\jars\classes.jar
java_class_path (initial): E:\Android\sdk\build-tools\23.0.3\lib\dx.jar
Launcher Type: SUN_STANDARD

Environment Variables:
PATH=C:\ProgramData\Oracle\Java\javapath;C:\Program Files (x86)\Wizvera\Delfino;C:\Program Files (x86)\NVIDIA Corporation\PhysX\Common;C:\WINDOWS\system32;C:\WINDOWS;C:\WINDOWS\System32\Wbem;C:\WINDOWS\System32\WindowsPowerShell\v1.0\;C:\Program Files\WIDCOMM\Bluetooth Software\;C:\Program Files\WIDCOMM\Bluetooth Software\syswow64;;C:\Program Files (x86)\Intel\OpenCL SDK\2.0\bin\x86;C:\Program Files (x86)\Intel\OpenCL SDK\2.0\bin\x64;C:\Program Files\Java\jdk1.8.0_45\bin;C:\Program Files\Java\jre1.8.0_45\bin;E:\Android\sdk\platform-tools;C:\Program Files (x86)\Skype\Phone\;C:\Users\¡§º∑\AppData\Local\Bandizip\7z
USERNAME=¡§º∑
OS=Windows_NT
PROCESSOR_IDENTIFIER=Intel64 Family 6 Model 42 Stepping 7, GenuineIntel



---------------  S Y S T E M  ---------------

OS: Windows 10.0 , 64 bit Build 10586 (10.0.10586.0)

CPU:total 4 (2 cores per cpu, 2 threads per core) family 6 model 42 stepping 7, cmov, cx8, fxsr, mmx, sse, sse2, sse3, ssse3, sse4.1, sse4.2, popcnt, avx, aes, clmul, ht, tsc, tscinvbit

Memory: 4k page, physical 4104480k(485248k free), swap 5864692k(3872k free)

vm_info: Java HotSpot(TM) 64-Bit Server VM (25.45-b02) for windows-amd64 JRE (1.8.0_45-b15), built on Apr 30 2015 12:40:44 by "java_re" with MS VC++ 10.0 (VS2010)

time: Wed Sep 21 02:43:16 2016
elapsed time: 6 seconds (0d 0h 0m 6s)

