#
# There is insufficient memory for the Java Runtime Environment to continue.
# Native memory allocation (malloc) failed to allocate 65552 bytes for Chunk::new
# Possible reasons:
#   The system is out of physical RAM or swap space
#   In 32 bit mode, the process size limit was hit
# Possible solutions:
#   Reduce memory load on the system
#   Increase physical memory or swap space
#   Check if swap backing store is full
#   Use 64 bit Java on a 64 bit OS
#   Decrease Java heap size (-Xmx/-Xms)
#   Decrease number of Java threads
#   Decrease Java thread stack sizes (-Xss)
#   Set larger code cache with -XX:ReservedCodeCacheSize=
# This output file may be truncated or incomplete.
#
#  Out of Memory Error (allocation.cpp:390), pid=4108, tid=9940
#
# JRE version: Java(TM) SE Runtime Environment (8.0_45-b15) (build 1.8.0_45-b15)
# Java VM: Java HotSpot(TM) 64-Bit Server VM (25.45-b02 mixed mode windows-amd64 compressed oops)
# Failed to write core dump. Minidumps are not enabled by default on client versions of Windows
#

---------------  T H R E A D  ---------------

Current thread (0x00000000074f6000):  JavaThread "C2 CompilerThread1" daemon [_thread_in_native, id=9940, stack(0x00000000078a0000,0x00000000079a0000)]

Stack: [0x00000000078a0000,0x00000000079a0000]
Native frames: (J=compiled Java code, j=interpreted, Vv=VM code, C=native code)
V  [jvm.dll+0x32b57a]
V  [jvm.dll+0x279873]
V  [jvm.dll+0x27a509]
V  [jvm.dll+0x271825]
V  [jvm.dll+0xcb9e2]
V  [jvm.dll+0xcbeac]
V  [jvm.dll+0xcc204]
V  [jvm.dll+0x4ea280]
V  [jvm.dll+0x464b25]
V  [jvm.dll+0x50142b]
V  [jvm.dll+0x46cc0d]
V  [jvm.dll+0x4500f2]
V  [jvm.dll+0xa4352]
V  [jvm.dll+0xa4c8f]
V  [jvm.dll+0x241984]
V  [jvm.dll+0x29853a]
C  [msvcr100.dll+0x21d9f]
C  [msvcr100.dll+0x21e3b]
C  [KERNEL32.DLL+0x18102]
C  [ntdll.dll+0x5c5b4]


Current CompileTask:
C2:  19237 2240 %     4       com.android.dx.dex.code.DalvInsnList::getOutsSize @ 9 (105 bytes)


---------------  P R O C E S S  ---------------

Java Threads: ( => current thread )
  0x000000000764c000 JavaThread "pool-1-thread-1" [_thread_in_Java, id=9168, stack(0x0000000009970000,0x0000000009a70000)]
  0x0000000007501000 JavaThread "Service Thread" daemon [_thread_blocked, id=3096, stack(0x0000000007aa0000,0x0000000007ba0000)]
  0x00000000074fa000 JavaThread "C1 CompilerThread2" daemon [_thread_blocked, id=5972, stack(0x00000000079a0000,0x0000000007aa0000)]
=>0x00000000074f6000 JavaThread "C2 CompilerThread1" daemon [_thread_in_native, id=9940, stack(0x00000000078a0000,0x00000000079a0000)]
  0x0000000005e78000 JavaThread "C2 CompilerThread0" daemon [_thread_in_native, id=7340, stack(0x00000000073a0000,0x00000000074a0000)]
  0x0000000005e2d000 JavaThread "Attach Listener" daemon [_thread_blocked, id=7516, stack(0x00000000072a0000,0x00000000073a0000)]
  0x0000000005e2b800 JavaThread "Signal Dispatcher" daemon [_thread_blocked, id=6180, stack(0x00000000071a0000,0x00000000072a0000)]
  0x0000000002740800 JavaThread "Finalizer" daemon [_thread_blocked, id=5940, stack(0x00000000070a0000,0x00000000071a0000)]
  0x000000000273d000 JavaThread "Reference Handler" daemon [_thread_blocked, id=12060, stack(0x0000000006fa0000,0x00000000070a0000)]
  0x0000000002651000 JavaThread "main" [_thread_blocked, id=12248, stack(0x00000000020f0000,0x00000000021f0000)]

Other Threads:
  0x0000000005de8000 VMThread [stack: 0x0000000006ea0000,0x0000000006fa0000] [id=384]
  0x000000000751a800 WatcherThread [stack: 0x0000000007ba0000,0x0000000007ca0000] [id=10396]

VM state:not at safepoint (normal execution)

VM Mutex/Monitor currently owned by a thread: None

Heap:
 PSYoungGen      total 68096K, used 38377K [0x00000000eab00000, 0x00000000ef000000, 0x0000000100000000)
  eden space 65536K, 54% used [0x00000000eab00000,0x00000000ecdff0f0,0x00000000eeb00000)
  from space 2560K, 99% used [0x00000000eed80000,0x00000000eeffb690,0x00000000ef000000)
  to   space 2560K, 0% used [0x00000000eeb00000,0x00000000eeb00000,0x00000000eed80000)
 ParOldGen       total 44032K, used 14233K [0x00000000c0000000, 0x00000000c2b00000, 0x00000000eab00000)
  object space 44032K, 32% used [0x00000000c0000000,0x00000000c0de6720,0x00000000c2b00000)
 Metaspace       used 6619K, capacity 7448K, committed 7680K, reserved 1056768K
  class space    used 632K, capacity 656K, committed 768K, reserved 1048576K

Card table byte_map: [0x0000000002b10000,0x0000000002d20000] byte_map_base: 0x0000000002510000

Marking Bits: (ParMarkBitMap*) 0x0000000074f04040
 Begin Bits: [0x0000000003280000, 0x0000000004280000)
 End Bits:   [0x0000000004280000, 0x0000000005280000)

Polling page: 0x00000000008d0000

CodeCache: size=245760Kb used=8904Kb max_used=8904Kb free=236855Kb
 bounds [0x000000000f010000, 0x000000000f8d0000, 0x000000001e010000]
 total_blobs=2408 nmethods=2136 adapters=185
 compilation: enabled

Compilation events (10 events):
Event: 19.181 Thread 0x00000000074fa000 nmethod 2236 0x000000000f8bb690 code [0x000000000f8bb920, 0x000000000f8bc8a8]
Event: 19.182 Thread 0x00000000074f6000 2237       4       com.android.dx.dex.code.InsnFormat::makeByte (42 bytes)
Event: 19.183 Thread 0x00000000074f6000 nmethod 2237 0x000000000f853810 code [0x000000000f853940, 0x000000000f8539d8]
Event: 19.184 Thread 0x00000000074fa000 2238       3       com.android.dx.dex.file.CodeItem::writeTo0 (489 bytes)
Event: 19.186 Thread 0x00000000074f6000 2240 %     4       com.android.dx.dex.code.DalvInsnList::getOutsSize @ 9 (105 bytes)
Event: 19.195 Thread 0x00000000074fa000 nmethod 2238 0x000000000f8be910 code [0x000000000f8bf2a0, 0x000000000f8c5b08]
Event: 19.195 Thread 0x00000000074fa000 2239       3       com.android.dx.dex.file.CodeItem::getRegistersSize (11 bytes)
Event: 19.195 Thread 0x00000000074fa000 nmethod 2239 0x000000000f8b9110 code [0x000000000f8b9280, 0x000000000f8b95a8]
Event: 19.197 Thread 0x00000000074fa000 2242       3       com.android.dx.dex.code.form.Form22b::writeTo (54 bytes)
Event: 19.198 Thread 0x00000000074fa000 nmethod 2242 0x000000000f8bd510 code [0x000000000f8bd720, 0x000000000f8be448]

GC Heap History (8 events):
Event: 2.376 GC heap before
{Heap before GC invocations=1 (full 0):
 PSYoungGen      total 18944K, used 16384K [0x00000000eab00000, 0x00000000ec000000, 0x0000000100000000)
  eden space 16384K, 100% used [0x00000000eab00000,0x00000000ebb00000,0x00000000ebb00000)
  from space 2560K, 0% used [0x00000000ebd80000,0x00000000ebd80000,0x00000000ec000000)
  to   space 2560K, 0% used [0x00000000ebb00000,0x00000000ebb00000,0x00000000ebd80000)
 ParOldGen       total 44032K, used 0K [0x00000000c0000000, 0x00000000c2b00000, 0x00000000eab00000)
  object space 44032K, 0% used [0x00000000c0000000,0x00000000c0000000,0x00000000c2b00000)
 Metaspace       used 5717K, capacity 6768K, committed 7040K, reserved 1056768K
  class space    used 583K, capacity 616K, committed 640K, reserved 1048576K
Event: 2.433 GC heap after
Heap after GC invocations=1 (full 0):
 PSYoungGen      total 18944K, used 2544K [0x00000000eab00000, 0x00000000ed000000, 0x0000000100000000)
  eden space 16384K, 0% used [0x00000000eab00000,0x00000000eab00000,0x00000000ebb00000)
  from space 2560K, 99% used [0x00000000ebb00000,0x00000000ebd7c3e0,0x00000000ebd80000)
  to   space 2560K, 0% used [0x00000000ecd80000,0x00000000ecd80000,0x00000000ed000000)
 ParOldGen       total 44032K, used 2057K [0x00000000c0000000, 0x00000000c2b00000, 0x00000000eab00000)
  object space 44032K, 4% used [0x00000000c0000000,0x00000000c02024f8,0x00000000c2b00000)
 Metaspace       used 5717K, capacity 6768K, committed 7040K, reserved 1056768K
  class space    used 583K, capacity 616K, committed 640K, reserved 1048576K
}
Event: 2.966 GC heap before
{Heap before GC invocations=2 (full 0):
 PSYoungGen      total 18944K, used 18928K [0x00000000eab00000, 0x00000000ed000000, 0x0000000100000000)
  eden space 16384K, 100% used [0x00000000eab00000,0x00000000ebb00000,0x00000000ebb00000)
  from space 2560K, 99% used [0x00000000ebb00000,0x00000000ebd7c3e0,0x00000000ebd80000)
  to   space 2560K, 0% used [0x00000000ecd80000,0x00000000ecd80000,0x00000000ed000000)
 ParOldGen       total 44032K, used 2057K [0x00000000c0000000, 0x00000000c2b00000, 0x00000000eab00000)
  object space 44032K, 4% used [0x00000000c0000000,0x00000000c02024f8,0x00000000c2b00000)
 Metaspace       used 5854K, capacity 6832K, committed 7040K, reserved 1056768K
  class space    used 587K, capacity 616K, committed 640K, reserved 1048576K
Event: 3.000 GC heap after
Heap after GC invocations=2 (full 0):
 PSYoungGen      total 35328K, used 2535K [0x00000000eab00000, 0x00000000ed000000, 0x0000000100000000)
  eden space 32768K, 0% used [0x00000000eab00000,0x00000000eab00000,0x00000000ecb00000)
  from space 2560K, 99% used [0x00000000ecd80000,0x00000000ecff9cb0,0x00000000ed000000)
  to   space 2560K, 0% used [0x00000000ecb00000,0x00000000ecb00000,0x00000000ecd80000)
 ParOldGen       total 44032K, used 4770K [0x00000000c0000000, 0x00000000c2b00000, 0x00000000eab00000)
  object space 44032K, 10% used [0x00000000c0000000,0x00000000c04a8b28,0x00000000c2b00000)
 Metaspace       used 5854K, capacity 6832K, committed 7040K, reserved 1056768K
  class space    used 587K, capacity 616K, committed 640K, reserved 1048576K
}
Event: 4.123 GC heap before
{Heap before GC invocations=3 (full 0):
 PSYoungGen      total 35328K, used 35303K [0x00000000eab00000, 0x00000000ed000000, 0x0000000100000000)
  eden space 32768K, 100% used [0x00000000eab00000,0x00000000ecb00000,0x00000000ecb00000)
  from space 2560K, 99% used [0x00000000ecd80000,0x00000000ecff9cb0,0x00000000ed000000)
  to   space 2560K, 0% used [0x00000000ecb00000,0x00000000ecb00000,0x00000000ecd80000)
 ParOldGen       total 44032K, used 4770K [0x00000000c0000000, 0x00000000c2b00000, 0x00000000eab00000)
  object space 44032K, 10% used [0x00000000c0000000,0x00000000c04a8b28,0x00000000c2b00000)
 Metaspace       used 5993K, capacity 6960K, committed 7040K, reserved 1056768K
  class space    used 590K, capacity 616K, committed 640K, reserved 1048576K
Event: 4.343 GC heap after
Heap after GC invocations=3 (full 0):
 PSYoungGen      total 35328K, used 2551K [0x00000000eab00000, 0x00000000ef000000, 0x0000000100000000)
  eden space 32768K, 0% used [0x00000000eab00000,0x00000000eab00000,0x00000000ecb00000)
  from space 2560K, 99% used [0x00000000ecb00000,0x00000000ecd7dcc0,0x00000000ecd80000)
  to   space 2560K, 0% used [0x00000000eed80000,0x00000000eed80000,0x00000000ef000000)
 ParOldGen       total 44032K, used 9855K [0x00000000c0000000, 0x00000000c2b00000, 0x00000000eab00000)
  object space 44032K, 22% used [0x00000000c0000000,0x00000000c099fe88,0x00000000c2b00000)
 Metaspace       used 5993K, capacity 6960K, committed 7040K, reserved 1056768K
  class space    used 590K, capacity 616K, committed 640K, reserved 1048576K
}
Event: 4.946 GC heap before
{Heap before GC invocations=4 (full 0):
 PSYoungGen      total 35328K, used 35319K [0x00000000eab00000, 0x00000000ef000000, 0x0000000100000000)
  eden space 32768K, 100% used [0x00000000eab00000,0x00000000ecb00000,0x00000000ecb00000)
  from space 2560K, 99% used [0x00000000ecb00000,0x00000000ecd7dcc0,0x00000000ecd80000)
  to   space 2560K, 0% used [0x00000000eed80000,0x00000000eed80000,0x00000000ef000000)
 ParOldGen       total 44032K, used 9855K [0x00000000c0000000, 0x00000000c2b00000, 0x00000000eab00000)
  object space 44032K, 22% used [0x00000000c0000000,0x00000000c099fe88,0x00000000c2b00000)
 Metaspace       used 6040K, capacity 7024K, committed 7296K, reserved 1056768K
  class space    used 590K, capacity 616K, committed 640K, reserved 1048576K
Event: 5.100 GC heap after
Heap after GC invocations=4 (full 0):
 PSYoungGen      total 68096K, used 2541K [0x00000000eab00000, 0x00000000ef000000, 0x0000000100000000)
  eden space 65536K, 0% used [0x00000000eab00000,0x00000000eab00000,0x00000000eeb00000)
  from space 2560K, 99% used [0x00000000eed80000,0x00000000eeffb690,0x00000000ef000000)
  to   space 2560K, 0% used [0x00000000eeb00000,0x00000000eeb00000,0x00000000eed80000)
 ParOldGen       total 44032K, used 14233K [0x00000000c0000000, 0x00000000c2b00000, 0x00000000eab00000)
  object space 44032K, 32% used [0x00000000c0000000,0x00000000c0de6720,0x00000000c2b00000)
 Metaspace       used 6040K, capacity 7024K, committed 7296K, reserved 1056768K
  class space    used 590K, capacity 616K, committed 640K, reserved 1048576K
}

Deoptimization events (10 events):
Event: 12.561 Thread 0x000000000764c000 Uncommon trap: reason=unstable_if action=reinterpret pc=0x000000000f798774 method=com.android.dx.dex.code.OutputFinisher.findOpcodeForInsn(Lcom/android/dx/dex/code/DalvInsn;Lcom/android/dx/dex/code/Dop;)Lcom/android/dx/dex/code/Dop; @ 12
Event: 13.262 Thread 0x000000000764c000 Uncommon trap: reason=speculate_class_check action=maybe_recompile pc=0x000000000f3985ec method=com.android.dx.util.FixedSizeList.equals(Ljava/lang/Object;)Z @ 25
Event: 13.262 Thread 0x000000000764c000 Uncommon trap: reason=unstable_if action=reinterpret pc=0x000000000f392dcc method=java.util.Arrays.equals([Ljava/lang/Object;[Ljava/lang/Object;)Z @ 23
Event: 13.264 Thread 0x000000000764c000 Uncommon trap: reason=speculate_class_check action=maybe_recompile pc=0x000000000f3985ec method=com.android.dx.util.FixedSizeList.equals(Ljava/lang/Object;)Z @ 25
Event: 13.264 Thread 0x000000000764c000 Uncommon trap: reason=speculate_class_check action=maybe_recompile pc=0x000000000f3985ec method=com.android.dx.util.FixedSizeList.equals(Ljava/lang/Object;)Z @ 25
Event: 13.264 Thread 0x000000000764c000 Uncommon trap: reason=speculate_class_check action=maybe_recompile pc=0x000000000f3985ec method=com.android.dx.util.FixedSizeList.equals(Ljava/lang/Object;)Z @ 25
Event: 17.382 Thread 0x000000000764c000 Uncommon trap: reason=unstable_if action=reinterpret pc=0x000000000f7855b4 method=java.util.TreeMap.put(Ljava/lang/Object;Ljava/lang/Object;)Ljava/lang/Object; @ 163
Event: 18.559 Thread 0x000000000764c000 Uncommon trap: reason=unstable_if action=reinterpret pc=0x000000000f84f9a8 method=com.android.dx.util.ByteArrayAnnotatedOutput.ensureCapacity(I)V @ 6
Event: 18.562 Thread 0x000000000764c000 Uncommon trap: reason=unstable_if action=reinterpret pc=0x000000000f84a69c method=com.android.dx.util.ByteArrayAnnotatedOutput.ensureCapacity(I)V @ 6
Event: 18.670 Thread 0x000000000764c000 Uncommon trap: reason=unstable_if action=reinterpret pc=0x000000000f87cd94 method=com.android.dx.util.ByteArrayAnnotatedOutput.writeByte(I)V @ 13

Internal exceptions (5 events):
Event: 0.612 Thread 0x0000000002651000 Exception <a 'java/lang/NoSuchMethodError': Method sun.misc.Unsafe.defineClass(Ljava/lang/String;[BII)Ljava/lang/Class; name or signature does not match> (0x00000000eab12f00) thrown at [C:\re\workspace\8-2-build-windows-amd64-cygwin\jdk8u45\3627\hotspot\sr°–#œ˜ã?
Event: 0.612 Thread 0x0000000002651000 Exception <a 'java/lang/NoSuchMethodError': Method sun.misc.Unsafe.prefetchRead(Ljava/lang/Object;J)V name or signature does not match> (0x00000000eab13190) thrown at [C:\re\workspace\8-2-build-windows-amd64-cygwin\jdk8u45\3627\hotspot\src\share\vm\prims\jSi÷Û&@
Event: 5.288 Thread 0x000000000761a000 Exception <a 'java/lang/ArrayIndexOutOfBoundsException': 18> (0x00000000eb7dba38) thrown at [C:\re\workspace\8-2-build-windows-amd64-cygwin\jdk8u45\3627\hotspot\src\share\vm\interpreter\interpreterRuntime.cpp, line 366]
Event: 5.289 Thread 0x000000000761a000 Exception <a 'java/lang/ArrayIndexOutOfBoundsException': 145> (0x00000000eb7dd508) thrown at [C:\re\workspace\8-2-build-windows-amd64-cygwin\jdk8u45\3627\hotspot\src\share\vm\interpreter\interpreterRuntime.cpp, line 366]
Event: 5.291 Thread 0x000000000761a000 Exception <a 'java/lang/ArrayIndexOutOfBoundsException'> (0x00000000eb7de740) thrown at [C:\re\workspace\8-2-build-windows-amd64-cygwin\jdk8u45\3627\hotspot\src\share\vm\runtime\sharedRuntime.cpp, line 605]

Events (10 events):
Event: 18.562 Thread 0x000000000764c000 DEOPT UNPACKING pc=0x000000000f05582a sp=0x0000000009a6e6b8 mode 2
Event: 18.660 loading class com/android/dx/dex/file/MapItem
Event: 18.660 loading class com/android/dx/dex/file/MapItem done
Event: 18.661 loading class com/android/dx/dex/file/UniformListItem
Event: 18.661 loading class com/android/dx/dex/file/UniformListItem done
Event: 18.669 loading class com/android/dex/DexFormat
Event: 18.669 loading class com/android/dex/DexFormat done
Event: 18.670 Thread 0x000000000764c000 Uncommon trap: trap_request=0xffffff65 fr.pc=0x000000000f87cd94
Event: 18.670 Thread 0x000000000764c000 DEOPT PACKING pc=0x000000000f87cd94 sp=0x0000000009a6e8e0
Event: 18.670 Thread 0x000000000764c000 DEOPT UNPACKING pc=0x000000000f05582a sp=0x0000000009a6e8d8 mode 2


Dynamic libraries:
0x00007ff6414d0000 - 0x00007ff641507000 	C:\Program Files\Java\jdk1.8.0_45\bin\java.exe
0x00007ffd059a0000 - 0x00007ffd05b61000 	C:\WINDOWS\SYSTEM32\ntdll.dll
0x00007ffd04570000 - 0x00007ffd0461d000 	C:\WINDOWS\system32\KERNEL32.DLL
0x00007ffd028b0000 - 0x00007ffd02a98000 	C:\WINDOWS\system32\KERNELBASE.dll
0x00007ffd04a90000 - 0x00007ffd04b37000 	C:\WINDOWS\system32\ADVAPI32.dll
0x00007ffd05410000 - 0x00007ffd054ad000 	C:\WINDOWS\system32\msvcrt.dll
0x00007ffd05560000 - 0x00007ffd055bb000 	C:\WINDOWS\system32\sechost.dll
0x00007ffd050d0000 - 0x00007ffd051ec000 	C:\WINDOWS\system32\RPCRT4.dll
0x00007ffd05840000 - 0x00007ffd05996000 	C:\WINDOWS\system32\USER32.dll
0x00007ffd04e70000 - 0x00007ffd04ff6000 	C:\WINDOWS\system32\GDI32.dll
0x00007ffcfd5d0000 - 0x00007ffcfd844000 	C:\WINDOWS\WinSxS\amd64_microsoft.windows.common-controls_6595b64144ccf1df_6.0.10586.494_none_a2d8b04ea53e3145\COMCTL32.dll
0x00007ffd055c0000 - 0x00007ffd0583d000 	C:\WINDOWS\system32\combase.dll
0x00007ffd02d30000 - 0x00007ffd02d9a000 	C:\WINDOWS\system32\bcryptPrimitives.dll
0x00007ffd04a50000 - 0x00007ffd04a8b000 	C:\WINDOWS\system32\IMM32.DLL
0x00007ffd01eb0000 - 0x00007ffd01ee1000 	C:\Windows\system32\nvinitx.dll
0x00007ffd01ea0000 - 0x00007ffd01eaa000 	C:\WINDOWS\SYSTEM32\VERSION.dll
0x000000000f000000 - 0x000000000f006000 	C:\Program Files\NVIDIA Corporation\CoProcManager\_etoured.dll
0x00007ffcfdf20000 - 0x00007ffcfdf52000 	C:\Program Files\NVIDIA Corporation\CoProcManager\nvd3d9wrapx.dll
0x00007ffd04620000 - 0x00007ffd04a49000 	C:\WINDOWS\system32\SETUPAPI.dll
0x00007ffd026a0000 - 0x00007ffd026e3000 	C:\WINDOWS\system32\CFGMGR32.dll
0x00007ffcfded0000 - 0x00007ffcfdef2000 	C:\Program Files\NVIDIA Corporation\CoProcManager\nvdxgiwrapx.dll
0x0000000074450000 - 0x0000000074522000 	C:\Program Files\Java\jdk1.8.0_45\jre\bin\msvcr100.dll
0x0000000074700000 - 0x0000000074f83000 	C:\Program Files\Java\jdk1.8.0_45\jre\bin\server\jvm.dll
0x00007ffd02da0000 - 0x00007ffd02da8000 	C:\WINDOWS\system32\PSAPI.DLL
0x00007ffcf4c80000 - 0x00007ffcf4c89000 	C:\WINDOWS\SYSTEM32\WSOCK32.dll
0x00007ffd05250000 - 0x00007ffd052bb000 	C:\WINDOWS\system32\WS2_32.dll
0x00007ffd00280000 - 0x00007ffd002a3000 	C:\WINDOWS\SYSTEM32\WINMM.dll
0x00007ffd00250000 - 0x00007ffd0027c000 	C:\WINDOWS\SYSTEM32\WINMMBASE.dll
0x0000000075400000 - 0x000000007540f000 	C:\Program Files\Java\jdk1.8.0_45\jre\bin\verify.dll
0x00000000753d0000 - 0x00000000753f9000 	C:\Program Files\Java\jdk1.8.0_45\jre\bin\java.dll
0x00000000753b0000 - 0x00000000753c6000 	C:\Program Files\Java\jdk1.8.0_45\jre\bin\zip.dll
0x00007ffd02de0000 - 0x00007ffd0433c000 	C:\WINDOWS\system32\SHELL32.dll
0x00007ffd02050000 - 0x00007ffd02695000 	C:\WINDOWS\system32\windows.storage.dll
0x00007ffd04510000 - 0x00007ffd04562000 	C:\WINDOWS\system32\shlwapi.dll
0x00007ffd02040000 - 0x00007ffd0204f000 	C:\WINDOWS\system32\kernel.appcore.dll
0x00007ffd02aa0000 - 0x00007ffd02b55000 	C:\WINDOWS\system32\shcore.dll
0x00007ffd01ff0000 - 0x00007ffd0203b000 	C:\WINDOWS\system32\powrprof.dll
0x00007ffd01fd0000 - 0x00007ffd01fe4000 	C:\WINDOWS\system32\profapi.dll
0x00007ffcefec0000 - 0x00007ffcf004c000 	C:\WINDOWS\SYSTEM32\dbghelp.dll

VM Arguments:
jvm_args: -Djava.awt.headless=true -Xmx1024M -Dfile.encoding=x-windows-949 -Duser.country=KR -Duser.language=ko -Duser.variant 
java_command: com.android.dx.command.Main --dex --force-jumbo --num-threads=4 --multi-dex --output E:\AndroidStudioProjects\CheongwonPay\app\build\intermediates\transforms\dex\debug\folders\1000\5\slice_2 E:\AndroidStudioProjects\CheongwonPay\app\build\intermediates\transforms\instantRunSlicer\debug\folders\1\5\slice_2
java_class_path (initial): E:\Android\sdk\build-tools\23.0.3\lib\dx.jar
Launcher Type: SUN_STANDARD

Environment Variables:
PATH=C:\ProgramData\Oracle\Java\javapath;C:\Program Files (x86)\Wizvera\Delfino;C:\Program Files (x86)\NVIDIA Corporation\PhysX\Common;C:\WINDOWS\system32;C:\WINDOWS;C:\WINDOWS\System32\Wbem;C:\WINDOWS\System32\WindowsPowerShell\v1.0\;C:\Program Files\WIDCOMM\Bluetooth Software\;C:\Program Files\WIDCOMM\Bluetooth Software\syswow64;;C:\Program Files (x86)\Intel\OpenCL SDK\2.0\bin\x86;C:\Program Files (x86)\Intel\OpenCL SDK\2.0\bin\x64;C:\Program Files\Java\jdk1.8.0_45\bin;C:\Program Files\Java\jre1.8.0_45\bin;E:\Android\sdk\platform-tools;C:\Program Files (x86)\Skype\Phone\;C:\Users\Á¤¼·\AppData\Local\Bandizip\7z
USERNAME=Á¤¼·
OS=Windows_NT
PROCESSOR_IDENTIFIER=Intel64 Family 6 Model 42 Stepping 7, GenuineIntel



---------------  S Y S T E M  ---------------

OS: Windows 10.0 , 64 bit Build 10586 (10.0.10586.0)

CPU:total 4 (2 cores per cpu, 2 threads per core) family 6 model 42 stepping 7, cmov, cx8, fxsr, mmx, sse, sse2, sse3, ssse3, sse4.1, sse4.2, popcnt, avx, aes, clmul, ht, tsc, tscinvbit

Memory: 4k page, physical 4104480k(281080k free), swap 6827872k(188k free)

vm_info: Java HotSpot(TM) 64-Bit Server VM (25.45-b02) for windows-amd64 JRE (1.8.0_45-b15), built on Apr 30 2015 12:40:44 by "java_re" with MS VC++ 10.0 (VS2010)

time: Wed Aug 24 01:26:00 2016
elapsed time: 19 seconds (0d 0h 0m 19s)

