#
# There is insufficient memory for the Java Runtime Environment to continue.
# Native memory allocation (malloc) failed to allocate 1286096 bytes for Chunk::new
# Possible reasons:
#   The system is out of physical RAM or swap space
#   In 32 bit mode, the process size limit was hit
# Possible solutions:
#   Reduce memory load on the system
#   Increase physical memory or swap space
#   Check if swap backing store is full
#   Use 64 bit Java on a 64 bit OS
#   Decrease Java heap size (-Xmx/-Xms)
#   Decrease number of Java threads
#   Decrease Java thread stack sizes (-Xss)
#   Set larger code cache with -XX:ReservedCodeCacheSize=
# This output file may be truncated or incomplete.
#
#  Out of Memory Error (allocation.cpp:390), pid=11184, tid=9612
#
# JRE version: Java(TM) SE Runtime Environment (8.0_45-b15) (build 1.8.0_45-b15)
# Java VM: Java HotSpot(TM) 64-Bit Server VM (25.45-b02 mixed mode windows-amd64 compressed oops)
# Failed to write core dump. Minidumps are not enabled by default on client versions of Windows
#

---------------  T H R E A D  ---------------

Current thread (0x0000000007406000):  JavaThread "C2 CompilerThread1" daemon [_thread_in_native, id=9612, stack(0x00000000077b0000,0x00000000078b0000)]

Stack: [0x00000000077b0000,0x00000000078b0000]
Native frames: (J=compiled Java code, j=interpreted, Vv=VM code, C=native code)
V  [jvm.dll+0x32b57a]
V  [jvm.dll+0x279873]
V  [jvm.dll+0x27a509]
V  [jvm.dll+0x271825]
V  [jvm.dll+0xcb9e2]
V  [jvm.dll+0xcbeac]
V  [jvm.dll+0x49298c]
V  [jvm.dll+0x45f6ff]
V  [jvm.dll+0x46a73b]
V  [jvm.dll+0x46cd52]
V  [jvm.dll+0x4500f2]
V  [jvm.dll+0xa4352]
V  [jvm.dll+0xa4c8f]
V  [jvm.dll+0x241984]
V  [jvm.dll+0x29853a]
C  [msvcr100.dll+0x21d9f]
C  [msvcr100.dll+0x21e3b]
C  [KERNEL32.DLL+0x18102]
C  [ntdll.dll+0x5c5b4]


Current CompileTask:
C2:  10006 2104   !   4       com.android.dx.cf.code.BytecodeArray::parseInstruction (2764 bytes)


---------------  P R O C E S S  ---------------

Java Threads: ( => current thread )
  0x0000000007645800 JavaThread "pool-1-thread-4" [_thread_blocked, id=11140, stack(0x0000000007fb0000,0x00000000080b0000)]
  0x0000000007644800 JavaThread "pool-1-thread-3" [_thread_in_Java, id=12624, stack(0x0000000007eb0000,0x0000000007fb0000)]
  0x0000000007644000 JavaThread "pool-1-thread-2" [_thread_in_Java, id=2572, stack(0x0000000007db0000,0x0000000007eb0000)]
  0x0000000007641000 JavaThread "pool-2-thread-1" [_thread_blocked, id=6608, stack(0x0000000007cb0000,0x0000000007db0000)]
  0x0000000007626000 JavaThread "pool-1-thread-1" [_thread_in_Java, id=7920, stack(0x0000000007bb0000,0x0000000007cb0000)]
  0x0000000007411000 JavaThread "Service Thread" daemon [_thread_blocked, id=1328, stack(0x00000000079b0000,0x0000000007ab0000)]
  0x0000000007409000 JavaThread "C1 CompilerThread2" daemon [_thread_blocked, id=11476, stack(0x00000000078b0000,0x00000000079b0000)]
=>0x0000000007406000 JavaThread "C2 CompilerThread1" daemon [_thread_in_native, id=9612, stack(0x00000000077b0000,0x00000000078b0000)]
  0x0000000005d6c000 JavaThread "C2 CompilerThread0" daemon [_thread_in_native, id=12592, stack(0x00000000072b0000,0x00000000073b0000)]
  0x0000000005d6a800 JavaThread "Attach Listener" daemon [_thread_blocked, id=11852, stack(0x00000000071b0000,0x00000000072b0000)]
  0x0000000005db9000 JavaThread "Signal Dispatcher" daemon [_thread_blocked, id=11064, stack(0x00000000070b0000,0x00000000071b0000)]
  0x0000000002680800 JavaThread "Finalizer" daemon [_thread_blocked, id=368, stack(0x0000000006fb0000,0x00000000070b0000)]
  0x000000000267d000 JavaThread "Reference Handler" daemon [_thread_blocked, id=3540, stack(0x0000000006eb0000,0x0000000006fb0000)]
  0x0000000002590800 JavaThread "main" [_thread_blocked, id=12256, stack(0x00000000023e0000,0x00000000024e0000)]

Other Threads:
  0x0000000005d28000 VMThread [stack: 0x0000000006db0000,0x0000000006eb0000] [id=12232]
  0x0000000007432800 WatcherThread [stack: 0x0000000007ab0000,0x0000000007bb0000] [id=4404]

VM state:not at safepoint (normal execution)

VM Mutex/Monitor currently owned by a thread: None

Heap:
 PSYoungGen      total 74240K, used 30679K [0x00000000eab00000, 0x00000000f0000000, 0x0000000100000000)
  eden space 64512K, 32% used [0x00000000eab00000,0x00000000ebfc0830,0x00000000eea00000)
  from space 9728K, 99% used [0x00000000ef480000,0x00000000efdfb2a0,0x00000000efe00000)
  to   space 10752K, 0% used [0x00000000eea00000,0x00000000eea00000,0x00000000ef480000)
 ParOldGen       total 78848K, used 48078K [0x00000000c0000000, 0x00000000c4d00000, 0x00000000eab00000)
  object space 78848K, 60% used [0x00000000c0000000,0x00000000c2ef3a88,0x00000000c4d00000)
 Metaspace       used 6525K, capacity 7256K, committed 7424K, reserved 1056768K
  class space    used 618K, capacity 656K, committed 768K, reserved 1048576K

Card table byte_map: [0x0000000002a50000,0x0000000002c60000] byte_map_base: 0x0000000002450000

Marking Bits: (ParMarkBitMap*) 0x0000000071d94040
 Begin Bits: [0x00000000031c0000, 0x00000000041c0000)
 End Bits:   [0x00000000041c0000, 0x00000000051c0000)

Polling page: 0x0000000000940000

CodeCache: size=245760Kb used=10070Kb max_used=10077Kb free=235689Kb
 bounds [0x000000000f010000, 0x000000000fa00000, 0x000000001e010000]
 total_blobs=2393 nmethods=2121 adapters=184
 compilation: enabled

Compilation events (10 events):
Event: 9.836 Thread 0x0000000007409000 2180   !   2       com.android.dx.command.dexer.Main$DirectClassFileConsumer::call (344 bytes)
Event: 9.839 Thread 0x0000000007409000 nmethod 2180 0x000000000f9e11d0 code [0x000000000f9e1480, 0x000000000f9e2508]
Event: 9.843 Thread 0x0000000007409000 2182       2       java.util.concurrent.locks.AbstractQueuedSynchronizer::parkAndCheckInterrupt (8 bytes)
Event: 9.844 Thread 0x0000000007409000 nmethod 2182 0x000000000f9d59d0 code [0x000000000f9d5b40, 0x000000000f9d5d78]
Event: 9.852 Thread 0x0000000007409000 2183       2       com.android.dx.rop.code.Rops::opPutStatic (97 bytes)
Event: 9.853 Thread 0x0000000007409000 nmethod 2183 0x000000000f9d4f90 code [0x000000000f9d5160, 0x000000000f9d56d8]
Event: 9.868 Thread 0x0000000007409000 2184       2       java.util.HashMap$Node::<init> (26 bytes)
Event: 9.869 Thread 0x0000000007409000 nmethod 2184 0x000000000f9e0e50 code [0x000000000f9e0fa0, 0x000000000f9e1130]
Event: 9.934 Thread 0x0000000005d6c000 nmethod 2175 0x000000000f9ece90 code [0x000000000f9ed0a0, 0x000000000f9ee928]
Event: 9.934 Thread 0x0000000005d6c000 2186       4       com.android.dx.ssa.back.IdenticalBlockCombiner::process (323 bytes)

GC Heap History (10 events):
Event: 8.229 GC heap before
{Heap before GC invocations=7 (full 0):
 PSYoungGen      total 74240K, used 72674K [0x00000000eab00000, 0x00000000f0000000, 0x0000000100000000)
  eden space 64512K, 100% used [0x00000000eab00000,0x00000000eea00000,0x00000000eea00000)
  from space 9728K, 83% used [0x00000000ef480000,0x00000000efc788c8,0x00000000efe00000)
  to   space 10752K, 0% used [0x00000000eea00000,0x00000000eea00000,0x00000000ef480000)
 ParOldGen       total 44032K, used 13848K [0x00000000c0000000, 0x00000000c2b00000, 0x00000000eab00000)
  object space 44032K, 31% used [0x00000000c0000000,0x00000000c0d86070,0x00000000c2b00000)
 Metaspace       used 6331K, capacity 7152K, committed 7296K, reserved 1056768K
  class space    used 598K, capacity 616K, committed 640K, reserved 1048576K
Event: 8.302 GC heap after
Heap after GC invocations=7 (full 0):
 PSYoungGen      total 75264K, used 10741K [0x00000000eab00000, 0x00000000f0000000, 0x0000000100000000)
  eden space 64512K, 0% used [0x00000000eab00000,0x00000000eab00000,0x00000000eea00000)
  from space 10752K, 99% used [0x00000000eea00000,0x00000000ef47d4e8,0x00000000ef480000)
  to   space 9728K, 0% used [0x00000000ef480000,0x00000000ef480000,0x00000000efe00000)
 ParOldGen       total 44032K, used 19768K [0x00000000c0000000, 0x00000000c2b00000, 0x00000000eab00000)
  object space 44032K, 44% used [0x00000000c0000000,0x00000000c134e268,0x00000000c2b00000)
 Metaspace       used 6331K, capacity 7152K, committed 7296K, reserved 1056768K
  class space    used 598K, capacity 616K, committed 640K, reserved 1048576K
}
Event: 8.707 GC heap before
{Heap before GC invocations=8 (full 0):
 PSYoungGen      total 75264K, used 75253K [0x00000000eab00000, 0x00000000f0000000, 0x0000000100000000)
  eden space 64512K, 100% used [0x00000000eab00000,0x00000000eea00000,0x00000000eea00000)
  from space 10752K, 99% used [0x00000000eea00000,0x00000000ef47d4e8,0x00000000ef480000)
  to   space 9728K, 0% used [0x00000000ef480000,0x00000000ef480000,0x00000000efe00000)
 ParOldGen       total 44032K, used 19768K [0x00000000c0000000, 0x00000000c2b00000, 0x00000000eab00000)
  object space 44032K, 44% used [0x00000000c0000000,0x00000000c134e268,0x00000000c2b00000)
 Metaspace       used 6375K, capacity 7152K, committed 7296K, reserved 1056768K
  class space    used 598K, capacity 616K, committed 640K, reserved 1048576K
Event: 8.758 GC heap after
Heap after GC invocations=8 (full 0):
 PSYoungGen      total 74240K, used 9718K [0x00000000eab00000, 0x00000000f0000000, 0x0000000100000000)
  eden space 64512K, 0% used [0x00000000eab00000,0x00000000eab00000,0x00000000eea00000)
  from space 9728K, 99% used [0x00000000ef480000,0x00000000efdfdbb0,0x00000000efe00000)
  to   space 10752K, 0% used [0x00000000eea00000,0x00000000eea00000,0x00000000ef480000)
 ParOldGen       total 44032K, used 31934K [0x00000000c0000000, 0x00000000c2b00000, 0x00000000eab00000)
  object space 44032K, 72% used [0x00000000c0000000,0x00000000c1f2fac8,0x00000000c2b00000)
 Metaspace       used 6375K, capacity 7152K, committed 7296K, reserved 1056768K
  class space    used 598K, capacity 616K, committed 640K, reserved 1048576K
}
Event: 9.122 GC heap before
{Heap before GC invocations=9 (full 0):
 PSYoungGen      total 74240K, used 74230K [0x00000000eab00000, 0x00000000f0000000, 0x0000000100000000)
  eden space 64512K, 100% used [0x00000000eab00000,0x00000000eea00000,0x00000000eea00000)
  from space 9728K, 99% used [0x00000000ef480000,0x00000000efdfdbb0,0x00000000efe00000)
  to   space 10752K, 0% used [0x00000000eea00000,0x00000000eea00000,0x00000000ef480000)
 ParOldGen       total 44032K, used 31934K [0x00000000c0000000, 0x00000000c2b00000, 0x00000000eab00000)
  object space 44032K, 72% used [0x00000000c0000000,0x00000000c1f2fac8,0x00000000c2b00000)
 Metaspace       used 6495K, capacity 7256K, committed 7424K, reserved 1056768K
  class space    used 618K, capacity 656K, committed 768K, reserved 1048576K
Event: 9.167 GC heap after
Heap after GC invocations=9 (full 0):
 PSYoungGen      total 75264K, used 10728K [0x00000000eab00000, 0x00000000f0000000, 0x0000000100000000)
  eden space 64512K, 0% used [0x00000000eab00000,0x00000000eab00000,0x00000000eea00000)
  from space 10752K, 99% used [0x00000000eea00000,0x00000000ef47a258,0x00000000ef480000)
  to   space 9728K, 0% used [0x00000000ef480000,0x00000000ef480000,0x00000000efe00000)
 ParOldGen       total 44032K, used 41048K [0x00000000c0000000, 0x00000000c2b00000, 0x00000000eab00000)
  object space 44032K, 93% used [0x00000000c0000000,0x00000000c2816318,0x00000000c2b00000)
 Metaspace       used 6495K, capacity 7256K, committed 7424K, reserved 1056768K
  class space    used 618K, capacity 656K, committed 768K, reserved 1048576K
}
Event: 9.167 GC heap before
{Heap before GC invocations=10 (full 1):
 PSYoungGen      total 75264K, used 10728K [0x00000000eab00000, 0x00000000f0000000, 0x0000000100000000)
  eden space 64512K, 0% used [0x00000000eab00000,0x00000000eab00000,0x00000000eea00000)
  from space 10752K, 99% used [0x00000000eea00000,0x00000000ef47a258,0x00000000ef480000)
  to   space 9728K, 0% used [0x00000000ef480000,0x00000000ef480000,0x00000000efe00000)
 ParOldGen       total 44032K, used 41048K [0x00000000c0000000, 0x00000000c2b00000, 0x00000000eab00000)
  object space 44032K, 93% used [0x00000000c0000000,0x00000000c2816318,0x00000000c2b00000)
 Metaspace       used 6495K, capacity 7256K, committed 7424K, reserved 1056768K
  class space    used 618K, capacity 656K, committed 768K, reserved 1048576K
Event: 9.565 GC heap after
Heap after GC invocations=10 (full 1):
 PSYoungGen      total 75264K, used 3516K [0x00000000eab00000, 0x00000000f0000000, 0x0000000100000000)
  eden space 64512K, 0% used [0x00000000eab00000,0x00000000eab00000,0x00000000eea00000)
  from space 10752K, 32% used [0x00000000eea00000,0x00000000eed6f160,0x00000000ef480000)
  to   space 9728K, 0% used [0x00000000ef480000,0x00000000ef480000,0x00000000efe00000)
 ParOldGen       total 78848K, used 43700K [0x00000000c0000000, 0x00000000c4d00000, 0x00000000eab00000)
  object space 78848K, 55% used [0x00000000c0000000,0x00000000c2aad3b8,0x00000000c4d00000)
 Metaspace       used 6495K, capacity 7256K, committed 7424K, reserved 1056768K
  class space    used 618K, capacity 656K, committed 768K, reserved 1048576K
}
Event: 9.886 GC heap before
{Heap before GC invocations=11 (full 1):
 PSYoungGen      total 75264K, used 68028K [0x00000000eab00000, 0x00000000f0000000, 0x0000000100000000)
  eden space 64512K, 100% used [0x00000000eab00000,0x00000000eea00000,0x00000000eea00000)
  from space 10752K, 32% used [0x00000000eea00000,0x00000000eed6f160,0x00000000ef480000)
  to   space 9728K, 0% used [0x00000000ef480000,0x00000000ef480000,0x00000000efe00000)
 ParOldGen       total 78848K, used 43700K [0x00000000c0000000, 0x00000000c4d00000, 0x00000000eab00000)
  object space 78848K, 55% used [0x00000000c0000000,0x00000000c2aad3b8,0x00000000c4d00000)
 Metaspace       used 6525K, capacity 7256K, committed 7424K, reserved 1056768K
  class space    used 618K, capacity 656K, committed 768K, reserved 1048576K
Event: 9.931 GC heap after
Heap after GC invocations=11 (full 1):
 PSYoungGen      total 74240K, used 9708K [0x00000000eab00000, 0x00000000f0000000, 0x0000000100000000)
  eden space 64512K, 0% used [0x00000000eab00000,0x00000000eab00000,0x00000000eea00000)
  from space 9728K, 99% used [0x00000000ef480000,0x00000000efdfb2a0,0x00000000efe00000)
  to   space 10752K, 0% used [0x00000000eea00000,0x00000000eea00000,0x00000000ef480000)
 ParOldGen       total 78848K, used 48078K [0x00000000c0000000, 0x00000000c4d00000, 0x00000000eab00000)
  object space 78848K, 60% used [0x00000000c0000000,0x00000000c2ef3a88,0x00000000c4d00000)
 Metaspace       used 6525K, capacity 7256K, committed 7424K, reserved 1056768K
  class space    used 618K, capacity 656K, committed 768K, reserved 1048576K
}

Deoptimization events (10 events):
Event: 8.834 Thread 0x0000000007644000 Uncommon trap: reason=unstable_if action=reinterpret pc=0x000000000f6c3e04 method=java.util.HashMap.getNode(ILjava/lang/Object;)Ljava/util/HashMap$Node; @ 84
Event: 8.937 Thread 0x0000000007645800 Uncommon trap: reason=unstable_if action=reinterpret pc=0x000000000f8e9dec method=java.util.HashMap.putVal(ILjava/lang/Object;Ljava/lang/Object;ZZ)Ljava/lang/Object; @ 109
Event: 8.953 Thread 0x0000000007626000 Uncommon trap: reason=bimorphic action=maybe_recompile pc=0x000000000f8fe8fc method=com.android.dx.cf.code.BytecodeArray.parseInstruction(ILcom/android/dx/cf/code/BytecodeArray$Visitor;)I @ 1501
Event: 8.953 Thread 0x0000000007626000 Uncommon trap: reason=bimorphic action=maybe_recompile pc=0x000000000f8fe8fc method=com.android.dx.cf.code.BytecodeArray.parseInstruction(ILcom/android/dx/cf/code/BytecodeArray$Visitor;)I @ 1501
Event: 9.028 Thread 0x0000000007626000 Uncommon trap: reason=unstable_if action=reinterpret pc=0x000000000f5a898c method=com.android.dx.ssa.MoveParamCombiner$1.visitNonMoveInsn(Lcom/android/dx/ssa/NormalSsaInsn;)V @ 27
Event: 9.070 Thread 0x0000000007644000 Uncommon trap: reason=bimorphic action=maybe_recompile pc=0x000000000f5f1298 method=com.android.dx.ssa.LiteralOpUpgrader.tryReplacingWithConstant(Lcom/android/dx/ssa/NormalSsaInsn;)Z @ 62
Event: 9.071 Thread 0x0000000007644000 Uncommon trap: reason=unstable_if action=reinterpret pc=0x000000000f992448 method=com.android.dx.ssa.InterferenceRegisterMapper.interferes(III)Z @ 35
Event: 9.075 Thread 0x0000000007644000 Uncommon trap: reason=bimorphic action=maybe_recompile pc=0x000000000f5f1298 method=com.android.dx.ssa.LiteralOpUpgrader.tryReplacingWithConstant(Lcom/android/dx/ssa/NormalSsaInsn;)Z @ 62
Event: 9.573 Thread 0x0000000007644000 Uncommon trap: reason=unstable_if action=reinterpret pc=0x000000000f45e734 method=com.android.dx.ssa.SsaMethod.getExitBlock()Lcom/android/dx/ssa/SsaBasicBlock; @ 4
Event: 9.657 Thread 0x0000000002590800 Uncommon trap: reason=unloaded action=reinterpret pc=0x000000000f8c3128 method=com.android.dx.cf.cst.ConstantPoolParser.parse0(ILjava/util/BitSet;)Lcom/android/dx/rop/cst/Constant; @ 220

Internal exceptions (7 events):
Event: 0.090 Thread 0x0000000002590800 Exception <a 'java/lang/NoSuchMethodError': Method sun.misc.Unsafe.defineClass(Ljava/lang/String;[BII)Ljava/lang/Class; name or signature does not match> (0x00000000eab12f00) thrown at [C:\re\workspace\8-2-build-windows-amd64-cygwin\jdk8u45\3627\hotspot\sr ‹É*Mü¶?
Event: 0.090 Thread 0x0000000002590800 Exception <a 'java/lang/NoSuchMethodError': Method sun.misc.Unsafe.prefetchRead(Ljava/lang/Object;J)V name or signature does not match> (0x00000000eab13190) thrown at [C:\re\workspace\8-2-build-windows-amd64-cygwin\jdk8u45\3627\hotspot\src\share\vm\prims\jJÎšrJþ?
Event: 1.893 Thread 0x0000000007645800 Implicit null exception at 0x000000000f385822 to 0x000000000f385921
Event: 8.591 Thread 0x0000000007644800 Implicit null exception at 0x000000000f545678 to 0x000000000f5458c5
Event: 8.830 Thread 0x0000000007644000 Exception <a 'java/lang/ArrayIndexOutOfBoundsException': 18> (0x00000000eb8d19b0) thrown at [C:\re\workspace\8-2-build-windows-amd64-cygwin\jdk8u45\3627\hotspot\src\share\vm\interpreter\interpreterRuntime.cpp, line 366]
Event: 8.831 Thread 0x0000000007644000 Exception <a 'java/lang/ArrayIndexOutOfBoundsException'> (0x00000000eb8d3480) thrown at [C:\re\workspace\8-2-build-windows-amd64-cygwin\jdk8u45\3627\hotspot\src\share\vm\runtime\sharedRuntime.cpp, line 605]
Event: 8.833 Thread 0x0000000007644000 Exception <a 'java/lang/ArrayIndexOutOfBoundsException'> (0x00000000eba229f0) thrown at [C:\re\workspace\8-2-build-windows-amd64-cygwin\jdk8u45\3627\hotspot\src\share\vm\runtime\sharedRuntime.cpp, line 605]

Events (10 events):
Event: 9.573 Thread 0x0000000007644000 DEOPT UNPACKING pc=0x000000000f05582a sp=0x0000000007eae738 mode 2
Event: 9.623 Thread 0x0000000007626000 DEOPT PACKING pc=0x000000000f87b797 sp=0x0000000007cae920
Event: 9.623 Thread 0x0000000007626000 DEOPT UNPACKING pc=0x000000000f05787f sp=0x0000000007cae648 mode 0
Event: 9.644 Thread 0x0000000007645800 DEOPT PACKING pc=0x000000000f9a4e38 sp=0x00000000080ae5b0
Event: 9.644 Thread 0x0000000007645800 DEOPT UNPACKING pc=0x000000000f05787f sp=0x00000000080ae390 mode 0
Event: 9.657 Thread 0x0000000002590800 Uncommon trap: trap_request=0x000000d2 fr.pc=0x000000000f8c3128
Event: 9.657 Thread 0x0000000002590800 DEOPT PACKING pc=0x000000000f8c3128 sp=0x00000000024de620
Event: 9.657 Thread 0x0000000002590800 DEOPT UNPACKING pc=0x000000000f05582a sp=0x00000000024de660 mode 2
Event: 9.885 Executing VM operation: ParallelGCFailedAllocation
Event: 9.931 Executing VM operation: ParallelGCFailedAllocation done


Dynamic libraries:
0x00007ff768890000 - 0x00007ff7688c7000 	C:\Program Files\Java\jdk1.8.0_45\bin\java.exe
0x00007ff9fb1b0000 - 0x00007ff9fb371000 	C:\WINDOWS\SYSTEM32\ntdll.dll
0x00007ff9facc0000 - 0x00007ff9fad6d000 	C:\WINDOWS\system32\KERNEL32.DLL
0x00007ff9f8020000 - 0x00007ff9f8208000 	C:\WINDOWS\system32\KERNELBASE.dll
0x00007ff9f9120000 - 0x00007ff9f91c7000 	C:\WINDOWS\system32\ADVAPI32.dll
0x00007ff9fa9f0000 - 0x00007ff9faa8d000 	C:\WINDOWS\system32\msvcrt.dll
0x00007ff9f8a20000 - 0x00007ff9f8a7b000 	C:\WINDOWS\system32\sechost.dll
0x00007ff9faba0000 - 0x00007ff9facbc000 	C:\WINDOWS\system32\RPCRT4.dll
0x00007ff9f8c10000 - 0x00007ff9f8d66000 	C:\WINDOWS\system32\USER32.dll
0x00007ff9f8a80000 - 0x00007ff9f8c06000 	C:\WINDOWS\system32\GDI32.dll
0x00007ff9f37a0000 - 0x00007ff9f3a14000 	C:\WINDOWS\WinSxS\amd64_microsoft.windows.common-controls_6595b64144ccf1df_6.0.10586.494_none_a2d8b04ea53e3145\COMCTL32.dll
0x00007ff9f8620000 - 0x00007ff9f889d000 	C:\WINDOWS\system32\combase.dll
0x00007ff9f78f0000 - 0x00007ff9f795a000 	C:\WINDOWS\system32\bcryptPrimitives.dll
0x00007ff9f8eb0000 - 0x00007ff9f8eeb000 	C:\WINDOWS\system32\IMM32.DLL
0x00007ff9f76c0000 - 0x00007ff9f76f1000 	C:\Windows\system32\nvinitx.dll
0x00007ff9f76b0000 - 0x00007ff9f76ba000 	C:\WINDOWS\SYSTEM32\VERSION.dll
0x000000000f000000 - 0x000000000f006000 	C:\Program Files\NVIDIA Corporation\CoProcManager\_etoured.dll
0x00007ff9f4420000 - 0x00007ff9f4452000 	C:\Program Files\NVIDIA Corporation\CoProcManager\nvd3d9wrapx.dll
0x00007ff9fad70000 - 0x00007ff9fb199000 	C:\WINDOWS\system32\SETUPAPI.dll
0x00007ff9f7fb0000 - 0x00007ff9f7ff3000 	C:\WINDOWS\system32\CFGMGR32.dll
0x00007ff9f3d80000 - 0x00007ff9f3da2000 	C:\Program Files\NVIDIA Corporation\CoProcManager\nvdxgiwrapx.dll
0x0000000071e40000 - 0x0000000071f12000 	C:\Program Files\Java\jdk1.8.0_45\jre\bin\msvcr100.dll
0x0000000071590000 - 0x0000000071e13000 	C:\Program Files\Java\jdk1.8.0_45\jre\bin\server\jvm.dll
0x00007ff9f85b0000 - 0x00007ff9f85b8000 	C:\WINDOWS\system32\PSAPI.DLL
0x00007ff9ea450000 - 0x00007ff9ea459000 	C:\WINDOWS\SYSTEM32\WSOCK32.dll
0x00007ff9f8d70000 - 0x00007ff9f8ddb000 	C:\WINDOWS\system32\WS2_32.dll
0x00007ff9f5e80000 - 0x00007ff9f5ea3000 	C:\WINDOWS\SYSTEM32\WINMM.dll
0x00007ff9f5e50000 - 0x00007ff9f5e7c000 	C:\WINDOWS\SYSTEM32\WINMMBASE.dll
0x0000000071580000 - 0x000000007158f000 	C:\Program Files\Java\jdk1.8.0_45\jre\bin\verify.dll
0x0000000071550000 - 0x0000000071579000 	C:\Program Files\Java\jdk1.8.0_45\jre\bin\java.dll
0x0000000071530000 - 0x0000000071546000 	C:\Program Files\Java\jdk1.8.0_45\jre\bin\zip.dll
0x00007ff9f92e0000 - 0x00007ff9fa83c000 	C:\WINDOWS\system32\SHELL32.dll
0x00007ff9f7960000 - 0x00007ff9f7fa5000 	C:\WINDOWS\system32\windows.storage.dll
0x00007ff9f90c0000 - 0x00007ff9f9112000 	C:\WINDOWS\system32\shlwapi.dll
0x00007ff9f77f0000 - 0x00007ff9f77ff000 	C:\WINDOWS\system32\kernel.appcore.dll
0x00007ff9f83e0000 - 0x00007ff9f8495000 	C:\WINDOWS\system32\shcore.dll
0x00007ff9f7810000 - 0x00007ff9f785b000 	C:\WINDOWS\system32\powrprof.dll
0x00007ff9f77d0000 - 0x00007ff9f77e4000 	C:\WINDOWS\system32\profapi.dll
0x00007ff9e60b0000 - 0x00007ff9e623c000 	C:\WINDOWS\SYSTEM32\dbghelp.dll

VM Arguments:
jvm_args: -Djava.awt.headless=true -Xmx1024M -Dfile.encoding=x-windows-949 -Duser.country=KR -Duser.language=ko -Duser.variant 
java_command: com.android.dx.command.Main --dex --num-threads=4 --output E:\AndroidStudioProjects\CheongwonPay\app\build\intermediates\pre-dexed\debug\com.android.support-support-v4-24.1.1_3d197affe514d1b00e72a93678d35c14b349c7f7.jar E:\AndroidStudioProjects\CheongwonPay\app\build\intermediates\exploded-aar\com.android.support\support-v4\24.1.1\jars\classes.jar
java_class_path (initial): E:\Android\sdk\build-tools\23.0.2\lib\dx.jar
Launcher Type: SUN_STANDARD

Environment Variables:
PATH=C:\ProgramData\Oracle\Java\javapath;C:\Program Files (x86)\Wizvera\Delfino;C:\Program Files (x86)\NVIDIA Corporation\PhysX\Common;C:\WINDOWS\system32;C:\WINDOWS;C:\WINDOWS\System32\Wbem;C:\WINDOWS\System32\WindowsPowerShell\v1.0\;C:\Program Files\WIDCOMM\Bluetooth Software\;C:\Program Files\WIDCOMM\Bluetooth Software\syswow64;;C:\Program Files (x86)\Intel\OpenCL SDK\2.0\bin\x86;C:\Program Files (x86)\Intel\OpenCL SDK\2.0\bin\x64;C:\Program Files\Java\jdk1.8.0_45\bin;C:\Program Files\Java\jre1.8.0_45\bin;E:\Android\sdk\platform-tools;C:\Program Files (x86)\Skype\Phone\;C:\Users\Á¤¼·\AppData\Local\Bandizip\7z
USERNAME=Á¤¼·
OS=Windows_NT
PROCESSOR_IDENTIFIER=Intel64 Family 6 Model 42 Stepping 7, GenuineIntel



---------------  S Y S T E M  ---------------

OS: Windows 10.0 , 64 bit Build 10586 (10.0.10586.0)

CPU:total 4 (2 cores per cpu, 2 threads per core) family 6 model 42 stepping 7, cmov, cx8, fxsr, mmx, sse, sse2, sse3, ssse3, sse4.1, sse4.2, popcnt, avx, aes, clmul, ht, tsc, tscinvbit

Memory: 4k page, physical 4104480k(651592k free), swap 5852492k(5156k free)

vm_info: Java HotSpot(TM) 64-Bit Server VM (25.45-b02) for windows-amd64 JRE (1.8.0_45-b15), built on Apr 30 2015 12:40:44 by "java_re" with MS VC++ 10.0 (VS2010)

time: Wed Sep 21 01:48:39 2016
elapsed time: 10 seconds (0d 0h 0m 10s)

