#
# There is insufficient memory for the Java Runtime Environment to continue.
# Native memory allocation (malloc) failed to allocate 1052496 bytes for Chunk::new
# Possible reasons:
#   The system is out of physical RAM or swap space
#   In 32 bit mode, the process size limit was hit
# Possible solutions:
#   Reduce memory load on the system
#   Increase physical memory or swap space
#   Check if swap backing store is full
#   Use 64 bit Java on a 64 bit OS
#   Decrease Java heap size (-Xmx/-Xms)
#   Decrease number of Java threads
#   Decrease Java thread stack sizes (-Xss)
#   Set larger code cache with -XX:ReservedCodeCacheSize=
# This output file may be truncated or incomplete.
#
#  Out of Memory Error (allocation.cpp:390), pid=2892, tid=5416
#
# JRE version: Java(TM) SE Runtime Environment (8.0_45-b15) (build 1.8.0_45-b15)
# Java VM: Java HotSpot(TM) 64-Bit Server VM (25.45-b02 mixed mode windows-amd64 compressed oops)
# Failed to write core dump. Minidumps are not enabled by default on client versions of Windows
#

---------------  T H R E A D  ---------------

Current thread (0x0000000007823800):  JavaThread "C2 CompilerThread1" daemon [_thread_in_native, id=5416, stack(0x0000000007bd0000,0x0000000007cd0000)]

Stack: [0x0000000007bd0000,0x0000000007cd0000]
Native frames: (J=compiled Java code, j=interpreted, Vv=VM code, C=native code)
V  [jvm.dll+0x32b57a]


Current CompileTask:
C2:   7469 1467   !   4       com.android.dx.cf.code.RopperMachine::run (1550 bytes)


---------------  P R O C E S S  ---------------

Java Threads: ( => current thread )
  0x0000000007a51000 JavaThread "pool-1-thread-4" [_thread_blocked, id=3060, stack(0x00000000083d0000,0x00000000084d0000)]
  0x0000000007a4b800 JavaThread "pool-1-thread-3" [_thread_blocked, id=8468, stack(0x00000000082d0000,0x00000000083d0000)]
  0x0000000007a4b000 JavaThread "pool-1-thread-2" [_thread_blocked, id=12168, stack(0x00000000081d0000,0x00000000082d0000)]
  0x0000000007a43800 JavaThread "pool-2-thread-1" [_thread_blocked, id=6600, stack(0x00000000080d0000,0x00000000081d0000)]
  0x0000000007a41000 JavaThread "pool-1-thread-1" [_thread_blocked, id=7036, stack(0x0000000007fd0000,0x00000000080d0000)]
  0x0000000007832000 JavaThread "Service Thread" daemon [_thread_blocked, id=380, stack(0x0000000007dd0000,0x0000000007ed0000)]
  0x0000000007829800 JavaThread "C1 CompilerThread2" daemon [_thread_blocked, id=2352, stack(0x0000000007cd0000,0x0000000007dd0000)]
=>0x0000000007823800 JavaThread "C2 CompilerThread1" daemon [_thread_in_native, id=5416, stack(0x0000000007bd0000,0x0000000007cd0000)]
  0x00000000061c9000 JavaThread "C2 CompilerThread0" daemon [_thread_in_native, id=7212, stack(0x00000000076d0000,0x00000000077d0000)]
  0x000000000617d000 JavaThread "Attach Listener" daemon [_thread_blocked, id=11864, stack(0x00000000075d0000,0x00000000076d0000)]
  0x000000000617c000 JavaThread "Signal Dispatcher" daemon [_thread_blocked, id=12476, stack(0x00000000074d0000,0x00000000075d0000)]
  0x0000000002a90800 JavaThread "Finalizer" daemon [_thread_blocked, id=13040, stack(0x00000000073d0000,0x00000000074d0000)]
  0x0000000002a8d000 JavaThread "Reference Handler" daemon [_thread_blocked, id=13036, stack(0x00000000072d0000,0x00000000073d0000)]
  0x00000000029a0800 JavaThread "main" [_thread_in_Java, id=12300, stack(0x0000000002460000,0x0000000002560000)]

Other Threads:
  0x0000000006138000 VMThread [stack: 0x00000000071d0000,0x00000000072d0000] [id=12960]
  0x0000000007843000 WatcherThread [stack: 0x0000000007ed0000,0x0000000007fd0000] [id=804]

VM state:not at safepoint (normal execution)

VM Mutex/Monitor currently owned by a thread: None

Heap:
 PSYoungGen      total 35328K, used 19840K [0x00000000eab00000, 0x00000000ed000000, 0x0000000100000000)
  eden space 32768K, 52% used [0x00000000eab00000,0x00000000ebbe5928,0x00000000ecb00000)
  from space 2560K, 99% used [0x00000000ecd80000,0x00000000ecffaac8,0x00000000ed000000)
  to   space 2560K, 0% used [0x00000000ecb00000,0x00000000ecb00000,0x00000000ecd80000)
 ParOldGen       total 44032K, used 3818K [0x00000000c0000000, 0x00000000c2b00000, 0x00000000eab00000)
  object space 44032K, 8% used [0x00000000c0000000,0x00000000c03baa90,0x00000000c2b00000)
 Metaspace       used 6104K, capacity 7024K, committed 7296K, reserved 1056768K
  class space    used 597K, capacity 616K, committed 640K, reserved 1048576K

Card table byte_map: [0x0000000002e60000,0x0000000003070000] byte_map_base: 0x0000000002860000

Marking Bits: (ParMarkBitMap*) 0x0000000071e94040
 Begin Bits: [0x00000000035d0000, 0x00000000045d0000)
 End Bits:   [0x00000000045d0000, 0x00000000055d0000)

Polling page: 0x0000000000be0000

CodeCache: size=245760Kb used=6197Kb max_used=6198Kb free=239562Kb
 bounds [0x000000000f010000, 0x000000000f630000, 0x000000001e010000]
 total_blobs=1723 nmethods=1452 adapters=184
 compilation: enabled

Compilation events (10 events):
Event: 6.613 Thread 0x0000000007823800 nmethod 1462 0x000000000f608090 code [0x000000000f608200, 0x000000000f608688]
Event: 6.613 Thread 0x0000000007823800 1452       4       com.android.dx.rop.code.ThrowingCstInsn::<init> (51 bytes)
Event: 6.617 Thread 0x0000000007823800 nmethod 1452 0x000000000f606690 code [0x000000000f6067e0, 0x000000000f606998]
Event: 6.617 Thread 0x0000000007823800 1437       4       com.android.dx.ssa.LiteralOpUpgrader$1::visitNonMoveInsn (203 bytes)
Event: 7.172 Thread 0x00000000061c9000 nmethod 1440 0x000000000f6184d0 code [0x000000000f618760, 0x000000000f61a8e8]
Event: 7.173 Thread 0x00000000061c9000 1438       4       com.android.dx.ssa.LiteralOpUpgrader::tryReplacingWithConstant (161 bytes)
Event: 7.178 Thread 0x0000000007823800 nmethod 1437 0x000000000f61d190 code [0x000000000f61d620, 0x000000000f61f7f0]
Event: 7.182 Thread 0x0000000007823800 1467   !   4       com.android.dx.cf.code.RopperMachine::run (1550 bytes)
Event: 7.275 Thread 0x00000000061c9000 nmethod 1438 0x000000000f623350 code [0x000000000f623640, 0x000000000f624c20]
Event: 7.276 Thread 0x00000000061c9000 1468       4       com.android.dx.cf.code.ValueAwareMachine::run (1142 bytes)

GC Heap History (4 events):
Event: 3.128 GC heap before
{Heap before GC invocations=1 (full 0):
 PSYoungGen      total 18944K, used 16384K [0x00000000eab00000, 0x00000000ec000000, 0x0000000100000000)
  eden space 16384K, 100% used [0x00000000eab00000,0x00000000ebb00000,0x00000000ebb00000)
  from space 2560K, 0% used [0x00000000ebd80000,0x00000000ebd80000,0x00000000ec000000)
  to   space 2560K, 0% used [0x00000000ebb00000,0x00000000ebb00000,0x00000000ebd80000)
 ParOldGen       total 44032K, used 0K [0x00000000c0000000, 0x00000000c2b00000, 0x00000000eab00000)
  object space 44032K, 0% used [0x00000000c0000000,0x00000000c0000000,0x00000000c2b00000)
 Metaspace       used 5709K, capacity 6704K, committed 6784K, reserved 1056768K
  class space    used 588K, capacity 616K, committed 640K, reserved 1048576K
Event: 3.180 GC heap after
Heap after GC invocations=1 (full 0):
 PSYoungGen      total 18944K, used 2544K [0x00000000eab00000, 0x00000000ed000000, 0x0000000100000000)
  eden space 16384K, 0% used [0x00000000eab00000,0x00000000eab00000,0x00000000ebb00000)
  from space 2560K, 99% used [0x00000000ebb00000,0x00000000ebd7c298,0x00000000ebd80000)
  to   space 2560K, 0% used [0x00000000ecd80000,0x00000000ecd80000,0x00000000ed000000)
 ParOldGen       total 44032K, used 1553K [0x00000000c0000000, 0x00000000c2b00000, 0x00000000eab00000)
  object space 44032K, 3% used [0x00000000c0000000,0x00000000c01847c8,0x00000000c2b00000)
 Metaspace       used 5709K, capacity 6704K, committed 6784K, reserved 1056768K
  class space    used 588K, capacity 616K, committed 640K, reserved 1048576K
}
Event: 5.352 GC heap before
{Heap before GC invocations=2 (full 0):
 PSYoungGen      total 18944K, used 18928K [0x00000000eab00000, 0x00000000ed000000, 0x0000000100000000)
  eden space 16384K, 100% used [0x00000000eab00000,0x00000000ebb00000,0x00000000ebb00000)
  from space 2560K, 99% used [0x00000000ebb00000,0x00000000ebd7c298,0x00000000ebd80000)
  to   space 2560K, 0% used [0x00000000ecd80000,0x00000000ecd80000,0x00000000ed000000)
 ParOldGen       total 44032K, used 1553K [0x00000000c0000000, 0x00000000c2b00000, 0x00000000eab00000)
  object space 44032K, 3% used [0x00000000c0000000,0x00000000c01847c8,0x00000000c2b00000)
 Metaspace       used 6036K, capacity 6960K, committed 7040K, reserved 1056768K
  class space    used 595K, capacity 616K, committed 640K, reserved 1048576K
Event: 5.737 GC heap after
Heap after GC invocations=2 (full 0):
 PSYoungGen      total 35328K, used 2538K [0x00000000eab00000, 0x00000000ed000000, 0x0000000100000000)
  eden space 32768K, 0% used [0x00000000eab00000,0x00000000eab00000,0x00000000ecb00000)
  from space 2560K, 99% used [0x00000000ecd80000,0x00000000ecffaac8,0x00000000ed000000)
  to   space 2560K, 0% used [0x00000000ecb00000,0x00000000ecb00000,0x00000000ecd80000)
 ParOldGen       total 44032K, used 3818K [0x00000000c0000000, 0x00000000c2b00000, 0x00000000eab00000)
  object space 44032K, 8% used [0x00000000c0000000,0x00000000c03baa90,0x00000000c2b00000)
 Metaspace       used 6036K, capacity 6960K, committed 7040K, reserved 1056768K
  class space    used 595K, capacity 616K, committed 640K, reserved 1048576K
}

Deoptimization events (10 events):
Event: 4.435 Thread 0x0000000007a41000 Uncommon trap: reason=unstable_if action=reinterpret pc=0x000000000f25f3b8 method=java.util.HashMap.getNode(ILjava/lang/Object;)Ljava/util/HashMap$Node; @ 62
Event: 4.454 Thread 0x0000000007a41000 Uncommon trap: reason=unstable_if action=reinterpret pc=0x000000000f395af4 method=com.android.dx.rop.code.RegisterSpec.equals(ILcom/android/dx/rop/type/TypeBearer;Lcom/android/dx/rop/code/LocalItem;)Z @ 16
Event: 4.524 Thread 0x0000000007a41000 Uncommon trap: reason=null_check action=make_not_entrant pc=0x000000000f4b43a0 method=com.android.dx.rop.type.Type.equals(Ljava/lang/Object;)Z @ 8
Event: 6.006 Thread 0x00000000029a0800 Uncommon trap: reason=unstable_if action=reinterpret pc=0x000000000f3ccddc method=com.android.dx.rop.cst.Constant.compareTo(Lcom/android/dx/rop/cst/Constant;)I @ 12
Event: 6.538 Thread 0x0000000007a4b000 Uncommon trap: reason=bimorphic action=maybe_recompile pc=0x000000000f5558e0 method=com.android.dx.cf.code.BytecodeArray.parseInstruction(ILcom/android/dx/cf/code/BytecodeArray$Visitor;)I @ 1130
Event: 6.538 Thread 0x0000000007a4b000 Uncommon trap: reason=bimorphic action=maybe_recompile pc=0x000000000f5558e0 method=com.android.dx.cf.code.BytecodeArray.parseInstruction(ILcom/android/dx/cf/code/BytecodeArray$Visitor;)I @ 1130
Event: 6.538 Thread 0x0000000007a4b000 Uncommon trap: reason=bimorphic action=maybe_recompile pc=0x000000000f5558e0 method=com.android.dx.cf.code.BytecodeArray.parseInstruction(ILcom/android/dx/cf/code/BytecodeArray$Visitor;)I @ 1130
Event: 6.540 Thread 0x0000000007a4b000 Uncommon trap: reason=bimorphic action=maybe_recompile pc=0x000000000f5558e0 method=com.android.dx.cf.code.BytecodeArray.parseInstruction(ILcom/android/dx/cf/code/BytecodeArray$Visitor;)I @ 1130
Event: 6.573 Thread 0x00000000029a0800 Uncommon trap: reason=unstable_if action=reinterpret pc=0x000000000f448c38 method=com.android.dx.cf.code.Ropper.labelToResultIndex(I)I @ 34
Event: 6.581 Thread 0x00000000029a0800 Uncommon trap: reason=unstable_if action=reinterpret pc=0x000000000f56f15c method=com.android.dx.util.LabeledList.set(ILcom/android/dx/util/LabeledItem;)V @ 16

Internal exceptions (3 events):
Event: 0.085 Thread 0x00000000029a0800 Exception <a 'java/lang/NoSuchMethodError': Method sun.misc.Unsafe.defineClass(Ljava/lang/String;[BII)Ljava/lang/Class; name or signature does not match> (0x00000000eab12f00) thrown at [C:\re\workspace\8-2-build-windows-amd64-cygwin\jdk8u45\3627\hotspot\srq–Fè∫ªµ?
Event: 0.085 Thread 0x00000000029a0800 Exception <a 'java/lang/NoSuchMethodError': Method sun.misc.Unsafe.prefetchRead(Ljava/lang/Object;J)V name or signature does not match> (0x00000000eab13190) thrown at [C:\re\workspace\8-2-build-windows-amd64-cygwin\jdk8u45\3627\hotspot\src\share\vm\prims\j#`4<É@
Event: 4.524 Thread 0x0000000007a41000 Implicit null exception at 0x000000000f4b42a2 to 0x000000000f4b4392

Events (10 events):
Event: 6.573 loading class java/util/HashMap$Values
Event: 6.573 loading class java/util/HashMap$Values done
Event: 6.573 loading class java/util/HashMap$ValueIterator
Event: 6.573 loading class java/util/HashMap$ValueIterator done
Event: 6.573 Thread 0x00000000029a0800 Uncommon trap: trap_request=0xffffff65 fr.pc=0x000000000f448c38
Event: 6.573 Thread 0x00000000029a0800 DEOPT PACKING pc=0x000000000f448c38 sp=0x000000000255e450
Event: 6.574 Thread 0x00000000029a0800 DEOPT UNPACKING pc=0x000000000f05582a sp=0x000000000255e3f8 mode 2
Event: 6.581 Thread 0x00000000029a0800 Uncommon trap: trap_request=0xffffff65 fr.pc=0x000000000f56f15c
Event: 6.581 Thread 0x00000000029a0800 DEOPT PACKING pc=0x000000000f56f15c sp=0x000000000255e2f0
Event: 6.581 Thread 0x00000000029a0800 DEOPT UNPACKING pc=0x000000000f05582a sp=0x000000000255e2d8 mode 2


Dynamic libraries:
0x00007ff7003c0000 - 0x00007ff7003f7000 	C:\Program Files\Java\jdk1.8.0_45\bin\java.exe
0x00007ff9fb1b0000 - 0x00007ff9fb371000 	C:\WINDOWS\SYSTEM32\ntdll.dll
0x00007ff9facc0000 - 0x00007ff9fad6d000 	C:\WINDOWS\system32\KERNEL32.DLL
0x00007ff9f8020000 - 0x00007ff9f8208000 	C:\WINDOWS\system32\KERNELBASE.dll
0x00007ff9f9120000 - 0x00007ff9f91c7000 	C:\WINDOWS\system32\ADVAPI32.dll
0x00007ff9fa9f0000 - 0x00007ff9faa8d000 	C:\WINDOWS\system32\msvcrt.dll
0x00007ff9f8a20000 - 0x00007ff9f8a7b000 	C:\WINDOWS\system32\sechost.dll
0x00007ff9faba0000 - 0x00007ff9facbc000 	C:\WINDOWS\system32\RPCRT4.dll
0x00007ff9f8c10000 - 0x00007ff9f8d66000 	C:\WINDOWS\system32\USER32.dll
0x00007ff9f8a80000 - 0x00007ff9f8c06000 	C:\WINDOWS\system32\GDI32.dll
0x00007ff9f37a0000 - 0x00007ff9f3a14000 	C:\WINDOWS\WinSxS\amd64_microsoft.windows.common-controls_6595b64144ccf1df_6.0.10586.494_none_a2d8b04ea53e3145\COMCTL32.dll
0x00007ff9f8620000 - 0x00007ff9f889d000 	C:\WINDOWS\system32\combase.dll
0x00007ff9f78f0000 - 0x00007ff9f795a000 	C:\WINDOWS\system32\bcryptPrimitives.dll
0x00007ff9f8eb0000 - 0x00007ff9f8eeb000 	C:\WINDOWS\system32\IMM32.DLL
0x00007ff9f76c0000 - 0x00007ff9f76f1000 	C:\Windows\system32\nvinitx.dll
0x00007ff9f76b0000 - 0x00007ff9f76ba000 	C:\WINDOWS\SYSTEM32\VERSION.dll
0x000000000f000000 - 0x000000000f006000 	C:\Program Files\NVIDIA Corporation\CoProcManager\_etoured.dll
0x00007ff9f4420000 - 0x00007ff9f4452000 	C:\Program Files\NVIDIA Corporation\CoProcManager\nvd3d9wrapx.dll
0x00007ff9fad70000 - 0x00007ff9fb199000 	C:\WINDOWS\system32\SETUPAPI.dll
0x00007ff9f7fb0000 - 0x00007ff9f7ff3000 	C:\WINDOWS\system32\CFGMGR32.dll
0x00007ff9f3d80000 - 0x00007ff9f3da2000 	C:\Program Files\NVIDIA Corporation\CoProcManager\nvdxgiwrapx.dll
0x0000000071240000 - 0x0000000071312000 	C:\Program Files\Java\jdk1.8.0_45\jre\bin\msvcr100.dll
0x0000000071690000 - 0x0000000071f13000 	C:\Program Files\Java\jdk1.8.0_45\jre\bin\server\jvm.dll
0x00007ff9f85b0000 - 0x00007ff9f85b8000 	C:\WINDOWS\system32\PSAPI.DLL
0x00007ff9ea450000 - 0x00007ff9ea459000 	C:\WINDOWS\SYSTEM32\WSOCK32.dll
0x00007ff9f5e80000 - 0x00007ff9f5ea3000 	C:\WINDOWS\SYSTEM32\WINMM.dll
0x00007ff9f8d70000 - 0x00007ff9f8ddb000 	C:\WINDOWS\system32\WS2_32.dll
0x0000000000b90000 - 0x0000000000bbc000 	C:\WINDOWS\SYSTEM32\WINMMBASE.dll
0x0000000071680000 - 0x000000007168f000 	C:\Program Files\Java\jdk1.8.0_45\jre\bin\verify.dll
0x0000000071650000 - 0x0000000071679000 	C:\Program Files\Java\jdk1.8.0_45\jre\bin\java.dll
0x0000000071630000 - 0x0000000071646000 	C:\Program Files\Java\jdk1.8.0_45\jre\bin\zip.dll
0x00007ff9f92e0000 - 0x00007ff9fa83c000 	C:\WINDOWS\system32\SHELL32.dll
0x00007ff9f7960000 - 0x00007ff9f7fa5000 	C:\WINDOWS\system32\windows.storage.dll
0x00007ff9f90c0000 - 0x00007ff9f9112000 	C:\WINDOWS\system32\shlwapi.dll
0x00007ff9f77f0000 - 0x00007ff9f77ff000 	C:\WINDOWS\system32\kernel.appcore.dll
0x00007ff9f83e0000 - 0x00007ff9f8495000 	C:\WINDOWS\system32\shcore.dll
0x00007ff9f7810000 - 0x00007ff9f785b000 	C:\WINDOWS\system32\powrprof.dll
0x00007ff9f77d0000 - 0x00007ff9f77e4000 	C:\WINDOWS\system32\profapi.dll

VM Arguments:
jvm_args: -Djava.awt.headless=true -Xmx1024M -Dfile.encoding=x-windows-949 -Duser.country=KR -Duser.language=ko -Duser.variant 
java_command: com.android.dx.command.Main --dex --num-threads=4 --output E:\AndroidStudioProjects\CheongwonPay\app\build\intermediates\pre-dexed\debug\com.android.support-design-24.1.1_6ceb22d17974f36b875b5a94114d5f2c2ed12311.jar E:\AndroidStudioProjects\CheongwonPay\app\build\intermediates\exploded-aar\com.android.support\design\24.1.1\jars\classes.jar
java_class_path (initial): E:\Android\sdk\build-tools\23.0.3\lib\dx.jar
Launcher Type: SUN_STANDARD

Environment Variables:
PATH=C:\ProgramData\Oracle\Java\javapath;C:\Program Files (x86)\Wizvera\Delfino;C:\Program Files (x86)\NVIDIA Corporation\PhysX\Common;C:\WINDOWS\system32;C:\WINDOWS;C:\WINDOWS\System32\Wbem;C:\WINDOWS\System32\WindowsPowerShell\v1.0\;C:\Program Files\WIDCOMM\Bluetooth Software\;C:\Program Files\WIDCOMM\Bluetooth Software\syswow64;;C:\Program Files (x86)\Intel\OpenCL SDK\2.0\bin\x86;C:\Program Files (x86)\Intel\OpenCL SDK\2.0\bin\x64;C:\Program Files\Java\jdk1.8.0_45\bin;C:\Program Files\Java\jre1.8.0_45\bin;E:\Android\sdk\platform-tools;C:\Program Files (x86)\Skype\Phone\;C:\Users\¡§º∑\AppData\Local\Bandizip\7z
USERNAME=¡§º∑
OS=Windows_NT
PROCESSOR_IDENTIFIER=Intel64 Family 6 Model 42 Stepping 7, GenuineIntel



---------------  S Y S T E M  ---------------

OS: Windows 10.0 , 64 bit Build 10586 (10.0.10586.0)

CPU:total 4 (2 cores per cpu, 2 threads per core) family 6 model 42 stepping 7, cmov, cx8, fxsr, mmx, sse, sse2, sse3, ssse3, sse4.1, sse4.2, popcnt, avx, aes, clmul, ht, tsc, tscinvbit

Memory: 4k page, physical 4104480k(422648k free), swap 6427392k(4216k free)

vm_info: Java HotSpot(TM) 64-Bit Server VM (25.45-b02) for windows-amd64 JRE (1.8.0_45-b15), built on Apr 30 2015 12:40:44 by "java_re" with MS VC++ 10.0 (VS2010)

time: Sun Sep 18 00:02:57 2016
elapsed time: 7 seconds (0d 0h 0m 7s)

