#
# There is insufficient memory for the Java Runtime Environment to continue.
# Native memory allocation (malloc) failed to allocate 494736 bytes for Chunk::new
# Possible reasons:
#   The system is out of physical RAM or swap space
#   In 32 bit mode, the process size limit was hit
# Possible solutions:
#   Reduce memory load on the system
#   Increase physical memory or swap space
#   Check if swap backing store is full
#   Use 64 bit Java on a 64 bit OS
#   Decrease Java heap size (-Xmx/-Xms)
#   Decrease number of Java threads
#   Decrease Java thread stack sizes (-Xss)
#   Set larger code cache with -XX:ReservedCodeCacheSize=
# This output file may be truncated or incomplete.
#
#  Out of Memory Error (allocation.cpp:390), pid=10124, tid=11556
#
# JRE version: Java(TM) SE Runtime Environment (8.0_45-b15) (build 1.8.0_45-b15)
# Java VM: Java HotSpot(TM) 64-Bit Server VM (25.45-b02 mixed mode windows-amd64 compressed oops)
# Failed to write core dump. Minidumps are not enabled by default on client versions of Windows
#

---------------  T H R E A D  ---------------

Current thread (0x00000000067da000):  JavaThread "C2 CompilerThread0" daemon [_thread_in_native, id=11556, stack(0x0000000007ce0000,0x0000000007de0000)]

Stack: [0x0000000007ce0000,0x0000000007de0000]
Native frames: (J=compiled Java code, j=interpreted, Vv=VM code, C=native code)
V  [jvm.dll+0x32b57a]
V  [jvm.dll+0x279873]
V  [jvm.dll+0x27a509]
V  [jvm.dll+0x271825]
V  [jvm.dll+0xcb9e2]
V  [jvm.dll+0xcbeac]
V  [jvm.dll+0x476ef2]
V  [jvm.dll+0x4b955f]
V  [jvm.dll+0x46bf81]
V  [jvm.dll+0x46ccbe]
V  [jvm.dll+0x4500f2]
V  [jvm.dll+0xa4352]
V  [jvm.dll+0xa4c8f]
V  [jvm.dll+0x241984]
V  [jvm.dll+0x29853a]
C  [msvcr100.dll+0x21d9f]
C  [msvcr100.dll+0x21e3b]
C  [KERNEL32.DLL+0x18102]
C  [ntdll.dll+0x5c5b4]


Current CompileTask:
C2:  18497 1953       4       com.android.dx.rop.type.Prototype::withFirstParameter (68 bytes)


---------------  P R O C E S S  ---------------

Java Threads: ( => current thread )
  0x00000000080be000 JavaThread "pool-2-thread-4" [_thread_blocked, id=2536, stack(0x00000000091e0000,0x00000000092e0000)]
  0x00000000080bd800 JavaThread "pool-2-thread-3" [_thread_blocked, id=8908, stack(0x00000000090e0000,0x00000000091e0000)]
  0x00000000080b9800 JavaThread "pool-2-thread-2" [_thread_blocked, id=5208, stack(0x0000000008fe0000,0x00000000090e0000)]
  0x0000000008122800 JavaThread "pool-3-thread-1" [_thread_blocked, id=10736, stack(0x0000000008ee0000,0x0000000008fe0000)]
  0x0000000008120000 JavaThread "pool-2-thread-1" [_thread_blocked, id=12272, stack(0x0000000008de0000,0x0000000008ee0000)]
  0x0000000007e42800 JavaThread "Service Thread" daemon [_thread_blocked, id=4160, stack(0x00000000083e0000,0x00000000084e0000)]
  0x0000000007e37000 JavaThread "C1 CompilerThread2" daemon [_thread_blocked, id=8760, stack(0x00000000082e0000,0x00000000083e0000)]
  0x00000000067dd000 JavaThread "C2 CompilerThread1" daemon [_thread_in_native, id=5240, stack(0x00000000081e0000,0x00000000082e0000)]
=>0x00000000067da000 JavaThread "C2 CompilerThread0" daemon [_thread_in_native, id=11556, stack(0x0000000007ce0000,0x0000000007de0000)]
  0x000000000678e000 JavaThread "Attach Listener" daemon [_thread_blocked, id=1248, stack(0x0000000007be0000,0x0000000007ce0000)]
  0x000000000678d000 JavaThread "Signal Dispatcher" daemon [_thread_blocked, id=11460, stack(0x0000000007ae0000,0x0000000007be0000)]
  0x00000000030a1800 JavaThread "Finalizer" daemon [_thread_blocked, id=10972, stack(0x00000000079e0000,0x0000000007ae0000)]
  0x000000000309e000 JavaThread "Reference Handler" daemon [_thread_blocked, id=9424, stack(0x00000000078e0000,0x00000000079e0000)]
  0x0000000002fb0800 JavaThread "main" [_thread_blocked, id=11456, stack(0x0000000002e00000,0x0000000002f00000)]

Other Threads:
  0x0000000006748000 VMThread [stack: 0x00000000077e0000,0x00000000078e0000] [id=8332]
  0x0000000007e4c000 WatcherThread [stack: 0x00000000084e0000,0x00000000085e0000] [id=1808]

VM state:not at safepoint (normal execution)

VM Mutex/Monitor currently owned by a thread: None

Heap:
 PSYoungGen      total 68096K, used 14443K [0x00000000eab00000, 0x00000000f4600000, 0x0000000100000000)
  eden space 65536K, 18% used [0x00000000eab00000,0x00000000eb6a2418,0x00000000eeb00000)
  from space 2560K, 98% used [0x00000000eeb00000,0x00000000eed78a20,0x00000000eed80000)
  to   space 13824K, 0% used [0x00000000f3880000,0x00000000f3880000,0x00000000f4600000)
 ParOldGen       total 44032K, used 23870K [0x00000000c0000000, 0x00000000c2b00000, 0x00000000eab00000)
  object space 44032K, 54% used [0x00000000c0000000,0x00000000c174f818,0x00000000c2b00000)
 Metaspace       used 6303K, capacity 7152K, committed 7296K, reserved 1056768K
  class space    used 598K, capacity 616K, committed 640K, reserved 1048576K

Card table byte_map: [0x0000000003470000,0x0000000003680000] byte_map_base: 0x0000000002e70000

Marking Bits: (ParMarkBitMap*) 0x0000000074f04040
 Begin Bits: [0x0000000003be0000, 0x0000000004be0000)
 End Bits:   [0x0000000004be0000, 0x0000000005be0000)

Polling page: 0x0000000000bf0000

CodeCache: size=245760Kb used=9225Kb max_used=9247Kb free=236534Kb
 bounds [0x000000000f010000, 0x000000000f930000, 0x000000001e010000]
 total_blobs=2189 nmethods=1917 adapters=184
 compilation: enabled

Compilation events (10 events):
Event: 18.303 Thread 0x00000000067da000 nmethod 1973 0x000000000f906850 code [0x000000000f9069e0, 0x000000000f906f08]
Event: 18.303 Thread 0x00000000067da000 1966       4       java.util.TreeMap$PrivateEntryIterator::hasNext (13 bytes)
Event: 18.304 Thread 0x00000000067da000 nmethod 1966 0x000000000f5d9150 code [0x000000000f5d9280, 0x000000000f5d92f8]
Event: 18.304 Thread 0x00000000067da000 1963       4       com.android.dx.cf.code.Frame::<init> (52 bytes)
Event: 18.305 Thread 0x00000000067da000 nmethod 1963 0x000000000f8fc010 code [0x000000000f8fc160, 0x000000000f8fc258]
Event: 18.305 Thread 0x00000000067da000 1964       4       com.android.dx.cf.code.ExecutionStack::<init> (34 bytes)
Event: 18.308 Thread 0x00000000067da000 nmethod 1964 0x000000000f904f10 code [0x000000000f905060, 0x000000000f905278]
Event: 18.308 Thread 0x00000000067da000 1960       4       com.android.dx.cf.code.Ropper::mergeAndWorkAsNecessary (102 bytes)
Event: 18.394 Thread 0x00000000067da000 nmethod 1960 0x000000000f91afd0 code [0x000000000f91b300, 0x000000000f91dbb8]
Event: 18.394 Thread 0x00000000067da000 1953       4       com.android.dx.rop.type.Prototype::withFirstParameter (68 bytes)

GC Heap History (10 events):
Event: 2.947 GC heap before
{Heap before GC invocations=1 (full 0):
 PSYoungGen      total 18944K, used 16384K [0x00000000eab00000, 0x00000000ec000000, 0x0000000100000000)
  eden space 16384K, 100% used [0x00000000eab00000,0x00000000ebb00000,0x00000000ebb00000)
  from space 2560K, 0% used [0x00000000ebd80000,0x00000000ebd80000,0x00000000ec000000)
  to   space 2560K, 0% used [0x00000000ebb00000,0x00000000ebb00000,0x00000000ebd80000)
 ParOldGen       total 44032K, used 0K [0x00000000c0000000, 0x00000000c2b00000, 0x00000000eab00000)
  object space 44032K, 0% used [0x00000000c0000000,0x00000000c0000000,0x00000000c2b00000)
 Metaspace       used 5481K, capacity 6448K, committed 6528K, reserved 1056768K
  class space    used 590K, capacity 616K, committed 640K, reserved 1048576K
Event: 3.155 GC heap after
Heap after GC invocations=1 (full 0):
 PSYoungGen      total 18944K, used 2542K [0x00000000eab00000, 0x00000000ed000000, 0x0000000100000000)
  eden space 16384K, 0% used [0x00000000eab00000,0x00000000eab00000,0x00000000ebb00000)
  from space 2560K, 99% used [0x00000000ebb00000,0x00000000ebd7b8b8,0x00000000ebd80000)
  to   space 2560K, 0% used [0x00000000ecd80000,0x00000000ecd80000,0x00000000ed000000)
 ParOldGen       total 44032K, used 1068K [0x00000000c0000000, 0x00000000c2b00000, 0x00000000eab00000)
  object space 44032K, 2% used [0x00000000c0000000,0x00000000c010b0f8,0x00000000c2b00000)
 Metaspace       used 5481K, capacity 6448K, committed 6528K, reserved 1056768K
  class space    used 590K, capacity 616K, committed 640K, reserved 1048576K
}
Event: 4.370 GC heap before
{Heap before GC invocations=2 (full 0):
 PSYoungGen      total 18944K, used 18926K [0x00000000eab00000, 0x00000000ed000000, 0x0000000100000000)
  eden space 16384K, 100% used [0x00000000eab00000,0x00000000ebb00000,0x00000000ebb00000)
  from space 2560K, 99% used [0x00000000ebb00000,0x00000000ebd7b8b8,0x00000000ebd80000)
  to   space 2560K, 0% used [0x00000000ecd80000,0x00000000ecd80000,0x00000000ed000000)
 ParOldGen       total 44032K, used 1068K [0x00000000c0000000, 0x00000000c2b00000, 0x00000000eab00000)
  object space 44032K, 2% used [0x00000000c0000000,0x00000000c010b0f8,0x00000000c2b00000)
 Metaspace       used 6011K, capacity 6896K, committed 7040K, reserved 1056768K
  class space    used 596K, capacity 616K, committed 640K, reserved 1048576K
Event: 4.428 GC heap after
Heap after GC invocations=2 (full 0):
 PSYoungGen      total 35328K, used 2528K [0x00000000eab00000, 0x00000000ed000000, 0x0000000100000000)
  eden space 32768K, 0% used [0x00000000eab00000,0x00000000eab00000,0x00000000ecb00000)
  from space 2560K, 98% used [0x00000000ecd80000,0x00000000ecff8288,0x00000000ed000000)
  to   space 2560K, 0% used [0x00000000ecb00000,0x00000000ecb00000,0x00000000ecd80000)
 ParOldGen       total 44032K, used 3193K [0x00000000c0000000, 0x00000000c2b00000, 0x00000000eab00000)
  object space 44032K, 7% used [0x00000000c0000000,0x00000000c031e618,0x00000000c2b00000)
 Metaspace       used 6011K, capacity 6896K, committed 7040K, reserved 1056768K
  class space    used 596K, capacity 616K, committed 640K, reserved 1048576K
}
Event: 8.550 GC heap before
{Heap before GC invocations=3 (full 0):
 PSYoungGen      total 35328K, used 35296K [0x00000000eab00000, 0x00000000ed000000, 0x0000000100000000)
  eden space 32768K, 100% used [0x00000000eab00000,0x00000000ecb00000,0x00000000ecb00000)
  from space 2560K, 98% used [0x00000000ecd80000,0x00000000ecff8288,0x00000000ed000000)
  to   space 2560K, 0% used [0x00000000ecb00000,0x00000000ecb00000,0x00000000ecd80000)
 ParOldGen       total 44032K, used 3193K [0x00000000c0000000, 0x00000000c2b00000, 0x00000000eab00000)
  object space 44032K, 7% used [0x00000000c0000000,0x00000000c031e618,0x00000000c2b00000)
 Metaspace       used 6211K, capacity 7088K, committed 7296K, reserved 1056768K
  class space    used 597K, capacity 616K, committed 640K, reserved 1048576K
Event: 8.582 GC heap after
Heap after GC invocations=3 (full 0):
 PSYoungGen      total 35328K, used 2545K [0x00000000eab00000, 0x00000000ef000000, 0x0000000100000000)
  eden space 32768K, 0% used [0x00000000eab00000,0x00000000eab00000,0x00000000ecb00000)
  from space 2560K, 99% used [0x00000000ecb00000,0x00000000ecd7c470,0x00000000ecd80000)
  to   space 2560K, 0% used [0x00000000eed80000,0x00000000eed80000,0x00000000ef000000)
 ParOldGen       total 44032K, used 7988K [0x00000000c0000000, 0x00000000c2b00000, 0x00000000eab00000)
  object space 44032K, 18% used [0x00000000c0000000,0x00000000c07cd1c0,0x00000000c2b00000)
 Metaspace       used 6211K, capacity 7088K, committed 7296K, reserved 1056768K
  class space    used 597K, capacity 616K, committed 640K, reserved 1048576K
}
Event: 11.844 GC heap before
{Heap before GC invocations=4 (full 0):
 PSYoungGen      total 35328K, used 35313K [0x00000000eab00000, 0x00000000ef000000, 0x0000000100000000)
  eden space 32768K, 100% used [0x00000000eab00000,0x00000000ecb00000,0x00000000ecb00000)
  from space 2560K, 99% used [0x00000000ecb00000,0x00000000ecd7c470,0x00000000ecd80000)
  to   space 2560K, 0% used [0x00000000eed80000,0x00000000eed80000,0x00000000ef000000)
 ParOldGen       total 44032K, used 7988K [0x00000000c0000000, 0x00000000c2b00000, 0x00000000eab00000)
  object space 44032K, 18% used [0x00000000c0000000,0x00000000c07cd1c0,0x00000000c2b00000)
 Metaspace       used 6248K, capacity 7088K, committed 7296K, reserved 1056768K
  class space    used 597K, capacity 616K, committed 640K, reserved 1048576K
Event: 12.051 GC heap after
Heap after GC invocations=4 (full 0):
 PSYoungGen      total 68096K, used 2529K [0x00000000eab00000, 0x00000000ef000000, 0x0000000100000000)
  eden space 65536K, 0% used [0x00000000eab00000,0x00000000eab00000,0x00000000eeb00000)
  from space 2560K, 98% used [0x00000000eed80000,0x00000000eeff8790,0x00000000ef000000)
  to   space 2560K, 0% used [0x00000000eeb00000,0x00000000eeb00000,0x00000000eed80000)
 ParOldGen       total 44032K, used 13060K [0x00000000c0000000, 0x00000000c2b00000, 0x00000000eab00000)
  object space 44032K, 29% used [0x00000000c0000000,0x00000000c0cc1088,0x00000000c2b00000)
 Metaspace       used 6248K, capacity 7088K, committed 7296K, reserved 1056768K
  class space    used 597K, capacity 616K, committed 640K, reserved 1048576K
}
Event: 17.520 GC heap before
{Heap before GC invocations=5 (full 0):
 PSYoungGen      total 68096K, used 68065K [0x00000000eab00000, 0x00000000ef000000, 0x0000000100000000)
  eden space 65536K, 100% used [0x00000000eab00000,0x00000000eeb00000,0x00000000eeb00000)
  from space 2560K, 98% used [0x00000000eed80000,0x00000000eeff8790,0x00000000ef000000)
  to   space 2560K, 0% used [0x00000000eeb00000,0x00000000eeb00000,0x00000000eed80000)
 ParOldGen       total 44032K, used 13060K [0x00000000c0000000, 0x00000000c2b00000, 0x00000000eab00000)
  object space 44032K, 29% used [0x00000000c0000000,0x00000000c0cc1088,0x00000000c2b00000)
 Metaspace       used 6302K, capacity 7152K, committed 7296K, reserved 1056768K
  class space    used 598K, capacity 616K, committed 640K, reserved 1048576K
Event: 18.016 GC heap after
Heap after GC invocations=5 (full 0):
 PSYoungGen      total 68096K, used 2530K [0x00000000eab00000, 0x00000000f4600000, 0x0000000100000000)
  eden space 65536K, 0% used [0x00000000eab00000,0x00000000eab00000,0x00000000eeb00000)
  from space 2560K, 98% used [0x00000000eeb00000,0x00000000eed78a20,0x00000000eed80000)
  to   space 13824K, 0% used [0x00000000f3880000,0x00000000f3880000,0x00000000f4600000)
 ParOldGen       total 44032K, used 23870K [0x00000000c0000000, 0x00000000c2b00000, 0x00000000eab00000)
  object space 44032K, 54% used [0x00000000c0000000,0x00000000c174f818,0x00000000c2b00000)
 Metaspace       used 6302K, capacity 7152K, committed 7296K, reserved 1056768K
  class space    used 598K, capacity 616K, committed 640K, reserved 1048576K
}

Deoptimization events (10 events):
Event: 12.753 Thread 0x00000000080bd800 Uncommon trap: reason=unstable_if action=reinterpret pc=0x000000000f6627f8 method=com.android.dx.ssa.SsaMethod.blockIndexToRopLabel(I)I @ 1
Event: 13.864 Thread 0x0000000008120000 Uncommon trap: reason=unstable_if action=reinterpret pc=0x000000000f615be0 method=com.android.dx.ssa.LiteralOpUpgrader$1.visitNonMoveInsn(Lcom/android/dx/ssa/NormalSsaInsn;)V @ 55
Event: 13.903 Thread 0x0000000008120000 Uncommon trap: reason=unstable_if action=reinterpret pc=0x000000000f41f0dc method=com.android.dx.ssa.SsaMethod.updateOneDefinition(Lcom/android/dx/ssa/SsaInsn;Lcom/android/dx/rop/code/RegisterSpec;)V @ 4
Event: 16.890 Thread 0x00000000080b9800 Uncommon trap: reason=bimorphic action=maybe_recompile pc=0x000000000f863350 method=com.android.dx.cf.code.BytecodeArray.parseInstruction(ILcom/android/dx/cf/code/BytecodeArray$Visitor;)I @ 1130
Event: 16.890 Thread 0x00000000080b9800 Uncommon trap: reason=bimorphic action=maybe_recompile pc=0x000000000f862ef0 method=com.android.dx.cf.code.BytecodeArray.parseInstruction(ILcom/android/dx/cf/code/BytecodeArray$Visitor;)I @ 971
Event: 16.890 Thread 0x00000000080b9800 Uncommon trap: reason=bimorphic action=maybe_recompile pc=0x000000000f862f7c method=com.android.dx.cf.code.BytecodeArray.parseInstruction(ILcom/android/dx/cf/code/BytecodeArray$Visitor;)I @ 987
Event: 16.890 Thread 0x00000000080b9800 Uncommon trap: reason=bimorphic action=maybe_recompile pc=0x000000000f862e64 method=com.android.dx.cf.code.BytecodeArray.parseInstruction(ILcom/android/dx/cf/code/BytecodeArray$Visitor;)I @ 955
Event: 16.890 Thread 0x00000000080b9800 Uncommon trap: reason=bimorphic action=maybe_recompile pc=0x000000000f862e64 method=com.android.dx.cf.code.BytecodeArray.parseInstruction(ILcom/android/dx/cf/code/BytecodeArray$Visitor;)I @ 955
Event: 18.050 Thread 0x0000000002fb0800 Uncommon trap: reason=unstable_if action=reinterpret pc=0x000000000f846f8c method=com.android.dx.ssa.SCCP.simulateStmt(Lcom/android/dx/ssa/SsaInsn;)V @ 59
Event: 18.067 Thread 0x00000000080b9800 Uncommon trap: reason=unstable_if action=reinterpret pc=0x000000000f879dc8 method=com.android.dx.ssa.back.FirstFitLocalCombiningAllocator.findNextUnreservedRopReg(IILcom/android/dx/ssa/back/FirstFitLocalCombiningAllocator$Alignment;)I @ 32

Internal exceptions (3 events):
Event: 0.251 Thread 0x0000000002fb0800 Exception <a 'java/lang/NoSuchMethodError': Method sun.misc.Unsafe.defineClass(Ljava/lang/String;[BII)Ljava/lang/Class; name or signature does not match> (0x00000000eab12f00) thrown at [C:\re\workspace\8-2-build-windows-amd64-cygwin\jdk8u45\3627\hotspot\sr®
Event: 0.251 Thread 0x0000000002fb0800 Exception <a 'java/lang/NoSuchMethodError': Method sun.misc.Unsafe.prefetchRead(Ljava/lang/Object;J)V name or signature does not match> (0x00000000eab13190) thrown at [C:\re\workspace\8-2-build-windows-amd64-cygwin\jdk8u45\3627\hotspot\src\share\vm\prims\j+¢ÈdÜ3@
Event: 7.801 Thread 0x00000000080be000 Implicit null exception at 0x000000000f35c6a5 to 0x000000000f35f4f1

Events (10 events):
Event: 17.515 Thread 0x00000000080be000 DEOPT PACKING pc=0x000000000f4c0fca sp=0x00000000092dea70
Event: 17.515 Thread 0x00000000080be000 DEOPT UNPACKING pc=0x000000000f05787f sp=0x00000000092de8b0 mode 0
Event: 17.520 Executing VM operation: ParallelGCFailedAllocation
Event: 18.016 Executing VM operation: ParallelGCFailedAllocation done
Event: 18.050 Thread 0x0000000002fb0800 Uncommon trap: trap_request=0xffffff65 fr.pc=0x000000000f846f8c
Event: 18.050 Thread 0x0000000002fb0800 DEOPT PACKING pc=0x000000000f846f8c sp=0x0000000002efe2e0
Event: 18.050 Thread 0x0000000002fb0800 DEOPT UNPACKING pc=0x000000000f05582a sp=0x0000000002efe2c8 mode 2
Event: 18.067 Thread 0x00000000080b9800 Uncommon trap: trap_request=0xffffff65 fr.pc=0x000000000f879dc8
Event: 18.067 Thread 0x00000000080b9800 DEOPT PACKING pc=0x000000000f879dc8 sp=0x00000000090de5d0
Event: 18.068 Thread 0x00000000080b9800 DEOPT UNPACKING pc=0x000000000f05582a sp=0x00000000090de588 mode 2


Dynamic libraries:
0x00007ff6414d0000 - 0x00007ff641507000 	C:\Program Files\Java\jdk1.8.0_45\bin\java.exe
0x00007ffd059a0000 - 0x00007ffd05b61000 	C:\WINDOWS\SYSTEM32\ntdll.dll
0x00007ffd04570000 - 0x00007ffd0461d000 	C:\WINDOWS\system32\KERNEL32.DLL
0x00007ffd028b0000 - 0x00007ffd02a98000 	C:\WINDOWS\system32\KERNELBASE.dll
0x00007ffd04a90000 - 0x00007ffd04b37000 	C:\WINDOWS\system32\ADVAPI32.dll
0x00007ffd05410000 - 0x00007ffd054ad000 	C:\WINDOWS\system32\msvcrt.dll
0x00007ffd05560000 - 0x00007ffd055bb000 	C:\WINDOWS\system32\sechost.dll
0x00007ffd050d0000 - 0x00007ffd051ec000 	C:\WINDOWS\system32\RPCRT4.dll
0x00007ffd05840000 - 0x00007ffd05996000 	C:\WINDOWS\system32\USER32.dll
0x00007ffd04e70000 - 0x00007ffd04ff6000 	C:\WINDOWS\system32\GDI32.dll
0x00007ffcfd5d0000 - 0x00007ffcfd844000 	C:\WINDOWS\WinSxS\amd64_microsoft.windows.common-controls_6595b64144ccf1df_6.0.10586.494_none_a2d8b04ea53e3145\COMCTL32.dll
0x00007ffd055c0000 - 0x00007ffd0583d000 	C:\WINDOWS\system32\combase.dll
0x00007ffd02d30000 - 0x00007ffd02d9a000 	C:\WINDOWS\system32\bcryptPrimitives.dll
0x00007ffd04a50000 - 0x00007ffd04a8b000 	C:\WINDOWS\system32\IMM32.DLL
0x00007ffd01eb0000 - 0x00007ffd01ee1000 	C:\Windows\system32\nvinitx.dll
0x00007ffd01ea0000 - 0x00007ffd01eaa000 	C:\WINDOWS\SYSTEM32\VERSION.dll
0x000000000f000000 - 0x000000000f006000 	C:\Program Files\NVIDIA Corporation\CoProcManager\_etoured.dll
0x00007ffcfdf20000 - 0x00007ffcfdf52000 	C:\Program Files\NVIDIA Corporation\CoProcManager\nvd3d9wrapx.dll
0x00007ffd04620000 - 0x00007ffd04a49000 	C:\WINDOWS\system32\SETUPAPI.dll
0x00007ffd026a0000 - 0x00007ffd026e3000 	C:\WINDOWS\system32\CFGMGR32.dll
0x00007ffcfded0000 - 0x00007ffcfdef2000 	C:\Program Files\NVIDIA Corporation\CoProcManager\nvdxgiwrapx.dll
0x0000000074450000 - 0x0000000074522000 	C:\Program Files\Java\jdk1.8.0_45\jre\bin\msvcr100.dll
0x0000000074700000 - 0x0000000074f83000 	C:\Program Files\Java\jdk1.8.0_45\jre\bin\server\jvm.dll
0x00007ffd02da0000 - 0x00007ffd02da8000 	C:\WINDOWS\system32\PSAPI.DLL
0x00007ffcf4c80000 - 0x00007ffcf4c89000 	C:\WINDOWS\SYSTEM32\WSOCK32.dll
0x00007ffd05250000 - 0x00007ffd052bb000 	C:\WINDOWS\system32\WS2_32.dll
0x00007ffd00280000 - 0x00007ffd002a3000 	C:\WINDOWS\SYSTEM32\WINMM.dll
0x00007ffd00250000 - 0x00007ffd0027c000 	C:\WINDOWS\SYSTEM32\WINMMBASE.dll
0x0000000075400000 - 0x000000007540f000 	C:\Program Files\Java\jdk1.8.0_45\jre\bin\verify.dll
0x00000000753d0000 - 0x00000000753f9000 	C:\Program Files\Java\jdk1.8.0_45\jre\bin\java.dll
0x00000000753b0000 - 0x00000000753c6000 	C:\Program Files\Java\jdk1.8.0_45\jre\bin\zip.dll
0x00007ffd02de0000 - 0x00007ffd0433c000 	C:\WINDOWS\system32\SHELL32.dll
0x00007ffd02050000 - 0x00007ffd02695000 	C:\WINDOWS\system32\windows.storage.dll
0x00007ffd04510000 - 0x00007ffd04562000 	C:\WINDOWS\system32\shlwapi.dll
0x00007ffd02040000 - 0x00007ffd0204f000 	C:\WINDOWS\system32\kernel.appcore.dll
0x00007ffd02aa0000 - 0x00007ffd02b55000 	C:\WINDOWS\system32\shcore.dll
0x00007ffd01ff0000 - 0x00007ffd0203b000 	C:\WINDOWS\system32\powrprof.dll
0x00007ffd01fd0000 - 0x00007ffd01fe4000 	C:\WINDOWS\system32\profapi.dll
0x00007ffcefec0000 - 0x00007ffcf004c000 	C:\WINDOWS\SYSTEM32\dbghelp.dll

VM Arguments:
jvm_args: -Djava.awt.headless=true -Xmx1024M -Dfile.encoding=x-windows-949 -Duser.country=KR -Duser.language=ko -Duser.variant 
java_command: com.android.dx.command.Main --dex --force-jumbo --num-threads=4 --multi-dex --output E:\AndroidStudioProjects\CheongwonPay\app\build\intermediates\transforms\dex\debug\folders\1000\10\com.android.support-appcompat-v7-24.1.1_c07326e7290ee2387f81167e5d732b31896ae87a E:\AndroidStudioProjects\CheongwonPay\app\build\intermediates\exploded-aar\com.android.support\appcompat-v7\24.1.1\jars\classes.jar
java_class_path (initial): E:\Android\sdk\build-tools\23.0.3\lib\dx.jar
Launcher Type: SUN_STANDARD

Environment Variables:
PATH=C:\ProgramData\Oracle\Java\javapath;C:\Program Files (x86)\Wizvera\Delfino;C:\Program Files (x86)\NVIDIA Corporation\PhysX\Common;C:\WINDOWS\system32;C:\WINDOWS;C:\WINDOWS\System32\Wbem;C:\WINDOWS\System32\WindowsPowerShell\v1.0\;C:\Program Files\WIDCOMM\Bluetooth Software\;C:\Program Files\WIDCOMM\Bluetooth Software\syswow64;;C:\Program Files (x86)\Intel\OpenCL SDK\2.0\bin\x86;C:\Program Files (x86)\Intel\OpenCL SDK\2.0\bin\x64;C:\Program Files\Java\jdk1.8.0_45\bin;C:\Program Files\Java\jre1.8.0_45\bin;E:\Android\sdk\platform-tools;C:\Program Files (x86)\Skype\Phone\;C:\Users\Á¤¼·\AppData\Local\Bandizip\7z
USERNAME=Á¤¼·
OS=Windows_NT
PROCESSOR_IDENTIFIER=Intel64 Family 6 Model 42 Stepping 7, GenuineIntel



---------------  S Y S T E M  ---------------

OS: Windows 10.0 , 64 bit Build 10586 (10.0.10586.0)

CPU:total 4 (2 cores per cpu, 2 threads per core) family 6 model 42 stepping 7, cmov, cx8, fxsr, mmx, sse, sse2, sse3, ssse3, sse4.1, sse4.2, popcnt, avx, aes, clmul, ht, tsc, tscinvbit

Memory: 4k page, physical 4104480k(276652k free), swap 6827872k(2988k free)

vm_info: Java HotSpot(TM) 64-Bit Server VM (25.45-b02) for windows-amd64 JRE (1.8.0_45-b15), built on Apr 30 2015 12:40:44 by "java_re" with MS VC++ 10.0 (VS2010)

time: Wed Aug 24 01:25:59 2016
elapsed time: 18 seconds (0d 0h 0m 18s)

