#
# There is insufficient memory for the Java Runtime Environment to continue.
# Native memory allocation (malloc) failed to allocate 1505456 bytes for Chunk::new
# Possible reasons:
#   The system is out of physical RAM or swap space
#   In 32 bit mode, the process size limit was hit
# Possible solutions:
#   Reduce memory load on the system
#   Increase physical memory or swap space
#   Check if swap backing store is full
#   Use 64 bit Java on a 64 bit OS
#   Decrease Java heap size (-Xmx/-Xms)
#   Decrease number of Java threads
#   Decrease Java thread stack sizes (-Xss)
#   Set larger code cache with -XX:ReservedCodeCacheSize=
# This output file may be truncated or incomplete.
#
#  Out of Memory Error (allocation.cpp:390), pid=6244, tid=1308
#
# JRE version: Java(TM) SE Runtime Environment (8.0_45-b15) (build 1.8.0_45-b15)
# Java VM: Java HotSpot(TM) 64-Bit Server VM (25.45-b02 mixed mode windows-amd64 compressed oops)
# Failed to write core dump. Minidumps are not enabled by default on client versions of Windows
#

---------------  T H R E A D  ---------------

Current thread (0x000000000617d000):  JavaThread "C2 CompilerThread0" daemon [_thread_in_native, id=1308, stack(0x00000000076d0000,0x00000000077d0000)]

Stack: [0x00000000076d0000,0x00000000077d0000]
Native frames: (J=compiled Java code, j=interpreted, Vv=VM code, C=native code)
V  [jvm.dll+0x32b57a]
V  [jvm.dll+0x279873]
V  [jvm.dll+0x27a509]
V  [jvm.dll+0x271825]
V  [jvm.dll+0xcb9e2]
V  [jvm.dll+0xcbeac]
V  [jvm.dll+0x49298c]
V  [jvm.dll+0x45f6ff]
V  [jvm.dll+0x46a73b]
V  [jvm.dll+0x46cd52]
V  [jvm.dll+0x4500f2]
V  [jvm.dll+0xa4352]
V  [jvm.dll+0xa4c8f]
V  [jvm.dll+0x241984]
V  [jvm.dll+0x29853a]
C  [msvcr100.dll+0x21d9f]
C  [msvcr100.dll+0x21e3b]
C  [KERNEL32.DLL+0x18102]
C  [ntdll.dll+0x5c5b4]


Current CompileTask:
C2:  25644 1922   !   4       com.android.dx.cf.code.Ropper::processBlock (1101 bytes)


---------------  P R O C E S S  ---------------

Java Threads: ( => current thread )
  0x000000000800e800 JavaThread "pool-2-thread-4" [_thread_in_Java, id=11300, stack(0x0000000008bd0000,0x0000000008cd0000)]
  0x0000000008004800 JavaThread "pool-2-thread-3" [_thread_blocked, id=11812, stack(0x0000000008ad0000,0x0000000008bd0000)]
  0x0000000008003800 JavaThread "pool-2-thread-2" [_thread_in_vm, id=6872, stack(0x00000000089d0000,0x0000000008ad0000)]
  0x0000000008002000 JavaThread "pool-3-thread-1" [_thread_blocked, id=8832, stack(0x00000000088d0000,0x00000000089d0000)]
  0x0000000007fff800 JavaThread "pool-2-thread-1" [_thread_in_Java, id=2688, stack(0x00000000087d0000,0x00000000088d0000)]
  0x0000000007832000 JavaThread "Service Thread" daemon [_thread_blocked, id=10228, stack(0x0000000007dd0000,0x0000000007ed0000)]
  0x000000000782a000 JavaThread "C1 CompilerThread2" daemon [_thread_blocked, id=4656, stack(0x0000000007cd0000,0x0000000007dd0000)]
  0x00000000061cc800 JavaThread "C2 CompilerThread1" daemon [_thread_blocked, id=8460, stack(0x0000000007bd0000,0x0000000007cd0000)]
=>0x000000000617d000 JavaThread "C2 CompilerThread0" daemon [_thread_in_native, id=1308, stack(0x00000000076d0000,0x00000000077d0000)]
  0x000000000617b800 JavaThread "Attach Listener" daemon [_thread_blocked, id=980, stack(0x00000000075d0000,0x00000000076d0000)]
  0x000000000617a800 JavaThread "Signal Dispatcher" daemon [_thread_blocked, id=11328, stack(0x00000000074d0000,0x00000000075d0000)]
  0x0000000002a91800 JavaThread "Finalizer" daemon [_thread_blocked, id=10100, stack(0x00000000073d0000,0x00000000074d0000)]
  0x0000000002a8e800 JavaThread "Reference Handler" daemon [_thread_blocked, id=1968, stack(0x00000000072d0000,0x00000000073d0000)]
  0x00000000029a0800 JavaThread "main" [_thread_blocked, id=6856, stack(0x00000000028a0000,0x00000000029a0000)]

Other Threads:
  0x0000000006137000 VMThread [stack: 0x00000000071d0000,0x00000000072d0000] [id=2816]
  0x0000000007843800 WatcherThread [stack: 0x0000000007ed0000,0x0000000007fd0000] [id=8480]

VM state:synchronizing (normal execution)

VM Mutex/Monitor currently owned by a thread:  ([mutex/lock_event])
[0x00000000024bbec0] Safepoint_lock - owner thread: 0x0000000006137000
[0x00000000024bc740] Threads_lock - owner thread: 0x0000000006137000

Heap:
 PSYoungGen      total 68096K, used 60099K [0x00000000eab00000, 0x00000000ef000000, 0x0000000100000000)
  eden space 65536K, 87% used [0x00000000eab00000,0x00000000ee336818,0x00000000eeb00000)
  from space 2560K, 99% used [0x00000000eed80000,0x00000000eeffa610,0x00000000ef000000)
  to   space 2560K, 0% used [0x00000000eeb00000,0x00000000eeb00000,0x00000000eed80000)
 ParOldGen       total 44032K, used 12923K [0x00000000c0000000, 0x00000000c2b00000, 0x00000000eab00000)
  object space 44032K, 29% used [0x00000000c0000000,0x00000000c0c9ecd0,0x00000000c2b00000)
 Metaspace       used 6354K, capacity 7152K, committed 7296K, reserved 1056768K
  class space    used 591K, capacity 616K, committed 640K, reserved 1048576K

Card table byte_map: [0x0000000002e60000,0x0000000003070000] byte_map_base: 0x0000000002860000

Marking Bits: (ParMarkBitMap*) 0x0000000070aa4040
 Begin Bits: [0x00000000035d0000, 0x00000000045d0000)
 End Bits:   [0x00000000045d0000, 0x00000000055d0000)

Polling page: 0x0000000000a00000

CodeCache: size=245760Kb used=9611Kb max_used=9632Kb free=236148Kb
 bounds [0x000000000f010000, 0x000000000f990000, 0x000000001e010000]
 total_blobs=2234 nmethods=1962 adapters=184
 compilation: enabled

Compilation events (10 events):
Event: 24.981 Thread 0x000000000782a000 nmethod 2001 0x000000000f964250 code [0x000000000f9643c0, 0x000000000f9645e8]
Event: 24.983 Thread 0x000000000782a000 2002       3       com.android.dx.ssa.SCCP::simulateMath (424 bytes)
Event: 24.984 Thread 0x000000000782a000 nmethod 2002 0x000000000f96c3d0 code [0x000000000f96c680, 0x000000000f96dfc8]
Event: 24.992 Thread 0x000000000782a000 2003       3       java.util.Vector::grow (57 bytes)
Event: 24.992 Thread 0x000000000782a000 nmethod 2003 0x000000000f96bb10 code [0x000000000f96bca0, 0x000000000f96c1d8]
Event: 25.042 Thread 0x00000000061cc800 nmethod 1989 0x000000000f974510 code [0x000000000f974720, 0x000000000f975d28]
Event: 25.042 Thread 0x00000000061cc800 1959       4       com.android.dx.ssa.PhiTypeResolver::run (179 bytes)
Event: 25.261 Thread 0x00000000061cc800 nmethod 1959 0x000000000f97ba50 code [0x000000000f97be20, 0x000000000f97ec78]
Event: 25.261 Thread 0x00000000061cc800 1995       4       com.android.dx.rop.code.BasicBlockList$RegCountVisitor::visitPlainCstInsn (6 bytes)
Event: 25.268 Thread 0x00000000061cc800 nmethod 1995 0x000000000f970e10 code [0x000000000f970f60, 0x000000000f9711d8]

GC Heap History (8 events):
Event: 1.621 GC heap before
{Heap before GC invocations=1 (full 0):
 PSYoungGen      total 18944K, used 16384K [0x00000000eab00000, 0x00000000ec000000, 0x0000000100000000)
  eden space 16384K, 100% used [0x00000000eab00000,0x00000000ebb00000,0x00000000ebb00000)
  from space 2560K, 0% used [0x00000000ebd80000,0x00000000ebd80000,0x00000000ec000000)
  to   space 2560K, 0% used [0x00000000ebb00000,0x00000000ebb00000,0x00000000ebd80000)
 ParOldGen       total 44032K, used 0K [0x00000000c0000000, 0x00000000c2b00000, 0x00000000eab00000)
  object space 44032K, 0% used [0x00000000c0000000,0x00000000c0000000,0x00000000c2b00000)
 Metaspace       used 3573K, capacity 4720K, committed 4864K, reserved 1056768K
  class space    used 379K, capacity 424K, committed 512K, reserved 1048576K
Event: 1.648 GC heap after
Heap after GC invocations=1 (full 0):
 PSYoungGen      total 18944K, used 1303K [0x00000000eab00000, 0x00000000ed000000, 0x0000000100000000)
  eden space 16384K, 0% used [0x00000000eab00000,0x00000000eab00000,0x00000000ebb00000)
  from space 2560K, 50% used [0x00000000ebb00000,0x00000000ebc45c40,0x00000000ebd80000)
  to   space 2560K, 0% used [0x00000000ecd80000,0x00000000ecd80000,0x00000000ed000000)
 ParOldGen       total 44032K, used 8K [0x00000000c0000000, 0x00000000c2b00000, 0x00000000eab00000)
  object space 44032K, 0% used [0x00000000c0000000,0x00000000c0002000,0x00000000c2b00000)
 Metaspace       used 3573K, capacity 4720K, committed 4864K, reserved 1056768K
  class space    used 379K, capacity 424K, committed 512K, reserved 1048576K
}
Event: 8.351 GC heap before
{Heap before GC invocations=2 (full 0):
 PSYoungGen      total 18944K, used 17687K [0x00000000eab00000, 0x00000000ed000000, 0x0000000100000000)
  eden space 16384K, 100% used [0x00000000eab00000,0x00000000ebb00000,0x00000000ebb00000)
  from space 2560K, 50% used [0x00000000ebb00000,0x00000000ebc45c40,0x00000000ebd80000)
  to   space 2560K, 0% used [0x00000000ecd80000,0x00000000ecd80000,0x00000000ed000000)
 ParOldGen       total 44032K, used 8K [0x00000000c0000000, 0x00000000c2b00000, 0x00000000eab00000)
  object space 44032K, 0% used [0x00000000c0000000,0x00000000c0002000,0x00000000c2b00000)
 Metaspace       used 5889K, capacity 6768K, committed 7040K, reserved 1056768K
  class space    used 590K, capacity 616K, committed 640K, reserved 1048576K
Event: 9.039 GC heap after
Heap after GC invocations=2 (full 0):
 PSYoungGen      total 35328K, used 2544K [0x00000000eab00000, 0x00000000ed000000, 0x0000000100000000)
  eden space 32768K, 0% used [0x00000000eab00000,0x00000000eab00000,0x00000000ecb00000)
  from space 2560K, 99% used [0x00000000ecd80000,0x00000000ecffc280,0x00000000ed000000)
  to   space 2560K, 0% used [0x00000000ecb00000,0x00000000ecb00000,0x00000000ecd80000)
 ParOldGen       total 44032K, used 2271K [0x00000000c0000000, 0x00000000c2b00000, 0x00000000eab00000)
  object space 44032K, 5% used [0x00000000c0000000,0x00000000c0237e80,0x00000000c2b00000)
 Metaspace       used 5889K, capacity 6768K, committed 7040K, reserved 1056768K
  class space    used 590K, capacity 616K, committed 640K, reserved 1048576K
}
Event: 14.632 GC heap before
{Heap before GC invocations=3 (full 0):
 PSYoungGen      total 35328K, used 35312K [0x00000000eab00000, 0x00000000ed000000, 0x0000000100000000)
  eden space 32768K, 100% used [0x00000000eab00000,0x00000000ecb00000,0x00000000ecb00000)
  from space 2560K, 99% used [0x00000000ecd80000,0x00000000ecffc280,0x00000000ed000000)
  to   space 2560K, 0% used [0x00000000ecb00000,0x00000000ecb00000,0x00000000ecd80000)
 ParOldGen       total 44032K, used 2271K [0x00000000c0000000, 0x00000000c2b00000, 0x00000000eab00000)
  object space 44032K, 5% used [0x00000000c0000000,0x00000000c0237e80,0x00000000c2b00000)
 Metaspace       used 6224K, capacity 7088K, committed 7296K, reserved 1056768K
  class space    used 591K, capacity 616K, committed 640K, reserved 1048576K
Event: 15.217 GC heap after
Heap after GC invocations=3 (full 0):
 PSYoungGen      total 35328K, used 2537K [0x00000000eab00000, 0x00000000ef000000, 0x0000000100000000)
  eden space 32768K, 0% used [0x00000000eab00000,0x00000000eab00000,0x00000000ecb00000)
  from space 2560K, 99% used [0x00000000ecb00000,0x00000000ecd7a620,0x00000000ecd80000)
  to   space 2560K, 0% used [0x00000000eed80000,0x00000000eed80000,0x00000000ef000000)
 ParOldGen       total 44032K, used 7208K [0x00000000c0000000, 0x00000000c2b00000, 0x00000000eab00000)
  object space 44032K, 16% used [0x00000000c0000000,0x00000000c070a150,0x00000000c2b00000)
 Metaspace       used 6224K, capacity 7088K, committed 7296K, reserved 1056768K
  class space    used 591K, capacity 616K, committed 640K, reserved 1048576K
}
Event: 18.104 GC heap before
{Heap before GC invocations=4 (full 0):
 PSYoungGen      total 35328K, used 35305K [0x00000000eab00000, 0x00000000ef000000, 0x0000000100000000)
  eden space 32768K, 100% used [0x00000000eab00000,0x00000000ecb00000,0x00000000ecb00000)
  from space 2560K, 99% used [0x00000000ecb00000,0x00000000ecd7a620,0x00000000ecd80000)
  to   space 2560K, 0% used [0x00000000eed80000,0x00000000eed80000,0x00000000ef000000)
 ParOldGen       total 44032K, used 7208K [0x00000000c0000000, 0x00000000c2b00000, 0x00000000eab00000)
  object space 44032K, 16% used [0x00000000c0000000,0x00000000c070a150,0x00000000c2b00000)
 Metaspace       used 6276K, capacity 7088K, committed 7296K, reserved 1056768K
  class space    used 591K, capacity 616K, committed 640K, reserved 1048576K
Event: 18.587 GC heap after
Heap after GC invocations=4 (full 0):
 PSYoungGen      total 68096K, used 2537K [0x00000000eab00000, 0x00000000ef000000, 0x0000000100000000)
  eden space 65536K, 0% used [0x00000000eab00000,0x00000000eab00000,0x00000000eeb00000)
  from space 2560K, 99% used [0x00000000eed80000,0x00000000eeffa610,0x00000000ef000000)
  to   space 2560K, 0% used [0x00000000eeb00000,0x00000000eeb00000,0x00000000eed80000)
 ParOldGen       total 44032K, used 12923K [0x00000000c0000000, 0x00000000c2b00000, 0x00000000eab00000)
  object space 44032K, 29% used [0x00000000c0000000,0x00000000c0c9ecd0,0x00000000c2b00000)
 Metaspace       used 6276K, capacity 7088K, committed 7296K, reserved 1056768K
  class space    used 591K, capacity 616K, committed 640K, reserved 1048576K
}

Deoptimization events (10 events):
Event: 18.970 Thread 0x000000000800e800 Uncommon trap: reason=unstable_if action=reinterpret pc=0x000000000f7ef1c4 method=java.util.HashMap.putVal(ILjava/lang/Object;Ljava/lang/Object;ZZ)Ljava/lang/Object; @ 162
Event: 18.974 Thread 0x000000000800e800 Uncommon trap: reason=unstable_if action=reinterpret pc=0x000000000f74a650 method=java.util.HashMap.resize()[Ljava/util/HashMap$Node; @ 206
Event: 18.975 Thread 0x000000000800e800 Uncommon trap: reason=unstable_if action=reinterpret pc=0x000000000f3a7b6c method=java.util.HashMap.getNode(ILjava/lang/Object;)Ljava/util/HashMap$Node; @ 84
Event: 18.975 Thread 0x000000000800e800 Uncommon trap: reason=unstable_if action=reinterpret pc=0x000000000f4a3394 method=java.util.HashMap.getNode(ILjava/lang/Object;)Ljava/util/HashMap$Node; @ 84
Event: 19.081 Thread 0x0000000008004800 Uncommon trap: reason=unstable_if action=reinterpret pc=0x000000000f7d0400 method=com.android.dx.cf.code.ExecutionStack.<init>(I)V @ 2
Event: 19.081 Thread 0x0000000008004800 Uncommon trap: reason=unstable_if action=reinterpret pc=0x000000000f811e04 method=com.android.dx.cf.code.ExecutionStack.<init>(I)V @ 2
Event: 19.082 Thread 0x0000000008004800 Uncommon trap: reason=unstable_if action=reinterpret pc=0x000000000f786cd4 method=com.android.dx.cf.code.ExecutionStack.<init>(I)V @ 2
Event: 19.982 Thread 0x0000000007fff800 Uncommon trap: reason=unstable_if action=reinterpret pc=0x000000000f60ed8c method=com.android.dx.ssa.SCCP.simulateBranch(Lcom/android/dx/ssa/SsaInsn;)V @ 548
Event: 24.879 Thread 0x000000000800e800 Uncommon trap: reason=unstable_if action=reinterpret pc=0x000000000f905a90 method=com.android.dx.ssa.SCCP.run()V @ 179
Event: 24.973 Thread 0x0000000007fff800 Uncommon trap: reason=unstable_if action=reinterpret pc=0x000000000f7fd488 method=com.android.dx.cf.code.Merger.mergeType(Lcom/android/dx/rop/type/TypeBearer;Lcom/android/dx/rop/type/TypeBearer;)Lcom/android/dx/rop/type/TypeBearer; @ 52

Internal exceptions (3 events):
Event: 0.460 Thread 0x00000000029a0800 Exception <a 'java/lang/NoSuchMethodError': Method sun.misc.Unsafe.defineClass(Ljava/lang/String;[BII)Ljava/lang/Class; name or signature does not match> (0x00000000eab12f00) thrown at [C:\re\workspace\8-2-build-windows-amd64-cygwin\jdk8u45\3627\hotspot\sr>Ñ^Á|uÝ?
Event: 0.460 Thread 0x00000000029a0800 Exception <a 'java/lang/NoSuchMethodError': Method sun.misc.Unsafe.prefetchRead(Ljava/lang/Object;J)V name or signature does not match> (0x00000000eab13190) thrown at [C:\re\workspace\8-2-build-windows-amd64-cygwin\jdk8u45\3627\hotspot\src\share\vm\prims\j¸-}€ù/@
Event: 15.987 Thread 0x0000000008003800 Implicit null exception at 0x000000000f3e5ca2 to 0x000000000f3e5d92

Events (10 events):
Event: 24.613 Thread 0x000000000782a000 flushing nmethod 0x000000000f1946d0
Event: 24.613 Thread 0x000000000782a000 flushing nmethod 0x000000000f1973d0
Event: 24.613 Thread 0x000000000782a000 flushing nmethod 0x000000000f1991d0
Event: 24.613 Thread 0x000000000782a000 flushing nmethod 0x000000000f1998d0
Event: 24.879 Thread 0x000000000800e800 Uncommon trap: trap_request=0xffffff65 fr.pc=0x000000000f905a90
Event: 24.879 Thread 0x000000000800e800 DEOPT PACKING pc=0x000000000f905a90 sp=0x0000000008cce550
Event: 24.879 Thread 0x000000000800e800 DEOPT UNPACKING pc=0x000000000f05582a sp=0x0000000008cce528 mode 2
Event: 24.973 Thread 0x0000000007fff800 Uncommon trap: trap_request=0xffffff65 fr.pc=0x000000000f7fd488
Event: 24.973 Thread 0x0000000007fff800 DEOPT PACKING pc=0x000000000f7fd488 sp=0x00000000088cead0
Event: 24.973 Thread 0x0000000007fff800 DEOPT UNPACKING pc=0x000000000f05582a sp=0x00000000088ce8c0 mode 2


Dynamic libraries:
0x00007ff6a59c0000 - 0x00007ff6a59f7000 	C:\Program Files\Java\jdk1.8.0_45\bin\java.exe
0x00007ff8e4290000 - 0x00007ff8e4451000 	C:\WINDOWS\SYSTEM32\ntdll.dll
0x00007ff8e41d0000 - 0x00007ff8e427d000 	C:\WINDOWS\system32\KERNEL32.DLL
0x00007ff8e13f0000 - 0x00007ff8e15d8000 	C:\WINDOWS\system32\KERNELBASE.dll
0x00007ff8e3fa0000 - 0x00007ff8e4047000 	C:\WINDOWS\system32\ADVAPI32.dll
0x00007ff8e3500000 - 0x00007ff8e359d000 	C:\WINDOWS\system32\msvcrt.dll
0x00007ff8e1a50000 - 0x00007ff8e1aab000 	C:\WINDOWS\system32\sechost.dll
0x00007ff8e33e0000 - 0x00007ff8e34fc000 	C:\WINDOWS\system32\RPCRT4.dll
0x00007ff8e36f0000 - 0x00007ff8e3846000 	C:\WINDOWS\system32\USER32.dll
0x00007ff8e16a0000 - 0x00007ff8e1826000 	C:\WINDOWS\system32\GDI32.dll
0x00007ff8da840000 - 0x00007ff8daab4000 	C:\WINDOWS\WinSxS\amd64_microsoft.windows.common-controls_6595b64144ccf1df_6.0.10586.494_none_a2d8b04ea53e3145\COMCTL32.dll
0x00007ff8e3c80000 - 0x00007ff8e3efd000 	C:\WINDOWS\system32\combase.dll
0x00007ff8e10f0000 - 0x00007ff8e115a000 	C:\WINDOWS\system32\bcryptPrimitives.dll
0x00007ff8e3f00000 - 0x00007ff8e3f3b000 	C:\WINDOWS\system32\IMM32.DLL
0x00007ff8e07a0000 - 0x00007ff8e07d1000 	C:\Windows\system32\nvinitx.dll
0x00007ff8e0790000 - 0x00007ff8e079a000 	C:\WINDOWS\SYSTEM32\VERSION.dll
0x000000000f000000 - 0x000000000f006000 	C:\Program Files\NVIDIA Corporation\CoProcManager\_etoured.dll
0x00007ff8dd900000 - 0x00007ff8dd932000 	C:\Program Files\NVIDIA Corporation\CoProcManager\nvd3d9wrapx.dll
0x00007ff8e3850000 - 0x00007ff8e3c79000 	C:\WINDOWS\system32\SETUPAPI.dll
0x00007ff8e11d0000 - 0x00007ff8e1213000 	C:\WINDOWS\system32\CFGMGR32.dll
0x00007ff8dd6c0000 - 0x00007ff8dd6e2000 	C:\Program Files\NVIDIA Corporation\CoProcManager\nvdxgiwrapx.dll
0x000000006fad0000 - 0x000000006fba2000 	C:\Program Files\Java\jdk1.8.0_45\jre\bin\msvcr100.dll
0x00000000702a0000 - 0x0000000070b23000 	C:\Program Files\Java\jdk1.8.0_45\jre\bin\server\jvm.dll
0x00007ff8e1690000 - 0x00007ff8e1698000 	C:\WINDOWS\system32\PSAPI.DLL
0x00007ff8d2540000 - 0x00007ff8d2549000 	C:\WINDOWS\SYSTEM32\WSOCK32.dll
0x00007ff8e32c0000 - 0x00007ff8e332b000 	C:\WINDOWS\system32\WS2_32.dll
0x00007ff8dec60000 - 0x00007ff8dec83000 	C:\WINDOWS\SYSTEM32\WINMM.dll
0x00007ff8dec30000 - 0x00007ff8dec5c000 	C:\WINDOWS\SYSTEM32\WINMMBASE.dll
0x0000000070290000 - 0x000000007029f000 	C:\Program Files\Java\jdk1.8.0_45\jre\bin\verify.dll
0x0000000070260000 - 0x0000000070289000 	C:\Program Files\Java\jdk1.8.0_45\jre\bin\java.dll
0x0000000070240000 - 0x0000000070256000 	C:\Program Files\Java\jdk1.8.0_45\jre\bin\zip.dll
0x00007ff8e1d60000 - 0x00007ff8e32bc000 	C:\WINDOWS\system32\SHELL32.dll
0x00007ff8e0a10000 - 0x00007ff8e1055000 	C:\WINDOWS\system32\windows.storage.dll
0x00007ff8e3f40000 - 0x00007ff8e3f92000 	C:\WINDOWS\system32\shlwapi.dll
0x00007ff8e1190000 - 0x00007ff8e119f000 	C:\WINDOWS\system32\kernel.appcore.dll
0x00007ff8e08f0000 - 0x00007ff8e09a5000 	C:\WINDOWS\system32\shcore.dll
0x00007ff8e08a0000 - 0x00007ff8e08eb000 	C:\WINDOWS\system32\powrprof.dll
0x00007ff8e1170000 - 0x00007ff8e1184000 	C:\WINDOWS\system32\profapi.dll
0x00007ff8ce740000 - 0x00007ff8ce8cc000 	C:\WINDOWS\SYSTEM32\dbghelp.dll

VM Arguments:
jvm_args: -Djava.awt.headless=true -Xmx1024M -Dfile.encoding=x-windows-949 -Duser.country=KR -Duser.language=ko -Duser.variant 
java_command: com.android.dx.command.Main --dex --force-jumbo --num-threads=4 --multi-dex --output E:\AndroidStudioProjects\CheongwonPay\app\build\intermediates\transforms\dex\debug\folders\1000\10\com.google.android.gms-play-services-basement-8.1.0_c18b5382230a8437a6298f25f84d01df875633d0 E:\AndroidStudioProjects\CheongwonPay\app\build\intermediates\exploded-aar\com.google.android.gms\play-services-basement\8.1.0\jars\classes.jar
java_class_path (initial): E:\Android\sdk\build-tools\23.0.3\lib\dx.jar
Launcher Type: SUN_STANDARD

Environment Variables:
PATH=C:\ProgramData\Oracle\Java\javapath;C:\Program Files (x86)\Wizvera\Delfino;C:\Program Files (x86)\NVIDIA Corporation\PhysX\Common;C:\WINDOWS\system32;C:\WINDOWS;C:\WINDOWS\System32\Wbem;C:\WINDOWS\System32\WindowsPowerShell\v1.0\;C:\Program Files\WIDCOMM\Bluetooth Software\;C:\Program Files\WIDCOMM\Bluetooth Software\syswow64;;C:\Program Files (x86)\Intel\OpenCL SDK\2.0\bin\x86;C:\Program Files (x86)\Intel\OpenCL SDK\2.0\bin\x64;C:\Program Files\Java\jdk1.8.0_45\bin;C:\Program Files\Java\jre1.8.0_45\bin;E:\Android\sdk\platform-tools;C:\Program Files (x86)\Skype\Phone\;C:\Users\Á¤¼·\AppData\Local\Bandizip\7z
USERNAME=Á¤¼·
OS=Windows_NT
PROCESSOR_IDENTIFIER=Intel64 Family 6 Model 42 Stepping 7, GenuineIntel



---------------  S Y S T E M  ---------------

OS: Windows 10.0 , 64 bit Build 10586 (10.0.10586.0)

CPU:total 4 (2 cores per cpu, 2 threads per core) family 6 model 42 stepping 7, cmov, cx8, fxsr, mmx, sse, sse2, sse3, ssse3, sse4.1, sse4.2, popcnt, avx, aes, clmul, ht, tsc, tscinvbit

Memory: 4k page, physical 4104480k(295972k free), swap 6958012k(7224k free)

vm_info: Java HotSpot(TM) 64-Bit Server VM (25.45-b02) for windows-amd64 JRE (1.8.0_45-b15), built on Apr 30 2015 12:40:44 by "java_re" with MS VC++ 10.0 (VS2010)

time: Mon Aug 22 04:28:21 2016
elapsed time: 25 seconds (0d 0h 0m 25s)

