#
# There is insufficient memory for the Java Runtime Environment to continue.
# Native memory allocation (malloc) failed to allocate 1111056 bytes for Chunk::new
# Possible reasons:
#   The system is out of physical RAM or swap space
#   In 32 bit mode, the process size limit was hit
# Possible solutions:
#   Reduce memory load on the system
#   Increase physical memory or swap space
#   Check if swap backing store is full
#   Use 64 bit Java on a 64 bit OS
#   Decrease Java heap size (-Xmx/-Xms)
#   Decrease number of Java threads
#   Decrease Java thread stack sizes (-Xss)
#   Set larger code cache with -XX:ReservedCodeCacheSize=
# This output file may be truncated or incomplete.
#
#  Out of Memory Error (allocation.cpp:390), pid=8588, tid=8028
#
# JRE version: Java(TM) SE Runtime Environment (8.0_45-b15) (build 1.8.0_45-b15)
# Java VM: Java HotSpot(TM) 64-Bit Server VM (25.45-b02 mixed mode windows-amd64 compressed oops)
# Failed to write core dump. Minidumps are not enabled by default on client versions of Windows
#

---------------  T H R E A D  ---------------

Current thread (0x00000000061cc000):  JavaThread "C2 CompilerThread1" daemon [_thread_in_native, id=8028, stack(0x00000000077c0000,0x00000000078c0000)]

Stack: [0x00000000077c0000,0x00000000078c0000]
Native frames: (J=compiled Java code, j=interpreted, Vv=VM code, C=native code)
V  [jvm.dll+0x32b57a]
V  [jvm.dll+0x279873]
V  [jvm.dll+0x27a509]
V  [jvm.dll+0x271825]
V  [jvm.dll+0xcb9e2]
V  [jvm.dll+0xcbeac]
V  [jvm.dll+0x476ef2]
V  [jvm.dll+0x4b955f]
V  [jvm.dll+0x46b6b5]
V  [jvm.dll+0x46ccbe]
V  [jvm.dll+0x4500f2]
V  [jvm.dll+0xa4352]
V  [jvm.dll+0xa4c8f]
V  [jvm.dll+0x241984]
V  [jvm.dll+0x29853a]
C  [msvcr100.dll+0x21d9f]
C  [msvcr100.dll+0x21e3b]
C  [KERNEL32.DLL+0x18102]
C  [ntdll.dll+0x5c5b4]


Current CompileTask:
C2:   8142 1802       4       com.android.dx.dex.code.RopToDop::dopFor (792 bytes)


---------------  P R O C E S S  ---------------

Java Threads: ( => current thread )
  0x0000000007922000 JavaThread "Service Thread" daemon [_thread_blocked, id=6836, stack(0x0000000007dc0000,0x0000000007ec0000)]
  0x0000000007915800 JavaThread "C1 CompilerThread2" daemon [_thread_blocked, id=5512, stack(0x0000000007cc0000,0x0000000007dc0000)]
=>0x00000000061cc000 JavaThread "C2 CompilerThread1" daemon [_thread_in_native, id=8028, stack(0x00000000077c0000,0x00000000078c0000)]
  0x000000000617c000 JavaThread "C2 CompilerThread0" daemon [_thread_in_native, id=12460, stack(0x00000000076c0000,0x00000000077c0000)]
  0x000000000617a000 JavaThread "Attach Listener" daemon [_thread_blocked, id=9900, stack(0x00000000075c0000,0x00000000076c0000)]
  0x00000000061c9000 JavaThread "Signal Dispatcher" daemon [_thread_blocked, id=11996, stack(0x00000000074c0000,0x00000000075c0000)]
  0x0000000002a91800 JavaThread "Finalizer" daemon [_thread_blocked, id=812, stack(0x00000000073c0000,0x00000000074c0000)]
  0x0000000002a8e800 JavaThread "Reference Handler" daemon [_thread_blocked, id=1868, stack(0x00000000072c0000,0x00000000073c0000)]
  0x00000000029a0800 JavaThread "main" [_thread_in_vm, id=12652, stack(0x0000000000db0000,0x0000000000eb0000)]

Other Threads:
  0x0000000006137000 VMThread [stack: 0x00000000071c0000,0x00000000072c0000] [id=10224]
  0x000000000792b800 WatcherThread [stack: 0x0000000007ec0000,0x0000000007fc0000] [id=12644]

VM state:not at safepoint (normal execution)

VM Mutex/Monitor currently owned by a thread: None

Heap:
 PSYoungGen      total 146944K, used 32465K [0x00000000eab00000, 0x00000000fe000000, 0x0000000100000000)
  eden space 129024K, 18% used [0x00000000eab00000,0x00000000ec252c50,0x00000000f2900000)
  from space 17920K, 47% used [0x00000000f2900000,0x00000000f31617d8,0x00000000f3a80000)
  to   space 29184K, 0% used [0x00000000fc380000,0x00000000fc380000,0x00000000fe000000)
 ParOldGen       total 44032K, used 43782K [0x00000000c0000000, 0x00000000c2b00000, 0x00000000eab00000)
  object space 44032K, 99% used [0x00000000c0000000,0x00000000c2ac1be0,0x00000000c2b00000)
 Metaspace       used 6582K, capacity 7256K, committed 7424K, reserved 1056768K
  class space    used 620K, capacity 656K, committed 768K, reserved 1048576K

Card table byte_map: [0x0000000002e60000,0x0000000003070000] byte_map_base: 0x0000000002860000

Marking Bits: (ParMarkBitMap*) 0x0000000071d94040
 Begin Bits: [0x00000000035d0000, 0x00000000045d0000)
 End Bits:   [0x00000000045d0000, 0x00000000055d0000)

Polling page: 0x00000000009c0000

CodeCache: size=245760Kb used=8720Kb max_used=8738Kb free=237039Kb
 bounds [0x000000000f010000, 0x000000000f8a0000, 0x000000001e010000]
 total_blobs=2324 nmethods=2053 adapters=183
 compilation: enabled

Compilation events (10 events):
Event: 8.077 Thread 0x00000000061cc000 nmethod 1899 0x000000000f893750 code [0x000000000f8938a0, 0x000000000f893cb8]
Event: 8.077 Thread 0x00000000061cc000 1917       4       com.android.dx.rop.code.RegisterSpec$ForComparison::equals (31 bytes)
Event: 8.079 Thread 0x00000000061cc000 nmethod 1917 0x000000000f894310 code [0x000000000f894460, 0x000000000f894578]
Event: 8.079 Thread 0x00000000061cc000 2098       4       com.android.dx.rop.code.BasicBlock::getLastInsn (8 bytes)
Event: 8.080 Thread 0x00000000061cc000 nmethod 2098 0x000000000f893350 code [0x000000000f8934a0, 0x000000000f893598]
Event: 8.080 Thread 0x00000000061cc000 2109       4       java.util.AbstractSet::<init> (5 bytes)
Event: 8.081 Thread 0x00000000061cc000 nmethod 2109 0x000000000f5d2350 code [0x000000000f5d2480, 0x000000000f5d24d8]
Event: 8.081 Thread 0x00000000061cc000 1770       4       com.android.dx.rop.type.Type::compareTo (9 bytes)
Event: 8.082 Thread 0x00000000061cc000 nmethod 1770 0x000000000f892f50 code [0x000000000f8930a0, 0x000000000f893218]
Event: 8.082 Thread 0x00000000061cc000 1802       4       com.android.dx.dex.code.RopToDop::dopFor (792 bytes)

GC Heap History (10 events):
Event: 3.906 GC heap before
{Heap before GC invocations=4 (full 0):
 PSYoungGen      total 35328K, used 35321K [0x00000000eab00000, 0x00000000ef000000, 0x0000000100000000)
  eden space 32768K, 100% used [0x00000000eab00000,0x00000000ecb00000,0x00000000ecb00000)
  from space 2560K, 99% used [0x00000000ecb00000,0x00000000ecd7e648,0x00000000ecd80000)
  to   space 2560K, 0% used [0x00000000eed80000,0x00000000eed80000,0x00000000ef000000)
 ParOldGen       total 44032K, used 7572K [0x00000000c0000000, 0x00000000c2b00000, 0x00000000eab00000)
  object space 44032K, 17% used [0x00000000c0000000,0x00000000c0765330,0x00000000c2b00000)
 Metaspace       used 6261K, capacity 7088K, committed 7296K, reserved 1056768K
  class space    used 593K, capacity 616K, committed 640K, reserved 1048576K
Event: 4.067 GC heap after
Heap after GC invocations=4 (full 0):
 PSYoungGen      total 68096K, used 2537K [0x00000000eab00000, 0x00000000ef000000, 0x0000000100000000)
  eden space 65536K, 0% used [0x00000000eab00000,0x00000000eab00000,0x00000000eeb00000)
  from space 2560K, 99% used [0x00000000eed80000,0x00000000eeffa658,0x00000000ef000000)
  to   space 2560K, 0% used [0x00000000eeb00000,0x00000000eeb00000,0x00000000eed80000)
 ParOldGen       total 44032K, used 12891K [0x00000000c0000000, 0x00000000c2b00000, 0x00000000eab00000)
  object space 44032K, 29% used [0x00000000c0000000,0x00000000c0c96c18,0x00000000c2b00000)
 Metaspace       used 6261K, capacity 7088K, committed 7296K, reserved 1056768K
  class space    used 593K, capacity 616K, committed 640K, reserved 1048576K
}
Event: 5.184 GC heap before
{Heap before GC invocations=5 (full 0):
 PSYoungGen      total 68096K, used 68073K [0x00000000eab00000, 0x00000000ef000000, 0x0000000100000000)
  eden space 65536K, 100% used [0x00000000eab00000,0x00000000eeb00000,0x00000000eeb00000)
  from space 2560K, 99% used [0x00000000eed80000,0x00000000eeffa658,0x00000000ef000000)
  to   space 2560K, 0% used [0x00000000eeb00000,0x00000000eeb00000,0x00000000eed80000)
 ParOldGen       total 44032K, used 12891K [0x00000000c0000000, 0x00000000c2b00000, 0x00000000eab00000)
  object space 44032K, 29% used [0x00000000c0000000,0x00000000c0c96c18,0x00000000c2b00000)
 Metaspace       used 6314K, capacity 7152K, committed 7296K, reserved 1056768K
  class space    used 594K, capacity 616K, committed 640K, reserved 1048576K
Event: 5.213 GC heap after
Heap after GC invocations=5 (full 0):
 PSYoungGen      total 68096K, used 2543K [0x00000000eab00000, 0x00000000f4a00000, 0x0000000100000000)
  eden space 65536K, 0% used [0x00000000eab00000,0x00000000eab00000,0x00000000eeb00000)
  from space 2560K, 99% used [0x00000000eeb00000,0x00000000eed7beb0,0x00000000eed80000)
  to   space 15872K, 0% used [0x00000000f3a80000,0x00000000f3a80000,0x00000000f4a00000)
 ParOldGen       total 44032K, used 25378K [0x00000000c0000000, 0x00000000c2b00000, 0x00000000eab00000)
  object space 44032K, 57% used [0x00000000c0000000,0x00000000c18c8be0,0x00000000c2b00000)
 Metaspace       used 6314K, capacity 7152K, committed 7296K, reserved 1056768K
  class space    used 594K, capacity 616K, committed 640K, reserved 1048576K
}
Event: 5.739 GC heap before
{Heap before GC invocations=6 (full 0):
 PSYoungGen      total 68096K, used 68079K [0x00000000eab00000, 0x00000000f4a00000, 0x0000000100000000)
  eden space 65536K, 100% used [0x00000000eab00000,0x00000000eeb00000,0x00000000eeb00000)
  from space 2560K, 99% used [0x00000000eeb00000,0x00000000eed7beb0,0x00000000eed80000)
  to   space 15872K, 0% used [0x00000000f3a80000,0x00000000f3a80000,0x00000000f4a00000)
 ParOldGen       total 44032K, used 25378K [0x00000000c0000000, 0x00000000c2b00000, 0x00000000eab00000)
  object space 44032K, 57% used [0x00000000c0000000,0x00000000c18c8be0,0x00000000c2b00000)
 Metaspace       used 6443K, capacity 7192K, committed 7424K, reserved 1056768K
  class space    used 614K, capacity 656K, committed 768K, reserved 1048576K
Event: 5.816 GC heap after
Heap after GC invocations=6 (full 0):
 PSYoungGen      total 144896K, used 13319K [0x00000000eab00000, 0x00000000f4e00000, 0x0000000100000000)
  eden space 129024K, 0% used [0x00000000eab00000,0x00000000eab00000,0x00000000f2900000)
  from space 15872K, 83% used [0x00000000f3a80000,0x00000000f4781e58,0x00000000f4a00000)
  to   space 17920K, 0% used [0x00000000f2900000,0x00000000f2900000,0x00000000f3a80000)
 ParOldGen       total 44032K, used 25386K [0x00000000c0000000, 0x00000000c2b00000, 0x00000000eab00000)
  object space 44032K, 57% used [0x00000000c0000000,0x00000000c18cabe0,0x00000000c2b00000)
 Metaspace       used 6443K, capacity 7192K, committed 7424K, reserved 1056768K
  class space    used 614K, capacity 656K, committed 768K, reserved 1048576K
}
Event: 6.594 GC heap before
{Heap before GC invocations=7 (full 0):
 PSYoungGen      total 144896K, used 142343K [0x00000000eab00000, 0x00000000f4e00000, 0x0000000100000000)
  eden space 129024K, 100% used [0x00000000eab00000,0x00000000f2900000,0x00000000f2900000)
  from space 15872K, 83% used [0x00000000f3a80000,0x00000000f4781e58,0x00000000f4a00000)
  to   space 17920K, 0% used [0x00000000f2900000,0x00000000f2900000,0x00000000f3a80000)
 ParOldGen       total 44032K, used 25386K [0x00000000c0000000, 0x00000000c2b00000, 0x00000000eab00000)
  object space 44032K, 57% used [0x00000000c0000000,0x00000000c18cabe0,0x00000000c2b00000)
 Metaspace       used 6488K, capacity 7256K, committed 7424K, reserved 1056768K
  class space    used 614K, capacity 656K, committed 768K, reserved 1048576K
Event: 6.714 GC heap after
Heap after GC invocations=7 (full 0):
 PSYoungGen      total 146944K, used 17905K [0x00000000eab00000, 0x00000000fe000000, 0x0000000100000000)
  eden space 129024K, 0% used [0x00000000eab00000,0x00000000eab00000,0x00000000f2900000)
  from space 17920K, 99% used [0x00000000f2900000,0x00000000f3a7c470,0x00000000f3a80000)
  to   space 29184K, 0% used [0x00000000fc380000,0x00000000fc380000,0x00000000fe000000)
 ParOldGen       total 44032K, used 41037K [0x00000000c0000000, 0x00000000c2b00000, 0x00000000eab00000)
  object space 44032K, 93% used [0x00000000c0000000,0x00000000c28136e8,0x00000000c2b00000)
 Metaspace       used 6488K, capacity 7256K, committed 7424K, reserved 1056768K
  class space    used 614K, capacity 656K, committed 768K, reserved 1048576K
}
Event: 6.715 GC heap before
{Heap before GC invocations=8 (full 1):
 PSYoungGen      total 146944K, used 17905K [0x00000000eab00000, 0x00000000fe000000, 0x0000000100000000)
  eden space 129024K, 0% used [0x00000000eab00000,0x00000000eab00000,0x00000000f2900000)
  from space 17920K, 99% used [0x00000000f2900000,0x00000000f3a7c470,0x00000000f3a80000)
  to   space 29184K, 0% used [0x00000000fc380000,0x00000000fc380000,0x00000000fe000000)
 ParOldGen       total 44032K, used 41037K [0x00000000c0000000, 0x00000000c2b00000, 0x00000000eab00000)
  object space 44032K, 93% used [0x00000000c0000000,0x00000000c28136e8,0x00000000c2b00000)
 Metaspace       used 6488K, capacity 7256K, committed 7424K, reserved 1056768K
  class space    used 614K, capacity 656K, committed 768K, reserved 1048576K
Event: 7.635 GC heap after
Heap after GC invocations=8 (full 1):
 PSYoungGen      total 146944K, used 8581K [0x00000000eab00000, 0x00000000fe000000, 0x0000000100000000)
  eden space 129024K, 0% used [0x00000000eab00000,0x00000000eab00000,0x00000000f2900000)
  from space 17920K, 47% used [0x00000000f2900000,0x00000000f31617d8,0x00000000f3a80000)
  to   space 29184K, 0% used [0x00000000fc380000,0x00000000fc380000,0x00000000fe000000)
 ParOldGen       total 44032K, used 43782K [0x00000000c0000000, 0x00000000c2b00000, 0x00000000eab00000)
  object space 44032K, 99% used [0x00000000c0000000,0x00000000c2ac1be0,0x00000000c2b00000)
 Metaspace       used 6488K, capacity 7256K, committed 7424K, reserved 1056768K
  class space    used 614K, capacity 656K, committed 768K, reserved 1048576K
}

Deoptimization events (10 events):
Event: 5.415 Thread 0x0000000007c3c000 Uncommon trap: reason=unstable_if action=reinterpret pc=0x000000000f334154 method=java.util.HashMap.putVal(ILjava/lang/Object;Ljava/lang/Object;ZZ)Ljava/lang/Object; @ 162
Event: 5.901 Thread 0x0000000007bda000 Uncommon trap: reason=bimorphic action=maybe_recompile pc=0x000000000f7cfe58 method=com.android.dx.cf.code.BytecodeArray.parseInstruction(ILcom/android/dx/cf/code/BytecodeArray$Visitor;)I @ 2281
Event: 5.901 Thread 0x0000000007bda000 Uncommon trap: reason=bimorphic action=maybe_recompile pc=0x000000000f7cfe58 method=com.android.dx.cf.code.BytecodeArray.parseInstruction(ILcom/android/dx/cf/code/BytecodeArray$Visitor;)I @ 2281
Event: 7.686 Thread 0x0000000007c3c000 Uncommon trap: reason=bimorphic action=maybe_recompile pc=0x000000000f5cb760 method=java.util.HashMap.getNode(ILjava/lang/Object;)Ljava/util/HashMap$Node; @ 126
Event: 7.686 Thread 0x0000000007c3c000 Uncommon trap: reason=class_check action=maybe_recompile pc=0x000000000f697040 method=java.util.HashMap.putVal(ILjava/lang/Object;Ljava/lang/Object;ZZ)Ljava/lang/Object; @ 203
Event: 7.743 Thread 0x00000000029a0800 Uncommon trap: reason=class_check action=maybe_recompile pc=0x000000000f4a0718 method=java.util.Arrays.hashCode([Ljava/lang/Object;)I @ 43
Event: 7.743 Thread 0x00000000029a0800 Uncommon trap: reason=class_check action=maybe_recompile pc=0x000000000f4a0718 method=java.util.Arrays.hashCode([Ljava/lang/Object;)I @ 43
Event: 7.743 Thread 0x00000000029a0800 Uncommon trap: reason=class_check action=maybe_recompile pc=0x000000000f4a0718 method=java.util.Arrays.hashCode([Ljava/lang/Object;)I @ 43
Event: 7.743 Thread 0x00000000029a0800 Uncommon trap: reason=class_check action=maybe_recompile pc=0x000000000f4a0718 method=java.util.Arrays.hashCode([Ljava/lang/Object;)I @ 43
Event: 7.743 Thread 0x00000000029a0800 Uncommon trap: reason=class_check action=maybe_recompile pc=0x000000000f453eb8 method=java.util.Arrays.hashCode([Ljava/lang/Object;)I @ 43

Internal exceptions (6 events):
Event: 0.071 Thread 0x00000000029a0800 Exception <a 'java/lang/NoSuchMethodError': Method sun.misc.Unsafe.defineClass(Ljava/lang/String;[BII)Ljava/lang/Class; name or signature does not match> (0x00000000eab12f00) thrown at [C:\re\workspace\8-2-build-windows-amd64-cygwin\jdk8u45\3627\hotspot\srÛÑÓ0(#²?
Event: 0.071 Thread 0x00000000029a0800 Exception <a 'java/lang/NoSuchMethodError': Method sun.misc.Unsafe.prefetchRead(Ljava/lang/Object;J)V name or signature does not match> (0x00000000eab13190) thrown at [C:\re\workspace\8-2-build-windows-amd64-cygwin\jdk8u45\3627\hotspot\src\share\vm\prims\jÜ*E?ðû?
Event: 1.746 Thread 0x00000000029a0800 Implicit null exception at 0x000000000f34a5a2 to 0x000000000f34a692
Event: 5.420 Thread 0x0000000007c3c000 Exception <a 'java/lang/ArrayIndexOutOfBoundsException': 18> (0x00000000ecf37bf8) thrown at [C:\re\workspace\8-2-build-windows-amd64-cygwin\jdk8u45\3627\hotspot\src\share\vm\interpreter\interpreterRuntime.cpp, line 366]
Event: 5.421 Thread 0x0000000007c3c000 Exception <a 'java/lang/ArrayIndexOutOfBoundsException': 145> (0x00000000ecf396c8) thrown at [C:\re\workspace\8-2-build-windows-amd64-cygwin\jdk8u45\3627\hotspot\src\share\vm\interpreter\interpreterRuntime.cpp, line 366]
Event: 5.422 Thread 0x0000000007c3c000 Exception <a 'java/lang/ArrayIndexOutOfBoundsException'> (0x00000000ecf3a900) thrown at [C:\re\workspace\8-2-build-windows-amd64-cygwin\jdk8u45\3627\hotspot\src\share\vm\runtime\sharedRuntime.cpp, line 605]

Events (10 events):
Event: 7.743 Thread 0x00000000029a0800 DEOPT PACKING pc=0x000000000f453eb8 sp=0x0000000000eaf110
Event: 7.743 Thread 0x00000000029a0800 DEOPT UNPACKING pc=0x000000000f05582a sp=0x0000000000eaf098 mode 2
Event: 7.743 loading class com/android/dx/rop/cst/Zeroes
Event: 7.743 loading class com/android/dx/rop/cst/Zeroes done
Event: 7.846 loading class com/android/dx/dex/file/CatchStructs
Event: 7.846 loading class com/android/dx/dex/file/CatchStructs done
Event: 7.868 Thread 0x00000000029a0800 DEOPT PACKING pc=0x000000000f883854 sp=0x0000000000eaf250
Event: 7.868 Thread 0x00000000029a0800 DEOPT UNPACKING pc=0x000000000f05787f sp=0x0000000000eaefe0 mode 0
Event: 7.994 Thread 0x00000000029a0800 DEOPT PACKING pc=0x000000000f884544 sp=0x0000000000eaf280
Event: 7.994 Thread 0x00000000029a0800 DEOPT UNPACKING pc=0x000000000f05787f sp=0x0000000000eaefd0 mode 0


Dynamic libraries:
0x00007ff768890000 - 0x00007ff7688c7000 	C:\Program Files\Java\jdk1.8.0_45\bin\java.exe
0x00007ff9fb1b0000 - 0x00007ff9fb371000 	C:\WINDOWS\SYSTEM32\ntdll.dll
0x00007ff9facc0000 - 0x00007ff9fad6d000 	C:\WINDOWS\system32\KERNEL32.DLL
0x00007ff9f8020000 - 0x00007ff9f8208000 	C:\WINDOWS\system32\KERNELBASE.dll
0x00007ff9f9120000 - 0x00007ff9f91c7000 	C:\WINDOWS\system32\ADVAPI32.dll
0x00007ff9fa9f0000 - 0x00007ff9faa8d000 	C:\WINDOWS\system32\msvcrt.dll
0x00007ff9f8a20000 - 0x00007ff9f8a7b000 	C:\WINDOWS\system32\sechost.dll
0x00007ff9faba0000 - 0x00007ff9facbc000 	C:\WINDOWS\system32\RPCRT4.dll
0x00007ff9f8c10000 - 0x00007ff9f8d66000 	C:\WINDOWS\system32\USER32.dll
0x00007ff9f8a80000 - 0x00007ff9f8c06000 	C:\WINDOWS\system32\GDI32.dll
0x00007ff9f37a0000 - 0x00007ff9f3a14000 	C:\WINDOWS\WinSxS\amd64_microsoft.windows.common-controls_6595b64144ccf1df_6.0.10586.494_none_a2d8b04ea53e3145\COMCTL32.dll
0x00007ff9f8620000 - 0x00007ff9f889d000 	C:\WINDOWS\system32\combase.dll
0x00007ff9f78f0000 - 0x00007ff9f795a000 	C:\WINDOWS\system32\bcryptPrimitives.dll
0x00007ff9f8eb0000 - 0x00007ff9f8eeb000 	C:\WINDOWS\system32\IMM32.DLL
0x00007ff9f76c0000 - 0x00007ff9f76f1000 	C:\Windows\system32\nvinitx.dll
0x00007ff9f76b0000 - 0x00007ff9f76ba000 	C:\WINDOWS\SYSTEM32\VERSION.dll
0x000000000f000000 - 0x000000000f006000 	C:\Program Files\NVIDIA Corporation\CoProcManager\_etoured.dll
0x00007ff9f4420000 - 0x00007ff9f4452000 	C:\Program Files\NVIDIA Corporation\CoProcManager\nvd3d9wrapx.dll
0x00007ff9fad70000 - 0x00007ff9fb199000 	C:\WINDOWS\system32\SETUPAPI.dll
0x00007ff9f7fb0000 - 0x00007ff9f7ff3000 	C:\WINDOWS\system32\CFGMGR32.dll
0x00007ff9f3d80000 - 0x00007ff9f3da2000 	C:\Program Files\NVIDIA Corporation\CoProcManager\nvdxgiwrapx.dll
0x0000000071e40000 - 0x0000000071f12000 	C:\Program Files\Java\jdk1.8.0_45\jre\bin\msvcr100.dll
0x0000000071590000 - 0x0000000071e13000 	C:\Program Files\Java\jdk1.8.0_45\jre\bin\server\jvm.dll
0x00007ff9f85b0000 - 0x00007ff9f85b8000 	C:\WINDOWS\system32\PSAPI.DLL
0x00007ff9ea450000 - 0x00007ff9ea459000 	C:\WINDOWS\SYSTEM32\WSOCK32.dll
0x00007ff9f8d70000 - 0x00007ff9f8ddb000 	C:\WINDOWS\system32\WS2_32.dll
0x00007ff9f5e80000 - 0x00007ff9f5ea3000 	C:\WINDOWS\SYSTEM32\WINMM.dll
0x00007ff9f5e50000 - 0x00007ff9f5e7c000 	C:\WINDOWS\SYSTEM32\WINMMBASE.dll
0x0000000071580000 - 0x000000007158f000 	C:\Program Files\Java\jdk1.8.0_45\jre\bin\verify.dll
0x0000000071550000 - 0x0000000071579000 	C:\Program Files\Java\jdk1.8.0_45\jre\bin\java.dll
0x0000000071530000 - 0x0000000071546000 	C:\Program Files\Java\jdk1.8.0_45\jre\bin\zip.dll
0x00007ff9f92e0000 - 0x00007ff9fa83c000 	C:\WINDOWS\system32\SHELL32.dll
0x00007ff9f7960000 - 0x00007ff9f7fa5000 	C:\WINDOWS\system32\windows.storage.dll
0x00007ff9f90c0000 - 0x00007ff9f9112000 	C:\WINDOWS\system32\shlwapi.dll
0x00007ff9f77f0000 - 0x00007ff9f77ff000 	C:\WINDOWS\system32\kernel.appcore.dll
0x00007ff9f83e0000 - 0x00007ff9f8495000 	C:\WINDOWS\system32\shcore.dll
0x00007ff9f7810000 - 0x00007ff9f785b000 	C:\WINDOWS\system32\powrprof.dll
0x00007ff9f77d0000 - 0x00007ff9f77e4000 	C:\WINDOWS\system32\profapi.dll
0x00007ff9e60b0000 - 0x00007ff9e623c000 	C:\WINDOWS\SYSTEM32\dbghelp.dll

VM Arguments:
jvm_args: -Djava.awt.headless=true -Xmx1024M -Dfile.encoding=x-windows-949 -Duser.country=KR -Duser.language=ko -Duser.variant 
java_command: com.android.dx.command.Main --dex --num-threads=4 --output E:\AndroidStudioProjects\CheongwonPay\app\build\intermediates\pre-dexed\debug\com.google.android.gms-play-services-basement-9.4.0_a81f16e87d78799693263534e614e385de224919.jar E:\AndroidStudioProjects\CheongwonPay\app\build\intermediates\exploded-aar\com.google.android.gms\play-services-basement\9.4.0\jars\classes.jar
java_class_path (initial): E:\Android\sdk\build-tools\23.0.3\lib\dx.jar
Launcher Type: SUN_STANDARD

Environment Variables:
PATH=C:\ProgramData\Oracle\Java\javapath;C:\Program Files (x86)\Wizvera\Delfino;C:\Program Files (x86)\NVIDIA Corporation\PhysX\Common;C:\WINDOWS\system32;C:\WINDOWS;C:\WINDOWS\System32\Wbem;C:\WINDOWS\System32\WindowsPowerShell\v1.0\;C:\Program Files\WIDCOMM\Bluetooth Software\;C:\Program Files\WIDCOMM\Bluetooth Software\syswow64;;C:\Program Files (x86)\Intel\OpenCL SDK\2.0\bin\x86;C:\Program Files (x86)\Intel\OpenCL SDK\2.0\bin\x64;C:\Program Files\Java\jdk1.8.0_45\bin;C:\Program Files\Java\jre1.8.0_45\bin;E:\Android\sdk\platform-tools;C:\Program Files (x86)\Skype\Phone\;C:\Users\Á¤¼·\AppData\Local\Bandizip\7z
USERNAME=Á¤¼·
OS=Windows_NT
PROCESSOR_IDENTIFIER=Intel64 Family 6 Model 42 Stepping 7, GenuineIntel



---------------  S Y S T E M  ---------------

OS: Windows 10.0 , 64 bit Build 10586 (10.0.10586.0)

CPU:total 4 (2 cores per cpu, 2 threads per core) family 6 model 42 stepping 7, cmov, cx8, fxsr, mmx, sse, sse2, sse3, ssse3, sse4.1, sse4.2, popcnt, avx, aes, clmul, ht, tsc, tscinvbit

Memory: 4k page, physical 4104480k(496844k free), swap 5921820k(5640k free)

vm_info: Java HotSpot(TM) 64-Bit Server VM (25.45-b02) for windows-amd64 JRE (1.8.0_45-b15), built on Apr 30 2015 12:40:44 by "java_re" with MS VC++ 10.0 (VS2010)

time: Wed Sep 21 02:12:20 2016
elapsed time: 8 seconds (0d 0h 0m 8s)

