#
# There is insufficient memory for the Java Runtime Environment to continue.
# Native memory allocation (malloc) failed to allocate 710544 bytes for Chunk::new
# Possible reasons:
#   The system is out of physical RAM or swap space
#   In 32 bit mode, the process size limit was hit
# Possible solutions:
#   Reduce memory load on the system
#   Increase physical memory or swap space
#   Check if swap backing store is full
#   Use 64 bit Java on a 64 bit OS
#   Decrease Java heap size (-Xmx/-Xms)
#   Decrease number of Java threads
#   Decrease Java thread stack sizes (-Xss)
#   Set larger code cache with -XX:ReservedCodeCacheSize=
# This output file may be truncated or incomplete.
#
#  Out of Memory Error (allocation.cpp:390), pid=11668, tid=5160
#
# JRE version: Java(TM) SE Runtime Environment (8.0_45-b15) (build 1.8.0_45-b15)
# Java VM: Java HotSpot(TM) 64-Bit Server VM (25.45-b02 mixed mode windows-amd64 compressed oops)
# Failed to write core dump. Minidumps are not enabled by default on client versions of Windows
#

---------------  T H R E A D  ---------------

Current thread (0x0000000007c83000):  JavaThread "C2 CompilerThread1" daemon [_thread_in_native, id=5160, stack(0x0000000008030000,0x0000000008130000)]

Stack: [0x0000000008030000,0x0000000008130000]
Native frames: (J=compiled Java code, j=interpreted, Vv=VM code, C=native code)
V  [jvm.dll+0x32b57a]
V  [jvm.dll+0x279873]
V  [jvm.dll+0x27a509]
V  [jvm.dll+0x271825]
V  [jvm.dll+0xcb9e2]
V  [jvm.dll+0xcbeac]
V  [jvm.dll+0x4929e7]
V  [jvm.dll+0x45f8ca]
V  [jvm.dll+0x46a73b]
V  [jvm.dll+0x46cd52]
V  [jvm.dll+0x4500f2]
V  [jvm.dll+0xa4352]
V  [jvm.dll+0xa4c8f]
V  [jvm.dll+0x241984]
V  [jvm.dll+0x29853a]
C  [msvcr100.dll+0x21d9f]
C  [msvcr100.dll+0x21e3b]
C  [KERNEL32.DLL+0x18102]
C  [ntdll.dll+0x5c5b4]


Current CompileTask:
C2:  10390 1517       4       com.android.dx.dex.code.OutputFinisher::addConstants (93 bytes)


---------------  P R O C E S S  ---------------

Java Threads: ( => current thread )
  0x0000000007e6d000 JavaThread "pool-1-thread-1" [_thread_in_vm, id=3764, stack(0x000000000a2c0000,0x000000000a3c0000)]
  0x0000000007c8e000 JavaThread "Service Thread" daemon [_thread_blocked, id=10336, stack(0x0000000008230000,0x0000000008330000)]
  0x0000000007c85800 JavaThread "C1 CompilerThread2" daemon [_thread_blocked, id=12676, stack(0x0000000008130000,0x0000000008230000)]
=>0x0000000007c83000 JavaThread "C2 CompilerThread1" daemon [_thread_in_native, id=5160, stack(0x0000000008030000,0x0000000008130000)]
  0x0000000005f7c000 JavaThread "C2 CompilerThread0" daemon [_thread_blocked, id=11420, stack(0x0000000007b30000,0x0000000007c30000)]
  0x0000000005f7a800 JavaThread "Attach Listener" daemon [_thread_blocked, id=3716, stack(0x0000000007a30000,0x0000000007b30000)]
  0x0000000005fc9000 JavaThread "Signal Dispatcher" daemon [_thread_blocked, id=6512, stack(0x0000000007930000,0x0000000007a30000)]
  0x0000000002890800 JavaThread "Finalizer" daemon [_thread_blocked, id=13156, stack(0x00000000071e0000,0x00000000072e0000)]
  0x000000000288d000 JavaThread "Reference Handler" daemon [_thread_blocked, id=8016, stack(0x00000000070e0000,0x00000000071e0000)]
  0x00000000027a0800 JavaThread "main" [_thread_blocked, id=10792, stack(0x00000000026a0000,0x00000000027a0000)]

Other Threads:
  0x0000000005f38000 VMThread [stack: 0x0000000006fe0000,0x00000000070e0000] [id=3164]
  0x0000000007c8f000 WatcherThread [stack: 0x0000000008330000,0x0000000008430000] [id=9692]

VM state:not at safepoint (normal execution)

VM Mutex/Monitor currently owned by a thread: None

Heap:
 PSYoungGen      total 35328K, used 16076K [0x00000000eab00000, 0x00000000ed000000, 0x0000000100000000)
  eden space 32768K, 41% used [0x00000000eab00000,0x00000000eb835fc0,0x00000000ecb00000)
  from space 2560K, 99% used [0x00000000ecd80000,0x00000000ecffd0b0,0x00000000ed000000)
  to   space 2560K, 0% used [0x00000000ecb00000,0x00000000ecb00000,0x00000000ecd80000)
 ParOldGen       total 44032K, used 3883K [0x00000000c0000000, 0x00000000c2b00000, 0x00000000eab00000)
  object space 44032K, 8% used [0x00000000c0000000,0x00000000c03caed0,0x00000000c2b00000)
 Metaspace       used 6147K, capacity 7024K, committed 7296K, reserved 1056768K
  class space    used 597K, capacity 616K, committed 640K, reserved 1048576K

Card table byte_map: [0x0000000002c60000,0x0000000002e70000] byte_map_base: 0x0000000002660000

Marking Bits: (ParMarkBitMap*) 0x000000006c934040
 Begin Bits: [0x00000000033d0000, 0x00000000043d0000)
 End Bits:   [0x00000000043d0000, 0x00000000053d0000)

Polling page: 0x0000000000780000

CodeCache: size=245760Kb used=6394Kb max_used=6400Kb free=239365Kb
 bounds [0x000000000f010000, 0x000000000f660000, 0x000000001e010000]
 total_blobs=1792 nmethods=1521 adapters=184
 compilation: enabled

Compilation events (10 events):
Event: 9.804 Thread 0x0000000007c85800 1525       3       com.android.dx.dex.file.CodeItem::addContents (174 bytes)
Event: 9.806 Thread 0x0000000007c85800 nmethod 1525 0x000000000f64f290 code [0x000000000f64f5a0, 0x000000000f650f48]
Event: 9.809 Thread 0x0000000005f7c000 1526       4       java.util.HashMap::putVal (300 bytes)
Event: 9.823 Thread 0x0000000005f7c000 nmethod 1526 0x000000000f654dd0 code [0x000000000f654f80, 0x000000000f655738]
Event: 9.827 Thread 0x0000000007c85800 1527  s    3       com.android.dx.dex.file.MixedItemSection::intern (39 bytes)
Event: 9.828 Thread 0x0000000007c85800 nmethod 1527 0x000000000f653d10 code [0x000000000f653f00, 0x000000000f654a08]
Event: 9.830 Thread 0x0000000007c85800 1528       3       com.android.dx.dex.file.AnnotationItem::hashCode (8 bytes)
Event: 9.830 Thread 0x0000000007c85800 nmethod 1528 0x000000000f64b3d0 code [0x000000000f64b540, 0x000000000f64b748]
Event: 9.831 Thread 0x0000000007c85800 1529       3       com.android.dx.dex.file.AnnotationItem::addContents (27 bytes)
Event: 9.831 Thread 0x0000000007c85800 nmethod 1529 0x000000000f64ad90 code [0x000000000f64af00, 0x000000000f64b2b8]

GC Heap History (4 events):
Event: 2.246 GC heap before
{Heap before GC invocations=1 (full 0):
 PSYoungGen      total 18944K, used 16384K [0x00000000eab00000, 0x00000000ec000000, 0x0000000100000000)
  eden space 16384K, 100% used [0x00000000eab00000,0x00000000ebb00000,0x00000000ebb00000)
  from space 2560K, 0% used [0x00000000ebd80000,0x00000000ebd80000,0x00000000ec000000)
  to   space 2560K, 0% used [0x00000000ebb00000,0x00000000ebb00000,0x00000000ebd80000)
 ParOldGen       total 44032K, used 0K [0x00000000c0000000, 0x00000000c2b00000, 0x00000000eab00000)
  object space 44032K, 0% used [0x00000000c0000000,0x00000000c0000000,0x00000000c2b00000)
 Metaspace       used 5738K, capacity 6704K, committed 6784K, reserved 1056768K
  class space    used 586K, capacity 616K, committed 640K, reserved 1048576K
Event: 2.347 GC heap after
Heap after GC invocations=1 (full 0):
 PSYoungGen      total 18944K, used 2548K [0x00000000eab00000, 0x00000000ed000000, 0x0000000100000000)
  eden space 16384K, 0% used [0x00000000eab00000,0x00000000eab00000,0x00000000ebb00000)
  from space 2560K, 99% used [0x00000000ebb00000,0x00000000ebd7d0a0,0x00000000ebd80000)
  to   space 2560K, 0% used [0x00000000ecd80000,0x00000000ecd80000,0x00000000ed000000)
 ParOldGen       total 44032K, used 1738K [0x00000000c0000000, 0x00000000c2b00000, 0x00000000eab00000)
  object space 44032K, 3% used [0x00000000c0000000,0x00000000c01b2808,0x00000000c2b00000)
 Metaspace       used 5738K, capacity 6704K, committed 6784K, reserved 1056768K
  class space    used 586K, capacity 616K, committed 640K, reserved 1048576K
}
Event: 4.066 GC heap before
{Heap before GC invocations=2 (full 0):
 PSYoungGen      total 18944K, used 18932K [0x00000000eab00000, 0x00000000ed000000, 0x0000000100000000)
  eden space 16384K, 100% used [0x00000000eab00000,0x00000000ebb00000,0x00000000ebb00000)
  from space 2560K, 99% used [0x00000000ebb00000,0x00000000ebd7d0a0,0x00000000ebd80000)
  to   space 2560K, 0% used [0x00000000ecd80000,0x00000000ecd80000,0x00000000ed000000)
 ParOldGen       total 44032K, used 1738K [0x00000000c0000000, 0x00000000c2b00000, 0x00000000eab00000)
  object space 44032K, 3% used [0x00000000c0000000,0x00000000c01b2808,0x00000000c2b00000)
 Metaspace       used 6026K, capacity 6960K, committed 7040K, reserved 1056768K
  class space    used 591K, capacity 616K, committed 640K, reserved 1048576K
Event: 4.419 GC heap after
Heap after GC invocations=2 (full 0):
 PSYoungGen      total 35328K, used 2548K [0x00000000eab00000, 0x00000000ed000000, 0x0000000100000000)
  eden space 32768K, 0% used [0x00000000eab00000,0x00000000eab00000,0x00000000ecb00000)
  from space 2560K, 99% used [0x00000000ecd80000,0x00000000ecffd0b0,0x00000000ed000000)
  to   space 2560K, 0% used [0x00000000ecb00000,0x00000000ecb00000,0x00000000ecd80000)
 ParOldGen       total 44032K, used 3883K [0x00000000c0000000, 0x00000000c2b00000, 0x00000000eab00000)
  object space 44032K, 8% used [0x00000000c0000000,0x00000000c03caed0,0x00000000c2b00000)
 Metaspace       used 6026K, capacity 6960K, committed 7040K, reserved 1056768K
  class space    used 591K, capacity 616K, committed 640K, reserved 1048576K
}

Deoptimization events (10 events):
Event: 6.042 Thread 0x0000000007e6d000 Uncommon trap: reason=class_check action=maybe_recompile pc=0x000000000f5997bc method=java.util.HashMap.putVal(ILjava/lang/Object;Ljava/lang/Object;ZZ)Ljava/lang/Object; @ 203
Event: 6.195 Thread 0x0000000007e63800 Uncommon trap: reason=unstable_if action=reinterpret pc=0x000000000f2e829c method=com.android.dx.rop.cst.Constant.compareTo(Lcom/android/dx/rop/cst/Constant;)I @ 12
Event: 9.745 Thread 0x0000000007e6d000 Uncommon trap: reason=class_check action=maybe_recompile pc=0x000000000f5738d8 method=java.util.Arrays.hashCode([Ljava/lang/Object;)I @ 43
Event: 9.745 Thread 0x0000000007e6d000 Uncommon trap: reason=class_check action=maybe_recompile pc=0x000000000f5738d8 method=java.util.Arrays.hashCode([Ljava/lang/Object;)I @ 43
Event: 9.746 Thread 0x0000000007e6d000 Uncommon trap: reason=class_check action=maybe_recompile pc=0x000000000f5738d8 method=java.util.Arrays.hashCode([Ljava/lang/Object;)I @ 43
Event: 9.747 Thread 0x0000000007e6d000 Uncommon trap: reason=class_check action=maybe_recompile pc=0x000000000f5738d8 method=java.util.Arrays.hashCode([Ljava/lang/Object;)I @ 43
Event: 9.747 Thread 0x0000000007e6d000 Uncommon trap: reason=class_check action=maybe_recompile pc=0x000000000f4fc538 method=java.util.Arrays.hashCode([Ljava/lang/Object;)I @ 43
Event: 9.756 Thread 0x0000000007e6d000 Uncommon trap: reason=class_check action=maybe_recompile pc=0x000000000f5997bc method=java.util.HashMap.putVal(ILjava/lang/Object;Ljava/lang/Object;ZZ)Ljava/lang/Object; @ 203
Event: 9.762 Thread 0x0000000007e6d000 Uncommon trap: reason=class_check action=maybe_recompile pc=0x000000000f5997bc method=java.util.HashMap.putVal(ILjava/lang/Object;Ljava/lang/Object;ZZ)Ljava/lang/Object; @ 203
Event: 9.763 Thread 0x0000000007e6d000 Uncommon trap: reason=unstable_if action=reinterpret pc=0x000000000f599770 method=java.util.HashMap.putVal(ILjava/lang/Object;Ljava/lang/Object;ZZ)Ljava/lang/Object; @ 94

Internal exceptions (2 events):
Event: 0.209 Thread 0x00000000027a0800 Exception <a 'java/lang/NoSuchMethodError': Method sun.misc.Unsafe.defineClass(Ljava/lang/String;[BII)Ljava/lang/Class; name or signature does not match> (0x00000000eab12f00) thrown at [C:\re\workspace\8-2-build-windows-amd64-cygwin\jdk8u45\3627\hotspot\sr{›Ä7ÉÃÊ?
Event: 0.209 Thread 0x00000000027a0800 Exception <a 'java/lang/NoSuchMethodError': Method sun.misc.Unsafe.prefetchRead(Ljava/lang/Object;J)V name or signature does not match> (0x00000000eab13190) thrown at [C:\re\workspace\8-2-build-windows-amd64-cygwin\jdk8u45\3627\hotspot\src\share\vm\prims\j

Events (10 events):
Event: 9.756 Thread 0x0000000007e6d000 DEOPT PACKING pc=0x000000000f5997bc sp=0x000000000a3be770
Event: 9.756 Thread 0x0000000007e6d000 DEOPT UNPACKING pc=0x000000000f05582a sp=0x000000000a3be6e8 mode 2
Event: 9.762 Thread 0x0000000007e6d000 Uncommon trap: trap_request=0xffffffde fr.pc=0x000000000f5997bc
Event: 9.762 Thread 0x0000000007e6d000 DEOPT PACKING pc=0x000000000f5997bc sp=0x000000000a3be770
Event: 9.762 Thread 0x0000000007e6d000 DEOPT UNPACKING pc=0x000000000f05582a sp=0x000000000a3be6e8 mode 2
Event: 9.763 Thread 0x0000000007e6d000 Uncommon trap: trap_request=0xffffff65 fr.pc=0x000000000f599770
Event: 9.763 Thread 0x0000000007e6d000 DEOPT PACKING pc=0x000000000f599770 sp=0x000000000a3be6a0
Event: 9.763 Thread 0x0000000007e6d000 DEOPT UNPACKING pc=0x000000000f05582a sp=0x000000000a3be620 mode 2
Event: 9.781 loading class com/android/dx/dex/file/CatchStructs
Event: 9.781 loading class com/android/dx/dex/file/CatchStructs done


Dynamic libraries:
0x00007ff67cce0000 - 0x00007ff67cd17000 	C:\Program Files\Java\jdk1.8.0_45\bin\java.exe
0x00007ffe8e9c0000 - 0x00007ffe8eb81000 	C:\WINDOWS\SYSTEM32\ntdll.dll
0x00007ffe8c470000 - 0x00007ffe8c51d000 	C:\WINDOWS\system32\KERNEL32.DLL
0x00007ffe8bb40000 - 0x00007ffe8bd28000 	C:\WINDOWS\system32\KERNELBASE.dll
0x00007ffe8e0a0000 - 0x00007ffe8e147000 	C:\WINDOWS\system32\ADVAPI32.dll
0x00007ffe8e240000 - 0x00007ffe8e2dd000 	C:\WINDOWS\system32\msvcrt.dll
0x00007ffe8e960000 - 0x00007ffe8e9bb000 	C:\WINDOWS\system32\sechost.dll
0x00007ffe8df20000 - 0x00007ffe8e03c000 	C:\WINDOWS\system32\RPCRT4.dll
0x00007ffe8bed0000 - 0x00007ffe8c026000 	C:\WINDOWS\system32\USER32.dll
0x00007ffe8e340000 - 0x00007ffe8e4c6000 	C:\WINDOWS\system32\GDI32.dll
0x00007ffe86660000 - 0x00007ffe868d4000 	C:\WINDOWS\WinSxS\amd64_microsoft.windows.common-controls_6595b64144ccf1df_6.0.10586.494_none_a2d8b04ea53e3145\COMCTL32.dll
0x00007ffe8e630000 - 0x00007ffe8e8ad000 	C:\WINDOWS\system32\combase.dll
0x00007ffe8b3a0000 - 0x00007ffe8b40a000 	C:\WINDOWS\system32\bcryptPrimitives.dll
0x00007ffe8e920000 - 0x00007ffe8e95b000 	C:\WINDOWS\system32\IMM32.DLL
0x00007ffe8aec0000 - 0x00007ffe8aef1000 	C:\Windows\system32\nvinitx.dll
0x00007ffe8af30000 - 0x00007ffe8af3a000 	C:\WINDOWS\SYSTEM32\VERSION.dll
0x000000000f000000 - 0x000000000f006000 	C:\Program Files\NVIDIA Corporation\CoProcManager\_etoured.dll
0x00007ffe89320000 - 0x00007ffe89352000 	C:\Program Files\NVIDIA Corporation\CoProcManager\nvd3d9wrapx.dll
0x00007ffe8c030000 - 0x00007ffe8c459000 	C:\WINDOWS\system32\SETUPAPI.dll
0x00007ffe8b350000 - 0x00007ffe8b393000 	C:\WINDOWS\system32\CFGMGR32.dll
0x00007ffe87ea0000 - 0x00007ffe87ec2000 	C:\Program Files\NVIDIA Corporation\CoProcManager\nvdxgiwrapx.dll
0x000000006b340000 - 0x000000006b412000 	C:\Program Files\Java\jdk1.8.0_45\jre\bin\msvcr100.dll
0x000000006c130000 - 0x000000006c9b3000 	C:\Program Files\Java\jdk1.8.0_45\jre\bin\server\jvm.dll
0x00007ffe8c460000 - 0x00007ffe8c468000 	C:\WINDOWS\system32\PSAPI.DLL
0x00007ffe7e890000 - 0x00007ffe7e899000 	C:\WINDOWS\SYSTEM32\WSOCK32.dll
0x00007ffe8de40000 - 0x00007ffe8deab000 	C:\WINDOWS\system32\WS2_32.dll
0x00007ffe892a0000 - 0x00007ffe892c3000 	C:\WINDOWS\SYSTEM32\WINMM.dll
0x00007ffe89050000 - 0x00007ffe8907c000 	C:\WINDOWS\SYSTEM32\WINMMBASE.dll
0x000000006c120000 - 0x000000006c12f000 	C:\Program Files\Java\jdk1.8.0_45\jre\bin\verify.dll
0x000000006c0f0000 - 0x000000006c119000 	C:\Program Files\Java\jdk1.8.0_45\jre\bin\java.dll
0x000000006c0d0000 - 0x000000006c0e6000 	C:\Program Files\Java\jdk1.8.0_45\jre\bin\zip.dll
0x00007ffe8c6d0000 - 0x00007ffe8dc2c000 	C:\WINDOWS\system32\SHELL32.dll
0x00000000072e0000 - 0x0000000007925000 	C:\WINDOWS\system32\windows.storage.dll
0x00007ffe8e2e0000 - 0x00007ffe8e332000 	C:\WINDOWS\system32\shlwapi.dll
0x00007ffe8afe0000 - 0x00007ffe8afef000 	C:\WINDOWS\system32\kernel.appcore.dll
0x00007ffe8b410000 - 0x00007ffe8b4c5000 	C:\WINDOWS\system32\shcore.dll
0x00007ffe8aff0000 - 0x00007ffe8b03b000 	C:\WINDOWS\system32\powrprof.dll
0x00007ffe8b050000 - 0x00007ffe8b064000 	C:\WINDOWS\system32\profapi.dll
0x00007ffe77d00000 - 0x00007ffe77e8c000 	C:\WINDOWS\SYSTEM32\dbghelp.dll

VM Arguments:
jvm_args: -Djava.awt.headless=true -Xmx1024M -Dfile.encoding=x-windows-949 -Duser.country=KR -Duser.language=ko -Duser.variant 
java_command: com.android.dx.command.Main --dex --force-jumbo --num-threads=4 --multi-dex --output E:\AndroidStudioProjects\CheongwonPay\app\build\intermediates\transforms\dex\debug\folders\1000\10\com.google.android.gms-play-services-appindexing-8.1.0_79f66d43f2213ff8080f62f28235e0d0bb13b5c4 E:\AndroidStudioProjects\CheongwonPay\app\build\intermediates\exploded-aar\com.google.android.gms\play-services-appindexing\8.1.0\jars\classes.jar
java_class_path (initial): E:\Android\sdk\build-tools\23.0.3\lib\dx.jar
Launcher Type: SUN_STANDARD

Environment Variables:
PATH=C:\ProgramData\Oracle\Java\javapath;C:\Program Files (x86)\Wizvera\Delfino;C:\Program Files (x86)\NVIDIA Corporation\PhysX\Common;C:\WINDOWS\system32;C:\WINDOWS;C:\WINDOWS\System32\Wbem;C:\WINDOWS\System32\WindowsPowerShell\v1.0\;C:\Program Files\WIDCOMM\Bluetooth Software\;C:\Program Files\WIDCOMM\Bluetooth Software\syswow64;;C:\Program Files (x86)\Intel\OpenCL SDK\2.0\bin\x86;C:\Program Files (x86)\Intel\OpenCL SDK\2.0\bin\x64;C:\Program Files\Java\jdk1.8.0_45\bin;C:\Program Files\Java\jre1.8.0_45\bin;E:\Android\sdk\platform-tools;C:\Program Files (x86)\Skype\Phone\;C:\Users\Á¤¼·\AppData\Local\Bandizip\7z
USERNAME=Á¤¼·
OS=Windows_NT
PROCESSOR_IDENTIFIER=Intel64 Family 6 Model 42 Stepping 7, GenuineIntel



---------------  S Y S T E M  ---------------

OS: Windows 10.0 , 64 bit Build 10586 (10.0.10586.0)

CPU:total 4 (2 cores per cpu, 2 threads per core) family 6 model 42 stepping 7, cmov, cx8, fxsr, mmx, sse, sse2, sse3, ssse3, sse4.1, sse4.2, popcnt, avx, aes, clmul, ht, tsc, tscinvbit

Memory: 4k page, physical 4104480k(332524k free), swap 6560280k(8160k free)

vm_info: Java HotSpot(TM) 64-Bit Server VM (25.45-b02) for windows-amd64 JRE (1.8.0_45-b15), built on Apr 30 2015 12:40:44 by "java_re" with MS VC++ 10.0 (VS2010)

time: Sat Sep 03 23:30:57 2016
elapsed time: 10 seconds (0d 0h 0m 10s)

