#
# There is insufficient memory for the Java Runtime Environment to continue.
# Native memory allocation (malloc) failed to allocate 1048576 bytes for AllocateHeap
# Possible reasons:
#   The system is out of physical RAM or swap space
#   In 32 bit mode, the process size limit was hit
# Possible solutions:
#   Reduce memory load on the system
#   Increase physical memory or swap space
#   Check if swap backing store is full
#   Use 64 bit Java on a 64 bit OS
#   Decrease Java heap size (-Xmx/-Xms)
#   Decrease number of Java threads
#   Decrease Java thread stack sizes (-Xss)
#   Set larger code cache with -XX:ReservedCodeCacheSize=
# This output file may be truncated or incomplete.
#
#  Out of Memory Error (memory/allocation.inline.hpp:61), pid=5372, tid=11112
#
# JRE version:  (8.0_45-b15) (build )
# Java VM: Java HotSpot(TM) 64-Bit Server VM (25.45-b02 mixed mode windows-amd64 compressed oops)
# Failed to write core dump. Minidumps are not enabled by default on client versions of Windows
#

---------------  T H R E A D  ---------------

Current thread (0x0000000002bb0800):  JavaThread "Unknown thread" [_thread_in_vm, id=11112, stack(0x0000000002a50000,0x0000000002b50000)]

Stack: [0x0000000002a50000,0x0000000002b50000]
Native frames: (J=compiled Java code, j=interpreted, Vv=VM code, C=native code)
V  [jvm.dll+0x32b57a]


---------------  P R O C E S S  ---------------

Java Threads: ( => current thread )

Other Threads:

=>0x0000000002bb0800 (exited) JavaThread "Unknown thread" [_thread_in_vm, id=11112, stack(0x0000000002a50000,0x0000000002b50000)]

VM state:not at safepoint (normal execution)

VM Mutex/Monitor currently owned by a thread: None

Heap:
 PSYoungGen      total 18944K, used 327K [0x00000000eab00000, 0x00000000ec000000, 0x0000000100000000)
  eden space 16384K, 2% used [0x00000000eab00000,0x00000000eab51ec8,0x00000000ebb00000)
  from space 2560K, 0% used [0x00000000ebd80000,0x00000000ebd80000,0x00000000ec000000)
  to   space 2560K, 0% used [0x00000000ebb00000,0x00000000ebb00000,0x00000000ebd80000)
 ParOldGen       total 44032K, used 0K [0x00000000c0000000, 0x00000000c2b00000, 0x00000000eab00000)
  object space 44032K, 0% used [0x00000000c0000000,0x00000000c0000000,0x00000000c2b00000)
 Metaspace       used 766K, capacity 4480K, committed 4480K, reserved 1056768K
  class space    used 75K, capacity 384K, committed 384K, reserved 1048576K

Card table byte_map: [0x0000000003070000,0x0000000003280000] byte_map_base: 0x0000000002a70000

Marking Bits: (ParMarkBitMap*) 0x0000000065ef4040
 Begin Bits: [0x00000000037e0000, 0x00000000047e0000)
 End Bits:   [0x00000000047e0000, 0x00000000057e0000)

Polling page: 0x0000000000cc0000

CodeCache: size=245760Kb used=328Kb max_used=328Kb free=245431Kb
 bounds [0x000000000f010000, 0x000000000f280000, 0x000000001e010000]
 total_blobs=57 nmethods=0 adapters=37
 compilation: enabled

Compilation events (0 events):
No events

GC Heap History (0 events):
No events

Deoptimization events (0 events):
No events

Internal exceptions (0 events):
No events

Events (10 events):
Event: 0.088 loading class java/lang/Short
Event: 0.088 loading class java/lang/Short done
Event: 0.088 loading class java/lang/Integer
Event: 0.088 loading class java/lang/Integer done
Event: 0.088 loading class java/lang/Long
Event: 0.089 loading class java/lang/Long done
Event: 0.090 loading class java/lang/NullPointerException
Event: 0.090 loading class java/lang/NullPointerException done
Event: 0.090 loading class java/lang/ArithmeticException
Event: 0.090 loading class java/lang/ArithmeticException done


Dynamic libraries:
0x00007ff7fcaf0000 - 0x00007ff7fcb27000 	C:\Program Files\Java\jdk1.8.0_45\bin\java.exe
0x00007ffb85840000 - 0x00007ffb85a01000 	C:\WINDOWS\SYSTEM32\ntdll.dll
0x00007ffb85790000 - 0x00007ffb8583d000 	C:\WINDOWS\system32\KERNEL32.DLL
0x00007ffb82790000 - 0x00007ffb82978000 	C:\WINDOWS\system32\KERNELBASE.dll
0x00007ffb851b0000 - 0x00007ffb85257000 	C:\WINDOWS\system32\ADVAPI32.dll
0x00007ffb853c0000 - 0x00007ffb8545d000 	C:\WINDOWS\system32\msvcrt.dll
0x00007ffb846d0000 - 0x00007ffb8472b000 	C:\WINDOWS\system32\sechost.dll
0x00007ffb84fa0000 - 0x00007ffb850bc000 	C:\WINDOWS\system32\RPCRT4.dll
0x00007ffb84b60000 - 0x00007ffb84cb6000 	C:\WINDOWS\system32\USER32.dll
0x00007ffb82c40000 - 0x00007ffb82dc6000 	C:\WINDOWS\system32\GDI32.dll
0x00007ffb7dff0000 - 0x00007ffb7e264000 	C:\WINDOWS\WinSxS\amd64_microsoft.windows.common-controls_6595b64144ccf1df_6.0.10586.494_none_a2d8b04ea53e3145\COMCTL32.dll
0x00007ffb85460000 - 0x00007ffb856dd000 	C:\WINDOWS\system32\combase.dll
0x00007ffb82980000 - 0x00007ffb829ea000 	C:\WINDOWS\system32\bcryptPrimitives.dll
0x00007ffb845c0000 - 0x00007ffb845fb000 	C:\WINDOWS\system32\IMM32.DLL
0x00007ffb81d50000 - 0x00007ffb81d81000 	C:\Windows\system32\nvinitx.dll
0x00007ffb81d40000 - 0x00007ffb81d4a000 	C:\WINDOWS\SYSTEM32\VERSION.dll
0x000000000f000000 - 0x000000000f006000 	C:\Program Files\NVIDIA Corporation\CoProcManager\_etoured.dll
0x00007ffb7eb00000 - 0x00007ffb7eb32000 	C:\Program Files\NVIDIA Corporation\CoProcManager\nvd3d9wrapx.dll
0x00007ffb84730000 - 0x00007ffb84b59000 	C:\WINDOWS\system32\SETUPAPI.dll
0x00007ffb82bf0000 - 0x00007ffb82c33000 	C:\WINDOWS\system32\CFGMGR32.dll
0x00007ffb7eac0000 - 0x00007ffb7eae2000 	C:\Program Files\NVIDIA Corporation\CoProcManager\nvdxgiwrapx.dll
0x0000000064ee0000 - 0x0000000064fb2000 	C:\Program Files\Java\jdk1.8.0_45\jre\bin\msvcr100.dll
0x00000000656f0000 - 0x0000000065f73000 	C:\Program Files\Java\jdk1.8.0_45\jre\bin\server\jvm.dll
0x00007ffb84330000 - 0x00007ffb84338000 	C:\WINDOWS\system32\PSAPI.DLL
0x00007ffb74960000 - 0x00007ffb74969000 	C:\WINDOWS\SYSTEM32\WSOCK32.dll
0x00007ffb85120000 - 0x00007ffb8518b000 	C:\WINDOWS\system32\WS2_32.dll
0x00007ffb804e0000 - 0x00007ffb80503000 	C:\WINDOWS\SYSTEM32\WINMM.dll
0x00007ffb804b0000 - 0x00007ffb804dc000 	C:\WINDOWS\SYSTEM32\WINMMBASE.dll
0x00000000656e0000 - 0x00000000656ef000 	C:\Program Files\Java\jdk1.8.0_45\jre\bin\verify.dll
0x00000000656b0000 - 0x00000000656d9000 	C:\Program Files\Java\jdk1.8.0_45\jre\bin\java.dll
0x0000000065690000 - 0x00000000656a6000 	C:\Program Files\Java\jdk1.8.0_45\jre\bin\zip.dll
0x00007ffb70450000 - 0x00007ffb705dc000 	C:\WINDOWS\SYSTEM32\dbghelp.dll

VM Arguments:
jvm_args: -Djava.awt.headless=true -Xmx1024M -Dfile.encoding=x-windows-949 -Duser.country=KR -Duser.language=ko -Duser.variant 
java_command: com.android.dx.command.Main --dex --num-threads=4 --output E:\AndroidStudioProjects\CheongwonPay\app\build\intermediates\pre-dexed\release\com.android.support-animated-vector-drawable-24.1.1_67c8d35fb6114f3fae4a9797b2d835d7f7a83289.jar E:\AndroidStudioProjects\CheongwonPay\app\build\intermediates\exploded-aar\com.android.support\animated-vector-drawable\24.1.1\jars\classes.jar
java_class_path (initial): E:\Android\sdk\build-tools\23.0.3\lib\dx.jar
Launcher Type: SUN_STANDARD

Environment Variables:
PATH=C:\ProgramData\Oracle\Java\javapath;C:\Program Files (x86)\Wizvera\Delfino;C:\Program Files (x86)\NVIDIA Corporation\PhysX\Common;C:\WINDOWS\system32;C:\WINDOWS;C:\WINDOWS\System32\Wbem;C:\WINDOWS\System32\WindowsPowerShell\v1.0\;C:\Program Files\WIDCOMM\Bluetooth Software\;C:\Program Files\WIDCOMM\Bluetooth Software\syswow64;;C:\Program Files (x86)\Intel\OpenCL SDK\2.0\bin\x86;C:\Program Files (x86)\Intel\OpenCL SDK\2.0\bin\x64;C:\Program Files\Java\jdk1.8.0_45\bin;C:\Program Files\Java\jre1.8.0_45\bin;E:\Android\sdk\platform-tools;C:\Program Files (x86)\Skype\Phone\;C:\Users\Á¤¼·\AppData\Local\Bandizip\7z
USERNAME=Á¤¼·
OS=Windows_NT
PROCESSOR_IDENTIFIER=Intel64 Family 6 Model 42 Stepping 7, GenuineIntel



---------------  S Y S T E M  ---------------

OS: Windows 10.0 , 64 bit Build 10586 (10.0.10586.0)

CPU:total 4 (2 cores per cpu, 2 threads per core) family 6 model 42 stepping 7, cmov, cx8, fxsr, mmx, sse, sse2, sse3, ssse3, sse4.1, sse4.2, popcnt, avx, aes, clmul, ht, tsc, tscinvbit

Memory: 4k page, physical 4104480k(576192k free), swap 6730592k(3252k free)

vm_info: Java HotSpot(TM) 64-Bit Server VM (25.45-b02) for windows-amd64 JRE (1.8.0_45-b15), built on Apr 30 2015 12:40:44 by "java_re" with MS VC++ 10.0 (VS2010)

time: Fri Sep 16 20:05:20 2016
elapsed time: 0 seconds (0d 0h 0m 0s)

