#
# There is insufficient memory for the Java Runtime Environment to continue.
# Native memory allocation (malloc) failed to allocate 477328 bytes for Chunk::new
# Possible reasons:
#   The system is out of physical RAM or swap space
#   In 32 bit mode, the process size limit was hit
# Possible solutions:
#   Reduce memory load on the system
#   Increase physical memory or swap space
#   Check if swap backing store is full
#   Use 64 bit Java on a 64 bit OS
#   Decrease Java heap size (-Xmx/-Xms)
#   Decrease number of Java threads
#   Decrease Java thread stack sizes (-Xss)
#   Set larger code cache with -XX:ReservedCodeCacheSize=
# This output file may be truncated or incomplete.
#
#  Out of Memory Error (allocation.cpp:390), pid=13240, tid=9740
#
# JRE version: Java(TM) SE Runtime Environment (8.0_45-b15) (build 1.8.0_45-b15)
# Java VM: Java HotSpot(TM) 64-Bit Server VM (25.45-b02 mixed mode windows-amd64 compressed oops)
# Failed to write core dump. Minidumps are not enabled by default on client versions of Windows
#

---------------  T H R E A D  ---------------

Current thread (0x0000000014d98800):  JavaThread "C2 CompilerThread1" daemon [_thread_in_native, id=9740, stack(0x0000000016790000,0x0000000016890000)]

Stack: [0x0000000016790000,0x0000000016890000]
Native frames: (J=compiled Java code, j=interpreted, Vv=VM code, C=native code)
V  [jvm.dll+0x32b57a]
V  [jvm.dll+0x279873]
V  [jvm.dll+0x27a509]
V  [jvm.dll+0x271825]
V  [jvm.dll+0xcb9e2]
V  [jvm.dll+0xcbeac]
V  [jvm.dll+0x464342]
V  [jvm.dll+0x4db685]
V  [jvm.dll+0x4dc287]
V  [jvm.dll+0x46a551]
V  [jvm.dll+0x46cd52]
V  [jvm.dll+0x4500f2]
V  [jvm.dll+0xa4352]
V  [jvm.dll+0xa4c8f]
V  [jvm.dll+0x241984]
V  [jvm.dll+0x29853a]
C  [msvcr100.dll+0x21d9f]
C  [msvcr100.dll+0x21e3b]
C  [KERNEL32.DLL+0x8364]
C  [ntdll.dll+0x670d1]


Current CompileTask:
C2:   8856 1313       4       com.android.dx.ssa.SCCP::simulateBranch (666 bytes)


---------------  P R O C E S S  ---------------

Java Threads: ( => current thread )
  0x0000000016334800 JavaThread "pool-1-thread-4" [_thread_in_Java, id=14048, stack(0x0000000016f90000,0x0000000017090000)]
  0x0000000016334000 JavaThread "pool-1-thread-3" [_thread_in_Java, id=12964, stack(0x0000000016e90000,0x0000000016f90000)]
  0x0000000016333800 JavaThread "pool-1-thread-2" [_thread_in_Java, id=13908, stack(0x0000000016d90000,0x0000000016e90000)]
  0x0000000016332800 JavaThread "pool-2-thread-1" [_thread_blocked, id=14872, stack(0x0000000016c90000,0x0000000016d90000)]
  0x0000000016330000 JavaThread "pool-1-thread-1" [_thread_in_Java, id=9472, stack(0x0000000016b90000,0x0000000016c90000)]
  0x0000000014d9e000 JavaThread "Service Thread" daemon [_thread_blocked, id=6800, stack(0x0000000016990000,0x0000000016a90000)]
  0x0000000014d9c800 JavaThread "C1 CompilerThread2" daemon [_thread_blocked, id=10144, stack(0x0000000016890000,0x0000000016990000)]
=>0x0000000014d98800 JavaThread "C2 CompilerThread1" daemon [_thread_in_native, id=9740, stack(0x0000000016790000,0x0000000016890000)]
  0x0000000014d51800 JavaThread "C2 CompilerThread0" daemon [_thread_in_native, id=344, stack(0x0000000016690000,0x0000000016790000)]
  0x0000000014d5b800 JavaThread "Attach Listener" daemon [_thread_blocked, id=13460, stack(0x0000000016590000,0x0000000016690000)]
  0x00000000160d3800 JavaThread "Signal Dispatcher" daemon [_thread_blocked, id=12036, stack(0x0000000016490000,0x0000000016590000)]
  0x0000000002660800 JavaThread "Finalizer" daemon [_thread_blocked, id=904, stack(0x0000000015f90000,0x0000000016090000)]
  0x000000000265d000 JavaThread "Reference Handler" daemon [_thread_blocked, id=10344, stack(0x0000000015e90000,0x0000000015f90000)]
  0x0000000002570800 JavaThread "main" [_thread_blocked, id=11788, stack(0x00000000008c0000,0x00000000009c0000)]

Other Threads:
  0x0000000014d08000 VMThread [stack: 0x0000000015d90000,0x0000000015e90000] [id=6204]
  0x00000000160ff800 WatcherThread [stack: 0x0000000016a90000,0x0000000016b90000] [id=11488]

VM state:not at safepoint (normal execution)

VM Mutex/Monitor currently owned by a thread: None

Heap:
 PSYoungGen      total 35328K, used 9647K [0x00000000eab00000, 0x00000000ed000000, 0x0000000100000000)
  eden space 32768K, 21% used [0x00000000eab00000,0x00000000eb1eca38,0x00000000ecb00000)
  from space 2560K, 99% used [0x00000000ecd80000,0x00000000ecfff478,0x00000000ed000000)
  to   space 2560K, 0% used [0x00000000ecb00000,0x00000000ecb00000,0x00000000ecd80000)
 ParOldGen       total 44032K, used 3150K [0x00000000c0000000, 0x00000000c2b00000, 0x00000000eab00000)
  object space 44032K, 7% used [0x00000000c0000000,0x00000000c0313958,0x00000000c2b00000)
 Metaspace       used 6075K, capacity 6960K, committed 7040K, reserved 1056768K
  class space    used 596K, capacity 616K, committed 640K, reserved 1048576K

Card table byte_map: [0x0000000011a30000,0x0000000011c40000] byte_map_base: 0x0000000011430000

Marking Bits: (ParMarkBitMap*) 0x0000000051f34040
 Begin Bits: [0x00000000121a0000, 0x00000000131a0000)
 End Bits:   [0x00000000131a0000, 0x00000000141a0000)

Polling page: 0x0000000000610000

CodeCache: size=245760Kb used=5377Kb max_used=5381Kb free=240382Kb
 bounds [0x0000000002670000, 0x0000000002bc0000, 0x0000000011670000]
 total_blobs=1618 nmethods=1347 adapters=184
 compilation: enabled

Compilation events (10 events):
Event: 8.823 Thread 0x0000000014d9c800 1356       3       com.android.dx.dex.file.MemberIdItem::<init> (14 bytes)
Event: 8.824 Thread 0x0000000014d9c800 nmethod 1356 0x0000000002b9b9d0 code [0x0000000002b9bb60, 0x0000000002b9c008]
Event: 8.824 Thread 0x0000000014d9c800 1358       3       com.android.dx.ssa.LocalVariableExtractor::extract (14 bytes)
Event: 8.824 Thread 0x0000000014d9c800 nmethod 1358 0x0000000002b9b590 code [0x0000000002b9b700, 0x0000000002b9b8f8]
Event: 8.824 Thread 0x0000000014d9c800 1357       3       com.android.dx.dex.file.EncodedMember::<init> (10 bytes)
Event: 8.824 Thread 0x0000000014d9c800 nmethod 1357 0x0000000002b9b1d0 code [0x0000000002b9b320, 0x0000000002b9b4d0]
Event: 8.824 Thread 0x0000000014d9c800 1350       3       com.android.dx.dex.code.OutputFinisher::hasLocalInfo (20 bytes)
Event: 8.824 Thread 0x0000000014d9c800 nmethod 1350 0x0000000002b9e150 code [0x0000000002b9e2c0, 0x0000000002b9e550]
Event: 8.824 Thread 0x0000000014d9c800 1351       1       com.android.dx.rop.code.LocalItem::getName (5 bytes)
Event: 8.825 Thread 0x0000000014d9c800 nmethod 1351 0x0000000002b9af10 code [0x0000000002b9b060, 0x0000000002b9b170]

GC Heap History (4 events):
Event: 4.638 GC heap before
{Heap before GC invocations=1 (full 0):
 PSYoungGen      total 18944K, used 16384K [0x00000000eab00000, 0x00000000ec000000, 0x0000000100000000)
  eden space 16384K, 100% used [0x00000000eab00000,0x00000000ebb00000,0x00000000ebb00000)
  from space 2560K, 0% used [0x00000000ebd80000,0x00000000ebd80000,0x00000000ec000000)
  to   space 2560K, 0% used [0x00000000ebb00000,0x00000000ebb00000,0x00000000ebd80000)
 ParOldGen       total 44032K, used 0K [0x00000000c0000000, 0x00000000c2b00000, 0x00000000eab00000)
  object space 44032K, 0% used [0x00000000c0000000,0x00000000c0000000,0x00000000c2b00000)
 Metaspace       used 5497K, capacity 6448K, committed 6528K, reserved 1056768K
  class space    used 591K, capacity 616K, committed 640K, reserved 1048576K
Event: 4.813 GC heap after
Heap after GC invocations=1 (full 0):
 PSYoungGen      total 18944K, used 2529K [0x00000000eab00000, 0x00000000ed000000, 0x0000000100000000)
  eden space 16384K, 0% used [0x00000000eab00000,0x00000000eab00000,0x00000000ebb00000)
  from space 2560K, 98% used [0x00000000ebb00000,0x00000000ebd786e8,0x00000000ebd80000)
  to   space 2560K, 0% used [0x00000000ecd80000,0x00000000ecd80000,0x00000000ed000000)
 ParOldGen       total 44032K, used 1072K [0x00000000c0000000, 0x00000000c2b00000, 0x00000000eab00000)
  object space 44032K, 2% used [0x00000000c0000000,0x00000000c010c3d0,0x00000000c2b00000)
 Metaspace       used 5497K, capacity 6448K, committed 6528K, reserved 1056768K
  class space    used 591K, capacity 616K, committed 640K, reserved 1048576K
}
Event: 8.547 GC heap before
{Heap before GC invocations=2 (full 0):
 PSYoungGen      total 18944K, used 18913K [0x00000000eab00000, 0x00000000ed000000, 0x0000000100000000)
  eden space 16384K, 100% used [0x00000000eab00000,0x00000000ebb00000,0x00000000ebb00000)
  from space 2560K, 98% used [0x00000000ebb00000,0x00000000ebd786e8,0x00000000ebd80000)
  to   space 2560K, 0% used [0x00000000ecd80000,0x00000000ecd80000,0x00000000ed000000)
 ParOldGen       total 44032K, used 1072K [0x00000000c0000000, 0x00000000c2b00000, 0x00000000eab00000)
  object space 44032K, 2% used [0x00000000c0000000,0x00000000c010c3d0,0x00000000c2b00000)
 Metaspace       used 6002K, capacity 6896K, committed 7040K, reserved 1056768K
  class space    used 596K, capacity 616K, committed 640K, reserved 1048576K
Event: 8.672 GC heap after
Heap after GC invocations=2 (full 0):
 PSYoungGen      total 35328K, used 2557K [0x00000000eab00000, 0x00000000ed000000, 0x0000000100000000)
  eden space 32768K, 0% used [0x00000000eab00000,0x00000000eab00000,0x00000000ecb00000)
  from space 2560K, 99% used [0x00000000ecd80000,0x00000000ecfff478,0x00000000ed000000)
  to   space 2560K, 0% used [0x00000000ecb00000,0x00000000ecb00000,0x00000000ecd80000)
 ParOldGen       total 44032K, used 3150K [0x00000000c0000000, 0x00000000c2b00000, 0x00000000eab00000)
  object space 44032K, 7% used [0x00000000c0000000,0x00000000c0313958,0x00000000c2b00000)
 Metaspace       used 6002K, capacity 6896K, committed 7040K, reserved 1056768K
  class space    used 596K, capacity 616K, committed 640K, reserved 1048576K
}

Deoptimization events (4 events):
Event: 2.550 Thread 0x0000000002570800 Uncommon trap: reason=unstable_if action=reinterpret pc=0x00000000027c8e94 method=java.lang.String.compareTo(Ljava/lang/String;)I @ 38
Event: 2.715 Thread 0x0000000002570800 Uncommon trap: reason=unstable_if action=reinterpret pc=0x00000000027cff98 method=java.lang.String.indexOf(II)I @ 49
Event: 6.553 Thread 0x0000000016330000 Uncommon trap: reason=unstable_if action=reinterpret pc=0x00000000028d18e0 method=com.android.dx.rop.code.RegisterSpec.equals(ILcom/android/dx/rop/type/TypeBearer;Lcom/android/dx/rop/code/LocalItem;)Z @ 42
Event: 7.862 Thread 0x0000000016330000 Uncommon trap: reason=bimorphic action=maybe_recompile pc=0x0000000002ade4b0 method=java.util.HashMap.putVal(ILjava/lang/Object;Ljava/lang/Object;ZZ)Ljava/lang/Object; @ 91

Internal exceptions (2 events):
Event: 0.822 Thread 0x0000000002570800 Exception <a 'java/lang/NoSuchMethodError': Method sun.misc.Unsafe.defineClass(Ljava/lang/String;[BII)Ljava/lang/Class; name or signature does not match> (0x00000000eab12f58) thrown at [C:\re\workspace\8-2-build-windows-amd64-cygwin\jdk8u45\3627\hotspot\srïn/±›Mê?
Event: 0.822 Thread 0x0000000002570800 Exception <a 'java/lang/NoSuchMethodError': Method sun.misc.Unsafe.prefetchRead(Ljava/lang/Object;J)V name or signature does not match> (0x00000000eab131e8) thrown at [C:\re\workspace\8-2-build-windows-amd64-cygwin\jdk8u45\3627\hotspot\src\share\vm\prims\j

Events (10 events):
Event: 6.480 loading class java/util/DualPivotQuicksort
Event: 6.480 loading class java/util/DualPivotQuicksort done
Event: 6.553 Thread 0x0000000016330000 Uncommon trap: trap_request=0xffffff65 fr.pc=0x00000000028d18e0
Event: 6.553 Thread 0x0000000016330000 DEOPT PACKING pc=0x00000000028d18e0 sp=0x0000000016c8ef30
Event: 6.553 Thread 0x0000000016330000 DEOPT UNPACKING pc=0x00000000026b582a sp=0x0000000016c8eeb8 mode 2
Event: 7.862 Thread 0x0000000016330000 Uncommon trap: trap_request=0xffffffc6 fr.pc=0x0000000002ade4b0
Event: 7.862 Thread 0x0000000016330000 DEOPT PACKING pc=0x0000000002ade4b0 sp=0x0000000016c8ef10
Event: 7.862 Thread 0x0000000016330000 DEOPT UNPACKING pc=0x00000000026b582a sp=0x0000000016c8ee98 mode 2
Event: 7.964 Executing VM operation: ParallelGCFailedAllocation
Event: 8.672 Executing VM operation: ParallelGCFailedAllocation done


Dynamic libraries:
0x00007ff66dcb0000 - 0x00007ff66dce7000 	C:\Program Files\Java\jdk1.8.0_45\bin\java.exe
0x00007ffdb5810000 - 0x00007ffdb59e1000 	C:\WINDOWS\SYSTEM32\ntdll.dll
0x00007ffdb5200000 - 0x00007ffdb52ab000 	C:\WINDOWS\System32\KERNEL32.DLL
0x00007ffdb2090000 - 0x00007ffdb22ad000 	C:\WINDOWS\System32\KERNELBASE.dll
0x00007ffdb3420000 - 0x00007ffdb34c2000 	C:\WINDOWS\System32\ADVAPI32.dll
0x00007ffdb4cb0000 - 0x00007ffdb4d4e000 	C:\WINDOWS\System32\msvcrt.dll
0x00007ffdb4a00000 - 0x00007ffdb4a59000 	C:\WINDOWS\System32\sechost.dll
0x00007ffdb52b0000 - 0x00007ffdb53d1000 	C:\WINDOWS\System32\RPCRT4.dll
0x00007ffdb53e0000 - 0x00007ffdb5545000 	C:\WINDOWS\System32\USER32.dll
0x00007ffdb2a40000 - 0x00007ffdb2a5e000 	C:\WINDOWS\System32\win32u.dll
0x00007ffdb33e0000 - 0x00007ffdb3414000 	C:\WINDOWS\System32\GDI32.dll
0x00007ffdb1db0000 - 0x00007ffdb1f32000 	C:\WINDOWS\System32\gdi32full.dll
0x00007ffda5b50000 - 0x00007ffda5dc9000 	C:\WINDOWS\WinSxS\amd64_microsoft.windows.common-controls_6595b64144ccf1df_6.0.14393.447_none_42191651c6827bb3\COMCTL32.dll
0x00007ffdb2e40000 - 0x00007ffdb3108000 	C:\WINDOWS\System32\combase.dll
0x00007ffdb1f40000 - 0x00007ffdb2035000 	C:\WINDOWS\System32\ucrtbase.dll
0x00007ffdb2d30000 - 0x00007ffdb2d9a000 	C:\WINDOWS\System32\bcryptPrimitives.dll
0x00007ffdb4a60000 - 0x00007ffdb4a8e000 	C:\WINDOWS\System32\IMM32.DLL
0x00007ffdb1b80000 - 0x00007ffdb1bb0000 	C:\WINDOWS\system32\DriverStore\FileRepository\nvsmwu.inf_amd64_40e2f893a8ddfad8\nvinitx.dll
0x00007ffdb1b70000 - 0x00007ffdb1b7a000 	C:\WINDOWS\SYSTEM32\VERSION.dll
0x00007ffdb34d0000 - 0x00007ffdb49d9000 	C:\WINDOWS\System32\Shell32.dll
0x00007ffdb2040000 - 0x00007ffdb2082000 	C:\WINDOWS\System32\cfgmgr32.dll
0x00007ffdb22b0000 - 0x00007ffdb298a000 	C:\WINDOWS\System32\windows.storage.dll
0x00007ffdb1cb0000 - 0x00007ffdb1cfc000 	C:\WINDOWS\System32\powrprof.dll
0x00007ffdb3170000 - 0x00007ffdb31c2000 	C:\WINDOWS\System32\shlwapi.dll
0x00007ffdb1c80000 - 0x00007ffdb1c8f000 	C:\WINDOWS\System32\kernel.appcore.dll
0x00007ffdb1d00000 - 0x00007ffdb1da9000 	C:\WINDOWS\System32\shcore.dll
0x00007ffdb1c90000 - 0x00007ffdb1ca4000 	C:\WINDOWS\System32\profapi.dll
0x00000000543d0000 - 0x00000000543d6000 	C:\Program Files\NVIDIA Corporation\CoProcManager\_etoured.dll
0x00007ffda9e90000 - 0x00007ffda9ecb000 	C:\Program Files\NVIDIA Corporation\CoProcManager\nvd3d9wrapx.dll
0x00007ffdb4dc0000 - 0x00007ffdb51e9000 	C:\WINDOWS\System32\SETUPAPI.dll
0x00007ffda9100000 - 0x00007ffda9124000 	C:\Program Files\NVIDIA Corporation\CoProcManager\nvdxgiwrapx.dll
0x0000000051fc0000 - 0x0000000052092000 	C:\Program Files\Java\jdk1.8.0_45\jre\bin\msvcr100.dll
0x0000000051730000 - 0x0000000051fb3000 	C:\Program Files\Java\jdk1.8.0_45\jre\bin\server\jvm.dll
0x00007ffdb51f0000 - 0x00007ffdb51f8000 	C:\WINDOWS\System32\PSAPI.DLL
0x00007ffda40f0000 - 0x00007ffda40f9000 	C:\WINDOWS\SYSTEM32\WSOCK32.dll
0x00007ffdb3370000 - 0x00007ffdb33da000 	C:\WINDOWS\System32\WS2_32.dll
0x00007ffdaf6f0000 - 0x00007ffdaf713000 	C:\WINDOWS\SYSTEM32\WINMM.dll
0x00007ffdaf5b0000 - 0x00007ffdaf5db000 	C:\WINDOWS\SYSTEM32\WINMMBASE.dll
0x0000000052a00000 - 0x0000000052a0f000 	C:\Program Files\Java\jdk1.8.0_45\jre\bin\verify.dll
0x00000000529d0000 - 0x00000000529f9000 	C:\Program Files\Java\jdk1.8.0_45\jre\bin\java.dll
0x0000000051710000 - 0x0000000051726000 	C:\Program Files\Java\jdk1.8.0_45\jre\bin\zip.dll
0x00007ffdb1800000 - 0x00007ffdb1992000 	C:\WINDOWS\SYSTEM32\dbghelp.dll

VM Arguments:
jvm_args: -Djava.awt.headless=true -Xmx1024M -Dfile.encoding=x-windows-949 -Duser.country=KR -Duser.language=ko -Duser.variant 
java_command: com.android.dx.command.Main --dex --num-threads=4 --output E:\AAAAAAFolder\Documents\AndroidStudioProjects\CheongwonPay\app\build\intermediates\pre-dexed\debug\com.android.support-appcompat-v7-24.1.1_81493a560a2ca695a0fc93cdad3df59320fe46b6.jar E:\AAAAAAFolder\Documents\AndroidStudioProjects\CheongwonPay\app\build\intermediates\exploded-aar\com.android.support\appcompat-v7\24.1.1\jars\classes.jar
java_class_path (initial): E:\Android\sdk\build-tools\23.0.3\lib\dx.jar
Launcher Type: SUN_STANDARD

Environment Variables:
PATH=C:\ProgramData\Oracle\Java\javapath;C:\Program Files (x86)\Wizvera\Delfino;C:\Program Files (x86)\NVIDIA Corporation\PhysX\Common;C:\WINDOWS\system32;C:\WINDOWS;C:\WINDOWS\System32\Wbem;C:\WINDOWS\System32\WindowsPowerShell\v1.0\;C:\Program Files\WIDCOMM\Bluetooth Software\;C:\Program Files\WIDCOMM\Bluetooth Software\syswow64;;C:\Program Files (x86)\Intel\OpenCL SDK\2.0\bin\x86;C:\Program Files (x86)\Intel\OpenCL SDK\2.0\bin\x64;C:\Program Files\Java\jdk1.8.0_45\bin;C:\Program Files\Java\jre1.8.0_45\bin;E:\Android\sdk\platform-tools;C:\Program Files (x86)\Skype\Phone\;C:\Users\Jeongseop\AppData\Local\Bandizip\7z;C:\Users\Jeongseop\AppData\Local\Microsoft\WindowsApps;
USERNAME=Jeongseop
OS=Windows_NT
PROCESSOR_IDENTIFIER=Intel64 Family 6 Model 42 Stepping 7, GenuineIntel



---------------  S Y S T E M  ---------------

OS: Windows 10.0 , 64 bit Build 14393 (10.0.14393.0)

CPU:total 4 (2 cores per cpu, 2 threads per core) family 6 model 42 stepping 7, cmov, cx8, fxsr, mmx, sse, sse2, sse3, ssse3, sse4.1, sse4.2, popcnt, avx, aes, clmul, ht, tsc, tscinvbit

Memory: 4k page, physical 4104480k(436684k free), swap 6726036k(3120k free)

vm_info: Java HotSpot(TM) 64-Bit Server VM (25.45-b02) for windows-amd64 JRE (1.8.0_45-b15), built on Apr 30 2015 12:40:44 by "java_re" with MS VC++ 10.0 (VS2010)

time: Sat Mar 04 00:15:33 2017
elapsed time: 8 seconds (0d 0h 0m 8s)

