#
# There is insufficient memory for the Java Runtime Environment to continue.
# Native memory allocation (malloc) failed to allocate 2080496 bytes for Chunk::new
# Possible reasons:
#   The system is out of physical RAM or swap space
#   In 32 bit mode, the process size limit was hit
# Possible solutions:
#   Reduce memory load on the system
#   Increase physical memory or swap space
#   Check if swap backing store is full
#   Use 64 bit Java on a 64 bit OS
#   Decrease Java heap size (-Xmx/-Xms)
#   Decrease number of Java threads
#   Decrease Java thread stack sizes (-Xss)
#   Set larger code cache with -XX:ReservedCodeCacheSize=
# This output file may be truncated or incomplete.
#
#  Out of Memory Error (allocation.cpp:390), pid=10144, tid=3628
#
# JRE version: Java(TM) SE Runtime Environment (8.0_45-b15) (build 1.8.0_45-b15)
# Java VM: Java HotSpot(TM) 64-Bit Server VM (25.45-b02 mixed mode windows-amd64 compressed oops)
# Failed to write core dump. Minidumps are not enabled by default on client versions of Windows
#

---------------  T H R E A D  ---------------

Current thread (0x000000000644c000):  JavaThread "C2 CompilerThread1" daemon [_thread_in_native, id=3628, stack(0x0000000007a40000,0x0000000007b40000)]

Stack: [0x0000000007a40000,0x0000000007b40000]
Native frames: (J=compiled Java code, j=interpreted, Vv=VM code, C=native code)
V  [jvm.dll+0x32b57a]


Current CompileTask:
C2:   6463 1670   !   4       com.android.dx.cf.code.Ropper::processBlock (1101 bytes)


---------------  P R O C E S S  ---------------

Java Threads: ( => current thread )
  0x0000000007dd0800 JavaThread "pool-1-thread-4" [_thread_in_Java, id=8692, stack(0x0000000008640000,0x0000000008740000)]
  0x0000000007dcd000 JavaThread "pool-1-thread-3" [_thread_in_vm, id=12412, stack(0x0000000008540000,0x0000000008640000)]
  0x0000000007dca800 JavaThread "pool-1-thread-2" [_thread_in_vm, id=5316, stack(0x0000000008440000,0x0000000008540000)]
  0x0000000007dc3800 JavaThread "pool-2-thread-1" [_thread_blocked, id=2452, stack(0x0000000008340000,0x0000000008440000)]
  0x0000000007dc0800 JavaThread "pool-1-thread-1" [_thread_in_Java, id=7088, stack(0x0000000008240000,0x0000000008340000)]
  0x0000000007b9f000 JavaThread "Service Thread" daemon [_thread_blocked, id=5404, stack(0x0000000008040000,0x0000000008140000)]
  0x0000000007b99000 JavaThread "C1 CompilerThread2" daemon [_thread_blocked, id=1700, stack(0x0000000007f40000,0x0000000008040000)]
=>0x000000000644c000 JavaThread "C2 CompilerThread1" daemon [_thread_in_native, id=3628, stack(0x0000000007a40000,0x0000000007b40000)]
  0x00000000063fc000 JavaThread "C2 CompilerThread0" daemon [_thread_in_native, id=5060, stack(0x0000000007940000,0x0000000007a40000)]
  0x00000000063fa800 JavaThread "Attach Listener" daemon [_thread_blocked, id=11292, stack(0x0000000007840000,0x0000000007940000)]
  0x0000000006449000 JavaThread "Signal Dispatcher" daemon [_thread_blocked, id=9132, stack(0x0000000007740000,0x0000000007840000)]
  0x0000000002d11800 JavaThread "Finalizer" daemon [_thread_blocked, id=10904, stack(0x0000000007640000,0x0000000007740000)]
  0x0000000002d0e800 JavaThread "Reference Handler" daemon [_thread_blocked, id=3948, stack(0x0000000007540000,0x0000000007640000)]
  0x0000000002c20800 JavaThread "main" [_thread_in_vm, id=12148, stack(0x0000000002b20000,0x0000000002c20000)]

Other Threads:
  0x00000000063b7000 VMThread [stack: 0x0000000007440000,0x0000000007540000] [id=13152]
  0x0000000007ba0000 WatcherThread [stack: 0x0000000008140000,0x0000000008240000] [id=7812]

VM state:synchronizing (normal execution)

VM Mutex/Monitor currently owned by a thread:  ([mutex/lock_event])
[0x000000000268c440] Safepoint_lock - owner thread: 0x00000000063b7000
[0x000000000268c540] Threads_lock - owner thread: 0x00000000063b7000
[0x000000000268c840] Heap_lock - owner thread: 0x0000000002c20800

Heap:
 PSYoungGen      total 35328K, used 35299K [0x00000000eab00000, 0x00000000efc00000, 0x0000000100000000)
  eden space 32768K, 100% used [0x00000000eab00000,0x00000000ecb00000,0x00000000ecb00000)
  from space 2560K, 98% used [0x00000000ecb00000,0x00000000ecd78e08,0x00000000ecd80000)
  to   space 8704K, 0% used [0x00000000ef380000,0x00000000ef380000,0x00000000efc00000)
 ParOldGen       total 44032K, used 15971K [0x00000000c0000000, 0x00000000c2b00000, 0x00000000eab00000)
  object space 44032K, 36% used [0x00000000c0000000,0x00000000c0f98c60,0x00000000c2b00000)
 Metaspace       used 6322K, capacity 7128K, committed 7424K, reserved 1056768K
  class space    used 617K, capacity 656K, committed 768K, reserved 1048576K

Card table byte_map: [0x00000000030e0000,0x00000000032f0000] byte_map_base: 0x0000000002ae0000

Marking Bits: (ParMarkBitMap*) 0x0000000055af4040
 Begin Bits: [0x0000000003850000, 0x0000000004850000)
 End Bits:   [0x0000000004850000, 0x0000000005850000)

Polling page: 0x0000000000e50000

CodeCache: size=245760Kb used=7381Kb max_used=7394Kb free=238378Kb
 bounds [0x000000000f010000, 0x000000000f750000, 0x000000001e010000]
 total_blobs=1972 nmethods=1701 adapters=184
 compilation: enabled

Compilation events (10 events):
Event: 6.309 Thread 0x0000000007b99000 1750       3       com.android.dx.ssa.NormalSsaInsn::accept (25 bytes)
Event: 6.309 Thread 0x0000000007b99000 nmethod 1750 0x000000000f72e5d0 code [0x000000000f72e760, 0x000000000f72ed18]
Event: 6.314 Thread 0x0000000007b99000 1753       3       com.android.dx.util.ByteArray::getByte (14 bytes)
Event: 6.315 Thread 0x0000000007b99000 nmethod 1753 0x000000000f72e0d0 code [0x000000000f72e240, 0x000000000f72e488]
Event: 6.324 Thread 0x00000000063fc000 nmethod 1744 0x000000000f74b490 code [0x000000000f74b6e0, 0x000000000f74cef8]
Event: 6.325 Thread 0x00000000063fc000 1757       4       com.android.dx.ssa.BasicRegisterMapper::addMapping (68 bytes)
Event: 6.338 Thread 0x00000000063fc000 nmethod 1757 0x000000000f7343d0 code [0x000000000f734520, 0x000000000f734a58]
Event: 6.338 Thread 0x00000000063fc000 1760       4       com.android.dx.ssa.SsaBasicBlock::newFromRop (183 bytes)
Event: 6.390 Thread 0x0000000007b99000 1773       2       com.android.dx.cf.direct.DirectClassFile::getSourceFile (31 bytes)
Event: 6.391 Thread 0x0000000007b99000 nmethod 1773 0x000000000f72db90 code [0x000000000f72dd00, 0x000000000f72df58]

GC Heap History (10 events):
Event: 1.381 GC heap before
{Heap before GC invocations=1 (full 0):
 PSYoungGen      total 18944K, used 16384K [0x00000000eab00000, 0x00000000ec000000, 0x0000000100000000)
  eden space 16384K, 100% used [0x00000000eab00000,0x00000000ebb00000,0x00000000ebb00000)
  from space 2560K, 0% used [0x00000000ebd80000,0x00000000ebd80000,0x00000000ec000000)
  to   space 2560K, 0% used [0x00000000ebb00000,0x00000000ebb00000,0x00000000ebd80000)
 ParOldGen       total 44032K, used 0K [0x00000000c0000000, 0x00000000c2b00000, 0x00000000eab00000)
  object space 44032K, 0% used [0x00000000c0000000,0x00000000c0000000,0x00000000c2b00000)
 Metaspace       used 5765K, capacity 6704K, committed 6784K, reserved 1056768K
  class space    used 592K, capacity 616K, committed 640K, reserved 1048576K
Event: 1.390 GC heap after
Heap after GC invocations=1 (full 0):
 PSYoungGen      total 18944K, used 2528K [0x00000000eab00000, 0x00000000ec000000, 0x0000000100000000)
  eden space 16384K, 0% used [0x00000000eab00000,0x00000000eab00000,0x00000000ebb00000)
  from space 2560K, 98% used [0x00000000ebb00000,0x00000000ebd78288,0x00000000ebd80000)
  to   space 2560K, 0% used [0x00000000ebd80000,0x00000000ebd80000,0x00000000ec000000)
 ParOldGen       total 44032K, used 1627K [0x00000000c0000000, 0x00000000c2b00000, 0x00000000eab00000)
  object space 44032K, 3% used [0x00000000c0000000,0x00000000c0196e88,0x00000000c2b00000)
 Metaspace       used 5765K, capacity 6704K, committed 6784K, reserved 1056768K
  class space    used 592K, capacity 616K, committed 640K, reserved 1048576K
}
Event: 2.007 GC heap before
{Heap before GC invocations=2 (full 0):
 PSYoungGen      total 18944K, used 18912K [0x00000000eab00000, 0x00000000ec000000, 0x0000000100000000)
  eden space 16384K, 100% used [0x00000000eab00000,0x00000000ebb00000,0x00000000ebb00000)
  from space 2560K, 98% used [0x00000000ebb00000,0x00000000ebd78288,0x00000000ebd80000)
  to   space 2560K, 0% used [0x00000000ebd80000,0x00000000ebd80000,0x00000000ec000000)
 ParOldGen       total 44032K, used 1627K [0x00000000c0000000, 0x00000000c2b00000, 0x00000000eab00000)
  object space 44032K, 3% used [0x00000000c0000000,0x00000000c0196e88,0x00000000c2b00000)
 Metaspace       used 6034K, capacity 6960K, committed 7040K, reserved 1056768K
  class space    used 594K, capacity 616K, committed 640K, reserved 1048576K
Event: 2.022 GC heap after
Heap after GC invocations=2 (full 0):
 PSYoungGen      total 18944K, used 2537K [0x00000000eab00000, 0x00000000ed000000, 0x0000000100000000)
  eden space 16384K, 0% used [0x00000000eab00000,0x00000000eab00000,0x00000000ebb00000)
  from space 2560K, 99% used [0x00000000ebd80000,0x00000000ebffa658,0x00000000ec000000)
  to   space 2560K, 0% used [0x00000000ebb00000,0x00000000ebb00000,0x00000000ebd80000)
 ParOldGen       total 44032K, used 4295K [0x00000000c0000000, 0x00000000c2b00000, 0x00000000eab00000)
  object space 44032K, 9% used [0x00000000c0000000,0x00000000c0431dd0,0x00000000c2b00000)
 Metaspace       used 6034K, capacity 6960K, committed 7040K, reserved 1056768K
  class space    used 594K, capacity 616K, committed 640K, reserved 1048576K
}
Event: 2.519 GC heap before
{Heap before GC invocations=3 (full 0):
 PSYoungGen      total 18944K, used 18921K [0x00000000eab00000, 0x00000000ed000000, 0x0000000100000000)
  eden space 16384K, 100% used [0x00000000eab00000,0x00000000ebb00000,0x00000000ebb00000)
  from space 2560K, 99% used [0x00000000ebd80000,0x00000000ebffa658,0x00000000ec000000)
  to   space 2560K, 0% used [0x00000000ebb00000,0x00000000ebb00000,0x00000000ebd80000)
 ParOldGen       total 44032K, used 4295K [0x00000000c0000000, 0x00000000c2b00000, 0x00000000eab00000)
  object space 44032K, 9% used [0x00000000c0000000,0x00000000c0431dd0,0x00000000c2b00000)
 Metaspace       used 6134K, capacity 7024K, committed 7296K, reserved 1056768K
  class space    used 596K, capacity 616K, committed 640K, reserved 1048576K
Event: 2.625 GC heap after
Heap after GC invocations=3 (full 0):
 PSYoungGen      total 18944K, used 2545K [0x00000000eab00000, 0x00000000ed000000, 0x0000000100000000)
  eden space 16384K, 0% used [0x00000000eab00000,0x00000000eab00000,0x00000000ebb00000)
  from space 2560K, 99% used [0x00000000ebb00000,0x00000000ebd7c628,0x00000000ebd80000)
  to   space 2560K, 0% used [0x00000000ecd80000,0x00000000ecd80000,0x00000000ed000000)
 ParOldGen       total 44032K, used 6916K [0x00000000c0000000, 0x00000000c2b00000, 0x00000000eab00000)
  object space 44032K, 15% used [0x00000000c0000000,0x00000000c06c1270,0x00000000c2b00000)
 Metaspace       used 6134K, capacity 7024K, committed 7296K, reserved 1056768K
  class space    used 596K, capacity 616K, committed 640K, reserved 1048576K
}
Event: 3.497 GC heap before
{Heap before GC invocations=4 (full 0):
 PSYoungGen      total 18944K, used 18929K [0x00000000eab00000, 0x00000000ed000000, 0x0000000100000000)
  eden space 16384K, 100% used [0x00000000eab00000,0x00000000ebb00000,0x00000000ebb00000)
  from space 2560K, 99% used [0x00000000ebb00000,0x00000000ebd7c628,0x00000000ebd80000)
  to   space 2560K, 0% used [0x00000000ecd80000,0x00000000ecd80000,0x00000000ed000000)
 ParOldGen       total 44032K, used 6916K [0x00000000c0000000, 0x00000000c2b00000, 0x00000000eab00000)
  object space 44032K, 15% used [0x00000000c0000000,0x00000000c06c1270,0x00000000c2b00000)
 Metaspace       used 6181K, capacity 7088K, committed 7296K, reserved 1056768K
  class space    used 596K, capacity 616K, committed 640K, reserved 1048576K
Event: 3.572 GC heap after
Heap after GC invocations=4 (full 0):
 PSYoungGen      total 35328K, used 2531K [0x00000000eab00000, 0x00000000ed000000, 0x0000000100000000)
  eden space 32768K, 0% used [0x00000000eab00000,0x00000000eab00000,0x00000000ecb00000)
  from space 2560K, 98% used [0x00000000ecd80000,0x00000000ecff8d20,0x00000000ed000000)
  to   space 2560K, 0% used [0x00000000ecb00000,0x00000000ecb00000,0x00000000ecd80000)
 ParOldGen       total 44032K, used 10001K [0x00000000c0000000, 0x00000000c2b00000, 0x00000000eab00000)
  object space 44032K, 22% used [0x00000000c0000000,0x00000000c09c4750,0x00000000c2b00000)
 Metaspace       used 6181K, capacity 7088K, committed 7296K, reserved 1056768K
  class space    used 596K, capacity 616K, committed 640K, reserved 1048576K
}
Event: 4.959 GC heap before
{Heap before GC invocations=5 (full 0):
 PSYoungGen      total 35328K, used 35299K [0x00000000eab00000, 0x00000000ed000000, 0x0000000100000000)
  eden space 32768K, 100% used [0x00000000eab00000,0x00000000ecb00000,0x00000000ecb00000)
  from space 2560K, 98% used [0x00000000ecd80000,0x00000000ecff8d20,0x00000000ed000000)
  to   space 2560K, 0% used [0x00000000ecb00000,0x00000000ecb00000,0x00000000ecd80000)
 ParOldGen       total 44032K, used 10001K [0x00000000c0000000, 0x00000000c2b00000, 0x00000000eab00000)
  object space 44032K, 22% used [0x00000000c0000000,0x00000000c09c4750,0x00000000c2b00000)
 Metaspace       used 6317K, capacity 7128K, committed 7424K, reserved 1056768K
  class space    used 617K, capacity 656K, committed 768K, reserved 1048576K
Event: 5.313 GC heap after
Heap after GC invocations=5 (full 0):
 PSYoungGen      total 35328K, used 2531K [0x00000000eab00000, 0x00000000efc00000, 0x0000000100000000)
  eden space 32768K, 0% used [0x00000000eab00000,0x00000000eab00000,0x00000000ecb00000)
  from space 2560K, 98% used [0x00000000ecb00000,0x00000000ecd78e08,0x00000000ecd80000)
  to   space 8704K, 0% used [0x00000000ef380000,0x00000000ef380000,0x00000000efc00000)
 ParOldGen       total 44032K, used 15971K [0x00000000c0000000, 0x00000000c2b00000, 0x00000000eab00000)
  object space 44032K, 36% used [0x00000000c0000000,0x00000000c0f98c60,0x00000000c2b00000)
 Metaspace       used 6317K, capacity 7128K, committed 7424K, reserved 1056768K
  class space    used 617K, capacity 656K, committed 768K, reserved 1048576K
}

Deoptimization events (10 events):
Event: 3.945 Thread 0x0000000002c20800 Uncommon trap: reason=unstable_if action=reinterpret pc=0x000000000f50e1e4 method=java.util.HashMap.putVal(ILjava/lang/Object;Ljava/lang/Object;ZZ)Ljava/lang/Object; @ 162
Event: 3.946 Thread 0x0000000002c20800 Uncommon trap: reason=unstable_if action=reinterpret pc=0x000000000f44d348 method=java.util.HashMap.putVal(ILjava/lang/Object;Ljava/lang/Object;ZZ)Ljava/lang/Object; @ 162
Event: 3.958 Thread 0x0000000007dca800 Uncommon trap: reason=unstable_if action=reinterpret pc=0x000000000f4fab3c method=com.android.dx.util.IntList.binarysearch(I)I @ 105
Event: 4.459 Thread 0x0000000007dca800 Uncommon trap: reason=unstable_if action=reinterpret pc=0x000000000f353398 method=java.util.HashMap.putVal(ILjava/lang/Object;Ljava/lang/Object;ZZ)Ljava/lang/Object; @ 162
Event: 4.465 Thread 0x0000000007dca800 Uncommon trap: reason=bimorphic action=maybe_recompile pc=0x000000000f6218ec method=com.android.dx.ssa.LiteralOpUpgrader.tryReplacingWithConstant(Lcom/android/dx/ssa/NormalSsaInsn;)Z @ 52
Event: 4.476 Thread 0x0000000007dca800 Uncommon trap: reason=bimorphic action=maybe_recompile pc=0x000000000f6218ec method=com.android.dx.ssa.LiteralOpUpgrader.tryReplacingWithConstant(Lcom/android/dx/ssa/NormalSsaInsn;)Z @ 52
Event: 4.481 Thread 0x0000000007dcd000 Uncommon trap: reason=bimorphic action=maybe_recompile pc=0x000000000f6bf1f4 method=com.android.dx.cf.code.BytecodeArray.parseInstruction(ILcom/android/dx/cf/code/BytecodeArray$Visitor;)I @ 1357
Event: 4.481 Thread 0x0000000007dcd000 Uncommon trap: reason=bimorphic action=maybe_recompile pc=0x000000000f6bf1f4 method=com.android.dx.cf.code.BytecodeArray.parseInstruction(ILcom/android/dx/cf/code/BytecodeArray$Visitor;)I @ 1357
Event: 5.663 Thread 0x0000000007dcd000 Uncommon trap: reason=unstable_if action=reinterpret pc=0x000000000f72975c method=java.util.HashMap.putVal(ILjava/lang/Object;Ljava/lang/Object;ZZ)Ljava/lang/Object; @ 109
Event: 6.383 Thread 0x0000000007dc0800 Uncommon trap: reason=bimorphic action=maybe_recompile pc=0x000000000f6218ec method=com.android.dx.ssa.LiteralOpUpgrader.tryReplacingWithConstant(Lcom/android/dx/ssa/NormalSsaInsn;)Z @ 52

Internal exceptions (6 events):
Event: 0.078 Thread 0x0000000002c20800 Exception <a 'java/lang/NoSuchMethodError': Method sun.misc.Unsafe.defineClass(Ljava/lang/String;[BII)Ljava/lang/Class; name or signature does not match> (0x00000000eab12f00) thrown at [C:\re\workspace\8-2-build-windows-amd64-cygwin\jdk8u45\3627\hotspot\sr£!‡ﬂ?ﬂ≥?
Event: 0.078 Thread 0x0000000002c20800 Exception <a 'java/lang/NoSuchMethodError': Method sun.misc.Unsafe.prefetchRead(Ljava/lang/Object;J)V name or signature does not match> (0x00000000eab13190) thrown at [C:\re\workspace\8-2-build-windows-amd64-cygwin\jdk8u45\3627\hotspot\src\share\vm\prims\j*ÊvéË@
Event: 3.738 Thread 0x0000000007dcd000 Implicit null exception at 0x000000000f3ab183 to 0x000000000f3ae079
Event: 3.927 Thread 0x0000000007dca800 Exception <a 'java/lang/ArrayIndexOutOfBoundsException': 18> (0x00000000eb5caa30) thrown at [C:\re\workspace\8-2-build-windows-amd64-cygwin\jdk8u45\3627\hotspot\src\share\vm\interpreter\interpreterRuntime.cpp, line 366]
Event: 3.928 Thread 0x0000000007dca800 Exception <a 'java/lang/ArrayIndexOutOfBoundsException'> (0x00000000eb5cc500) thrown at [C:\re\workspace\8-2-build-windows-amd64-cygwin\jdk8u45\3627\hotspot\src\share\vm\runtime\sharedRuntime.cpp, line 605]
Event: 3.929 Thread 0x0000000007dca800 Exception <a 'java/lang/ArrayIndexOutOfBoundsException'> (0x00000000eb5cd738) thrown at [C:\re\workspace\8-2-build-windows-amd64-cygwin\jdk8u45\3627\hotspot\src\share\vm\runtime\sharedRuntime.cpp, line 605]

Events (10 events):
Event: 5.401 Thread 0x0000000007dd0800 DEOPT UNPACKING pc=0x000000000f05787f sp=0x000000000873e170 mode 0
Event: 5.661 Thread 0x0000000007dcd000 DEOPT PACKING pc=0x000000000f45a5d9 sp=0x000000000863ece0
Event: 5.661 Thread 0x0000000007dcd000 DEOPT UNPACKING pc=0x000000000f05787f sp=0x000000000863eb10 mode 0
Event: 5.663 Thread 0x0000000007dcd000 Uncommon trap: trap_request=0xffffff65 fr.pc=0x000000000f72975c
Event: 5.663 Thread 0x0000000007dcd000 DEOPT PACKING pc=0x000000000f72975c sp=0x000000000863ec90
Event: 5.663 Thread 0x0000000007dcd000 DEOPT UNPACKING pc=0x000000000f05582a sp=0x000000000863eb38 mode 2
Event: 6.383 Thread 0x0000000007dc0800 Uncommon trap: trap_request=0xffffffc6 fr.pc=0x000000000f6218ec
Event: 6.383 Thread 0x0000000007dc0800 DEOPT PACKING pc=0x000000000f6218ec sp=0x000000000833e680
Event: 6.383 Thread 0x0000000007dc0800 DEOPT UNPACKING pc=0x000000000f05582a sp=0x000000000833e578 mode 2
Event: 6.428 Executing VM operation: ParallelGCFailedAllocation


Dynamic libraries:
0x00007ff6108f0000 - 0x00007ff610927000 	C:\Program Files\Java\jdk1.8.0_45\bin\java.exe
0x00007ffbade70000 - 0x00007ffbae031000 	C:\WINDOWS\SYSTEM32\ntdll.dll
0x00007ffbad9d0000 - 0x00007ffbada7d000 	C:\WINDOWS\system32\KERNEL32.DLL
0x00007ffbaa9c0000 - 0x00007ffbaaba8000 	C:\WINDOWS\system32\KERNELBASE.dll
0x00007ffbab9f0000 - 0x00007ffbaba97000 	C:\WINDOWS\system32\ADVAPI32.dll
0x00007ffbada80000 - 0x00007ffbadb1d000 	C:\WINDOWS\system32\msvcrt.dll
0x00007ffbad970000 - 0x00007ffbad9cb000 	C:\WINDOWS\system32\sechost.dll
0x00007ffbadc00000 - 0x00007ffbadd1c000 	C:\WINDOWS\system32\RPCRT4.dll
0x00007ffbab890000 - 0x00007ffbab9e6000 	C:\WINDOWS\system32\USER32.dll
0x00007ffbab580000 - 0x00007ffbab706000 	C:\WINDOWS\system32\GDI32.dll
0x00007ffba5ac0000 - 0x00007ffba5d34000 	C:\WINDOWS\WinSxS\amd64_microsoft.windows.common-controls_6595b64144ccf1df_6.0.10586.494_none_a2d8b04ea53e3145\COMCTL32.dll
0x00007ffbad1d0000 - 0x00007ffbad44d000 	C:\WINDOWS\system32\combase.dll
0x00007ffbab200000 - 0x00007ffbab26a000 	C:\WINDOWS\system32\bcryptPrimitives.dll
0x00007ffbadd20000 - 0x00007ffbadd5b000 	C:\WINDOWS\system32\IMM32.DLL
0x00007ffbaa380000 - 0x00007ffbaa3b1000 	C:\Windows\system32\nvinitx.dll
0x00007ffbaa370000 - 0x00007ffbaa37a000 	C:\WINDOWS\SYSTEM32\VERSION.dll
0x000000000f000000 - 0x000000000f006000 	C:\Program Files\NVIDIA Corporation\CoProcManager\_etoured.dll
0x00007ffba76d0000 - 0x00007ffba7702000 	C:\Program Files\NVIDIA Corporation\CoProcManager\nvd3d9wrapx.dll
0x00007ffbad460000 - 0x00007ffbad889000 	C:\WINDOWS\system32\SETUPAPI.dll
0x00007ffbaa720000 - 0x00007ffbaa763000 	C:\WINDOWS\system32\CFGMGR32.dll
0x00007ffba7470000 - 0x00007ffba7492000 	C:\Program Files\NVIDIA Corporation\CoProcManager\nvdxgiwrapx.dll
0x0000000056520000 - 0x00000000565f2000 	C:\Program Files\Java\jdk1.8.0_45\jre\bin\msvcr100.dll
0x00000000552f0000 - 0x0000000055b73000 	C:\Program Files\Java\jdk1.8.0_45\jre\bin\server\jvm.dll
0x00007ffbab270000 - 0x00007ffbab278000 	C:\WINDOWS\system32\PSAPI.DLL
0x00007ffb9ee10000 - 0x00007ffb9ee19000 	C:\WINDOWS\SYSTEM32\WSOCK32.dll
0x00007ffbabc00000 - 0x00007ffbabc6b000 	C:\WINDOWS\system32\WS2_32.dll
0x00007ffba8840000 - 0x00007ffba8863000 	C:\WINDOWS\SYSTEM32\WINMM.dll
0x00007ffba8720000 - 0x00007ffba874c000 	C:\WINDOWS\SYSTEM32\WINMMBASE.dll
0x0000000056990000 - 0x000000005699f000 	C:\Program Files\Java\jdk1.8.0_45\jre\bin\verify.dll
0x0000000056960000 - 0x0000000056989000 	C:\Program Files\Java\jdk1.8.0_45\jre\bin\java.dll
0x0000000056940000 - 0x0000000056956000 	C:\Program Files\Java\jdk1.8.0_45\jre\bin\zip.dll
0x00007ffbabc70000 - 0x00007ffbad1cc000 	C:\WINDOWS\system32\SHELL32.dll
0x00007ffbaabb0000 - 0x00007ffbab1f5000 	C:\WINDOWS\system32\windows.storage.dll
0x00007ffbab830000 - 0x00007ffbab882000 	C:\WINDOWS\system32\shlwapi.dll
0x00007ffbaa4f0000 - 0x00007ffbaa4ff000 	C:\WINDOWS\system32\kernel.appcore.dll
0x00007ffbaa520000 - 0x00007ffbaa5d5000 	C:\WINDOWS\system32\shcore.dll
0x00007ffbaa490000 - 0x00007ffbaa4db000 	C:\WINDOWS\system32\powrprof.dll
0x00007ffbaa500000 - 0x00007ffbaa514000 	C:\WINDOWS\system32\profapi.dll
0x00007ffb962e0000 - 0x00007ffb9646c000 	C:\WINDOWS\SYSTEM32\dbghelp.dll

VM Arguments:
jvm_args: -Djava.awt.headless=true -Xmx1024M -Dfile.encoding=x-windows-949 -Duser.country=KR -Duser.language=ko -Duser.variant 
java_command: com.android.dx.command.Main --dex --num-threads=4 --output E:\AndroidStudioProjects\CheongwonPay\app\build\intermediates\pre-dexed\release\com.android.support-recyclerview-v7-24.1.1_66b354f48e7d93ccc09ee986e5fa0de61b357f08.jar E:\AndroidStudioProjects\CheongwonPay\app\build\intermediates\exploded-aar\com.android.support\recyclerview-v7\24.1.1\jars\classes.jar
java_class_path (initial): E:\Android\sdk\build-tools\23.0.3\lib\dx.jar
Launcher Type: SUN_STANDARD

Environment Variables:
PATH=C:\ProgramData\Oracle\Java\javapath;C:\Program Files (x86)\Wizvera\Delfino;C:\Program Files (x86)\NVIDIA Corporation\PhysX\Common;C:\WINDOWS\system32;C:\WINDOWS;C:\WINDOWS\System32\Wbem;C:\WINDOWS\System32\WindowsPowerShell\v1.0\;C:\Program Files\WIDCOMM\Bluetooth Software\;C:\Program Files\WIDCOMM\Bluetooth Software\syswow64;;C:\Program Files (x86)\Intel\OpenCL SDK\2.0\bin\x86;C:\Program Files (x86)\Intel\OpenCL SDK\2.0\bin\x64;C:\Program Files\Java\jdk1.8.0_45\bin;C:\Program Files\Java\jre1.8.0_45\bin;E:\Android\sdk\platform-tools;C:\Program Files (x86)\Skype\Phone\;C:\Users\¡§º∑\AppData\Local\Bandizip\7z
USERNAME=¡§º∑
OS=Windows_NT
PROCESSOR_IDENTIFIER=Intel64 Family 6 Model 42 Stepping 7, GenuineIntel



---------------  S Y S T E M  ---------------

OS: Windows 10.0 , 64 bit Build 10586 (10.0.10586.0)

CPU:total 4 (2 cores per cpu, 2 threads per core) family 6 model 42 stepping 7, cmov, cx8, fxsr, mmx, sse, sse2, sse3, ssse3, sse4.1, sse4.2, popcnt, avx, aes, clmul, ht, tsc, tscinvbit

Memory: 4k page, physical 4104480k(432884k free), swap 6788540k(5128k free)

vm_info: Java HotSpot(TM) 64-Bit Server VM (25.45-b02) for windows-amd64 JRE (1.8.0_45-b15), built on Apr 30 2015 12:40:44 by "java_re" with MS VC++ 10.0 (VS2010)

time: Fri Sep 16 16:05:39 2016
elapsed time: 6 seconds (0d 0h 0m 6s)

