#
# There is insufficient memory for the Java Runtime Environment to continue.
# Native memory allocation (malloc) failed to allocate 1010896 bytes for Chunk::new
# Possible reasons:
#   The system is out of physical RAM or swap space
#   In 32 bit mode, the process size limit was hit
# Possible solutions:
#   Reduce memory load on the system
#   Increase physical memory or swap space
#   Check if swap backing store is full
#   Use 64 bit Java on a 64 bit OS
#   Decrease Java heap size (-Xmx/-Xms)
#   Decrease number of Java threads
#   Decrease Java thread stack sizes (-Xss)
#   Set larger code cache with -XX:ReservedCodeCacheSize=
# This output file may be truncated or incomplete.
#
#  Out of Memory Error (allocation.cpp:390), pid=13256, tid=7312
#
# JRE version: Java(TM) SE Runtime Environment (8.0_45-b15) (build 1.8.0_45-b15)
# Java VM: Java HotSpot(TM) 64-Bit Server VM (25.45-b02 mixed mode windows-amd64 compressed oops)
# Failed to write core dump. Minidumps are not enabled by default on client versions of Windows
#

---------------  T H R E A D  ---------------

Current thread (0x0000000006679000):  JavaThread "C2 CompilerThread0" daemon [_thread_in_native, id=7312, stack(0x0000000007b80000,0x0000000007c80000)]

Stack: [0x0000000007b80000,0x0000000007c80000]
Native frames: (J=compiled Java code, j=interpreted, Vv=VM code, C=native code)
V  [jvm.dll+0x32b57a]
V  [jvm.dll+0x279873]
V  [jvm.dll+0x27a509]
V  [jvm.dll+0x271825]
V  [jvm.dll+0xcb9e2]
V  [jvm.dll+0xcbeac]
V  [jvm.dll+0x476ef2]
V  [jvm.dll+0x4b955f]
V  [jvm.dll+0x46baa8]
V  [jvm.dll+0x46ccbe]
V  [jvm.dll+0x4500f2]
V  [jvm.dll+0xa4352]
V  [jvm.dll+0xa4c8f]
V  [jvm.dll+0x241984]
V  [jvm.dll+0x29853a]
C  [msvcr100.dll+0x21d9f]
C  [msvcr100.dll+0x21e3b]
C  [KERNEL32.DLL+0x18102]
C  [ntdll.dll+0x5c5b4]


Current CompileTask:
C2:   6246 1318   !   4       com.android.dx.cf.code.RopperMachine::run (1550 bytes)


---------------  P R O C E S S  ---------------

Java Threads: ( => current thread )
  0x0000000008073000 JavaThread "pool-1-thread-4" [_thread_in_Java, id=10960, stack(0x0000000009080000,0x0000000009180000)]
  0x0000000008070800 JavaThread "pool-1-thread-3" [_thread_in_Java, id=11708, stack(0x0000000008f80000,0x0000000009080000)]
  0x00000000080ad000 JavaThread "pool-1-thread-2" [_thread_in_Java, id=8884, stack(0x0000000008e80000,0x0000000008f80000)]
  0x000000000802c800 JavaThread "pool-2-thread-1" [_thread_blocked, id=12096, stack(0x0000000008d80000,0x0000000008e80000)]
  0x00000000080de800 JavaThread "pool-1-thread-1" [_thread_in_Java, id=12352, stack(0x0000000008c80000,0x0000000008d80000)]
  0x0000000007dda800 JavaThread "Service Thread" daemon [_thread_blocked, id=7036, stack(0x0000000008280000,0x0000000008380000)]
  0x0000000007dd6000 JavaThread "C1 CompilerThread2" daemon [_thread_blocked, id=11620, stack(0x0000000008180000,0x0000000008280000)]
  0x000000000667c000 JavaThread "C2 CompilerThread1" daemon [_thread_blocked, id=12384, stack(0x0000000007c80000,0x0000000007d80000)]
=>0x0000000006679000 JavaThread "C2 CompilerThread0" daemon [_thread_in_native, id=7312, stack(0x0000000007b80000,0x0000000007c80000)]
  0x000000000662d000 JavaThread "Attach Listener" daemon [_thread_blocked, id=1684, stack(0x0000000007a80000,0x0000000007b80000)]
  0x000000000662c000 JavaThread "Signal Dispatcher" daemon [_thread_blocked, id=2800, stack(0x0000000007980000,0x0000000007a80000)]
  0x0000000002f40800 JavaThread "Finalizer" daemon [_thread_blocked, id=7628, stack(0x0000000007880000,0x0000000007980000)]
  0x0000000002f3d000 JavaThread "Reference Handler" daemon [_thread_blocked, id=5516, stack(0x0000000007780000,0x0000000007880000)]
  0x0000000002e50800 JavaThread "main" [_thread_in_Java, id=5216, stack(0x0000000002d50000,0x0000000002e50000)]

Other Threads:
  0x00000000065e8000 VMThread [stack: 0x0000000007680000,0x0000000007780000] [id=1828]
  0x0000000007ddc800 WatcherThread [stack: 0x0000000008380000,0x0000000008480000] [id=3336]

VM state:not at safepoint (normal execution)

VM Mutex/Monitor currently owned by a thread: None

Heap:
 PSYoungGen      total 35328K, used 13119K [0x00000000eab00000, 0x00000000ed000000, 0x0000000100000000)
  eden space 32768K, 32% used [0x00000000eab00000,0x00000000eb555158,0x00000000ecb00000)
  from space 2560K, 99% used [0x00000000ecd80000,0x00000000ecffabd8,0x00000000ed000000)
  to   space 2560K, 0% used [0x00000000ecb00000,0x00000000ecb00000,0x00000000ecd80000)
 ParOldGen       total 44032K, used 4083K [0x00000000c0000000, 0x00000000c2b00000, 0x00000000eab00000)
  object space 44032K, 9% used [0x00000000c0000000,0x00000000c03fcc18,0x00000000c2b00000)
 Metaspace       used 6059K, capacity 6960K, committed 7040K, reserved 1056768K
  class space    used 596K, capacity 616K, committed 640K, reserved 1048576K

Card table byte_map: [0x0000000003310000,0x0000000003520000] byte_map_base: 0x0000000002d10000

Marking Bits: (ParMarkBitMap*) 0x0000000055af4040
 Begin Bits: [0x0000000003a80000, 0x0000000004a80000)
 End Bits:   [0x0000000004a80000, 0x0000000005a80000)

Polling page: 0x0000000000de0000

CodeCache: size=245760Kb used=5332Kb max_used=5343Kb free=240427Kb
 bounds [0x000000000f010000, 0x000000000f550000, 0x000000001e010000]
 total_blobs=1598 nmethods=1327 adapters=184
 compilation: enabled

Compilation events (10 events):
Event: 6.143 Thread 0x0000000007dd6000 1327       3       com.android.dx.ssa.NormalSsaInsn::canThrow (8 bytes)
Event: 6.144 Thread 0x0000000007dd6000 nmethod 1327 0x000000000f52f7d0 code [0x000000000f52f960, 0x000000000f52fda8]
Event: 6.145 Thread 0x0000000007dd6000 1328       3       com.android.dx.ssa.SsaMethod::onSourceChanged (65 bytes)
Event: 6.146 Thread 0x0000000007dd6000 nmethod 1328 0x000000000f52d710 code [0x000000000f52d8e0, 0x000000000f52e158]
Event: 6.148 Thread 0x0000000007dd6000 1329       3       com.android.dx.dex.file.ValueEncoder::addContents (75 bytes)
Event: 6.149 Thread 0x0000000007dd6000 nmethod 1329 0x000000000f542890 code [0x000000000f542a80, 0x000000000f5436a8]
Event: 6.150 Thread 0x0000000007dd6000 1330       3       com.android.dx.dex.file.StringIdsSection::intern (13 bytes)
Event: 6.151 Thread 0x0000000007dd6000 nmethod 1330 0x000000000f52ee90 code [0x000000000f52f040, 0x000000000f52f558]
Event: 6.174 Thread 0x000000000667c000 nmethod 1317 0x000000000f5466d0 code [0x000000000f547180, 0x000000000f5484f0]
Event: 6.174 Thread 0x000000000667c000 1319       4       com.android.dx.cf.code.RopperMachine::getSources (264 bytes)

GC Heap History (4 events):
Event: 3.448 GC heap before
{Heap before GC invocations=1 (full 0):
 PSYoungGen      total 18944K, used 16384K [0x00000000eab00000, 0x00000000ec000000, 0x0000000100000000)
  eden space 16384K, 100% used [0x00000000eab00000,0x00000000ebb00000,0x00000000ebb00000)
  from space 2560K, 0% used [0x00000000ebd80000,0x00000000ebd80000,0x00000000ec000000)
  to   space 2560K, 0% used [0x00000000ebb00000,0x00000000ebb00000,0x00000000ebd80000)
 ParOldGen       total 44032K, used 0K [0x00000000c0000000, 0x00000000c2b00000, 0x00000000eab00000)
  object space 44032K, 0% used [0x00000000c0000000,0x00000000c0000000,0x00000000c2b00000)
 Metaspace       used 5715K, capacity 6704K, committed 6784K, reserved 1056768K
  class space    used 590K, capacity 616K, committed 640K, reserved 1048576K
Event: 3.907 GC heap after
Heap after GC invocations=1 (full 0):
 PSYoungGen      total 18944K, used 2544K [0x00000000eab00000, 0x00000000ed000000, 0x0000000100000000)
  eden space 16384K, 0% used [0x00000000eab00000,0x00000000eab00000,0x00000000ebb00000)
  from space 2560K, 99% used [0x00000000ebb00000,0x00000000ebd7c298,0x00000000ebd80000)
  to   space 2560K, 0% used [0x00000000ecd80000,0x00000000ecd80000,0x00000000ed000000)
 ParOldGen       total 44032K, used 1617K [0x00000000c0000000, 0x00000000c2b00000, 0x00000000eab00000)
  object space 44032K, 3% used [0x00000000c0000000,0x00000000c0194510,0x00000000c2b00000)
 Metaspace       used 5715K, capacity 6704K, committed 6784K, reserved 1056768K
  class space    used 590K, capacity 616K, committed 640K, reserved 1048576K
}
Event: 5.344 GC heap before
{Heap before GC invocations=2 (full 0):
 PSYoungGen      total 18944K, used 18928K [0x00000000eab00000, 0x00000000ed000000, 0x0000000100000000)
  eden space 16384K, 100% used [0x00000000eab00000,0x00000000ebb00000,0x00000000ebb00000)
  from space 2560K, 99% used [0x00000000ebb00000,0x00000000ebd7c298,0x00000000ebd80000)
  to   space 2560K, 0% used [0x00000000ecd80000,0x00000000ecd80000,0x00000000ed000000)
 ParOldGen       total 44032K, used 1617K [0x00000000c0000000, 0x00000000c2b00000, 0x00000000eab00000)
  object space 44032K, 3% used [0x00000000c0000000,0x00000000c0194510,0x00000000c2b00000)
 Metaspace       used 5982K, capacity 6896K, committed 7040K, reserved 1056768K
  class space    used 595K, capacity 616K, committed 640K, reserved 1048576K
Event: 5.583 GC heap after
Heap after GC invocations=2 (full 0):
 PSYoungGen      total 35328K, used 2538K [0x00000000eab00000, 0x00000000ed000000, 0x0000000100000000)
  eden space 32768K, 0% used [0x00000000eab00000,0x00000000eab00000,0x00000000ecb00000)
  from space 2560K, 99% used [0x00000000ecd80000,0x00000000ecffabd8,0x00000000ed000000)
  to   space 2560K, 0% used [0x00000000ecb00000,0x00000000ecb00000,0x00000000ecd80000)
 ParOldGen       total 44032K, used 4083K [0x00000000c0000000, 0x00000000c2b00000, 0x00000000eab00000)
  object space 44032K, 9% used [0x00000000c0000000,0x00000000c03fcc18,0x00000000c2b00000)
 Metaspace       used 5982K, capacity 6896K, committed 7040K, reserved 1056768K
  class space    used 595K, capacity 616K, committed 640K, reserved 1048576K
}

Deoptimization events (10 events):
Event: 0.700 Thread 0x0000000002e50800 Uncommon trap: reason=unstable_if action=reinterpret pc=0x000000000f1675d4 method=java.lang.String.compareTo(Ljava/lang/String;)I @ 38
Event: 0.878 Thread 0x0000000002e50800 Uncommon trap: reason=unstable_if action=reinterpret pc=0x000000000f179c58 method=java.lang.String.indexOf(II)I @ 49
Event: 3.270 Thread 0x0000000008070800 Uncommon trap: reason=unstable_if action=reinterpret pc=0x000000000f284ea0 method=java.util.HashMap.getNode(ILjava/lang/Object;)Ljava/util/HashMap$Node; @ 129
Event: 4.099 Thread 0x00000000080ad000 Uncommon trap: reason=unstable_if action=reinterpret pc=0x000000000f273a70 method=java.util.BitSet.nextSetBit(I)I @ 87
Event: 4.216 Thread 0x0000000008070800 Uncommon trap: reason=unstable_if action=reinterpret pc=0x000000000f28f2f4 method=java.util.BitSet.ensureCapacity(I)V @ 6
Event: 4.621 Thread 0x0000000002e50800 Uncommon trap: reason=unstable_if action=reinterpret pc=0x000000000f3bc694 method=com.android.dx.rop.code.RegisterSpec.equals(ILcom/android/dx/rop/type/TypeBearer;Lcom/android/dx/rop/code/LocalItem;)Z @ 16
Event: 4.622 Thread 0x0000000002e50800 Uncommon trap: reason=unstable_if action=reinterpret pc=0x000000000f33dad4 method=com.android.dx.rop.code.RegisterSpec.equals(ILcom/android/dx/rop/type/TypeBearer;Lcom/android/dx/rop/code/LocalItem;)Z @ 16
Event: 4.921 Thread 0x0000000008073000 Uncommon trap: reason=unstable_if action=reinterpret pc=0x000000000f4559e8 method=com.android.dx.rop.code.RegisterSpec.equals(ILcom/android/dx/rop/type/TypeBearer;Lcom/android/dx/rop/code/LocalItem;)Z @ 16
Event: 4.931 Thread 0x0000000002e50800 Uncommon trap: reason=null_check action=make_not_entrant pc=0x000000000f37e3f8 method=com.android.dx.ssa.SsaRenamer.getLocalForNewReg(I)Lcom/android/dx/rop/code/LocalItem; @ 19
Event: 5.888 Thread 0x0000000002e50800 Uncommon trap: reason=unstable_if action=reinterpret pc=0x000000000f3bc01c method=com.android.dx.rop.cst.Constant.compareTo(Lcom/android/dx/rop/cst/Constant;)I @ 12

Internal exceptions (3 events):
Event: 0.098 Thread 0x0000000002e50800 Exception <a 'java/lang/NoSuchMethodError': Method sun.misc.Unsafe.defineClass(Ljava/lang/String;[BII)Ljava/lang/Class; name or signature does not match> (0x00000000eab12f00) thrown at [C:\re\workspace\8-2-build-windows-amd64-cygwin\jdk8u45\3627\hotspot\srÑMÉBŽ0¹?
Event: 0.098 Thread 0x0000000002e50800 Exception <a 'java/lang/NoSuchMethodError': Method sun.misc.Unsafe.prefetchRead(Ljava/lang/Object;J)V name or signature does not match> (0x00000000eab13190) thrown at [C:\re\workspace\8-2-build-windows-amd64-cygwin\jdk8u45\3627\hotspot\src\share\vm\prims\jœšf’¹@
Event: 4.931 Thread 0x0000000002e50800 Implicit null exception at 0x000000000f37b40b to 0x000000000f37e3b5

Events (10 events):
Event: 4.931 Thread 0x0000000002e50800 Uncommon trap: trap_request=0xfffffff4 fr.pc=0x000000000f37e3f8
Event: 4.931 Thread 0x0000000002e50800 DEOPT PACKING pc=0x000000000f37e3f8 sp=0x0000000002e4e600
Event: 4.931 Thread 0x0000000002e50800 DEOPT UNPACKING pc=0x000000000f05582a sp=0x0000000002e4e458 mode 2
Event: 4.989 Executing VM operation: ParallelGCFailedAllocation
Event: 5.583 Executing VM operation: ParallelGCFailedAllocation done
Event: 5.888 Thread 0x0000000002e50800 Uncommon trap: trap_request=0xffffff65 fr.pc=0x000000000f3bc01c
Event: 5.888 Thread 0x0000000002e50800 DEOPT PACKING pc=0x000000000f3bc01c sp=0x0000000002e4e3d0
Event: 5.888 Thread 0x0000000002e50800 DEOPT UNPACKING pc=0x000000000f05582a sp=0x0000000002e4e370 mode 2
Event: 5.912 loading class com/android/dx/cf/code/Ropper$ExceptionHandlerSetup
Event: 5.912 loading class com/android/dx/cf/code/Ropper$ExceptionHandlerSetup done


Dynamic libraries:
0x00007ff6108f0000 - 0x00007ff610927000 	C:\Program Files\Java\jdk1.8.0_45\bin\java.exe
0x00007ffbade70000 - 0x00007ffbae031000 	C:\WINDOWS\SYSTEM32\ntdll.dll
0x00007ffbad9d0000 - 0x00007ffbada7d000 	C:\WINDOWS\system32\KERNEL32.DLL
0x00007ffbaa9c0000 - 0x00007ffbaaba8000 	C:\WINDOWS\system32\KERNELBASE.dll
0x00007ffbab9f0000 - 0x00007ffbaba97000 	C:\WINDOWS\system32\ADVAPI32.dll
0x00007ffbada80000 - 0x00007ffbadb1d000 	C:\WINDOWS\system32\msvcrt.dll
0x00007ffbad970000 - 0x00007ffbad9cb000 	C:\WINDOWS\system32\sechost.dll
0x00007ffbadc00000 - 0x00007ffbadd1c000 	C:\WINDOWS\system32\RPCRT4.dll
0x00007ffbab890000 - 0x00007ffbab9e6000 	C:\WINDOWS\system32\USER32.dll
0x00007ffbab580000 - 0x00007ffbab706000 	C:\WINDOWS\system32\GDI32.dll
0x00007ffba5ac0000 - 0x00007ffba5d34000 	C:\WINDOWS\WinSxS\amd64_microsoft.windows.common-controls_6595b64144ccf1df_6.0.10586.494_none_a2d8b04ea53e3145\COMCTL32.dll
0x00007ffbad1d0000 - 0x00007ffbad44d000 	C:\WINDOWS\system32\combase.dll
0x00007ffbab200000 - 0x00007ffbab26a000 	C:\WINDOWS\system32\bcryptPrimitives.dll
0x00007ffbadd20000 - 0x00007ffbadd5b000 	C:\WINDOWS\system32\IMM32.DLL
0x00007ffbaa380000 - 0x00007ffbaa3b1000 	C:\Windows\system32\nvinitx.dll
0x00007ffbaa370000 - 0x00007ffbaa37a000 	C:\WINDOWS\SYSTEM32\VERSION.dll
0x000000000f000000 - 0x000000000f006000 	C:\Program Files\NVIDIA Corporation\CoProcManager\_etoured.dll
0x00007ffba76d0000 - 0x00007ffba7702000 	C:\Program Files\NVIDIA Corporation\CoProcManager\nvd3d9wrapx.dll
0x00007ffbad460000 - 0x00007ffbad889000 	C:\WINDOWS\system32\SETUPAPI.dll
0x00007ffbaa720000 - 0x00007ffbaa763000 	C:\WINDOWS\system32\CFGMGR32.dll
0x00007ffba7470000 - 0x00007ffba7492000 	C:\Program Files\NVIDIA Corporation\CoProcManager\nvdxgiwrapx.dll
0x0000000056520000 - 0x00000000565f2000 	C:\Program Files\Java\jdk1.8.0_45\jre\bin\msvcr100.dll
0x00000000552f0000 - 0x0000000055b73000 	C:\Program Files\Java\jdk1.8.0_45\jre\bin\server\jvm.dll
0x00007ffbab270000 - 0x00007ffbab278000 	C:\WINDOWS\system32\PSAPI.DLL
0x00007ffb9ee10000 - 0x00007ffb9ee19000 	C:\WINDOWS\SYSTEM32\WSOCK32.dll
0x00007ffbabc00000 - 0x00007ffbabc6b000 	C:\WINDOWS\system32\WS2_32.dll
0x00007ffba8840000 - 0x00007ffba8863000 	C:\WINDOWS\SYSTEM32\WINMM.dll
0x00007ffba8720000 - 0x00007ffba874c000 	C:\WINDOWS\SYSTEM32\WINMMBASE.dll
0x0000000056990000 - 0x000000005699f000 	C:\Program Files\Java\jdk1.8.0_45\jre\bin\verify.dll
0x0000000056960000 - 0x0000000056989000 	C:\Program Files\Java\jdk1.8.0_45\jre\bin\java.dll
0x0000000056940000 - 0x0000000056956000 	C:\Program Files\Java\jdk1.8.0_45\jre\bin\zip.dll
0x00007ffbabc70000 - 0x00007ffbad1cc000 	C:\WINDOWS\system32\SHELL32.dll
0x00007ffbaabb0000 - 0x00007ffbab1f5000 	C:\WINDOWS\system32\windows.storage.dll
0x00007ffbab830000 - 0x00007ffbab882000 	C:\WINDOWS\system32\shlwapi.dll
0x00007ffbaa4f0000 - 0x00007ffbaa4ff000 	C:\WINDOWS\system32\kernel.appcore.dll
0x00007ffbaa520000 - 0x00007ffbaa5d5000 	C:\WINDOWS\system32\shcore.dll
0x00007ffbaa490000 - 0x00007ffbaa4db000 	C:\WINDOWS\system32\powrprof.dll
0x00007ffbaa500000 - 0x00007ffbaa514000 	C:\WINDOWS\system32\profapi.dll
0x00007ffb962e0000 - 0x00007ffb9646c000 	C:\WINDOWS\SYSTEM32\dbghelp.dll

VM Arguments:
jvm_args: -Djava.awt.headless=true -Xmx1024M -Dfile.encoding=x-windows-949 -Duser.country=KR -Duser.language=ko -Duser.variant 
java_command: com.android.dx.command.Main --dex --num-threads=4 --output E:\AndroidStudioProjects\CheongwonPay\app\build\intermediates\pre-dexed\release\com.android.support-design-24.1.1_6ceb22d17974f36b875b5a94114d5f2c2ed12311.jar E:\AndroidStudioProjects\CheongwonPay\app\build\intermediates\exploded-aar\com.android.support\design\24.1.1\jars\classes.jar
java_class_path (initial): E:\Android\sdk\build-tools\23.0.3\lib\dx.jar
Launcher Type: SUN_STANDARD

Environment Variables:
PATH=C:\ProgramData\Oracle\Java\javapath;C:\Program Files (x86)\Wizvera\Delfino;C:\Program Files (x86)\NVIDIA Corporation\PhysX\Common;C:\WINDOWS\system32;C:\WINDOWS;C:\WINDOWS\System32\Wbem;C:\WINDOWS\System32\WindowsPowerShell\v1.0\;C:\Program Files\WIDCOMM\Bluetooth Software\;C:\Program Files\WIDCOMM\Bluetooth Software\syswow64;;C:\Program Files (x86)\Intel\OpenCL SDK\2.0\bin\x86;C:\Program Files (x86)\Intel\OpenCL SDK\2.0\bin\x64;C:\Program Files\Java\jdk1.8.0_45\bin;C:\Program Files\Java\jre1.8.0_45\bin;E:\Android\sdk\platform-tools;C:\Program Files (x86)\Skype\Phone\;C:\Users\Á¤¼·\AppData\Local\Bandizip\7z
USERNAME=Á¤¼·
OS=Windows_NT
PROCESSOR_IDENTIFIER=Intel64 Family 6 Model 42 Stepping 7, GenuineIntel



---------------  S Y S T E M  ---------------

OS: Windows 10.0 , 64 bit Build 10586 (10.0.10586.0)

CPU:total 4 (2 cores per cpu, 2 threads per core) family 6 model 42 stepping 7, cmov, cx8, fxsr, mmx, sse, sse2, sse3, ssse3, sse4.1, sse4.2, popcnt, avx, aes, clmul, ht, tsc, tscinvbit

Memory: 4k page, physical 4104480k(432312k free), swap 6788540k(4300k free)

vm_info: Java HotSpot(TM) 64-Bit Server VM (25.45-b02) for windows-amd64 JRE (1.8.0_45-b15), built on Apr 30 2015 12:40:44 by "java_re" with MS VC++ 10.0 (VS2010)

time: Fri Sep 16 16:05:39 2016
elapsed time: 6 seconds (0d 0h 0m 6s)

