#
# There is insufficient memory for the Java Runtime Environment to continue.
# Native memory allocation (malloc) failed to allocate 206800 bytes for Chunk::new
# Possible reasons:
#   The system is out of physical RAM or swap space
#   In 32 bit mode, the process size limit was hit
# Possible solutions:
#   Reduce memory load on the system
#   Increase physical memory or swap space
#   Check if swap backing store is full
#   Use 64 bit Java on a 64 bit OS
#   Decrease Java heap size (-Xmx/-Xms)
#   Decrease number of Java threads
#   Decrease Java thread stack sizes (-Xss)
#   Set larger code cache with -XX:ReservedCodeCacheSize=
# This output file may be truncated or incomplete.
#
#  Out of Memory Error (allocation.cpp:390), pid=5444, tid=12492
#
# JRE version: Java(TM) SE Runtime Environment (8.0_45-b15) (build 1.8.0_45-b15)
# Java VM: Java HotSpot(TM) 64-Bit Server VM (25.45-b02 mixed mode windows-amd64 compressed oops)
# Failed to write core dump. Minidumps are not enabled by default on client versions of Windows
#

---------------  T H R E A D  ---------------

Current thread (0x0000000005f1e000):  JavaThread "C2 CompilerThread0" daemon [_thread_in_native, id=12492, stack(0x0000000007460000,0x0000000007560000)]

Stack: [0x0000000007460000,0x0000000007560000]
Native frames: (J=compiled Java code, j=interpreted, Vv=VM code, C=native code)
V  [jvm.dll+0x32b57a]
V  [jvm.dll+0x279873]
V  [jvm.dll+0x27a509]
V  [jvm.dll+0x271825]
V  [jvm.dll+0xcb9e2]
V  [jvm.dll+0xcbeac]
V  [jvm.dll+0x464342]
V  [jvm.dll+0x4db685]
V  [jvm.dll+0x4dc287]
V  [jvm.dll+0x46a551]
V  [jvm.dll+0x46cd52]
V  [jvm.dll+0x4500f2]
V  [jvm.dll+0xa4352]
V  [jvm.dll+0xa4c8f]
V  [jvm.dll+0x241984]
V  [jvm.dll+0x29853a]
C  [msvcr100.dll+0x21d9f]
C  [msvcr100.dll+0x21e3b]
C  [KERNEL32.DLL+0x18102]
C  [ntdll.dll+0x5c5b4]


Current CompileTask:
C2:   5602 2084       4       com.android.dx.dex.file.DexFile::findItemOrNull (66 bytes)


---------------  P R O C E S S  ---------------

Java Threads: ( => current thread )
  0x00000000075cf000 JavaThread "Service Thread" daemon [_thread_blocked, id=11460, stack(0x0000000007b60000,0x0000000007c60000)]
  0x0000000007561000 JavaThread "C1 CompilerThread2" daemon [_thread_blocked, id=2072, stack(0x0000000007a60000,0x0000000007b60000)]
  0x0000000005f6c800 JavaThread "C2 CompilerThread1" daemon [_thread_in_native, id=2592, stack(0x0000000007960000,0x0000000007a60000)]
=>0x0000000005f1e000 JavaThread "C2 CompilerThread0" daemon [_thread_in_native, id=12492, stack(0x0000000007460000,0x0000000007560000)]
  0x0000000005f1c000 JavaThread "Attach Listener" daemon [_thread_blocked, id=4940, stack(0x0000000007360000,0x0000000007460000)]
  0x0000000005f1b800 JavaThread "Signal Dispatcher" daemon [_thread_blocked, id=12744, stack(0x0000000007260000,0x0000000007360000)]
  0x0000000002830800 JavaThread "Finalizer" daemon [_thread_blocked, id=11584, stack(0x0000000007160000,0x0000000007260000)]
  0x000000000282d000 JavaThread "Reference Handler" daemon [_thread_blocked, id=9416, stack(0x0000000007060000,0x0000000007160000)]
  0x0000000002740800 JavaThread "main" [_thread_in_Java, id=12688, stack(0x0000000002590000,0x0000000002690000)]

Other Threads:
  0x0000000005ed8000 VMThread [stack: 0x0000000006f60000,0x0000000007060000] [id=3020]
  0x00000000075d0000 WatcherThread [stack: 0x0000000007c60000,0x0000000007d60000] [id=6516]

VM state:not at safepoint (normal execution)

VM Mutex/Monitor currently owned by a thread: None

Heap:
 PSYoungGen      total 72704K, used 10645K [0x00000000eab00000, 0x00000000efd00000, 0x0000000100000000)
  eden space 64512K, 3% used [0x00000000eab00000,0x00000000ead6d730,0x00000000eea00000)
  from space 8192K, 99% used [0x00000000ef300000,0x00000000efaf8010,0x00000000efb00000)
  to   space 9216K, 0% used [0x00000000eea00000,0x00000000eea00000,0x00000000ef300000)
 ParOldGen       total 44032K, used 12874K [0x00000000c0000000, 0x00000000c2b00000, 0x00000000eab00000)
  object space 44032K, 29% used [0x00000000c0000000,0x00000000c0c92bf8,0x00000000c2b00000)
 Metaspace       used 6627K, capacity 7408K, committed 7552K, reserved 1056768K
  class space    used 614K, capacity 616K, committed 640K, reserved 1048576K

Card table byte_map: [0x0000000002c00000,0x0000000002e10000] byte_map_base: 0x0000000002600000

Marking Bits: (ParMarkBitMap*) 0x0000000071e94040
 Begin Bits: [0x0000000003370000, 0x0000000004370000)
 End Bits:   [0x0000000004370000, 0x0000000005370000)

Polling page: 0x00000000003f0000

CodeCache: size=245760Kb used=8118Kb max_used=8118Kb free=237641Kb
 bounds [0x000000000f010000, 0x000000000f810000, 0x000000001e010000]
 total_blobs=2340 nmethods=2068 adapters=184
 compilation: enabled

Compilation events (10 events):
Event: 5.542 Thread 0x0000000007561000 nmethod 2079 0x000000000f7f9710 code [0x000000000f7f98c0, 0x000000000f7f9ff8]
Event: 5.542 Thread 0x0000000007561000 2080       3       com.android.dx.dex.code.form.Form10t::isCompatible (41 bytes)
Event: 5.544 Thread 0x0000000007561000 nmethod 2080 0x000000000f7f7f50 code [0x000000000f7f8160, 0x000000000f7f9198]
Event: 5.544 Thread 0x0000000007561000 2081       3       java.util.HashMap::getNode (148 bytes)
Event: 5.545 Thread 0x0000000007561000 nmethod 2081 0x000000000f7fa310 code [0x000000000f7fa4e0, 0x000000000f7fae88]
Event: 5.548 Thread 0x0000000007561000 2082       3       com.android.dx.util.ByteArrayAnnotatedOutput::ensureCapacity (39 bytes)
Event: 5.548 Thread 0x0000000007561000 nmethod 2082 0x000000000f7f79d0 code [0x000000000f7f7b40, 0x000000000f7f7e48]
Event: 5.550 Thread 0x0000000007561000 2083       3       java.util.TreeMap::compare (32 bytes)
Event: 5.550 Thread 0x0000000005f1e000 2084       4       com.android.dx.dex.file.DexFile::findItemOrNull (66 bytes)
Event: 5.550 Thread 0x0000000007561000 nmethod 2083 0x000000000f7fb150 code [0x000000000f7fb2e0, 0x000000000f7fb718]

GC Heap History (10 events):
Event: 3.464 GC heap before
{Heap before GC invocations=2 (full 0):
 PSYoungGen      total 18944K, used 18930K [0x00000000eab00000, 0x00000000ec000000, 0x0000000100000000)
  eden space 16384K, 100% used [0x00000000eab00000,0x00000000ebb00000,0x00000000ebb00000)
  from space 2560K, 99% used [0x00000000ebb00000,0x00000000ebd7c9f0,0x00000000ebd80000)
  to   space 2560K, 0% used [0x00000000ebd80000,0x00000000ebd80000,0x00000000ec000000)
 ParOldGen       total 44032K, used 820K [0x00000000c0000000, 0x00000000c2b00000, 0x00000000eab00000)
  object space 44032K, 1% used [0x00000000c0000000,0x00000000c00cd048,0x00000000c2b00000)
 Metaspace       used 5975K, capacity 6896K, committed 7040K, reserved 1056768K
  class space    used 594K, capacity 616K, committed 640K, reserved 1048576K
Event: 3.471 GC heap after
Heap after GC invocations=2 (full 0):
 PSYoungGen      total 18944K, used 2532K [0x00000000eab00000, 0x00000000ec000000, 0x0000000100000000)
  eden space 16384K, 0% used [0x00000000eab00000,0x00000000eab00000,0x00000000ebb00000)
  from space 2560K, 98% used [0x00000000ebd80000,0x00000000ebff90b0,0x00000000ec000000)
  to   space 2560K, 0% used [0x00000000ebb00000,0x00000000ebb00000,0x00000000ebd80000)
 ParOldGen       total 44032K, used 3041K [0x00000000c0000000, 0x00000000c2b00000, 0x00000000eab00000)
  object space 44032K, 6% used [0x00000000c0000000,0x00000000c02f8758,0x00000000c2b00000)
 Metaspace       used 5975K, capacity 6896K, committed 7040K, reserved 1056768K
  class space    used 594K, capacity 616K, committed 640K, reserved 1048576K
}
Event: 3.714 GC heap before
{Heap before GC invocations=3 (full 0):
 PSYoungGen      total 18944K, used 18916K [0x00000000eab00000, 0x00000000ec000000, 0x0000000100000000)
  eden space 16384K, 100% used [0x00000000eab00000,0x00000000ebb00000,0x00000000ebb00000)
  from space 2560K, 98% used [0x00000000ebd80000,0x00000000ebff90b0,0x00000000ec000000)
  to   space 2560K, 0% used [0x00000000ebb00000,0x00000000ebb00000,0x00000000ebd80000)
 ParOldGen       total 44032K, used 3041K [0x00000000c0000000, 0x00000000c2b00000, 0x00000000eab00000)
  object space 44032K, 6% used [0x00000000c0000000,0x00000000c02f8758,0x00000000c2b00000)
 Metaspace       used 6122K, capacity 7024K, committed 7296K, reserved 1056768K
  class space    used 594K, capacity 616K, committed 640K, reserved 1048576K
Event: 3.731 GC heap after
Heap after GC invocations=3 (full 0):
 PSYoungGen      total 18944K, used 2537K [0x00000000eab00000, 0x00000000ed000000, 0x0000000100000000)
  eden space 16384K, 0% used [0x00000000eab00000,0x00000000eab00000,0x00000000ebb00000)
  from space 2560K, 99% used [0x00000000ebb00000,0x00000000ebd7a620,0x00000000ebd80000)
  to   space 2560K, 0% used [0x00000000ecd80000,0x00000000ecd80000,0x00000000ed000000)
 ParOldGen       total 44032K, used 5043K [0x00000000c0000000, 0x00000000c2b00000, 0x00000000eab00000)
  object space 44032K, 11% used [0x00000000c0000000,0x00000000c04ecd90,0x00000000c2b00000)
 Metaspace       used 6122K, capacity 7024K, committed 7296K, reserved 1056768K
  class space    used 594K, capacity 616K, committed 640K, reserved 1048576K
}
Event: 4.142 GC heap before
{Heap before GC invocations=4 (full 0):
 PSYoungGen      total 18944K, used 18921K [0x00000000eab00000, 0x00000000ed000000, 0x0000000100000000)
  eden space 16384K, 100% used [0x00000000eab00000,0x00000000ebb00000,0x00000000ebb00000)
  from space 2560K, 99% used [0x00000000ebb00000,0x00000000ebd7a620,0x00000000ebd80000)
  to   space 2560K, 0% used [0x00000000ecd80000,0x00000000ecd80000,0x00000000ed000000)
 ParOldGen       total 44032K, used 5043K [0x00000000c0000000, 0x00000000c2b00000, 0x00000000eab00000)
  object space 44032K, 11% used [0x00000000c0000000,0x00000000c04ecd90,0x00000000c2b00000)
 Metaspace       used 6241K, capacity 7088K, committed 7296K, reserved 1056768K
  class space    used 595K, capacity 616K, committed 640K, reserved 1048576K
Event: 4.154 GC heap after
Heap after GC invocations=4 (full 0):
 PSYoungGen      total 35328K, used 2537K [0x00000000eab00000, 0x00000000ed000000, 0x0000000100000000)
  eden space 32768K, 0% used [0x00000000eab00000,0x00000000eab00000,0x00000000ecb00000)
  from space 2560K, 99% used [0x00000000ecd80000,0x00000000ecffa640,0x00000000ed000000)
  to   space 2560K, 0% used [0x00000000ecb00000,0x00000000ecb00000,0x00000000ecd80000)
 ParOldGen       total 44032K, used 7775K [0x00000000c0000000, 0x00000000c2b00000, 0x00000000eab00000)
  object space 44032K, 17% used [0x00000000c0000000,0x00000000c0797c88,0x00000000c2b00000)
 Metaspace       used 6241K, capacity 7088K, committed 7296K, reserved 1056768K
  class space    used 595K, capacity 616K, committed 640K, reserved 1048576K
}
Event: 4.526 GC heap before
{Heap before GC invocations=5 (full 0):
 PSYoungGen      total 35328K, used 35305K [0x00000000eab00000, 0x00000000ed000000, 0x0000000100000000)
  eden space 32768K, 100% used [0x00000000eab00000,0x00000000ecb00000,0x00000000ecb00000)
  from space 2560K, 99% used [0x00000000ecd80000,0x00000000ecffa640,0x00000000ed000000)
  to   space 2560K, 0% used [0x00000000ecb00000,0x00000000ecb00000,0x00000000ecd80000)
 ParOldGen       total 44032K, used 7775K [0x00000000c0000000, 0x00000000c2b00000, 0x00000000eab00000)
  object space 44032K, 17% used [0x00000000c0000000,0x00000000c0797c88,0x00000000c2b00000)
 Metaspace       used 6293K, capacity 7152K, committed 7296K, reserved 1056768K
  class space    used 596K, capacity 616K, committed 640K, reserved 1048576K
Event: 4.568 GC heap after
Heap after GC invocations=5 (full 0):
 PSYoungGen      total 35328K, used 2528K [0x00000000eab00000, 0x00000000efb00000, 0x0000000100000000)
  eden space 32768K, 0% used [0x00000000eab00000,0x00000000eab00000,0x00000000ecb00000)
  from space 2560K, 98% used [0x00000000ecb00000,0x00000000ecd78010,0x00000000ecd80000)
  to   space 8192K, 0% used [0x00000000ef300000,0x00000000ef300000,0x00000000efb00000)
 ParOldGen       total 44032K, used 12874K [0x00000000c0000000, 0x00000000c2b00000, 0x00000000eab00000)
  object space 44032K, 29% used [0x00000000c0000000,0x00000000c0c92bf8,0x00000000c2b00000)
 Metaspace       used 6293K, capacity 7152K, committed 7296K, reserved 1056768K
  class space    used 596K, capacity 616K, committed 640K, reserved 1048576K
}
Event: 5.305 GC heap before
{Heap before GC invocations=6 (full 0):
 PSYoungGen      total 35328K, used 35296K [0x00000000eab00000, 0x00000000efb00000, 0x0000000100000000)
  eden space 32768K, 100% used [0x00000000eab00000,0x00000000ecb00000,0x00000000ecb00000)
  from space 2560K, 98% used [0x00000000ecb00000,0x00000000ecd78010,0x00000000ecd80000)
  to   space 8192K, 0% used [0x00000000ef300000,0x00000000ef300000,0x00000000efb00000)
 ParOldGen       total 44032K, used 12874K [0x00000000c0000000, 0x00000000c2b00000, 0x00000000eab00000)
  object space 44032K, 29% used [0x00000000c0000000,0x00000000c0c92bf8,0x00000000c2b00000)
 Metaspace       used 6557K, capacity 7344K, committed 7552K, reserved 1056768K
  class space    used 612K, capacity 616K, committed 640K, reserved 1048576K
Event: 5.342 GC heap after
Heap after GC invocations=6 (full 0):
 PSYoungGen      total 72704K, used 8160K [0x00000000eab00000, 0x00000000efd00000, 0x0000000100000000)
  eden space 64512K, 0% used [0x00000000eab00000,0x00000000eab00000,0x00000000eea00000)
  from space 8192K, 99% used [0x00000000ef300000,0x00000000efaf8010,0x00000000efb00000)
  to   space 9216K, 0% used [0x00000000eea00000,0x00000000eea00000,0x00000000ef300000)
 ParOldGen       total 44032K, used 12874K [0x00000000c0000000, 0x00000000c2b00000, 0x00000000eab00000)
  object space 44032K, 29% used [0x00000000c0000000,0x00000000c0c92bf8,0x00000000c2b00000)
 Metaspace       used 6557K, capacity 7344K, committed 7552K, reserved 1056768K
  class space    used 612K, capacity 616K, committed 640K, reserved 1048576K
}

Deoptimization events (10 events):
Event: 5.048 Thread 0x0000000002740800 Uncommon trap: reason=unstable_if action=reinterpret pc=0x000000000f727644 method=java.util.HashMap.putVal(ILjava/lang/Object;Ljava/lang/Object;ZZ)Ljava/lang/Object; @ 94
Event: 5.274 Thread 0x0000000002740800 Uncommon trap: reason=speculate_class_check action=maybe_recompile pc=0x000000000f385328 method=com.android.dx.util.FixedSizeList.equals(Ljava/lang/Object;)Z @ 25
Event: 5.274 Thread 0x0000000002740800 Uncommon trap: reason=class_check action=maybe_recompile pc=0x000000000f38071c method=java.util.Arrays.equals([Ljava/lang/Object;[Ljava/lang/Object;)Z @ 62
Event: 5.275 Thread 0x0000000002740800 Uncommon trap: reason=speculate_class_check action=maybe_recompile pc=0x000000000f385328 method=com.android.dx.util.FixedSizeList.equals(Ljava/lang/Object;)Z @ 25
Event: 5.275 Thread 0x0000000002740800 Uncommon trap: reason=class_check action=maybe_recompile pc=0x000000000f38071c method=java.util.Arrays.equals([Ljava/lang/Object;[Ljava/lang/Object;)Z @ 62
Event: 5.275 Thread 0x0000000002740800 Uncommon trap: reason=speculate_class_check action=maybe_recompile pc=0x000000000f385328 method=com.android.dx.util.FixedSizeList.equals(Ljava/lang/Object;)Z @ 25
Event: 5.275 Thread 0x0000000002740800 Uncommon trap: reason=class_check action=maybe_recompile pc=0x000000000f38071c method=java.util.Arrays.equals([Ljava/lang/Object;[Ljava/lang/Object;)Z @ 62
Event: 5.275 Thread 0x0000000002740800 Uncommon trap: reason=speculate_class_check action=maybe_recompile pc=0x000000000f385328 method=com.android.dx.util.FixedSizeList.equals(Ljava/lang/Object;)Z @ 25
Event: 5.275 Thread 0x0000000002740800 Uncommon trap: reason=class_check action=maybe_recompile pc=0x000000000f38071c method=java.util.Arrays.equals([Ljava/lang/Object;[Ljava/lang/Object;)Z @ 62
Event: 5.513 Thread 0x0000000002740800 Uncommon trap: reason=unstable_if action=reinterpret pc=0x000000000f77eff0 method=java.util.TreeMap.put(Ljava/lang/Object;Ljava/lang/Object;)Ljava/lang/Object; @ 163

Internal exceptions (3 events):
Event: 0.112 Thread 0x0000000002740800 Exception <a 'java/lang/NoSuchMethodError': Method sun.misc.Unsafe.defineClass(Ljava/lang/String;[BII)Ljava/lang/Class; name or signature does not match> (0x00000000eab12f00) thrown at [C:\re\workspace\8-2-build-windows-amd64-cygwin\jdk8u45\3627\hotspot\srøC{òûÉ¼?
Event: 0.112 Thread 0x0000000002740800 Exception <a 'java/lang/NoSuchMethodError': Method sun.misc.Unsafe.prefetchRead(Ljava/lang/Object;J)V name or signature does not match> (0x00000000eab13190) thrown at [C:\re\workspace\8-2-build-windows-amd64-cygwin\jdk8u45\3627\hotspot\src\share\vm\prims\jži®L/Ù@
Event: 3.731 Thread 0x00000000077cb800 Implicit null exception at 0x000000000f4aad62 to 0x000000000f4aae52

Events (10 events):
Event: 5.276 loading class com/android/dx/util/ByteArrayAnnotatedOutput done
Event: 5.305 Executing VM operation: ParallelGCFailedAllocation
Event: 5.342 Executing VM operation: ParallelGCFailedAllocation done
Event: 5.358 loading class com/android/dx/rop/code/RegisterSpecList$Expander
Event: 5.358 loading class com/android/dx/rop/code/RegisterSpecList$Expander done
Event: 5.419 loading class com/android/dx/rop/code/RegisterSpec$1
Event: 5.419 loading class com/android/dx/rop/code/RegisterSpec$1 done
Event: 5.513 Thread 0x0000000002740800 Uncommon trap: trap_request=0xffffff65 fr.pc=0x000000000f77eff0
Event: 5.513 Thread 0x0000000002740800 DEOPT PACKING pc=0x000000000f77eff0 sp=0x000000000268f300
Event: 5.513 Thread 0x0000000002740800 DEOPT UNPACKING pc=0x000000000f05582a sp=0x000000000268f2e0 mode 2


Dynamic libraries:
0x00007ff7003c0000 - 0x00007ff7003f7000 	C:\Program Files\Java\jdk1.8.0_45\bin\java.exe
0x00007ff9fb1b0000 - 0x00007ff9fb371000 	C:\WINDOWS\SYSTEM32\ntdll.dll
0x00007ff9facc0000 - 0x00007ff9fad6d000 	C:\WINDOWS\system32\KERNEL32.DLL
0x00007ff9f8020000 - 0x00007ff9f8208000 	C:\WINDOWS\system32\KERNELBASE.dll
0x00007ff9f9120000 - 0x00007ff9f91c7000 	C:\WINDOWS\system32\ADVAPI32.dll
0x00007ff9fa9f0000 - 0x00007ff9faa8d000 	C:\WINDOWS\system32\msvcrt.dll
0x00007ff9f8a20000 - 0x00007ff9f8a7b000 	C:\WINDOWS\system32\sechost.dll
0x00007ff9faba0000 - 0x00007ff9facbc000 	C:\WINDOWS\system32\RPCRT4.dll
0x00007ff9f8c10000 - 0x00007ff9f8d66000 	C:\WINDOWS\system32\USER32.dll
0x00007ff9f8a80000 - 0x00007ff9f8c06000 	C:\WINDOWS\system32\GDI32.dll
0x00007ff9f37a0000 - 0x00007ff9f3a14000 	C:\WINDOWS\WinSxS\amd64_microsoft.windows.common-controls_6595b64144ccf1df_6.0.10586.494_none_a2d8b04ea53e3145\COMCTL32.dll
0x00007ff9f8620000 - 0x00007ff9f889d000 	C:\WINDOWS\system32\combase.dll
0x00007ff9f78f0000 - 0x00007ff9f795a000 	C:\WINDOWS\system32\bcryptPrimitives.dll
0x00007ff9f8eb0000 - 0x00007ff9f8eeb000 	C:\WINDOWS\system32\IMM32.DLL
0x00007ff9f76c0000 - 0x00007ff9f76f1000 	C:\Windows\system32\nvinitx.dll
0x00007ff9f76b0000 - 0x00007ff9f76ba000 	C:\WINDOWS\SYSTEM32\VERSION.dll
0x000000000f000000 - 0x000000000f006000 	C:\Program Files\NVIDIA Corporation\CoProcManager\_etoured.dll
0x00007ff9f4420000 - 0x00007ff9f4452000 	C:\Program Files\NVIDIA Corporation\CoProcManager\nvd3d9wrapx.dll
0x00007ff9fad70000 - 0x00007ff9fb199000 	C:\WINDOWS\system32\SETUPAPI.dll
0x00007ff9f7fb0000 - 0x00007ff9f7ff3000 	C:\WINDOWS\system32\CFGMGR32.dll
0x00007ff9f3d80000 - 0x00007ff9f3da2000 	C:\Program Files\NVIDIA Corporation\CoProcManager\nvdxgiwrapx.dll
0x0000000071240000 - 0x0000000071312000 	C:\Program Files\Java\jdk1.8.0_45\jre\bin\msvcr100.dll
0x0000000071690000 - 0x0000000071f13000 	C:\Program Files\Java\jdk1.8.0_45\jre\bin\server\jvm.dll
0x00007ff9f85b0000 - 0x00007ff9f85b8000 	C:\WINDOWS\system32\PSAPI.DLL
0x00007ff9ea450000 - 0x00007ff9ea459000 	C:\WINDOWS\SYSTEM32\WSOCK32.dll
0x00007ff9f8d70000 - 0x00007ff9f8ddb000 	C:\WINDOWS\system32\WS2_32.dll
0x00007ff9f5e80000 - 0x00007ff9f5ea3000 	C:\WINDOWS\SYSTEM32\WINMM.dll
0x00007ff9f5e50000 - 0x00007ff9f5e7c000 	C:\WINDOWS\SYSTEM32\WINMMBASE.dll
0x0000000071680000 - 0x000000007168f000 	C:\Program Files\Java\jdk1.8.0_45\jre\bin\verify.dll
0x0000000071650000 - 0x0000000071679000 	C:\Program Files\Java\jdk1.8.0_45\jre\bin\java.dll
0x0000000071630000 - 0x0000000071646000 	C:\Program Files\Java\jdk1.8.0_45\jre\bin\zip.dll
0x00007ff9f92e0000 - 0x00007ff9fa83c000 	C:\WINDOWS\system32\SHELL32.dll
0x00007ff9f7960000 - 0x00007ff9f7fa5000 	C:\WINDOWS\system32\windows.storage.dll
0x00007ff9f90c0000 - 0x00007ff9f9112000 	C:\WINDOWS\system32\shlwapi.dll
0x00007ff9f77f0000 - 0x00007ff9f77ff000 	C:\WINDOWS\system32\kernel.appcore.dll
0x00007ff9f83e0000 - 0x00007ff9f8495000 	C:\WINDOWS\system32\shcore.dll
0x00007ff9f7810000 - 0x00007ff9f785b000 	C:\WINDOWS\system32\powrprof.dll
0x00007ff9f77d0000 - 0x00007ff9f77e4000 	C:\WINDOWS\system32\profapi.dll
0x00007ff9e60b0000 - 0x00007ff9e623c000 	C:\WINDOWS\SYSTEM32\dbghelp.dll

VM Arguments:
jvm_args: -Djava.awt.headless=true -Xmx1024M -Dfile.encoding=x-windows-949 -Duser.country=KR -Duser.language=ko -Duser.variant 
java_command: com.android.dx.command.Main --dex --num-threads=4 --output E:\AndroidStudioProjects\CheongwonPay\app\build\intermediates\pre-dexed\release\internal_impl-24.1.1_ceeea9eb622860764f87cad1e2198dd10a179814.jar E:\AndroidStudioProjects\CheongwonPay\app\build\intermediates\exploded-aar\com.android.support\support-v4\24.1.1\jars\libs\internal_impl-24.1.1.jar
java_class_path (initial): E:\Android\sdk\build-tools\23.0.3\lib\dx.jar
Launcher Type: SUN_STANDARD

Environment Variables:
PATH=C:\ProgramData\Oracle\Java\javapath;C:\Program Files (x86)\Wizvera\Delfino;C:\Program Files (x86)\NVIDIA Corporation\PhysX\Common;C:\WINDOWS\system32;C:\WINDOWS;C:\WINDOWS\System32\Wbem;C:\WINDOWS\System32\WindowsPowerShell\v1.0\;C:\Program Files\WIDCOMM\Bluetooth Software\;C:\Program Files\WIDCOMM\Bluetooth Software\syswow64;;C:\Program Files (x86)\Intel\OpenCL SDK\2.0\bin\x86;C:\Program Files (x86)\Intel\OpenCL SDK\2.0\bin\x64;C:\Program Files\Java\jdk1.8.0_45\bin;C:\Program Files\Java\jre1.8.0_45\bin;E:\Android\sdk\platform-tools;C:\Program Files (x86)\Skype\Phone\;C:\Users\Á¤¼·\AppData\Local\Bandizip\7z
USERNAME=Á¤¼·
OS=Windows_NT
PROCESSOR_IDENTIFIER=Intel64 Family 6 Model 42 Stepping 7, GenuineIntel



---------------  S Y S T E M  ---------------

OS: Windows 10.0 , 64 bit Build 10586 (10.0.10586.0)

CPU:total 4 (2 cores per cpu, 2 threads per core) family 6 model 42 stepping 7, cmov, cx8, fxsr, mmx, sse, sse2, sse3, ssse3, sse4.1, sse4.2, popcnt, avx, aes, clmul, ht, tsc, tscinvbit

Memory: 4k page, physical 4104480k(759768k free), swap 6433208k(3364k free)

vm_info: Java HotSpot(TM) 64-Bit Server VM (25.45-b02) for windows-amd64 JRE (1.8.0_45-b15), built on Apr 30 2015 12:40:44 by "java_re" with MS VC++ 10.0 (VS2010)

time: Sun Sep 18 00:31:33 2016
elapsed time: 5 seconds (0d 0h 0m 5s)

