#
# There is insufficient memory for the Java Runtime Environment to continue.
# Native memory allocation (malloc) failed to allocate 32744 bytes for ChunkPool::allocate
# Possible reasons:
#   The system is out of physical RAM or swap space
#   In 32 bit mode, the process size limit was hit
# Possible solutions:
#   Reduce memory load on the system
#   Increase physical memory or swap space
#   Check if swap backing store is full
#   Use 64 bit Java on a 64 bit OS
#   Decrease Java heap size (-Xmx/-Xms)
#   Decrease number of Java threads
#   Decrease Java thread stack sizes (-Xss)
#   Set larger code cache with -XX:ReservedCodeCacheSize=
# This output file may be truncated or incomplete.
#
#  Out of Memory Error (allocation.cpp:273), pid=2148, tid=8088
#
# JRE version: Java(TM) SE Runtime Environment (8.0_45-b15) (build 1.8.0_45-b15)
# Java VM: Java HotSpot(TM) 64-Bit Server VM (25.45-b02 mixed mode windows-amd64 compressed oops)
# Failed to write core dump. Minidumps are not enabled by default on client versions of Windows
#

---------------  T H R E A D  ---------------

Current thread (0x00000000063ad000):  JavaThread "C2 CompilerThread1" daemon [_thread_in_native, id=8088, stack(0x0000000007dc0000,0x0000000007ec0000)]

Stack: [0x0000000007dc0000,0x0000000007ec0000]
Native frames: (J=compiled Java code, j=interpreted, Vv=VM code, C=native code)
V  [jvm.dll+0x32b57a]
V  [jvm.dll+0x279873]
V  [jvm.dll+0x27a509]
V  [jvm.dll+0x271825]
V  [jvm.dll+0xcb804]
V  [jvm.dll+0xcba27]
V  [jvm.dll+0xcbeac]
V  [jvm.dll+0xcc204]
V  [jvm.dll+0x4ea280]
V  [jvm.dll+0x505052]
V  [jvm.dll+0x45f973]
V  [jvm.dll+0x46a73b]
V  [jvm.dll+0x46cd52]
V  [jvm.dll+0x4500f2]
V  [jvm.dll+0xa4352]
V  [jvm.dll+0xa4c8f]
V  [jvm.dll+0x241984]
V  [jvm.dll+0x29853a]
C  [msvcr100.dll+0x21d9f]
C  [msvcr100.dll+0x21e3b]
C  [KERNEL32.DLL+0x18102]
C  [ntdll.dll+0x5c5b4]


Current CompileTask:
C2:   9700 1437   !   4       com.android.dx.cf.cst.ConstantPoolParser::parse0 (731 bytes)


---------------  P R O C E S S  ---------------

Java Threads: ( => current thread )
  0x0000000007cdc000 JavaThread "pool-1-thread-4" [_thread_in_Java, id=12324, stack(0x00000000085c0000,0x00000000086c0000)]
  0x0000000007cdb000 JavaThread "pool-1-thread-3" [_thread_in_Java, id=12320, stack(0x00000000084c0000,0x00000000085c0000)]
  0x0000000007cd7000 JavaThread "pool-1-thread-2" [_thread_in_Java, id=12316, stack(0x00000000083c0000,0x00000000084c0000)]
  0x0000000007cce000 JavaThread "pool-2-thread-1" [_thread_blocked, id=12312, stack(0x00000000082c0000,0x00000000083c0000)]
  0x0000000007ccb000 JavaThread "pool-1-thread-1" [_thread_in_Java, id=12308, stack(0x00000000081c0000,0x00000000082c0000)]
  0x0000000007a28800 JavaThread "Service Thread" daemon [_thread_blocked, id=11732, stack(0x0000000007fc0000,0x00000000080c0000)]
  0x0000000007a17000 JavaThread "C1 CompilerThread2" daemon [_thread_blocked, id=284, stack(0x0000000007ec0000,0x0000000007fc0000)]
=>0x00000000063ad000 JavaThread "C2 CompilerThread1" daemon [_thread_in_native, id=8088, stack(0x0000000007dc0000,0x0000000007ec0000)]
  0x00000000063aa000 JavaThread "C2 CompilerThread0" daemon [_thread_blocked, id=5844, stack(0x00000000078c0000,0x00000000079c0000)]
  0x000000000635e000 JavaThread "Attach Listener" daemon [_thread_blocked, id=11632, stack(0x00000000077c0000,0x00000000078c0000)]
  0x000000000635d000 JavaThread "Signal Dispatcher" daemon [_thread_blocked, id=792, stack(0x00000000076c0000,0x00000000077c0000)]
  0x0000000002c70800 JavaThread "Finalizer" daemon [_thread_blocked, id=6876, stack(0x00000000075b0000,0x00000000076b0000)]
  0x0000000002c6d000 JavaThread "Reference Handler" daemon [_thread_blocked, id=11444, stack(0x00000000074b0000,0x00000000075b0000)]
  0x0000000002b80800 JavaThread "main" [_thread_in_Java, id=3532, stack(0x00000000026f0000,0x00000000027f0000)]

Other Threads:
  0x0000000006318000 VMThread [stack: 0x00000000073b0000,0x00000000074b0000] [id=4292]
  0x0000000007a29800 WatcherThread [stack: 0x00000000080c0000,0x00000000081c0000] [id=11656]

VM state:synchronizing (normal execution)

VM Mutex/Monitor currently owned by a thread:  ([mutex/lock_event])
[0x0000000000fbcbc0] Safepoint_lock - owner thread: 0x0000000006318000
[0x0000000000fbc540] Threads_lock - owner thread: 0x0000000006318000

Heap:
 PSYoungGen      total 35328K, used 15165K [0x00000000eab00000, 0x00000000ed000000, 0x0000000100000000)
  eden space 32768K, 38% used [0x00000000eab00000,0x00000000eb751d38,0x00000000ecb00000)
  from space 2560K, 99% used [0x00000000ecd80000,0x00000000ecffd7e8,0x00000000ed000000)
  to   space 2560K, 0% used [0x00000000ecb00000,0x00000000ecb00000,0x00000000ecd80000)
 ParOldGen       total 44032K, used 3000K [0x00000000c0000000, 0x00000000c2b00000, 0x00000000eab00000)
  object space 44032K, 6% used [0x00000000c0000000,0x00000000c02ee378,0x00000000c2b00000)
 Metaspace       used 6151K, capacity 7024K, committed 7296K, reserved 1056768K
  class space    used 596K, capacity 616K, committed 640K, reserved 1048576K

Card table byte_map: [0x0000000003040000,0x0000000003250000] byte_map_base: 0x0000000002a40000

Marking Bits: (ParMarkBitMap*) 0x0000000071e94040
 Begin Bits: [0x00000000037b0000, 0x00000000047b0000)
 End Bits:   [0x00000000047b0000, 0x00000000057b0000)

Polling page: 0x0000000000f70000

CodeCache: size=245760Kb used=6107Kb max_used=6122Kb free=239652Kb
 bounds [0x000000000f010000, 0x000000000f620000, 0x000000001e010000]
 total_blobs=1744 nmethods=1473 adapters=184
 compilation: enabled

Compilation events (10 events):
Event: 8.881 Thread 0x0000000007a17000 nmethod 1474 0x000000000f5f9150 code [0x000000000f5f93e0, 0x000000000f5fa558]
Event: 9.051 Thread 0x00000000063aa000 nmethod 1428 0x000000000f606590 code [0x000000000f606900, 0x000000000f60a3e0]
Event: 9.052 Thread 0x00000000063aa000 1472       4       com.android.dx.ssa.SsaMethod::blockIndexToRopLabel (21 bytes)
Event: 9.054 Thread 0x00000000063aa000 nmethod 1472 0x000000000f5f8d10 code [0x000000000f5f8e60, 0x000000000f5f8f78]
Event: 9.054 Thread 0x00000000063aa000 1463       4       java.lang.StringBuilder::append (8 bytes)
Event: 9.062 Thread 0x00000000063aa000 nmethod 1463 0x000000000f602cd0 code [0x000000000f602e20, 0x000000000f6031d8]
Event: 9.062 Thread 0x00000000063aa000 1430       4       com.android.dx.ssa.LiteralOpUpgrader::tryReplacingWithConstant (161 bytes)
Event: 9.106 Thread 0x00000000063aa000 nmethod 1430 0x000000000f60f990 code [0x000000000f60fc20, 0x000000000f610ba0]
Event: 9.106 Thread 0x00000000063aa000 1458       4       com.android.dx.rop.type.Type::isCategory2 (36 bytes)
Event: 9.106 Thread 0x00000000063aa000 nmethod 1458 0x000000000f3f5010 code [0x000000000f3f5140, 0x000000000f3f51b8]

GC Heap History (4 events):
Event: 4.490 GC heap before
{Heap before GC invocations=1 (full 0):
 PSYoungGen      total 18944K, used 16384K [0x00000000eab00000, 0x00000000ec000000, 0x0000000100000000)
  eden space 16384K, 100% used [0x00000000eab00000,0x00000000ebb00000,0x00000000ebb00000)
  from space 2560K, 0% used [0x00000000ebd80000,0x00000000ebd80000,0x00000000ec000000)
  to   space 2560K, 0% used [0x00000000ebb00000,0x00000000ebb00000,0x00000000ebd80000)
 ParOldGen       total 44032K, used 0K [0x00000000c0000000, 0x00000000c2b00000, 0x00000000eab00000)
  object space 44032K, 0% used [0x00000000c0000000,0x00000000c0000000,0x00000000c2b00000)
 Metaspace       used 5491K, capacity 6448K, committed 6528K, reserved 1056768K
  class space    used 591K, capacity 616K, committed 640K, reserved 1048576K
Event: 5.662 GC heap after
Heap after GC invocations=1 (full 0):
 PSYoungGen      total 18944K, used 2547K [0x00000000eab00000, 0x00000000ed000000, 0x0000000100000000)
  eden space 16384K, 0% used [0x00000000eab00000,0x00000000eab00000,0x00000000ebb00000)
  from space 2560K, 99% used [0x00000000ebb00000,0x00000000ebd7cf70,0x00000000ebd80000)
  to   space 2560K, 0% used [0x00000000ecd80000,0x00000000ecd80000,0x00000000ed000000)
 ParOldGen       total 44032K, used 903K [0x00000000c0000000, 0x00000000c2b00000, 0x00000000eab00000)
  object space 44032K, 2% used [0x00000000c0000000,0x00000000c00e1c18,0x00000000c2b00000)
 Metaspace       used 5491K, capacity 6448K, committed 6528K, reserved 1056768K
  class space    used 591K, capacity 616K, committed 640K, reserved 1048576K
}
Event: 7.833 GC heap before
{Heap before GC invocations=2 (full 0):
 PSYoungGen      total 18944K, used 18931K [0x00000000eab00000, 0x00000000ed000000, 0x0000000100000000)
  eden space 16384K, 100% used [0x00000000eab00000,0x00000000ebb00000,0x00000000ebb00000)
  from space 2560K, 99% used [0x00000000ebb00000,0x00000000ebd7cf70,0x00000000ebd80000)
  to   space 2560K, 0% used [0x00000000ecd80000,0x00000000ecd80000,0x00000000ed000000)
 ParOldGen       total 44032K, used 903K [0x00000000c0000000, 0x00000000c2b00000, 0x00000000eab00000)
  object space 44032K, 2% used [0x00000000c0000000,0x00000000c00e1c18,0x00000000c2b00000)
 Metaspace       used 6073K, capacity 6960K, committed 7040K, reserved 1056768K
  class space    used 596K, capacity 616K, committed 640K, reserved 1048576K
Event: 8.241 GC heap after
Heap after GC invocations=2 (full 0):
 PSYoungGen      total 35328K, used 2549K [0x00000000eab00000, 0x00000000ed000000, 0x0000000100000000)
  eden space 32768K, 0% used [0x00000000eab00000,0x00000000eab00000,0x00000000ecb00000)
  from space 2560K, 99% used [0x00000000ecd80000,0x00000000ecffd7e8,0x00000000ed000000)
  to   space 2560K, 0% used [0x00000000ecb00000,0x00000000ecb00000,0x00000000ecd80000)
 ParOldGen       total 44032K, used 3000K [0x00000000c0000000, 0x00000000c2b00000, 0x00000000eab00000)
  object space 44032K, 6% used [0x00000000c0000000,0x00000000c02ee378,0x00000000c2b00000)
 Metaspace       used 6073K, capacity 6960K, committed 7040K, reserved 1056768K
  class space    used 596K, capacity 616K, committed 640K, reserved 1048576K
}

Deoptimization events (5 events):
Event: 0.835 Thread 0x0000000002b80800 Uncommon trap: reason=unstable_if action=reinterpret pc=0x000000000f179214 method=java.lang.String.compareTo(Ljava/lang/String;)I @ 38
Event: 7.416 Thread 0x0000000007cdc000 Uncommon trap: reason=unstable_if action=reinterpret pc=0x000000000f3d88ac method=com.android.dx.rop.code.RegisterSpecSet.put(Lcom/android/dx/rop/code/RegisterSpec;)V @ 77
Event: 7.416 Thread 0x0000000007cdc000 Uncommon trap: reason=unstable_if action=reinterpret pc=0x000000000f3e27a8 method=com.android.dx.rop.code.RegisterSpecSet.put(Lcom/android/dx/rop/code/RegisterSpec;)V @ 77
Event: 7.827 Thread 0x0000000007cdb000 Uncommon trap: reason=unstable_if action=reinterpret pc=0x000000000f374a20 method=com.android.dx.rop.code.RegisterSpec.equals(ILcom/android/dx/rop/type/TypeBearer;Lcom/android/dx/rop/code/LocalItem;)Z @ 42
Event: 8.742 Thread 0x0000000007cdc000 Uncommon trap: reason=unstable_if action=reinterpret pc=0x000000000f576bf0 method=com.android.dx.ssa.SCCP.simulateBranch(Lcom/android/dx/ssa/SsaInsn;)V @ 107

Internal exceptions (2 events):
Event: 0.108 Thread 0x0000000002b80800 Exception <a 'java/lang/NoSuchMethodError': Method sun.misc.Unsafe.defineClass(Ljava/lang/String;[BII)Ljava/lang/Class; name or signature does not match> (0x00000000eab12f00) thrown at [C:\re\workspace\8-2-build-windows-amd64-cygwin\jdk8u45\3627\hotspot\srÌšçü§«»?
Event: 0.108 Thread 0x0000000002b80800 Exception <a 'java/lang/NoSuchMethodError': Method sun.misc.Unsafe.prefetchRead(Ljava/lang/Object;J)V name or signature does not match> (0x00000000eab13190) thrown at [C:\re\workspace\8-2-build-windows-amd64-cygwin\jdk8u45\3627\hotspot\src\share\vm\prims\j

Events (10 events):
Event: 7.416 Thread 0x0000000007cdc000 DEOPT PACKING pc=0x000000000f3e27a8 sp=0x00000000086be990
Event: 7.416 Thread 0x0000000007cdc000 DEOPT UNPACKING pc=0x000000000f05582a sp=0x00000000086be8b0 mode 2
Event: 7.827 Thread 0x0000000007cdb000 Uncommon trap: trap_request=0xffffff65 fr.pc=0x000000000f374a20
Event: 7.827 Thread 0x0000000007cdb000 DEOPT PACKING pc=0x000000000f374a20 sp=0x00000000085be740
Event: 7.827 Thread 0x0000000007cdb000 DEOPT UNPACKING pc=0x000000000f05582a sp=0x00000000085be6c8 mode 2
Event: 7.833 Executing VM operation: ParallelGCFailedAllocation
Event: 8.241 Executing VM operation: ParallelGCFailedAllocation done
Event: 8.742 Thread 0x0000000007cdc000 Uncommon trap: trap_request=0xffffff65 fr.pc=0x000000000f576bf0
Event: 8.742 Thread 0x0000000007cdc000 DEOPT PACKING pc=0x000000000f576bf0 sp=0x00000000086be8b0
Event: 8.742 Thread 0x0000000007cdc000 DEOPT UNPACKING pc=0x000000000f05582a sp=0x00000000086be878 mode 2


Dynamic libraries:
0x00007ff7003c0000 - 0x00007ff7003f7000 	C:\Program Files\Java\jdk1.8.0_45\bin\java.exe
0x00007ff9fb1b0000 - 0x00007ff9fb371000 	C:\WINDOWS\SYSTEM32\ntdll.dll
0x00007ff9facc0000 - 0x00007ff9fad6d000 	C:\WINDOWS\system32\KERNEL32.DLL
0x00007ff9f8020000 - 0x00007ff9f8208000 	C:\WINDOWS\system32\KERNELBASE.dll
0x00007ff9f9120000 - 0x00007ff9f91c7000 	C:\WINDOWS\system32\ADVAPI32.dll
0x00007ff9fa9f0000 - 0x00007ff9faa8d000 	C:\WINDOWS\system32\msvcrt.dll
0x00007ff9f8a20000 - 0x00007ff9f8a7b000 	C:\WINDOWS\system32\sechost.dll
0x00007ff9faba0000 - 0x00007ff9facbc000 	C:\WINDOWS\system32\RPCRT4.dll
0x00007ff9f8c10000 - 0x00007ff9f8d66000 	C:\WINDOWS\system32\USER32.dll
0x00007ff9f8a80000 - 0x00007ff9f8c06000 	C:\WINDOWS\system32\GDI32.dll
0x00007ff9f37a0000 - 0x00007ff9f3a14000 	C:\WINDOWS\WinSxS\amd64_microsoft.windows.common-controls_6595b64144ccf1df_6.0.10586.494_none_a2d8b04ea53e3145\COMCTL32.dll
0x00007ff9f8620000 - 0x00007ff9f889d000 	C:\WINDOWS\system32\combase.dll
0x00007ff9f78f0000 - 0x00007ff9f795a000 	C:\WINDOWS\system32\bcryptPrimitives.dll
0x00007ff9f8eb0000 - 0x00007ff9f8eeb000 	C:\WINDOWS\system32\IMM32.DLL
0x00007ff9f76c0000 - 0x00007ff9f76f1000 	C:\Windows\system32\nvinitx.dll
0x00007ff9f76b0000 - 0x00007ff9f76ba000 	C:\WINDOWS\SYSTEM32\VERSION.dll
0x000000000f000000 - 0x000000000f006000 	C:\Program Files\NVIDIA Corporation\CoProcManager\_etoured.dll
0x00007ff9f4420000 - 0x00007ff9f4452000 	C:\Program Files\NVIDIA Corporation\CoProcManager\nvd3d9wrapx.dll
0x00007ff9fad70000 - 0x00007ff9fb199000 	C:\WINDOWS\system32\SETUPAPI.dll
0x00007ff9f7fb0000 - 0x00007ff9f7ff3000 	C:\WINDOWS\system32\CFGMGR32.dll
0x00007ff9f3d80000 - 0x00007ff9f3da2000 	C:\Program Files\NVIDIA Corporation\CoProcManager\nvdxgiwrapx.dll
0x0000000071240000 - 0x0000000071312000 	C:\Program Files\Java\jdk1.8.0_45\jre\bin\msvcr100.dll
0x0000000071690000 - 0x0000000071f13000 	C:\Program Files\Java\jdk1.8.0_45\jre\bin\server\jvm.dll
0x00007ff9f85b0000 - 0x00007ff9f85b8000 	C:\WINDOWS\system32\PSAPI.DLL
0x00007ff9f5e80000 - 0x00007ff9f5ea3000 	C:\WINDOWS\SYSTEM32\WINMM.dll
0x00007ff9ea450000 - 0x00007ff9ea459000 	C:\WINDOWS\SYSTEM32\WSOCK32.dll
0x00007ff9f8d70000 - 0x00007ff9f8ddb000 	C:\WINDOWS\system32\WS2_32.dll
0x0000000000f80000 - 0x0000000000fac000 	C:\WINDOWS\SYSTEM32\WINMMBASE.dll
0x0000000071680000 - 0x000000007168f000 	C:\Program Files\Java\jdk1.8.0_45\jre\bin\verify.dll
0x0000000071650000 - 0x0000000071679000 	C:\Program Files\Java\jdk1.8.0_45\jre\bin\java.dll
0x0000000071630000 - 0x0000000071646000 	C:\Program Files\Java\jdk1.8.0_45\jre\bin\zip.dll
0x00007ff9f92e0000 - 0x00007ff9fa83c000 	C:\WINDOWS\system32\SHELL32.dll
0x00007ff9f7960000 - 0x00007ff9f7fa5000 	C:\WINDOWS\system32\windows.storage.dll
0x00007ff9f90c0000 - 0x00007ff9f9112000 	C:\WINDOWS\system32\shlwapi.dll
0x00007ff9f77f0000 - 0x00007ff9f77ff000 	C:\WINDOWS\system32\kernel.appcore.dll
0x00007ff9f83e0000 - 0x00007ff9f8495000 	C:\WINDOWS\system32\shcore.dll
0x00007ff9f7810000 - 0x00007ff9f785b000 	C:\WINDOWS\system32\powrprof.dll
0x00007ff9f77d0000 - 0x00007ff9f77e4000 	C:\WINDOWS\system32\profapi.dll
0x00007ff9e60b0000 - 0x00007ff9e623c000 	C:\WINDOWS\SYSTEM32\dbghelp.dll

VM Arguments:
jvm_args: -Djava.awt.headless=true -Xmx1024M -Dfile.encoding=x-windows-949 -Duser.country=KR -Duser.language=ko -Duser.variant 
java_command: com.android.dx.command.Main --dex --num-threads=4 --output E:\AndroidStudioProjects\CheongwonPay\app\build\intermediates\pre-dexed\release\com.android.support-appcompat-v7-24.1.1_c07326e7290ee2387f81167e5d732b31896ae87a.jar E:\AndroidStudioProjects\CheongwonPay\app\build\intermediates\exploded-aar\com.android.support\appcompat-v7\24.1.1\jars\classes.jar
java_class_path (initial): E:\Android\sdk\build-tools\23.0.3\lib\dx.jar
Launcher Type: SUN_STANDARD

Environment Variables:
PATH=C:\ProgramData\Oracle\Java\javapath;C:\Program Files (x86)\Wizvera\Delfino;C:\Program Files (x86)\NVIDIA Corporation\PhysX\Common;C:\WINDOWS\system32;C:\WINDOWS;C:\WINDOWS\System32\Wbem;C:\WINDOWS\System32\WindowsPowerShell\v1.0\;C:\Program Files\WIDCOMM\Bluetooth Software\;C:\Program Files\WIDCOMM\Bluetooth Software\syswow64;;C:\Program Files (x86)\Intel\OpenCL SDK\2.0\bin\x86;C:\Program Files (x86)\Intel\OpenCL SDK\2.0\bin\x64;C:\Program Files\Java\jdk1.8.0_45\bin;C:\Program Files\Java\jre1.8.0_45\bin;E:\Android\sdk\platform-tools;C:\Program Files (x86)\Skype\Phone\;C:\Users\Á¤¼·\AppData\Local\Bandizip\7z
USERNAME=Á¤¼·
OS=Windows_NT
PROCESSOR_IDENTIFIER=Intel64 Family 6 Model 42 Stepping 7, GenuineIntel



---------------  S Y S T E M  ---------------

OS: Windows 10.0 , 64 bit Build 10586 (10.0.10586.0)

CPU:total 4 (2 cores per cpu, 2 threads per core) family 6 model 42 stepping 7, cmov, cx8, fxsr, mmx, sse, sse2, sse3, ssse3, sse4.1, sse4.2, popcnt, avx, aes, clmul, ht, tsc, tscinvbit

Memory: 4k page, physical 4104480k(428888k free), swap 6427392k(2248k free)

vm_info: Java HotSpot(TM) 64-Bit Server VM (25.45-b02) for windows-amd64 JRE (1.8.0_45-b15), built on Apr 30 2015 12:40:44 by "java_re" with MS VC++ 10.0 (VS2010)

time: Sat Sep 17 23:59:15 2016
elapsed time: 9 seconds (0d 0h 0m 9s)

