#
# There is insufficient memory for the Java Runtime Environment to continue.
# Native memory allocation (malloc) failed to allocate 559856 bytes for Chunk::new
# Possible reasons:
#   The system is out of physical RAM or swap space
#   In 32 bit mode, the process size limit was hit
# Possible solutions:
#   Reduce memory load on the system
#   Increase physical memory or swap space
#   Check if swap backing store is full
#   Use 64 bit Java on a 64 bit OS
#   Decrease Java heap size (-Xmx/-Xms)
#   Decrease number of Java threads
#   Decrease Java thread stack sizes (-Xss)
#   Set larger code cache with -XX:ReservedCodeCacheSize=
# This output file may be truncated or incomplete.
#
#  Out of Memory Error (allocation.cpp:390), pid=7760, tid=8108
#
# JRE version: Java(TM) SE Runtime Environment (8.0_45-b15) (build 1.8.0_45-b15)
# Java VM: Java HotSpot(TM) 64-Bit Server VM (25.45-b02 mixed mode windows-amd64 compressed oops)
# Failed to write core dump. Minidumps are not enabled by default on client versions of Windows
#

---------------  T H R E A D  ---------------

Current thread (0x0000000005e89000):  JavaThread "C2 CompilerThread0" daemon [_thread_in_native, id=8108, stack(0x00000000079e0000,0x0000000007ae0000)]

Stack: [0x00000000079e0000,0x0000000007ae0000]
Native frames: (J=compiled Java code, j=interpreted, Vv=VM code, C=native code)
V  [jvm.dll+0x32b57a]
V  [jvm.dll+0x279873]
V  [jvm.dll+0x27a509]
V  [jvm.dll+0x271825]
V  [jvm.dll+0xcb9e2]
V  [jvm.dll+0xcbeac]
V  [jvm.dll+0x476ef2]
V  [jvm.dll+0x4b955f]
V  [jvm.dll+0x46bf81]
V  [jvm.dll+0x46ccbe]
V  [jvm.dll+0x4500f2]
V  [jvm.dll+0xa4352]
V  [jvm.dll+0xa4c8f]
V  [jvm.dll+0x241984]
V  [jvm.dll+0x29853a]
C  [msvcr100.dll+0x21d9f]
C  [msvcr100.dll+0x21e3b]
C  [KERNEL32.DLL+0x18102]
C  [ntdll.dll+0x5c5b4]


Current CompileTask:
C2:   1085  620       4       com.android.dx.ssa.NormalSsaInsn::accept (25 bytes)


---------------  P R O C E S S  ---------------

Java Threads: ( => current thread )
  0x0000000007e47000 JavaThread "pool-1-thread-4" [_thread_blocked, id=1576, stack(0x0000000008ee0000,0x0000000008fe0000)]
  0x0000000007e45000 JavaThread "pool-1-thread-3" [_thread_in_vm, id=4560, stack(0x0000000008de0000,0x0000000008ee0000)]
  0x0000000007eae800 JavaThread "pool-1-thread-2" [_thread_blocked, id=6960, stack(0x0000000008ce0000,0x0000000008de0000)]
  0x0000000007ead000 JavaThread "pool-2-thread-1" [_thread_blocked, id=4912, stack(0x0000000008be0000,0x0000000008ce0000)]
  0x0000000007eaa800 JavaThread "pool-1-thread-1" [_thread_in_vm, id=1800, stack(0x0000000008ae0000,0x0000000008be0000)]
  0x0000000007c48000 JavaThread "Service Thread" daemon [_thread_blocked, id=8424, stack(0x00000000088e0000,0x00000000089e0000)]
  0x0000000007be0800 JavaThread "C1 CompilerThread2" daemon [_thread_in_native, id=8496, stack(0x0000000007fe0000,0x00000000080e0000)]
  0x0000000005e8c000 JavaThread "C2 CompilerThread1" daemon [_thread_in_native, id=8100, stack(0x0000000007ae0000,0x0000000007be0000)]
=>0x0000000005e89000 JavaThread "C2 CompilerThread0" daemon [_thread_in_native, id=8108, stack(0x00000000079e0000,0x0000000007ae0000)]
  0x0000000005e3d000 JavaThread "Attach Listener" daemon [_thread_blocked, id=7360, stack(0x00000000078e0000,0x00000000079e0000)]
  0x0000000005e3c000 JavaThread "Signal Dispatcher" daemon [_thread_blocked, id=8128, stack(0x00000000077e0000,0x00000000078e0000)]
  0x0000000002660800 JavaThread "Finalizer" daemon [_thread_blocked, id=11760, stack(0x0000000007090000,0x0000000007190000)]
  0x000000000265d000 JavaThread "Reference Handler" daemon [_thread_blocked, id=4996, stack(0x0000000006f90000,0x0000000007090000)]
  0x0000000002570800 JavaThread "main" [_thread_blocked, id=12396, stack(0x0000000002110000,0x0000000002210000)]

Other Threads:
  0x0000000005df8000 VMThread [stack: 0x0000000006e90000,0x0000000006f90000] [id=11196]
  0x00000000080e2800 WatcherThread [stack: 0x00000000089e0000,0x0000000008ae0000] [id=2556]

VM state:not at safepoint (normal execution)

VM Mutex/Monitor currently owned by a thread:  ([mutex/lock_event])
[0x000000000275d7d0] MethodData_lock - owner thread: 0x0000000007eaa800

Heap:
 PSYoungGen      total 18944K, used 14784K [0x00000000eab00000, 0x00000000ec000000, 0x0000000100000000)
  eden space 16384K, 90% used [0x00000000eab00000,0x00000000eb970088,0x00000000ebb00000)
  from space 2560K, 0% used [0x00000000ebd80000,0x00000000ebd80000,0x00000000ec000000)
  to   space 2560K, 0% used [0x00000000ebb00000,0x00000000ebb00000,0x00000000ebd80000)
 ParOldGen       total 44032K, used 0K [0x00000000c0000000, 0x00000000c2b00000, 0x00000000eab00000)
  object space 44032K, 0% used [0x00000000c0000000,0x00000000c0000000,0x00000000c2b00000)
 Metaspace       used 5647K, capacity 6640K, committed 6784K, reserved 1056768K
  class space    used 589K, capacity 616K, committed 640K, reserved 1048576K

Card table byte_map: [0x0000000002b20000,0x0000000002d30000] byte_map_base: 0x0000000002520000

Marking Bits: (ParMarkBitMap*) 0x0000000065ef4040
 Begin Bits: [0x0000000003290000, 0x0000000004290000)
 End Bits:   [0x0000000004290000, 0x0000000005290000)

Polling page: 0x00000000006a0000

CodeCache: size=245760Kb used=2506Kb max_used=2518Kb free=243253Kb
 bounds [0x000000000f010000, 0x000000000f290000, 0x000000001e010000]
 total_blobs=949 nmethods=678 adapters=184
 compilation: enabled

Compilation events (10 events):
Event: 1.049 Thread 0x0000000007be0800  676       3       com.android.dx.ssa.SsaBasicBlock::forEachPhiInsn (54 bytes)
Event: 1.050 Thread 0x0000000007be0800 nmethod 676 0x000000000f26d750 code [0x000000000f26d940, 0x000000000f26e1e8]
Event: 1.050 Thread 0x0000000007be0800  675       3       com.android.dx.ssa.SsaMethod::onSourcesChanged (69 bytes)
Event: 1.051 Thread 0x0000000007be0800 nmethod 675 0x000000000f26c250 code [0x000000000f26c460, 0x000000000f26d078]
Event: 1.051 Thread 0x0000000007be0800  667       3       com.android.dx.ssa.SCCP::simulateStmt (481 bytes)
Event: 1.053 Thread 0x0000000005e8c000  686       4       com.android.dx.rop.type.Type::hashCode (8 bytes)
Event: 1.053 Thread 0x0000000007be0800 nmethod 667 0x000000000f274690 code [0x000000000f2749c0, 0x000000000f276978]
Event: 1.053 Thread 0x0000000007be0800  680       3       com.android.dx.rop.code.RegisterSpecSet::mutableCopy (57 bytes)
Event: 1.054 Thread 0x0000000007be0800 nmethod 680 0x000000000f277ad0 code [0x000000000f277c80, 0x000000000f278248]
Event: 1.054 Thread 0x0000000007be0800  684       3       com.android.dx.dex.code.CodeAddress::<init> (7 bytes)

GC Heap History (0 events):
No events

Deoptimization events (0 events):
No events

Internal exceptions (2 events):
Event: 0.072 Thread 0x0000000002570800 Exception <a 'java/lang/NoSuchMethodError': Method sun.misc.Unsafe.defineClass(Ljava/lang/String;[BII)Ljava/lang/Class; name or signature does not match> (0x00000000eab12f00) thrown at [C:\re\workspace\8-2-build-windows-amd64-cygwin\jdk8u45\3627\hotspot\srŽŸV‘§r²?
Event: 0.072 Thread 0x0000000002570800 Exception <a 'java/lang/NoSuchMethodError': Method sun.misc.Unsafe.prefetchRead(Ljava/lang/Object;J)V name or signature does not match> (0x00000000eab13190) thrown at [C:\re\workspace\8-2-build-windows-amd64-cygwin\jdk8u45\3627\hotspot\src\share\vm\prims\j

Events (10 events):
Event: 0.962 loading class java/util/HashMap$Values
Event: 0.962 loading class java/util/HashMap$Values done
Event: 0.962 loading class java/util/HashMap$ValueIterator
Event: 0.962 loading class java/util/HashMap$ValueIterator done
Event: 0.962 loading class com/android/dx/dex/file/MethodAnnotationStruct
Event: 0.962 loading class com/android/dx/dex/file/MethodAnnotationStruct done
Event: 0.968 loading class com/android/dx/ssa/PhiInsn$Operand
Event: 0.968 loading class com/android/dx/ssa/PhiInsn$Operand done
Event: 0.985 loading class com/android/dx/ssa/back/FirstFitLocalCombiningAllocator$Multiset
Event: 0.985 loading class com/android/dx/ssa/back/FirstFitLocalCombiningAllocator$Multiset done


Dynamic libraries:
0x00007ff7fcaf0000 - 0x00007ff7fcb27000 	C:\Program Files\Java\jdk1.8.0_45\bin\java.exe
0x00007ffb85840000 - 0x00007ffb85a01000 	C:\WINDOWS\SYSTEM32\ntdll.dll
0x00007ffb85790000 - 0x00007ffb8583d000 	C:\WINDOWS\system32\KERNEL32.DLL
0x00007ffb82790000 - 0x00007ffb82978000 	C:\WINDOWS\system32\KERNELBASE.dll
0x00007ffb851b0000 - 0x00007ffb85257000 	C:\WINDOWS\system32\ADVAPI32.dll
0x00007ffb853c0000 - 0x00007ffb8545d000 	C:\WINDOWS\system32\msvcrt.dll
0x00007ffb846d0000 - 0x00007ffb8472b000 	C:\WINDOWS\system32\sechost.dll
0x00007ffb84fa0000 - 0x00007ffb850bc000 	C:\WINDOWS\system32\RPCRT4.dll
0x00007ffb84b60000 - 0x00007ffb84cb6000 	C:\WINDOWS\system32\USER32.dll
0x00007ffb82c40000 - 0x00007ffb82dc6000 	C:\WINDOWS\system32\GDI32.dll
0x00007ffb7dff0000 - 0x00007ffb7e264000 	C:\WINDOWS\WinSxS\amd64_microsoft.windows.common-controls_6595b64144ccf1df_6.0.10586.494_none_a2d8b04ea53e3145\COMCTL32.dll
0x00007ffb85460000 - 0x00007ffb856dd000 	C:\WINDOWS\system32\combase.dll
0x00007ffb82980000 - 0x00007ffb829ea000 	C:\WINDOWS\system32\bcryptPrimitives.dll
0x00007ffb845c0000 - 0x00007ffb845fb000 	C:\WINDOWS\system32\IMM32.DLL
0x00007ffb81d50000 - 0x00007ffb81d81000 	C:\Windows\system32\nvinitx.dll
0x00007ffb81d40000 - 0x00007ffb81d4a000 	C:\WINDOWS\SYSTEM32\VERSION.dll
0x000000000f000000 - 0x000000000f006000 	C:\Program Files\NVIDIA Corporation\CoProcManager\_etoured.dll
0x00007ffb7eb00000 - 0x00007ffb7eb32000 	C:\Program Files\NVIDIA Corporation\CoProcManager\nvd3d9wrapx.dll
0x00007ffb84730000 - 0x00007ffb84b59000 	C:\WINDOWS\system32\SETUPAPI.dll
0x00007ffb82bf0000 - 0x00007ffb82c33000 	C:\WINDOWS\system32\CFGMGR32.dll
0x00007ffb7eac0000 - 0x00007ffb7eae2000 	C:\Program Files\NVIDIA Corporation\CoProcManager\nvdxgiwrapx.dll
0x0000000064ee0000 - 0x0000000064fb2000 	C:\Program Files\Java\jdk1.8.0_45\jre\bin\msvcr100.dll
0x00000000656f0000 - 0x0000000065f73000 	C:\Program Files\Java\jdk1.8.0_45\jre\bin\server\jvm.dll
0x00007ffb84330000 - 0x00007ffb84338000 	C:\WINDOWS\system32\PSAPI.DLL
0x00007ffb74960000 - 0x00007ffb74969000 	C:\WINDOWS\SYSTEM32\WSOCK32.dll
0x00007ffb85120000 - 0x00007ffb8518b000 	C:\WINDOWS\system32\WS2_32.dll
0x00007ffb804e0000 - 0x00007ffb80503000 	C:\WINDOWS\SYSTEM32\WINMM.dll
0x00007ffb804b0000 - 0x00007ffb804dc000 	C:\WINDOWS\SYSTEM32\WINMMBASE.dll
0x00000000656e0000 - 0x00000000656ef000 	C:\Program Files\Java\jdk1.8.0_45\jre\bin\verify.dll
0x00000000656b0000 - 0x00000000656d9000 	C:\Program Files\Java\jdk1.8.0_45\jre\bin\java.dll
0x0000000065690000 - 0x00000000656a6000 	C:\Program Files\Java\jdk1.8.0_45\jre\bin\zip.dll
0x00007ffb82dd0000 - 0x00007ffb8432c000 	C:\WINDOWS\system32\SHELL32.dll
0x0000000007190000 - 0x00000000077d5000 	C:\WINDOWS\system32\windows.storage.dll
0x00007ffb84560000 - 0x00007ffb845b2000 	C:\WINDOWS\system32\shlwapi.dll
0x00007ffb81eb0000 - 0x00007ffb81ebf000 	C:\WINDOWS\system32\kernel.appcore.dll
0x00007ffb829f0000 - 0x00007ffb82aa5000 	C:\WINDOWS\system32\shcore.dll
0x00007ffb81e60000 - 0x00007ffb81eab000 	C:\WINDOWS\system32\powrprof.dll
0x00007ffb81ec0000 - 0x00007ffb81ed4000 	C:\WINDOWS\system32\profapi.dll
0x00007ffb70450000 - 0x00007ffb705dc000 	C:\WINDOWS\SYSTEM32\dbghelp.dll

VM Arguments:
jvm_args: -Djava.awt.headless=true -Xmx1024M -Dfile.encoding=x-windows-949 -Duser.country=KR -Duser.language=ko -Duser.variant 
java_command: com.android.dx.command.Main --dex --num-threads=4 --output E:\AndroidStudioProjects\CheongwonPay\app\build\intermediates\pre-dexed\release\com.android.support-recyclerview-v7-24.1.1_66b354f48e7d93ccc09ee986e5fa0de61b357f08.jar E:\AndroidStudioProjects\CheongwonPay\app\build\intermediates\exploded-aar\com.android.support\recyclerview-v7\24.1.1\jars\classes.jar
java_class_path (initial): E:\Android\sdk\build-tools\23.0.3\lib\dx.jar
Launcher Type: SUN_STANDARD

Environment Variables:
PATH=C:\ProgramData\Oracle\Java\javapath;C:\Program Files (x86)\Wizvera\Delfino;C:\Program Files (x86)\NVIDIA Corporation\PhysX\Common;C:\WINDOWS\system32;C:\WINDOWS;C:\WINDOWS\System32\Wbem;C:\WINDOWS\System32\WindowsPowerShell\v1.0\;C:\Program Files\WIDCOMM\Bluetooth Software\;C:\Program Files\WIDCOMM\Bluetooth Software\syswow64;;C:\Program Files (x86)\Intel\OpenCL SDK\2.0\bin\x86;C:\Program Files (x86)\Intel\OpenCL SDK\2.0\bin\x64;C:\Program Files\Java\jdk1.8.0_45\bin;C:\Program Files\Java\jre1.8.0_45\bin;E:\Android\sdk\platform-tools;C:\Program Files (x86)\Skype\Phone\;C:\Users\Á¤¼·\AppData\Local\Bandizip\7z
USERNAME=Á¤¼·
OS=Windows_NT
PROCESSOR_IDENTIFIER=Intel64 Family 6 Model 42 Stepping 7, GenuineIntel



---------------  S Y S T E M  ---------------

OS: Windows 10.0 , 64 bit Build 10586 (10.0.10586.0)

CPU:total 4 (2 cores per cpu, 2 threads per core) family 6 model 42 stepping 7, cmov, cx8, fxsr, mmx, sse, sse2, sse3, ssse3, sse4.1, sse4.2, popcnt, avx, aes, clmul, ht, tsc, tscinvbit

Memory: 4k page, physical 4104480k(512320k free), swap 6730592k(12k free)

vm_info: Java HotSpot(TM) 64-Bit Server VM (25.45-b02) for windows-amd64 JRE (1.8.0_45-b15), built on Apr 30 2015 12:40:44 by "java_re" with MS VC++ 10.0 (VS2010)

time: Fri Sep 16 20:05:21 2016
elapsed time: 1 seconds (0d 0h 0m 1s)

