#
# There is insufficient memory for the Java Runtime Environment to continue.
# Native memory allocation (malloc) failed to allocate 1238976 bytes for Chunk::new
# Possible reasons:
#   The system is out of physical RAM or swap space
#   In 32 bit mode, the process size limit was hit
# Possible solutions:
#   Reduce memory load on the system
#   Increase physical memory or swap space
#   Check if swap backing store is full
#   Use 64 bit Java on a 64 bit OS
#   Decrease Java heap size (-Xmx/-Xms)
#   Decrease number of Java threads
#   Decrease Java thread stack sizes (-Xss)
#   Set larger code cache with -XX:ReservedCodeCacheSize=
# This output file may be truncated or incomplete.
#
#  Out of Memory Error (allocation.cpp:390), pid=8968, tid=12504
#
# JRE version: Java(TM) SE Runtime Environment (8.0_45-b15) (build 1.8.0_45-b15)
# Java VM: Java HotSpot(TM) 64-Bit Server VM (25.45-b02 mixed mode windows-amd64 compressed oops)
# Failed to write core dump. Minidumps are not enabled by default on client versions of Windows
#

---------------  T H R E A D  ---------------

Current thread (0x0000000007304800):  JavaThread "C2 CompilerThread1" daemon [_thread_in_native, id=12504, stack(0x00000000076b0000,0x00000000077b0000)]

Stack: [0x00000000076b0000,0x00000000077b0000]
Native frames: (J=compiled Java code, j=interpreted, Vv=VM code, C=native code)
V  [jvm.dll+0x32b57a]
V  [jvm.dll+0x279873]
V  [jvm.dll+0x27a509]
V  [jvm.dll+0x271825]
V  [jvm.dll+0xcb9e2]
V  [jvm.dll+0xcbeac]
V  [jvm.dll+0x476ef2]
V  [jvm.dll+0x4b955f]
V  [jvm.dll+0x46b92f]
V  [jvm.dll+0x46ccbe]
V  [jvm.dll+0x4500f2]
V  [jvm.dll+0xa4352]
V  [jvm.dll+0xa4c8f]
V  [jvm.dll+0x241984]
V  [jvm.dll+0x29853a]
C  [msvcr100.dll+0x21d9f]
C  [msvcr100.dll+0x21e3b]
C  [KERNEL32.DLL+0x18102]
C  [ntdll.dll+0x5c5b4]


Current CompileTask:
C2:  12810 1731   !   4       com.android.dx.cf.code.Ropper::processBlock (1101 bytes)


---------------  P R O C E S S  ---------------

Java Threads: ( => current thread )
  0x0000000007529000 JavaThread "pool-2-thread-4" [_thread_in_Java, id=12296, stack(0x0000000007eb0000,0x0000000007fb0000)]
  0x0000000007528000 JavaThread "pool-2-thread-3" [_thread_blocked, id=8312, stack(0x0000000007db0000,0x0000000007eb0000)]
  0x0000000007527800 JavaThread "pool-2-thread-2" [_thread_in_Java, id=13144, stack(0x0000000007cb0000,0x0000000007db0000)]
  0x0000000007526800 JavaThread "pool-3-thread-1" [_thread_blocked, id=3924, stack(0x0000000007bb0000,0x0000000007cb0000)]
  0x0000000007524000 JavaThread "pool-2-thread-1" [_thread_in_Java, id=12088, stack(0x0000000007ab0000,0x0000000007bb0000)]
  0x000000000730b000 JavaThread "Service Thread" daemon [_thread_blocked, id=4732, stack(0x00000000078b0000,0x00000000079b0000)]
  0x0000000007307800 JavaThread "C1 CompilerThread2" daemon [_thread_in_native, id=12684, stack(0x00000000077b0000,0x00000000078b0000)]
=>0x0000000007304800 JavaThread "C2 CompilerThread1" daemon [_thread_in_native, id=12504, stack(0x00000000076b0000,0x00000000077b0000)]
  0x0000000005cba000 JavaThread "C2 CompilerThread0" daemon [_thread_in_native, id=2400, stack(0x00000000071b0000,0x00000000072b0000)]
  0x0000000005c6e000 JavaThread "Attach Listener" daemon [_thread_blocked, id=4836, stack(0x00000000070b0000,0x00000000071b0000)]
  0x0000000005c6d000 JavaThread "Signal Dispatcher" daemon [_thread_blocked, id=11060, stack(0x0000000006fb0000,0x00000000070b0000)]
  0x00000000024b1800 JavaThread "Finalizer" daemon [_thread_blocked, id=13172, stack(0x0000000006eb0000,0x0000000006fb0000)]
  0x00000000024ae000 JavaThread "Reference Handler" daemon [_thread_blocked, id=2404, stack(0x0000000006db0000,0x0000000006eb0000)]
  0x00000000023c0800 JavaThread "main" [_thread_in_Java, id=12256, stack(0x0000000001f70000,0x0000000002070000)]

Other Threads:
  0x0000000005c28000 VMThread [stack: 0x0000000006cb0000,0x0000000006db0000] [id=13288]
  0x000000000731d800 WatcherThread [stack: 0x00000000079b0000,0x0000000007ab0000] [id=11296]

VM state:not at safepoint (normal execution)

VM Mutex/Monitor currently owned by a thread: None

Heap:
 PSYoungGen      total 68096K, used 13684K [0x00000000eab00000, 0x00000000ef000000, 0x0000000100000000)
  eden space 65536K, 17% used [0x00000000eab00000,0x00000000eb5e22b0,0x00000000eeb00000)
  from space 2560K, 99% used [0x00000000eed80000,0x00000000eeffb0a8,0x00000000ef000000)
  to   space 2560K, 0% used [0x00000000eeb00000,0x00000000eeb00000,0x00000000eed80000)
 ParOldGen       total 44032K, used 13112K [0x00000000c0000000, 0x00000000c2b00000, 0x00000000eab00000)
  object space 44032K, 29% used [0x00000000c0000000,0x00000000c0cce140,0x00000000c2b00000)
 Metaspace       used 6264K, capacity 7152K, committed 7296K, reserved 1056768K
  class space    used 597K, capacity 616K, committed 640K, reserved 1048576K

Card table byte_map: [0x0000000002950000,0x0000000002b60000] byte_map_base: 0x0000000002350000

Marking Bits: (ParMarkBitMap*) 0x000000005fda4040
 Begin Bits: [0x00000000030c0000, 0x00000000040c0000)
 End Bits:   [0x00000000040c0000, 0x00000000050c0000)

Polling page: 0x00000000001f0000

CodeCache: size=245760Kb used=7707Kb max_used=7707Kb free=238052Kb
 bounds [0x000000000f010000, 0x000000000f7a0000, 0x000000001e010000]
 total_blobs=1986 nmethods=1715 adapters=184
 compilation: enabled

Compilation events (10 events):
Event: 12.199 Thread 0x0000000007307800 1746       2       com.android.dx.ssa.PhiTypeResolver::resolveResultType (308 bytes)
Event: 12.202 Thread 0x0000000007307800 nmethod 1746 0x000000000f741990 code [0x000000000f741c80, 0x000000000f742ad8]
Event: 12.204 Thread 0x0000000007307800 1747       2       com.android.dx.ssa.SCCP::simulatePhi (169 bytes)
Event: 12.206 Thread 0x0000000007307800 nmethod 1747 0x000000000f715c10 code [0x000000000f715e20, 0x000000000f716498]
Event: 12.742 Thread 0x0000000007307800 1748       2       com.android.dx.cf.cst.ConstantPoolParser::parse (365 bytes)
Event: 12.746 Thread 0x0000000007307800 nmethod 1748 0x000000000f771410 code [0x000000000f7717e0, 0x000000000f772ba8]
Event: 12.751 Thread 0x0000000007307800 1749       2       com.android.dx.dex.file.ValueEncoder::addContents (75 bytes)
Event: 12.752 Thread 0x0000000007307800 nmethod 1749 0x000000000f7335d0 code [0x000000000f7337c0, 0x000000000f733e78]
Event: 12.752 Thread 0x0000000007307800 1750       1       com.android.dx.rop.cst.CstFloat::getType (4 bytes)
Event: 12.752 Thread 0x0000000007307800 nmethod 1750 0x000000000f715910 code [0x000000000f715a60, 0x000000000f715b70]

GC Heap History (8 events):
Event: 3.200 GC heap before
{Heap before GC invocations=1 (full 0):
 PSYoungGen      total 18944K, used 16384K [0x00000000eab00000, 0x00000000ec000000, 0x0000000100000000)
  eden space 16384K, 100% used [0x00000000eab00000,0x00000000ebb00000,0x00000000ebb00000)
  from space 2560K, 0% used [0x00000000ebd80000,0x00000000ebd80000,0x00000000ec000000)
  to   space 2560K, 0% used [0x00000000ebb00000,0x00000000ebb00000,0x00000000ebd80000)
 ParOldGen       total 44032K, used 0K [0x00000000c0000000, 0x00000000c2b00000, 0x00000000eab00000)
  object space 44032K, 0% used [0x00000000c0000000,0x00000000c0000000,0x00000000c2b00000)
 Metaspace       used 5450K, capacity 6384K, committed 6528K, reserved 1056768K
  class space    used 590K, capacity 616K, committed 640K, reserved 1048576K
Event: 3.297 GC heap after
Heap after GC invocations=1 (full 0):
 PSYoungGen      total 18944K, used 2558K [0x00000000eab00000, 0x00000000ed000000, 0x0000000100000000)
  eden space 16384K, 0% used [0x00000000eab00000,0x00000000eab00000,0x00000000ebb00000)
  from space 2560K, 99% used [0x00000000ebb00000,0x00000000ebd7f8c8,0x00000000ebd80000)
  to   space 2560K, 0% used [0x00000000ecd80000,0x00000000ecd80000,0x00000000ed000000)
 ParOldGen       total 44032K, used 891K [0x00000000c0000000, 0x00000000c2b00000, 0x00000000eab00000)
  object space 44032K, 2% used [0x00000000c0000000,0x00000000c00def10,0x00000000c2b00000)
 Metaspace       used 5450K, capacity 6384K, committed 6528K, reserved 1056768K
  class space    used 590K, capacity 616K, committed 640K, reserved 1048576K
}
Event: 5.761 GC heap before
{Heap before GC invocations=2 (full 0):
 PSYoungGen      total 18944K, used 18942K [0x00000000eab00000, 0x00000000ed000000, 0x0000000100000000)
  eden space 16384K, 100% used [0x00000000eab00000,0x00000000ebb00000,0x00000000ebb00000)
  from space 2560K, 99% used [0x00000000ebb00000,0x00000000ebd7f8c8,0x00000000ebd80000)
  to   space 2560K, 0% used [0x00000000ecd80000,0x00000000ecd80000,0x00000000ed000000)
 ParOldGen       total 44032K, used 891K [0x00000000c0000000, 0x00000000c2b00000, 0x00000000eab00000)
  object space 44032K, 2% used [0x00000000c0000000,0x00000000c00def10,0x00000000c2b00000)
 Metaspace       used 6071K, capacity 6960K, committed 7040K, reserved 1056768K
  class space    used 596K, capacity 616K, committed 640K, reserved 1048576K
Event: 5.771 GC heap after
Heap after GC invocations=2 (full 0):
 PSYoungGen      total 35328K, used 2546K [0x00000000eab00000, 0x00000000ed000000, 0x0000000100000000)
  eden space 32768K, 0% used [0x00000000eab00000,0x00000000eab00000,0x00000000ecb00000)
  from space 2560K, 99% used [0x00000000ecd80000,0x00000000ecffcb20,0x00000000ed000000)
  to   space 2560K, 0% used [0x00000000ecb00000,0x00000000ecb00000,0x00000000ecd80000)
 ParOldGen       total 44032K, used 3102K [0x00000000c0000000, 0x00000000c2b00000, 0x00000000eab00000)
  object space 44032K, 7% used [0x00000000c0000000,0x00000000c0307878,0x00000000c2b00000)
 Metaspace       used 6071K, capacity 6960K, committed 7040K, reserved 1056768K
  class space    used 596K, capacity 616K, committed 640K, reserved 1048576K
}
Event: 8.767 GC heap before
{Heap before GC invocations=3 (full 0):
 PSYoungGen      total 35328K, used 35314K [0x00000000eab00000, 0x00000000ed000000, 0x0000000100000000)
  eden space 32768K, 100% used [0x00000000eab00000,0x00000000ecb00000,0x00000000ecb00000)
  from space 2560K, 99% used [0x00000000ecd80000,0x00000000ecffcb20,0x00000000ed000000)
  to   space 2560K, 0% used [0x00000000ecb00000,0x00000000ecb00000,0x00000000ecd80000)
 ParOldGen       total 44032K, used 3102K [0x00000000c0000000, 0x00000000c2b00000, 0x00000000eab00000)
  object space 44032K, 7% used [0x00000000c0000000,0x00000000c0307878,0x00000000c2b00000)
 Metaspace       used 6209K, capacity 7088K, committed 7296K, reserved 1056768K
  class space    used 597K, capacity 616K, committed 640K, reserved 1048576K
Event: 9.934 GC heap after
Heap after GC invocations=3 (full 0):
 PSYoungGen      total 35328K, used 2546K [0x00000000eab00000, 0x00000000ef000000, 0x0000000100000000)
  eden space 32768K, 0% used [0x00000000eab00000,0x00000000eab00000,0x00000000ecb00000)
  from space 2560K, 99% used [0x00000000ecb00000,0x00000000ecd7cb90,0x00000000ecd80000)
  to   space 2560K, 0% used [0x00000000eed80000,0x00000000eed80000,0x00000000ef000000)
 ParOldGen       total 44032K, used 7995K [0x00000000c0000000, 0x00000000c2b00000, 0x00000000eab00000)
  object space 44032K, 18% used [0x00000000c0000000,0x00000000c07ceca8,0x00000000c2b00000)
 Metaspace       used 6209K, capacity 7088K, committed 7296K, reserved 1056768K
  class space    used 597K, capacity 616K, committed 640K, reserved 1048576K
}
Event: 12.214 GC heap before
{Heap before GC invocations=4 (full 0):
 PSYoungGen      total 35328K, used 35314K [0x00000000eab00000, 0x00000000ef000000, 0x0000000100000000)
  eden space 32768K, 100% used [0x00000000eab00000,0x00000000ecb00000,0x00000000ecb00000)
  from space 2560K, 99% used [0x00000000ecb00000,0x00000000ecd7cb90,0x00000000ecd80000)
  to   space 2560K, 0% used [0x00000000eed80000,0x00000000eed80000,0x00000000ef000000)
 ParOldGen       total 44032K, used 7995K [0x00000000c0000000, 0x00000000c2b00000, 0x00000000eab00000)
  object space 44032K, 18% used [0x00000000c0000000,0x00000000c07ceca8,0x00000000c2b00000)
 Metaspace       used 6257K, capacity 7088K, committed 7296K, reserved 1056768K
  class space    used 597K, capacity 616K, committed 640K, reserved 1048576K
Event: 12.741 GC heap after
Heap after GC invocations=4 (full 0):
 PSYoungGen      total 68096K, used 2540K [0x00000000eab00000, 0x00000000ef000000, 0x0000000100000000)
  eden space 65536K, 0% used [0x00000000eab00000,0x00000000eab00000,0x00000000eeb00000)
  from space 2560K, 99% used [0x00000000eed80000,0x00000000eeffb0a8,0x00000000ef000000)
  to   space 2560K, 0% used [0x00000000eeb00000,0x00000000eeb00000,0x00000000eed80000)
 ParOldGen       total 44032K, used 13112K [0x00000000c0000000, 0x00000000c2b00000, 0x00000000eab00000)
  object space 44032K, 29% used [0x00000000c0000000,0x00000000c0cce140,0x00000000c2b00000)
 Metaspace       used 6257K, capacity 7088K, committed 7296K, reserved 1056768K
  class space    used 597K, capacity 616K, committed 640K, reserved 1048576K
}

Deoptimization events (10 events):
Event: 10.478 Thread 0x0000000007528000 Uncommon trap: reason=bimorphic action=maybe_recompile pc=0x000000000f6e7650 method=com.android.dx.ssa.SCCP.simulatePhi(Lcom/android/dx/ssa/PhiInsn;)V @ 124
Event: 10.481 Thread 0x0000000007528000 Uncommon trap: reason=class_check action=maybe_recompile pc=0x000000000f6f3dd4 method=com.android.dx.rop.code.RegisterSpec.withSimpleType()Lcom/android/dx/rop/code/RegisterSpec; @ 21
Event: 10.482 Thread 0x0000000007528000 Uncommon trap: reason=bimorphic action=maybe_recompile pc=0x000000000f6e7650 method=com.android.dx.ssa.SCCP.simulatePhi(Lcom/android/dx/ssa/PhiInsn;)V @ 124
Event: 11.083 Thread 0x0000000007529000 Uncommon trap: reason=bimorphic action=maybe_recompile pc=0x000000000f6e7750 method=com.android.dx.ssa.SCCP.setLatticeValueTo(IILcom/android/dx/rop/cst/Constant;)Z @ 43
Event: 12.171 Thread 0x0000000007527800 Uncommon trap: reason=unstable_if action=reinterpret pc=0x000000000f5be1ec method=com.android.dx.ssa.SCCP.simulateStmt(Lcom/android/dx/ssa/SsaInsn;)V @ 53
Event: 12.197 Thread 0x0000000007529000 Uncommon trap: reason=bimorphic action=maybe_recompile pc=0x000000000f6e7650 method=com.android.dx.ssa.SCCP.simulatePhi(Lcom/android/dx/ssa/PhiInsn;)V @ 124
Event: 12.197 Thread 0x0000000007529000 Uncommon trap: reason=bimorphic action=maybe_recompile pc=0x000000000f6e7650 method=com.android.dx.ssa.SCCP.simulatePhi(Lcom/android/dx/ssa/PhiInsn;)V @ 124
Event: 12.748 Thread 0x0000000007524000 Uncommon trap: reason=bimorphic action=maybe_recompile pc=0x000000000f74d444 method=com.android.dx.cf.code.BytecodeArray.parseInstruction(ILcom/android/dx/cf/code/BytecodeArray$Visitor;)I @ 939
Event: 12.749 Thread 0x0000000007524000 Uncommon trap: reason=bimorphic action=maybe_recompile pc=0x000000000f74d444 method=com.android.dx.cf.code.BytecodeArray.parseInstruction(ILcom/android/dx/cf/code/BytecodeArray$Visitor;)I @ 939
Event: 12.753 Thread 0x0000000007524000 Uncommon trap: reason=bimorphic action=maybe_recompile pc=0x000000000f74d444 method=com.android.dx.cf.code.BytecodeArray.parseInstruction(ILcom/android/dx/cf/code/BytecodeArray$Visitor;)I @ 939

Internal exceptions (2 events):
Event: 0.132 Thread 0x00000000023c0800 Exception <a 'java/lang/NoSuchMethodError': Method sun.misc.Unsafe.defineClass(Ljava/lang/String;[BII)Ljava/lang/Class; name or signature does not match> (0x00000000eab12f00) thrown at [C:\re\workspace\8-2-build-windows-amd64-cygwin\jdk8u45\3627\hotspot\srÚK PÚòÀ?
Event: 0.132 Thread 0x00000000023c0800 Exception <a 'java/lang/NoSuchMethodError': Method sun.misc.Unsafe.prefetchRead(Ljava/lang/Object;J)V name or signature does not match> (0x00000000eab13190) thrown at [C:\re\workspace\8-2-build-windows-amd64-cygwin\jdk8u45\3627\hotspot\src\share\vm\prims\j

Events (10 events):
Event: 12.741 Executing VM operation: ParallelGCFailedAllocation done
Event: 12.748 Thread 0x0000000007524000 Uncommon trap: trap_request=0xffffffc6 fr.pc=0x000000000f74d444
Event: 12.748 Thread 0x0000000007524000 DEOPT PACKING pc=0x000000000f74d444 sp=0x0000000007bae840
Event: 12.748 Thread 0x0000000007524000 DEOPT UNPACKING pc=0x000000000f05582a sp=0x0000000007bae7e8 mode 2
Event: 12.749 Thread 0x0000000007524000 Uncommon trap: trap_request=0xffffffc6 fr.pc=0x000000000f74d444
Event: 12.749 Thread 0x0000000007524000 DEOPT PACKING pc=0x000000000f74d444 sp=0x0000000007bae6a0
Event: 12.749 Thread 0x0000000007524000 DEOPT UNPACKING pc=0x000000000f05582a sp=0x0000000007bae648 mode 2
Event: 12.753 Thread 0x0000000007524000 Uncommon trap: trap_request=0xffffffc6 fr.pc=0x000000000f74d444
Event: 12.753 Thread 0x0000000007524000 DEOPT PACKING pc=0x000000000f74d444 sp=0x0000000007bae840
Event: 12.753 Thread 0x0000000007524000 DEOPT UNPACKING pc=0x000000000f05582a sp=0x0000000007bae7e8 mode 2


Dynamic libraries:
0x00007ff7fb740000 - 0x00007ff7fb777000 	C:\Program Files\Java\jdk1.8.0_45\bin\java.exe
0x00007ff8d5ef0000 - 0x00007ff8d60b1000 	C:\WINDOWS\SYSTEM32\ntdll.dll
0x00007ff8d54d0000 - 0x00007ff8d557d000 	C:\WINDOWS\system32\KERNEL32.DLL
0x00007ff8d2f00000 - 0x00007ff8d30e8000 	C:\WINDOWS\system32\KERNELBASE.dll
0x00007ff8d4d60000 - 0x00007ff8d4e07000 	C:\WINDOWS\system32\ADVAPI32.dll
0x00007ff8d4cb0000 - 0x00007ff8d4d4d000 	C:\WINDOWS\system32\msvcrt.dll
0x00007ff8d32f0000 - 0x00007ff8d334b000 	C:\WINDOWS\system32\sechost.dll
0x00007ff8d4b50000 - 0x00007ff8d4c6c000 	C:\WINDOWS\system32\RPCRT4.dll
0x00007ff8d52a0000 - 0x00007ff8d53f6000 	C:\WINDOWS\system32\USER32.dll
0x00007ff8d5c30000 - 0x00007ff8d5db6000 	C:\WINDOWS\system32\GDI32.dll
0x00007ff8cdf70000 - 0x00007ff8ce1e4000 	C:\WINDOWS\WinSxS\amd64_microsoft.windows.common-controls_6595b64144ccf1df_6.0.10586.494_none_a2d8b04ea53e3145\COMCTL32.dll
0x00007ff8d5020000 - 0x00007ff8d529d000 	C:\WINDOWS\system32\combase.dll
0x00007ff8d30f0000 - 0x00007ff8d315a000 	C:\WINDOWS\system32\bcryptPrimitives.dll
0x00007ff8d4c70000 - 0x00007ff8d4cab000 	C:\WINDOWS\system32\IMM32.DLL
0x00007ff8d2400000 - 0x00007ff8d2431000 	C:\Windows\system32\nvinitx.dll
0x00007ff8d23f0000 - 0x00007ff8d23fa000 	C:\WINDOWS\SYSTEM32\VERSION.dll
0x000000000f000000 - 0x000000000f006000 	C:\Program Files\NVIDIA Corporation\CoProcManager\_etoured.dll
0x00007ff8ce720000 - 0x00007ff8ce752000 	C:\Program Files\NVIDIA Corporation\CoProcManager\nvd3d9wrapx.dll
0x00007ff8d55e0000 - 0x00007ff8d5a09000 	C:\WINDOWS\system32\SETUPAPI.dll
0x00007ff8d32a0000 - 0x00007ff8d32e3000 	C:\WINDOWS\system32\CFGMGR32.dll
0x00007ff8ce6f0000 - 0x00007ff8ce712000 	C:\Program Files\NVIDIA Corporation\CoProcManager\nvdxgiwrapx.dll
0x000000005f150000 - 0x000000005f222000 	C:\Program Files\Java\jdk1.8.0_45\jre\bin\msvcr100.dll
0x000000005f5a0000 - 0x000000005fe23000 	C:\Program Files\Java\jdk1.8.0_45\jre\bin\server\jvm.dll
0x00007ff8d4b40000 - 0x00007ff8d4b48000 	C:\WINDOWS\system32\PSAPI.DLL
0x00007ff8c5560000 - 0x00007ff8c5569000 	C:\WINDOWS\SYSTEM32\WSOCK32.dll
0x00007ff8d5400000 - 0x00007ff8d546b000 	C:\WINDOWS\system32\WS2_32.dll
0x00007ff8d0bc0000 - 0x00007ff8d0be3000 	C:\WINDOWS\SYSTEM32\WINMM.dll
0x00007ff8d0b60000 - 0x00007ff8d0b8c000 	C:\WINDOWS\SYSTEM32\WINMMBASE.dll
0x000000005f590000 - 0x000000005f59f000 	C:\Program Files\Java\jdk1.8.0_45\jre\bin\verify.dll
0x000000005f560000 - 0x000000005f589000 	C:\Program Files\Java\jdk1.8.0_45\jre\bin\java.dll
0x000000005f540000 - 0x000000005f556000 	C:\Program Files\Java\jdk1.8.0_45\jre\bin\zip.dll
0x00007ff8d3350000 - 0x00007ff8d48ac000 	C:\WINDOWS\system32\SHELL32.dll
0x00007ff8d26e0000 - 0x00007ff8d2d25000 	C:\WINDOWS\system32\windows.storage.dll
0x00007ff8d5580000 - 0x00007ff8d55d2000 	C:\WINDOWS\system32\shlwapi.dll
0x00007ff8d26d0000 - 0x00007ff8d26df000 	C:\WINDOWS\system32\kernel.appcore.dll
0x00007ff8d31e0000 - 0x00007ff8d3295000 	C:\WINDOWS\system32\shcore.dll
0x00007ff8d2520000 - 0x00007ff8d256b000 	C:\WINDOWS\system32\powrprof.dll
0x00007ff8d2500000 - 0x00007ff8d2514000 	C:\WINDOWS\system32\profapi.dll
0x00007ff8c0160000 - 0x00007ff8c02ec000 	C:\WINDOWS\SYSTEM32\dbghelp.dll

VM Arguments:
jvm_args: -Djava.awt.headless=true -Xmx1024M -Dfile.encoding=x-windows-949 -Duser.country=KR -Duser.language=ko -Duser.variant 
java_command: com.android.dx.command.Main --dex --force-jumbo --num-threads=4 --multi-dex --output E:\AndroidStudioProjects\CheongwonPay\app\build\intermediates\transforms\dex\debug\folders\1000\10\com.android.support-appcompat-v7-24.1.1_c07326e7290ee2387f81167e5d732b31896ae87a E:\AndroidStudioProjects\CheongwonPay\app\build\intermediates\exploded-aar\com.android.support\appcompat-v7\24.1.1\jars\classes.jar
java_class_path (initial): E:\Android\sdk\build-tools\23.0.3\lib\dx.jar
Launcher Type: SUN_STANDARD

Environment Variables:
PATH=C:\ProgramData\Oracle\Java\javapath;C:\Program Files (x86)\Wizvera\Delfino;C:\Program Files (x86)\NVIDIA Corporation\PhysX\Common;C:\WINDOWS\system32;C:\WINDOWS;C:\WINDOWS\System32\Wbem;C:\WINDOWS\System32\WindowsPowerShell\v1.0\;C:\Program Files\WIDCOMM\Bluetooth Software\;C:\Program Files\WIDCOMM\Bluetooth Software\syswow64;;C:\Program Files (x86)\Intel\OpenCL SDK\2.0\bin\x86;C:\Program Files (x86)\Intel\OpenCL SDK\2.0\bin\x64;C:\Program Files\Java\jdk1.8.0_45\bin;C:\Program Files\Java\jre1.8.0_45\bin;E:\Android\sdk\platform-tools;C:\Program Files (x86)\Skype\Phone\;C:\Users\Á¤¼·\AppData\Local\Bandizip\7z
USERNAME=Á¤¼·
OS=Windows_NT
PROCESSOR_IDENTIFIER=Intel64 Family 6 Model 42 Stepping 7, GenuineIntel



---------------  S Y S T E M  ---------------

OS: Windows 10.0 , 64 bit Build 10586 (10.0.10586.0)

CPU:total 4 (2 cores per cpu, 2 threads per core) family 6 model 42 stepping 7, cmov, cx8, fxsr, mmx, sse, sse2, sse3, ssse3, sse4.1, sse4.2, popcnt, avx, aes, clmul, ht, tsc, tscinvbit

Memory: 4k page, physical 4104480k(440244k free), swap 6961148k(7796k free)

vm_info: Java HotSpot(TM) 64-Bit Server VM (25.45-b02) for windows-amd64 JRE (1.8.0_45-b15), built on Apr 30 2015 12:40:44 by "java_re" with MS VC++ 10.0 (VS2010)

time: Sun Aug 21 20:29:55 2016
elapsed time: 12 seconds (0d 0h 0m 12s)

