#
# There is insufficient memory for the Java Runtime Environment to continue.
# Native memory allocation (malloc) failed to allocate 131088 bytes for Chunk::new
# Possible reasons:
#   The system is out of physical RAM or swap space
#   In 32 bit mode, the process size limit was hit
# Possible solutions:
#   Reduce memory load on the system
#   Increase physical memory or swap space
#   Check if swap backing store is full
#   Use 64 bit Java on a 64 bit OS
#   Decrease Java heap size (-Xmx/-Xms)
#   Decrease number of Java threads
#   Decrease Java thread stack sizes (-Xss)
#   Set larger code cache with -XX:ReservedCodeCacheSize=
# This output file may be truncated or incomplete.
#
#  Out of Memory Error (allocation.cpp:390), pid=8912, tid=5824
#
# JRE version: Java(TM) SE Runtime Environment (8.0_45-b15) (build 1.8.0_45-b15)
# Java VM: Java HotSpot(TM) 64-Bit Server VM (25.45-b02 mixed mode windows-amd64 compressed oops)
# Failed to write core dump. Minidumps are not enabled by default on client versions of Windows
#

---------------  T H R E A D  ---------------

Current thread (0x0000000006aee000):  JavaThread "C2 CompilerThread0" daemon [_thread_in_native, id=5824, stack(0x0000000008050000,0x0000000008150000)]

Stack: [0x0000000008050000,0x0000000008150000]
Native frames: (J=compiled Java code, j=interpreted, Vv=VM code, C=native code)
V  [jvm.dll+0x32b57a]
V  [jvm.dll+0x279873]
V  [jvm.dll+0x27a509]
V  [jvm.dll+0x271825]
V  [jvm.dll+0xcb9e2]
V  [jvm.dll+0xcbeac]
V  [jvm.dll+0xcc204]
V  [jvm.dll+0x4ea280]
V  [jvm.dll+0x502e43]
V  [jvm.dll+0x485984]
V  [jvm.dll+0x4881e4]
V  [jvm.dll+0x490aad]
V  [jvm.dll+0x4ffcda]
V  [jvm.dll+0x4fd302]
V  [jvm.dll+0x4f5f17]
V  [jvm.dll+0x4f6299]
V  [jvm.dll+0x4f682f]
V  [jvm.dll+0x450ff0]
V  [jvm.dll+0x46cac5]
V  [jvm.dll+0x4500f2]
V  [jvm.dll+0xa4352]
V  [jvm.dll+0xa4c8f]
V  [jvm.dll+0x241984]
V  [jvm.dll+0x29853a]
C  [msvcr100.dll+0x21d9f]
C  [msvcr100.dll+0x21e3b]
C  [KERNEL32.DLL+0x18102]
C  [ntdll.dll+0x5c5b4]


Current CompileTask:
C2:   3527 1192       4       com.android.dx.ssa.SCCP::simulateBranch (666 bytes)


---------------  P R O C E S S  ---------------

Java Threads: ( => current thread )
  0x0000000008378000 JavaThread "pool-1-thread-4" [_thread_in_Java, id=7272, stack(0x0000000008d50000,0x0000000008e50000)]
  0x000000000836f000 JavaThread "pool-1-thread-3" [_thread_in_Java, id=1660, stack(0x0000000008c50000,0x0000000008d50000)]
  0x000000000837c000 JavaThread "pool-1-thread-2" [_thread_in_Java, id=6224, stack(0x0000000008b50000,0x0000000008c50000)]
  0x000000000837b800 JavaThread "pool-2-thread-1" [_thread_blocked, id=7900, stack(0x0000000008a50000,0x0000000008b50000)]
  0x000000000837a800 JavaThread "pool-1-thread-1" [_thread_in_Java, id=7888, stack(0x0000000008950000,0x0000000008a50000)]
  0x00000000081b1000 JavaThread "Service Thread" daemon [_thread_blocked, id=6936, stack(0x0000000008750000,0x0000000008850000)]
  0x00000000081aa000 JavaThread "C1 CompilerThread2" daemon [_thread_in_native, id=6396, stack(0x0000000008650000,0x0000000008750000)]
  0x0000000006b3c800 JavaThread "C2 CompilerThread1" daemon [_thread_in_native, id=4812, stack(0x0000000008550000,0x0000000008650000)]
=>0x0000000006aee000 JavaThread "C2 CompilerThread0" daemon [_thread_in_native, id=5824, stack(0x0000000008050000,0x0000000008150000)]
  0x0000000006aec000 JavaThread "Attach Listener" daemon [_thread_blocked, id=11972, stack(0x0000000007f50000,0x0000000008050000)]
  0x0000000006aeb000 JavaThread "Signal Dispatcher" daemon [_thread_blocked, id=8888, stack(0x0000000007e50000,0x0000000007f50000)]
  0x0000000003320000 JavaThread "Finalizer" daemon [_thread_blocked, id=6004, stack(0x0000000007d50000,0x0000000007e50000)]
  0x000000000331d000 JavaThread "Reference Handler" daemon [_thread_blocked, id=9264, stack(0x0000000007c50000,0x0000000007d50000)]
  0x0000000003230800 JavaThread "main" [_thread_in_Java, id=1380, stack(0x0000000002d10000,0x0000000002e10000)]

Other Threads:
  0x0000000006aa8000 VMThread [stack: 0x0000000007b50000,0x0000000007c50000] [id=6652]
  0x00000000081b2000 WatcherThread [stack: 0x0000000008850000,0x0000000008950000] [id=7744]

VM state:not at safepoint (normal execution)

VM Mutex/Monitor currently owned by a thread: None

Heap:
 PSYoungGen      total 18944K, used 13708K [0x00000000eab00000, 0x00000000ec000000, 0x0000000100000000)
  eden space 16384K, 68% used [0x00000000eab00000,0x00000000eb5ea0c0,0x00000000ebb00000)
  from space 2560K, 98% used [0x00000000ebd80000,0x00000000ebff90d8,0x00000000ec000000)
  to   space 2560K, 0% used [0x00000000ebb00000,0x00000000ebb00000,0x00000000ebd80000)
 ParOldGen       total 44032K, used 4185K [0x00000000c0000000, 0x00000000c2b00000, 0x00000000eab00000)
  object space 44032K, 9% used [0x00000000c0000000,0x00000000c0416498,0x00000000c2b00000)
 Metaspace       used 6000K, capacity 6896K, committed 7040K, reserved 1056768K
  class space    used 592K, capacity 616K, committed 640K, reserved 1048576K

Card table byte_map: [0x00000000037d0000,0x00000000039e0000] byte_map_base: 0x00000000031d0000

Marking Bits: (ParMarkBitMap*) 0x0000000071d94040
 Begin Bits: [0x0000000003f40000, 0x0000000004f40000)
 End Bits:   [0x0000000004f40000, 0x0000000005f40000)

Polling page: 0x0000000001220000

CodeCache: size=245760Kb used=4431Kb max_used=4444Kb free=241328Kb
 bounds [0x000000000f010000, 0x000000000f470000, 0x000000001e010000]
 total_blobs=1439 nmethods=1166 adapters=186
 compilation: enabled

Compilation events (10 events):
Event: 3.439 Thread 0x0000000006b3c800 1178   !   4       com.android.dx.cf.code.BytecodeArray::parseInstruction (2764 bytes)
Event: 3.447 Thread 0x0000000006aee000 nmethod 1107 0x000000000f463a50 code [0x000000000f463e40, 0x000000000f465d40]
Event: 3.447 Thread 0x0000000006aee000 1191       4       java.util.HashMap::putVal (300 bytes)
Event: 3.457 Thread 0x00000000081aa000 1194       1       com.android.dx.ssa.Optimizer::getAdvice (4 bytes)
Event: 3.457 Thread 0x00000000081aa000 nmethod 1194 0x000000000f45a410 code [0x000000000f45a560, 0x000000000f45a650]
Event: 3.457 Thread 0x00000000081aa000 1165       3       com.android.dx.cf.code.BasicBlocker::getBlockList (208 bytes)
Event: 3.459 Thread 0x00000000081aa000 nmethod 1165 0x000000000f461b10 code [0x000000000f461d80, 0x000000000f462fa8]
Event: 3.459 Thread 0x00000000081aa000 1196       3       com.android.dx.ssa.ConstCollector::getConstsSortedByCountUse (386 bytes)
Event: 3.474 Thread 0x0000000006aee000 nmethod 1191 0x000000000f46aa90 code [0x000000000f46ac60, 0x000000000f46b430]
Event: 3.474 Thread 0x0000000006aee000 1192       4       com.android.dx.ssa.SCCP::simulateBranch (666 bytes)

GC Heap History (4 events):
Event: 3.093 GC heap before
{Heap before GC invocations=1 (full 0):
 PSYoungGen      total 18944K, used 16384K [0x00000000eab00000, 0x00000000ec000000, 0x0000000100000000)
  eden space 16384K, 100% used [0x00000000eab00000,0x00000000ebb00000,0x00000000ebb00000)
  from space 2560K, 0% used [0x00000000ebd80000,0x00000000ebd80000,0x00000000ec000000)
  to   space 2560K, 0% used [0x00000000ebb00000,0x00000000ebb00000,0x00000000ebd80000)
 ParOldGen       total 44032K, used 0K [0x00000000c0000000, 0x00000000c2b00000, 0x00000000eab00000)
  object space 44032K, 0% used [0x00000000c0000000,0x00000000c0000000,0x00000000c2b00000)
 Metaspace       used 5784K, capacity 6704K, committed 6784K, reserved 1056768K
  class space    used 588K, capacity 616K, committed 640K, reserved 1048576K
Event: 3.101 GC heap after
Heap after GC invocations=1 (full 0):
 PSYoungGen      total 18944K, used 2548K [0x00000000eab00000, 0x00000000ec000000, 0x0000000100000000)
  eden space 16384K, 0% used [0x00000000eab00000,0x00000000eab00000,0x00000000ebb00000)
  from space 2560K, 99% used [0x00000000ebb00000,0x00000000ebd7d0b8,0x00000000ebd80000)
  to   space 2560K, 0% used [0x00000000ebd80000,0x00000000ebd80000,0x00000000ec000000)
 ParOldGen       total 44032K, used 1657K [0x00000000c0000000, 0x00000000c2b00000, 0x00000000eab00000)
  object space 44032K, 3% used [0x00000000c0000000,0x00000000c019e5a0,0x00000000c2b00000)
 Metaspace       used 5784K, capacity 6704K, committed 6784K, reserved 1056768K
  class space    used 588K, capacity 616K, committed 640K, reserved 1048576K
}
Event: 3.460 GC heap before
{Heap before GC invocations=2 (full 0):
 PSYoungGen      total 18944K, used 18932K [0x00000000eab00000, 0x00000000ec000000, 0x0000000100000000)
  eden space 16384K, 100% used [0x00000000eab00000,0x00000000ebb00000,0x00000000ebb00000)
  from space 2560K, 99% used [0x00000000ebb00000,0x00000000ebd7d0b8,0x00000000ebd80000)
  to   space 2560K, 0% used [0x00000000ebd80000,0x00000000ebd80000,0x00000000ec000000)
 ParOldGen       total 44032K, used 1657K [0x00000000c0000000, 0x00000000c2b00000, 0x00000000eab00000)
  object space 44032K, 3% used [0x00000000c0000000,0x00000000c019e5a0,0x00000000c2b00000)
 Metaspace       used 5973K, capacity 6896K, committed 7040K, reserved 1056768K
  class space    used 592K, capacity 616K, committed 640K, reserved 1048576K
Event: 3.473 GC heap after
Heap after GC invocations=2 (full 0):
 PSYoungGen      total 18944K, used 2532K [0x00000000eab00000, 0x00000000ec000000, 0x0000000100000000)
  eden space 16384K, 0% used [0x00000000eab00000,0x00000000eab00000,0x00000000ebb00000)
  from space 2560K, 98% used [0x00000000ebd80000,0x00000000ebff90d8,0x00000000ec000000)
  to   space 2560K, 0% used [0x00000000ebb00000,0x00000000ebb00000,0x00000000ebd80000)
 ParOldGen       total 44032K, used 4185K [0x00000000c0000000, 0x00000000c2b00000, 0x00000000eab00000)
  object space 44032K, 9% used [0x00000000c0000000,0x00000000c0416498,0x00000000c2b00000)
 Metaspace       used 5973K, capacity 6896K, committed 7040K, reserved 1056768K
  class space    used 592K, capacity 616K, committed 640K, reserved 1048576K
}

Deoptimization events (2 events):
Event: 3.042 Thread 0x0000000003230800 Uncommon trap: reason=unstable_if action=reinterpret pc=0x000000000f221bb0 method=java.util.BitSet.nextSetBit(I)I @ 87
Event: 3.302 Thread 0x0000000003230800 Uncommon trap: reason=unstable_if action=reinterpret pc=0x000000000f3dfe1c method=com.android.dx.ssa.SsaMethod.updateOneDefinition(Lcom/android/dx/ssa/SsaInsn;Lcom/android/dx/rop/code/RegisterSpec;)V @ 4

Internal exceptions (2 events):
Event: 1.164 Thread 0x0000000003230800 Exception <a 'java/lang/NoSuchMethodError': Method sun.misc.Unsafe.defineClass(Ljava/lang/String;[BII)Ljava/lang/Class; name or signature does not match> (0x00000000eab12f00) thrown at [C:\re\workspace\8-2-build-windows-amd64-cygwin\jdk8u45\3627\hotspot\sr‘©²Ü¡ò?
Event: 1.165 Thread 0x0000000003230800 Exception <a 'java/lang/NoSuchMethodError': Method sun.misc.Unsafe.prefetchRead(Ljava/lang/Object;J)V name or signature does not match> (0x00000000eab13190) thrown at [C:\re\workspace\8-2-build-windows-amd64-cygwin\jdk8u45\3627\hotspot\src\share\vm\prims\j

Events (10 events):
Event: 3.244 loading class com/android/dx/cf/attrib/AttConstantValue done
Event: 3.293 loading class com/android/dx/cf/attrib/AttExceptions
Event: 3.293 loading class com/android/dx/cf/attrib/AttExceptions done
Event: 3.301 loading class com/android/dx/rop/code/RegOps
Event: 3.301 loading class com/android/dx/rop/code/RegOps done
Event: 3.302 Thread 0x0000000003230800 Uncommon trap: trap_request=0xffffff65 fr.pc=0x000000000f3dfe1c
Event: 3.302 Thread 0x0000000003230800 DEOPT PACKING pc=0x000000000f3dfe1c sp=0x0000000002e0e310
Event: 3.302 Thread 0x0000000003230800 DEOPT UNPACKING pc=0x000000000f05582a sp=0x0000000002e0e2b8 mode 2
Event: 3.459 Executing VM operation: ParallelGCFailedAllocation
Event: 3.473 Executing VM operation: ParallelGCFailedAllocation done


Dynamic libraries:
0x00007ff768890000 - 0x00007ff7688c7000 	C:\Program Files\Java\jdk1.8.0_45\bin\java.exe
0x00007ff9fb1b0000 - 0x00007ff9fb371000 	C:\WINDOWS\SYSTEM32\ntdll.dll
0x00007ff9facc0000 - 0x00007ff9fad6d000 	C:\WINDOWS\system32\KERNEL32.DLL
0x00007ff9f8020000 - 0x00007ff9f8208000 	C:\WINDOWS\system32\KERNELBASE.dll
0x00007ff9f9120000 - 0x00007ff9f91c7000 	C:\WINDOWS\system32\ADVAPI32.dll
0x00007ff9fa9f0000 - 0x00007ff9faa8d000 	C:\WINDOWS\system32\msvcrt.dll
0x00007ff9f8a20000 - 0x00007ff9f8a7b000 	C:\WINDOWS\system32\sechost.dll
0x00007ff9faba0000 - 0x00007ff9facbc000 	C:\WINDOWS\system32\RPCRT4.dll
0x00007ff9f8c10000 - 0x00007ff9f8d66000 	C:\WINDOWS\system32\USER32.dll
0x00007ff9f8a80000 - 0x00007ff9f8c06000 	C:\WINDOWS\system32\GDI32.dll
0x00007ff9f37a0000 - 0x00007ff9f3a14000 	C:\WINDOWS\WinSxS\amd64_microsoft.windows.common-controls_6595b64144ccf1df_6.0.10586.494_none_a2d8b04ea53e3145\COMCTL32.dll
0x00007ff9f8620000 - 0x00007ff9f889d000 	C:\WINDOWS\system32\combase.dll
0x00007ff9f78f0000 - 0x00007ff9f795a000 	C:\WINDOWS\system32\bcryptPrimitives.dll
0x00007ff9f8eb0000 - 0x00007ff9f8eeb000 	C:\WINDOWS\system32\IMM32.DLL
0x00007ff9f76c0000 - 0x00007ff9f76f1000 	C:\Windows\system32\nvinitx.dll
0x00007ff9f76b0000 - 0x00007ff9f76ba000 	C:\WINDOWS\SYSTEM32\VERSION.dll
0x000000000f000000 - 0x000000000f006000 	C:\Program Files\NVIDIA Corporation\CoProcManager\_etoured.dll
0x00007ff9f4420000 - 0x00007ff9f4452000 	C:\Program Files\NVIDIA Corporation\CoProcManager\nvd3d9wrapx.dll
0x00007ff9fad70000 - 0x00007ff9fb199000 	C:\WINDOWS\system32\SETUPAPI.dll
0x00007ff9f7fb0000 - 0x00007ff9f7ff3000 	C:\WINDOWS\system32\CFGMGR32.dll
0x00007ff9f3d80000 - 0x00007ff9f3da2000 	C:\Program Files\NVIDIA Corporation\CoProcManager\nvdxgiwrapx.dll
0x0000000071e40000 - 0x0000000071f12000 	C:\Program Files\Java\jdk1.8.0_45\jre\bin\msvcr100.dll
0x0000000071590000 - 0x0000000071e13000 	C:\Program Files\Java\jdk1.8.0_45\jre\bin\server\jvm.dll
0x00007ff9f85b0000 - 0x00007ff9f85b8000 	C:\WINDOWS\system32\PSAPI.DLL
0x00007ff9ea450000 - 0x00007ff9ea459000 	C:\WINDOWS\SYSTEM32\WSOCK32.dll
0x00007ff9f8d70000 - 0x00007ff9f8ddb000 	C:\WINDOWS\system32\WS2_32.dll
0x00007ff9f5e80000 - 0x00007ff9f5ea3000 	C:\WINDOWS\SYSTEM32\WINMM.dll
0x00007ff9f5e50000 - 0x00007ff9f5e7c000 	C:\WINDOWS\SYSTEM32\WINMMBASE.dll
0x0000000071580000 - 0x000000007158f000 	C:\Program Files\Java\jdk1.8.0_45\jre\bin\verify.dll
0x0000000071550000 - 0x0000000071579000 	C:\Program Files\Java\jdk1.8.0_45\jre\bin\java.dll
0x0000000071530000 - 0x0000000071546000 	C:\Program Files\Java\jdk1.8.0_45\jre\bin\zip.dll
0x00007ff9f92e0000 - 0x00007ff9fa83c000 	C:\WINDOWS\system32\SHELL32.dll
0x00007ff9f7960000 - 0x00007ff9f7fa5000 	C:\WINDOWS\system32\windows.storage.dll
0x00007ff9f90c0000 - 0x00007ff9f9112000 	C:\WINDOWS\system32\shlwapi.dll
0x00007ff9f77f0000 - 0x00007ff9f77ff000 	C:\WINDOWS\system32\kernel.appcore.dll
0x00007ff9f83e0000 - 0x00007ff9f8495000 	C:\WINDOWS\system32\shcore.dll
0x00007ff9f7810000 - 0x00007ff9f785b000 	C:\WINDOWS\system32\powrprof.dll
0x00007ff9f77d0000 - 0x00007ff9f77e4000 	C:\WINDOWS\system32\profapi.dll
0x00007ff9e60b0000 - 0x00007ff9e623c000 	C:\WINDOWS\SYSTEM32\dbghelp.dll

VM Arguments:
jvm_args: -Djava.awt.headless=true -Xmx1024M -Dfile.encoding=x-windows-949 -Duser.country=KR -Duser.language=ko -Duser.variant 
java_command: com.android.dx.command.Main --dex --num-threads=4 --output E:\AndroidStudioProjects\CheongwonPay\app\build\intermediates\pre-dexed\debug\com.google.android.gms-play-services-appindexing-9.4.0_8a1fda0cc8b8924198d8d8a7a2a43b4d7c5d321a.jar E:\AndroidStudioProjects\CheongwonPay\app\build\intermediates\exploded-aar\com.google.android.gms\play-services-appindexing\9.4.0\jars\classes.jar
java_class_path (initial): E:\Android\sdk\build-tools\23.0.3\lib\dx.jar
Launcher Type: SUN_STANDARD

Environment Variables:
PATH=C:\ProgramData\Oracle\Java\javapath;C:\Program Files (x86)\Wizvera\Delfino;C:\Program Files (x86)\NVIDIA Corporation\PhysX\Common;C:\WINDOWS\system32;C:\WINDOWS;C:\WINDOWS\System32\Wbem;C:\WINDOWS\System32\WindowsPowerShell\v1.0\;C:\Program Files\WIDCOMM\Bluetooth Software\;C:\Program Files\WIDCOMM\Bluetooth Software\syswow64;;C:\Program Files (x86)\Intel\OpenCL SDK\2.0\bin\x86;C:\Program Files (x86)\Intel\OpenCL SDK\2.0\bin\x64;C:\Program Files\Java\jdk1.8.0_45\bin;C:\Program Files\Java\jre1.8.0_45\bin;E:\Android\sdk\platform-tools;C:\Program Files (x86)\Skype\Phone\;C:\Users\Á¤¼·\AppData\Local\Bandizip\7z
USERNAME=Á¤¼·
OS=Windows_NT
PROCESSOR_IDENTIFIER=Intel64 Family 6 Model 42 Stepping 7, GenuineIntel



---------------  S Y S T E M  ---------------

OS: Windows 10.0 , 64 bit Build 10586 (10.0.10586.0)

CPU:total 4 (2 cores per cpu, 2 threads per core) family 6 model 42 stepping 7, cmov, cx8, fxsr, mmx, sse, sse2, sse3, ssse3, sse4.1, sse4.2, popcnt, avx, aes, clmul, ht, tsc, tscinvbit

Memory: 4k page, physical 4104480k(672252k free), swap 5864692k(5140k free)

vm_info: Java HotSpot(TM) 64-Bit Server VM (25.45-b02) for windows-amd64 JRE (1.8.0_45-b15), built on Apr 30 2015 12:40:44 by "java_re" with MS VC++ 10.0 (VS2010)

time: Wed Sep 21 02:43:08 2016
elapsed time: 3 seconds (0d 0h 0m 3s)

