#
# There is insufficient memory for the Java Runtime Environment to continue.
# Native memory allocation (malloc) failed to allocate 32744 bytes for ChunkPool::allocate
# Possible reasons:
#   The system is out of physical RAM or swap space
#   In 32 bit mode, the process size limit was hit
# Possible solutions:
#   Reduce memory load on the system
#   Increase physical memory or swap space
#   Check if swap backing store is full
#   Use 64 bit Java on a 64 bit OS
#   Decrease Java heap size (-Xmx/-Xms)
#   Decrease number of Java threads
#   Decrease Java thread stack sizes (-Xss)
#   Set larger code cache with -XX:ReservedCodeCacheSize=
# This output file may be truncated or incomplete.
#
#  Out of Memory Error (allocation.cpp:273), pid=5496, tid=13184
#
# JRE version: Java(TM) SE Runtime Environment (8.0_45-b15) (build 1.8.0_45-b15)
# Java VM: Java HotSpot(TM) 64-Bit Server VM (25.45-b02 mixed mode windows-amd64 compressed oops)
# Failed to write core dump. Minidumps are not enabled by default on client versions of Windows
#

---------------  T H R E A D  ---------------

Current thread (0x00000000083ac800):  JavaThread "pool-1-thread-2" [_thread_in_native, id=13184, stack(0x0000000008bb0000,0x0000000008cb0000)]

Stack: [0x0000000008bb0000,0x0000000008cb0000]
Native frames: (J=compiled Java code, j=interpreted, Vv=VM code, C=native code)
V  [jvm.dll+0x32b57a]

Java frames: (J=compiled Java code, j=interpreted, Vv=VM code)
j  java.util.Arrays.sort([III)V+15
j  com.android.dx.util.IntList.sort()V+20
j  com.android.dx.rop.code.RopMethod.calcPredecessors()V+176
j  com.android.dx.rop.code.RopMethod.labelToPredecessors(I)Lcom/android/dx/util/IntList;+8
j  com.android.dx.ssa.back.IdenticalBlockCombiner.process()Lcom/android/dx/rop/code/RopMethod;+64
j  com.android.dx.ssa.back.SsaToRop.convert()Lcom/android/dx/rop/code/RopMethod;+93
j  com.android.dx.ssa.back.SsaToRop.convertToRopMethod(Lcom/android/dx/ssa/SsaMethod;Z)Lcom/android/dx/rop/code/RopMethod;+9
j  com.android.dx.ssa.Optimizer.optimize(Lcom/android/dx/rop/code/RopMethod;IZZLcom/android/dx/rop/code/TranslationAdvice;Ljava/util/EnumSet;)Lcom/android/dx/rop/code/RopMethod;+30
j  com.android.dx.ssa.Optimizer.optimize(Lcom/android/dx/rop/code/RopMethod;IZZLcom/android/dx/rop/code/TranslationAdvice;)Lcom/android/dx/rop/code/RopMethod;+12
j  com.android.dx.dex.cf.CfTranslator.processMethods(Lcom/android/dx/cf/direct/DirectClassFile;Lcom/android/dx/dex/cf/CfOptions;Lcom/android/dx/dex/DexOptions;Lcom/android/dx/dex/file/ClassDefItem;Lcom/android/dx/dex/file/DexFile;)V+265
j  com.android.dx.dex.cf.CfTranslator.translate0(Lcom/android/dx/cf/direct/DirectClassFile;[BLcom/android/dx/dex/cf/CfOptions;Lcom/android/dx/dex/DexOptions;Lcom/android/dx/dex/file/DexFile;)Lcom/android/dx/dex/file/ClassDefItem;+120
j  com.android.dx.dex.cf.CfTranslator.translate(Lcom/android/dx/cf/direct/DirectClassFile;[BLcom/android/dx/dex/cf/CfOptions;Lcom/android/dx/dex/DexOptions;Lcom/android/dx/dex/file/DexFile;)Lcom/android/dx/dex/file/ClassDefItem;+6
j  com.android.dx.command.dexer.Main.translateClass([BLcom/android/dx/cf/direct/DirectClassFile;)Lcom/android/dx/dex/file/ClassDefItem;+17
j  com.android.dx.command.dexer.Main.access$2700([BLcom/android/dx/cf/direct/DirectClassFile;)Lcom/android/dx/dex/file/ClassDefItem;+2
j  com.android.dx.command.dexer.Main$ClassTranslatorTask.call()Lcom/android/dx/dex/file/ClassDefItem;+8
j  com.android.dx.command.dexer.Main$ClassTranslatorTask.call()Ljava/lang/Object;+1
j  java.util.concurrent.FutureTask.run()V+42
j  java.util.concurrent.ThreadPoolExecutor.runWorker(Ljava/util/concurrent/ThreadPoolExecutor$Worker;)V+95
j  java.util.concurrent.ThreadPoolExecutor$Worker.run()V+5
j  java.lang.Thread.run()V+11
v  ~StubRoutines::call_stub

---------------  P R O C E S S  ---------------

Java Threads: ( => current thread )
  0x00000000083da800 JavaThread "pool-1-thread-4" [_thread_blocked, id=896, stack(0x0000000008db0000,0x0000000008eb0000)]
  0x00000000083ad800 JavaThread "pool-1-thread-3" [_thread_blocked, id=12796, stack(0x0000000008cb0000,0x0000000008db0000)]
=>0x00000000083ac800 JavaThread "pool-1-thread-2" [_thread_in_native, id=13184, stack(0x0000000008bb0000,0x0000000008cb0000)]
  0x00000000083ac000 JavaThread "pool-2-thread-1" [_thread_blocked, id=8972, stack(0x0000000008ab0000,0x0000000008bb0000)]
  0x00000000083df000 JavaThread "pool-1-thread-1" [_thread_in_vm, id=1140, stack(0x00000000089b0000,0x0000000008ab0000)]
  0x0000000008211800 JavaThread "Service Thread" daemon [_thread_blocked, id=4880, stack(0x00000000087b0000,0x00000000088b0000)]
  0x0000000008209800 JavaThread "C1 CompilerThread2" daemon [_thread_blocked, id=9848, stack(0x00000000086b0000,0x00000000087b0000)]
  0x00000000081ff000 JavaThread "C2 CompilerThread1" daemon [_thread_in_native, id=12492, stack(0x00000000085b0000,0x00000000086b0000)]
  0x0000000006ba9000 JavaThread "C2 CompilerThread0" daemon [_thread_in_native, id=11592, stack(0x00000000080b0000,0x00000000081b0000)]
  0x0000000006b5d000 JavaThread "Attach Listener" daemon [_thread_blocked, id=10968, stack(0x0000000007fb0000,0x00000000080b0000)]
  0x0000000006b5c000 JavaThread "Signal Dispatcher" daemon [_thread_blocked, id=11044, stack(0x0000000007eb0000,0x0000000007fb0000)]
  0x0000000003470800 JavaThread "Finalizer" daemon [_thread_blocked, id=8908, stack(0x0000000007db0000,0x0000000007eb0000)]
  0x000000000346d000 JavaThread "Reference Handler" daemon [_thread_blocked, id=7096, stack(0x0000000007cb0000,0x0000000007db0000)]
  0x0000000003380800 JavaThread "main" [_thread_blocked, id=11140, stack(0x0000000003180000,0x0000000003280000)]

Other Threads:
  0x0000000006b18000 VMThread [stack: 0x0000000007bb0000,0x0000000007cb0000] [id=1220]
  0x0000000008223000 WatcherThread [stack: 0x00000000088b0000,0x00000000089b0000] [id=7004]

VM state:not at safepoint (normal execution)

VM Mutex/Monitor currently owned by a thread:  ([mutex/lock_event])
[0x000000000162d9d0] MethodData_lock - owner thread: 0x00000000083df000

Heap:
 PSYoungGen      total 18944K, used 12161K [0x00000000eab00000, 0x00000000ec000000, 0x0000000100000000)
  eden space 16384K, 74% used [0x00000000eab00000,0x00000000eb6e0508,0x00000000ebb00000)
  from space 2560K, 0% used [0x00000000ebd80000,0x00000000ebd80000,0x00000000ec000000)
  to   space 2560K, 0% used [0x00000000ebb00000,0x00000000ebb00000,0x00000000ebd80000)
 ParOldGen       total 44032K, used 0K [0x00000000c0000000, 0x00000000c2b00000, 0x00000000eab00000)
  object space 44032K, 0% used [0x00000000c0000000,0x00000000c0000000,0x00000000c2b00000)
 Metaspace       used 5488K, capacity 6448K, committed 6528K, reserved 1056768K
  class space    used 584K, capacity 616K, committed 640K, reserved 1048576K

Card table byte_map: [0x0000000003840000,0x0000000003a50000] byte_map_base: 0x0000000003240000

Marking Bits: (ParMarkBitMap*) 0x0000000071d94040
 Begin Bits: [0x0000000003fb0000, 0x0000000004fb0000)
 End Bits:   [0x0000000004fb0000, 0x0000000005fb0000)

Polling page: 0x00000000015b0000

CodeCache: size=245760Kb used=2385Kb max_used=2385Kb free=243374Kb
 bounds [0x000000000f010000, 0x000000000f280000, 0x000000001e010000]
 total_blobs=842 nmethods=572 adapters=183
 compilation: enabled

Compilation events (10 events):
Event: 1.776 Thread 0x0000000008209800 nmethod 528 0x000000000f2394d0 code [0x000000000f239660, 0x000000000f239b38]
Event: 1.776 Thread 0x0000000008209800  529       3       com.android.dx.rop.code.RegisterSpec::getNextReg (10 bytes)
Event: 1.777 Thread 0x0000000008209800 nmethod 529 0x000000000f239d50 code [0x000000000f239ee0, 0x000000000f23a298]
Event: 1.777 Thread 0x0000000008209800  540       1       com.android.dx.util.MutabilityControl::setImmutable (6 bytes)
Event: 1.777 Thread 0x0000000008209800 nmethod 540 0x000000000f23a410 code [0x000000000f23a560, 0x000000000f23a670]
Event: 1.777 Thread 0x0000000008209800  539       3       com.android.dx.ssa.NormalSsaInsn::hasSideEffect (76 bytes)
Event: 1.778 Thread 0x0000000008209800 nmethod 539 0x000000000f23a6d0 code [0x000000000f23a860, 0x000000000f23ae88]
Event: 1.778 Thread 0x0000000008209800  527   !   3       com.android.dx.cf.code.BytecodeArray::parseInstruction (2764 bytes)
Event: 1.790 Thread 0x00000000081ff000  525       4       java.util.ArrayList$Itr::hasNext (20 bytes)
Event: 1.790 Thread 0x0000000006ba9000  549       4       java.util.ArrayList$Itr::next (66 bytes)

GC Heap History (0 events):
No events

Deoptimization events (0 events):
No events

Internal exceptions (2 events):
Event: 0.433 Thread 0x0000000003380800 Exception <a 'java/lang/NoSuchMethodError': Method sun.misc.Unsafe.defineClass(Ljava/lang/String;[BII)Ljava/lang/Class; name or signature does not match> (0x00000000eab12f00) thrown at [C:\re\workspace\8-2-build-windows-amd64-cygwin\jdk8u45\3627\hotspot\sr¨Õg®ßÛ?
Event: 0.436 Thread 0x0000000003380800 Exception <a 'java/lang/NoSuchMethodError': Method sun.misc.Unsafe.prefetchRead(Ljava/lang/Object;J)V name or signature does not match> (0x00000000eab13190) thrown at [C:\re\workspace\8-2-build-windows-amd64-cygwin\jdk8u45\3627\hotspot\src\share\vm\prims\j

Events (10 events):
Event: 1.767 loading class java/io/PrintWriter done
Event: 1.767 loading class com/android/dx/rop/annotation/AnnotationsList
Event: 1.767 loading class com/android/dx/rop/annotation/AnnotationsList done
Event: 1.768 loading class com/android/dx/dex/file/MethodIdItem
Event: 1.768 loading class com/android/dx/dex/file/MethodIdItem done
Event: 1.772 loading class java/util/TreeMap$EntrySet
Event: 1.772 loading class java/util/TreeMap$EntrySet done
Event: 1.772 loading class java/util/TreeMap$EntryIterator
Event: 1.772 loading class java/util/TreeMap$EntryIterator done
Event: 1.790 loading class java/util/DualPivotQuicksort


Dynamic libraries:
0x00007ff768890000 - 0x00007ff7688c7000 	C:\Program Files\Java\jdk1.8.0_45\bin\java.exe
0x00007ff9fb1b0000 - 0x00007ff9fb371000 	C:\WINDOWS\SYSTEM32\ntdll.dll
0x00007ff9facc0000 - 0x00007ff9fad6d000 	C:\WINDOWS\system32\KERNEL32.DLL
0x00007ff9f8020000 - 0x00007ff9f8208000 	C:\WINDOWS\system32\KERNELBASE.dll
0x00007ff9f9120000 - 0x00007ff9f91c7000 	C:\WINDOWS\system32\ADVAPI32.dll
0x00007ff9fa9f0000 - 0x00007ff9faa8d000 	C:\WINDOWS\system32\msvcrt.dll
0x00007ff9f8a20000 - 0x00007ff9f8a7b000 	C:\WINDOWS\system32\sechost.dll
0x00007ff9faba0000 - 0x00007ff9facbc000 	C:\WINDOWS\system32\RPCRT4.dll
0x00007ff9f8c10000 - 0x00007ff9f8d66000 	C:\WINDOWS\system32\USER32.dll
0x00007ff9f8a80000 - 0x00007ff9f8c06000 	C:\WINDOWS\system32\GDI32.dll
0x00007ff9f37a0000 - 0x00007ff9f3a14000 	C:\WINDOWS\WinSxS\amd64_microsoft.windows.common-controls_6595b64144ccf1df_6.0.10586.494_none_a2d8b04ea53e3145\COMCTL32.dll
0x00007ff9f8620000 - 0x00007ff9f889d000 	C:\WINDOWS\system32\combase.dll
0x00007ff9f78f0000 - 0x00007ff9f795a000 	C:\WINDOWS\system32\bcryptPrimitives.dll
0x00007ff9f8eb0000 - 0x00007ff9f8eeb000 	C:\WINDOWS\system32\IMM32.DLL
0x00007ff9f76c0000 - 0x00007ff9f76f1000 	C:\Windows\system32\nvinitx.dll
0x00007ff9f76b0000 - 0x00007ff9f76ba000 	C:\WINDOWS\SYSTEM32\VERSION.dll
0x000000000f000000 - 0x000000000f006000 	C:\Program Files\NVIDIA Corporation\CoProcManager\_etoured.dll
0x00007ff9f4420000 - 0x00007ff9f4452000 	C:\Program Files\NVIDIA Corporation\CoProcManager\nvd3d9wrapx.dll
0x00007ff9fad70000 - 0x00007ff9fb199000 	C:\WINDOWS\system32\SETUPAPI.dll
0x00007ff9f7fb0000 - 0x00007ff9f7ff3000 	C:\WINDOWS\system32\CFGMGR32.dll
0x00007ff9f3d80000 - 0x00007ff9f3da2000 	C:\Program Files\NVIDIA Corporation\CoProcManager\nvdxgiwrapx.dll
0x0000000071e40000 - 0x0000000071f12000 	C:\Program Files\Java\jdk1.8.0_45\jre\bin\msvcr100.dll
0x0000000071590000 - 0x0000000071e13000 	C:\Program Files\Java\jdk1.8.0_45\jre\bin\server\jvm.dll
0x00007ff9f85b0000 - 0x00007ff9f85b8000 	C:\WINDOWS\system32\PSAPI.DLL
0x00007ff9ea450000 - 0x00007ff9ea459000 	C:\WINDOWS\SYSTEM32\WSOCK32.dll
0x00007ff9f8d70000 - 0x00007ff9f8ddb000 	C:\WINDOWS\system32\WS2_32.dll
0x00007ff9f5e80000 - 0x00007ff9f5ea3000 	C:\WINDOWS\SYSTEM32\WINMM.dll
0x00007ff9f5e50000 - 0x00007ff9f5e7c000 	C:\WINDOWS\SYSTEM32\WINMMBASE.dll
0x0000000071580000 - 0x000000007158f000 	C:\Program Files\Java\jdk1.8.0_45\jre\bin\verify.dll
0x0000000071550000 - 0x0000000071579000 	C:\Program Files\Java\jdk1.8.0_45\jre\bin\java.dll
0x0000000071530000 - 0x0000000071546000 	C:\Program Files\Java\jdk1.8.0_45\jre\bin\zip.dll
0x00007ff9f92e0000 - 0x00007ff9fa83c000 	C:\WINDOWS\system32\SHELL32.dll
0x00007ff9f7960000 - 0x00007ff9f7fa5000 	C:\WINDOWS\system32\windows.storage.dll
0x00007ff9f90c0000 - 0x00007ff9f9112000 	C:\WINDOWS\system32\shlwapi.dll
0x00007ff9f77f0000 - 0x00007ff9f77ff000 	C:\WINDOWS\system32\kernel.appcore.dll
0x00007ff9f83e0000 - 0x00007ff9f8495000 	C:\WINDOWS\system32\shcore.dll
0x00007ff9f7810000 - 0x00007ff9f785b000 	C:\WINDOWS\system32\powrprof.dll
0x00007ff9f77d0000 - 0x00007ff9f77e4000 	C:\WINDOWS\system32\profapi.dll

VM Arguments:
jvm_args: -Djava.awt.headless=true -Xmx1024M -Dfile.encoding=x-windows-949 -Duser.country=KR -Duser.language=ko -Duser.variant 
java_command: com.android.dx.command.Main --dex --num-threads=4 --output E:\AndroidStudioProjects\CheongwonPay\app\build\intermediates\pre-dexed\debug\com.google.android.gms-play-services-appindexing-9.4.0_8a1fda0cc8b8924198d8d8a7a2a43b4d7c5d321a.jar E:\AndroidStudioProjects\CheongwonPay\app\build\intermediates\exploded-aar\com.google.android.gms\play-services-appindexing\9.4.0\jars\classes.jar
java_class_path (initial): E:\Android\sdk\build-tools\23.0.3\lib\dx.jar
Launcher Type: SUN_STANDARD

Environment Variables:



---------------  S Y S T E M  ---------------

OS: Windows 10.0 , 64 bit Build 10586 (10.0.10586.0)

CPU:total 4 (2 cores per cpu, 2 threads per core) family 6 model 42 stepping 7, cmov, cx8, fxsr, mmx, sse, sse2, sse3, ssse3, sse4.1, sse4.2, popcnt, avx, aes, clmul, ht, tsc, tscinvbit

Memory: 4k page, physical 4104480k(486480k free), swap 5921820k(572k free)

vm_info: Java HotSpot(TM) 64-Bit Server VM (25.45-b02) for windows-amd64 JRE (1.8.0_45-b15), built on Apr 30 2015 12:40:44 by "java_re" with MS VC++ 10.0 (VS2010)

time: Wed Sep 21 02:12:20 2016
elapsed time: 1 seconds (0d 0h 0m 1s)

