#
# There is insufficient memory for the Java Runtime Environment to continue.
# Native memory allocation (malloc) failed to allocate 480608 bytes for Chunk::new
# Possible reasons:
#   The system is out of physical RAM or swap space
#   In 32 bit mode, the process size limit was hit
# Possible solutions:
#   Reduce memory load on the system
#   Increase physical memory or swap space
#   Check if swap backing store is full
#   Use 64 bit Java on a 64 bit OS
#   Decrease Java heap size (-Xmx/-Xms)
#   Decrease number of Java threads
#   Decrease Java thread stack sizes (-Xss)
#   Set larger code cache with -XX:ReservedCodeCacheSize=
# This output file may be truncated or incomplete.
#
#  Out of Memory Error (allocation.cpp:390), pid=10972, tid=5100
#
# JRE version: Java(TM) SE Runtime Environment (8.0_45-b15) (build 1.8.0_45-b15)
# Java VM: Java HotSpot(TM) 64-Bit Server VM (25.45-b02 mixed mode windows-amd64 compressed oops)
# Failed to write core dump. Minidumps are not enabled by default on client versions of Windows
#

---------------  T H R E A D  ---------------

Current thread (0x000000000602d000):  JavaThread "C2 CompilerThread1" daemon [_thread_in_native, id=5100, stack(0x0000000007a30000,0x0000000007b30000)]

Stack: [0x0000000007a30000,0x0000000007b30000]
Native frames: (J=compiled Java code, j=interpreted, Vv=VM code, C=native code)
V  [jvm.dll+0x32b57a]
V  [jvm.dll+0x279873]
V  [jvm.dll+0x27a509]
V  [jvm.dll+0x271825]
V  [jvm.dll+0xcb9e2]
V  [jvm.dll+0xcbeac]
V  [jvm.dll+0x4929e7]
V  [jvm.dll+0x45f6ff]
V  [jvm.dll+0x46a73b]
V  [jvm.dll+0x46cd52]
V  [jvm.dll+0x4500f2]
V  [jvm.dll+0xa4352]
V  [jvm.dll+0xa4c8f]
V  [jvm.dll+0x241984]
V  [jvm.dll+0x29853a]
C  [msvcr100.dll+0x21d9f]
C  [msvcr100.dll+0x21e3b]
C  [KERNEL32.DLL+0x18102]
C  [ntdll.dll+0x5c5b4]


Current CompileTask:
C2:  18001 1715       4       com.android.dx.rop.code.LocalVariableExtractor::processBlock (327 bytes)


---------------  P R O C E S S  ---------------

Java Threads: ( => current thread )
  0x0000000007920000 JavaThread "pool-2-thread-4" [_thread_blocked, id=1920, stack(0x0000000008230000,0x0000000008330000)]
  0x000000000791f000 JavaThread "pool-2-thread-3" [_thread_blocked, id=8316, stack(0x0000000008130000,0x0000000008230000)]
  0x000000000791e800 JavaThread "pool-2-thread-2" [_thread_in_Java, id=7556, stack(0x0000000008030000,0x0000000008130000)]
  0x000000000791e000 JavaThread "pool-3-thread-1" [_thread_blocked, id=11512, stack(0x0000000007f30000,0x0000000008030000)]
  0x0000000007901000 JavaThread "pool-2-thread-1" [_thread_blocked, id=10644, stack(0x0000000007e30000,0x0000000007f30000)]
  0x000000000768b000 JavaThread "Service Thread" daemon [_thread_blocked, id=7672, stack(0x0000000007c30000,0x0000000007d30000)]
  0x0000000007687000 JavaThread "C1 CompilerThread2" daemon [_thread_blocked, id=8572, stack(0x0000000007b30000,0x0000000007c30000)]
=>0x000000000602d000 JavaThread "C2 CompilerThread1" daemon [_thread_in_native, id=5100, stack(0x0000000007a30000,0x0000000007b30000)]
  0x000000000602a000 JavaThread "C2 CompilerThread0" daemon [_thread_in_native, id=2356, stack(0x0000000007530000,0x0000000007630000)]
  0x0000000005fde000 JavaThread "Attach Listener" daemon [_thread_blocked, id=9992, stack(0x0000000007430000,0x0000000007530000)]
  0x0000000005fdd000 JavaThread "Signal Dispatcher" daemon [_thread_blocked, id=3368, stack(0x0000000007330000,0x0000000007430000)]
  0x00000000028c1800 JavaThread "Finalizer" daemon [_thread_blocked, id=8392, stack(0x0000000007230000,0x0000000007330000)]
  0x00000000028be000 JavaThread "Reference Handler" daemon [_thread_blocked, id=10072, stack(0x0000000007130000,0x0000000007230000)]
  0x00000000027d0800 JavaThread "main" [_thread_in_Java, id=8208, stack(0x0000000002370000,0x0000000002470000)]

Other Threads:
  0x0000000005f98000 VMThread [stack: 0x0000000007030000,0x0000000007130000] [id=216]
  0x000000000768d800 WatcherThread [stack: 0x0000000007d30000,0x0000000007e30000] [id=10612]

VM state:not at safepoint (normal execution)

VM Mutex/Monitor currently owned by a thread: None

Heap:
 PSYoungGen      total 35328K, used 20393K [0x00000000eab00000, 0x00000000ef000000, 0x0000000100000000)
  eden space 32768K, 54% used [0x00000000eab00000,0x00000000ebc6a480,0x00000000ecb00000)
  from space 2560K, 100% used [0x00000000ecb00000,0x00000000ecd80000,0x00000000ecd80000)
  to   space 2560K, 0% used [0x00000000eed80000,0x00000000eed80000,0x00000000ef000000)
 ParOldGen       total 44032K, used 7560K [0x00000000c0000000, 0x00000000c2b00000, 0x00000000eab00000)
  object space 44032K, 17% used [0x00000000c0000000,0x00000000c0762348,0x00000000c2b00000)
 Metaspace       used 6262K, capacity 7088K, committed 7296K, reserved 1056768K
  class space    used 596K, capacity 616K, committed 640K, reserved 1048576K

Card table byte_map: [0x0000000002cc0000,0x0000000002ed0000] byte_map_base: 0x00000000026c0000

Marking Bits: (ParMarkBitMap*) 0x0000000070aa4040
 Begin Bits: [0x0000000003430000, 0x0000000004430000)
 End Bits:   [0x0000000004430000, 0x0000000005430000)

Polling page: 0x0000000000a80000

CodeCache: size=245760Kb used=7336Kb max_used=7365Kb free=238423Kb
 bounds [0x000000000f010000, 0x000000000f750000, 0x000000001e010000]
 total_blobs=1980 nmethods=1708 adapters=184
 compilation: enabled

Compilation events (10 events):
Event: 17.861 Thread 0x0000000007687000 1732       2       java.util.HashMap$EntryIterator::next (5 bytes)
Event: 17.861 Thread 0x0000000007687000 nmethod 1732 0x000000000f716f50 code [0x000000000f7170c0, 0x000000000f717228]
Event: 17.869 Thread 0x0000000007687000 1733       2       com.android.dx.util.ByteArray::getShort (25 bytes)
Event: 17.870 Thread 0x0000000007687000 nmethod 1733 0x000000000f716a90 code [0x000000000f716c00, 0x000000000f716de8]
Event: 17.895 Thread 0x000000000602a000 nmethod 1681 0x000000000f73e6d0 code [0x000000000f73f180, 0x000000000f745810]
Event: 17.896 Thread 0x000000000602a000 1725       4       com.android.dx.ssa.SsaMethod::mapRegisters (87 bytes)
Event: 17.904 Thread 0x0000000007687000 1735       2       java.util.concurrent.FutureTask::set (36 bytes)
Event: 17.905 Thread 0x0000000007687000 nmethod 1735 0x000000000f716690 code [0x000000000f716800, 0x000000000f7169e8]
Event: 17.917 Thread 0x0000000007687000 1736       1       java.util.concurrent.locks.AbstractQueuedSynchronizer::compareAndSetState (13 bytes)
Event: 17.918 Thread 0x0000000007687000 nmethod 1736 0x000000000f7163d0 code [0x000000000f716520, 0x000000000f716650]

GC Heap History (6 events):
Event: 8.947 GC heap before
{Heap before GC invocations=1 (full 0):
 PSYoungGen      total 18944K, used 16384K [0x00000000eab00000, 0x00000000ec000000, 0x0000000100000000)
  eden space 16384K, 100% used [0x00000000eab00000,0x00000000ebb00000,0x00000000ebb00000)
  from space 2560K, 0% used [0x00000000ebd80000,0x00000000ebd80000,0x00000000ec000000)
  to   space 2560K, 0% used [0x00000000ebb00000,0x00000000ebb00000,0x00000000ebd80000)
 ParOldGen       total 44032K, used 0K [0x00000000c0000000, 0x00000000c2b00000, 0x00000000eab00000)
  object space 44032K, 0% used [0x00000000c0000000,0x00000000c0000000,0x00000000c2b00000)
 Metaspace       used 5388K, capacity 6384K, committed 6528K, reserved 1056768K
  class space    used 582K, capacity 616K, committed 640K, reserved 1048576K
Event: 9.589 GC heap after
Heap after GC invocations=1 (full 0):
 PSYoungGen      total 18944K, used 2557K [0x00000000eab00000, 0x00000000ed000000, 0x0000000100000000)
  eden space 16384K, 0% used [0x00000000eab00000,0x00000000eab00000,0x00000000ebb00000)
  from space 2560K, 99% used [0x00000000ebb00000,0x00000000ebd7f460,0x00000000ebd80000)
  to   space 2560K, 0% used [0x00000000ecd80000,0x00000000ecd80000,0x00000000ed000000)
 ParOldGen       total 44032K, used 821K [0x00000000c0000000, 0x00000000c2b00000, 0x00000000eab00000)
  object space 44032K, 1% used [0x00000000c0000000,0x00000000c00cd6c8,0x00000000c2b00000)
 Metaspace       used 5388K, capacity 6384K, committed 6528K, reserved 1056768K
  class space    used 582K, capacity 616K, committed 640K, reserved 1048576K
}
Event: 12.298 GC heap before
{Heap before GC invocations=2 (full 0):
 PSYoungGen      total 18944K, used 18941K [0x00000000eab00000, 0x00000000ed000000, 0x0000000100000000)
  eden space 16384K, 100% used [0x00000000eab00000,0x00000000ebb00000,0x00000000ebb00000)
  from space 2560K, 99% used [0x00000000ebb00000,0x00000000ebd7f460,0x00000000ebd80000)
  to   space 2560K, 0% used [0x00000000ecd80000,0x00000000ecd80000,0x00000000ed000000)
 ParOldGen       total 44032K, used 821K [0x00000000c0000000, 0x00000000c2b00000, 0x00000000eab00000)
  object space 44032K, 1% used [0x00000000c0000000,0x00000000c00cd6c8,0x00000000c2b00000)
 Metaspace       used 6054K, capacity 6960K, committed 7040K, reserved 1056768K
  class space    used 594K, capacity 616K, committed 640K, reserved 1048576K
Event: 12.589 GC heap after
Heap after GC invocations=2 (full 0):
 PSYoungGen      total 35328K, used 2537K [0x00000000eab00000, 0x00000000ed000000, 0x0000000100000000)
  eden space 32768K, 0% used [0x00000000eab00000,0x00000000eab00000,0x00000000ecb00000)
  from space 2560K, 99% used [0x00000000ecd80000,0x00000000ecffa658,0x00000000ed000000)
  to   space 2560K, 0% used [0x00000000ecb00000,0x00000000ecb00000,0x00000000ecd80000)
 ParOldGen       total 44032K, used 2683K [0x00000000c0000000, 0x00000000c2b00000, 0x00000000eab00000)
  object space 44032K, 6% used [0x00000000c0000000,0x00000000c029ee88,0x00000000c2b00000)
 Metaspace       used 6054K, capacity 6960K, committed 7040K, reserved 1056768K
  class space    used 594K, capacity 616K, committed 640K, reserved 1048576K
}
Event: 15.225 GC heap before
{Heap before GC invocations=3 (full 0):
 PSYoungGen      total 35328K, used 35305K [0x00000000eab00000, 0x00000000ed000000, 0x0000000100000000)
  eden space 32768K, 100% used [0x00000000eab00000,0x00000000ecb00000,0x00000000ecb00000)
  from space 2560K, 99% used [0x00000000ecd80000,0x00000000ecffa658,0x00000000ed000000)
  to   space 2560K, 0% used [0x00000000ecb00000,0x00000000ecb00000,0x00000000ecd80000)
 ParOldGen       total 44032K, used 2683K [0x00000000c0000000, 0x00000000c2b00000, 0x00000000eab00000)
  object space 44032K, 6% used [0x00000000c0000000,0x00000000c029ee88,0x00000000c2b00000)
 Metaspace       used 6233K, capacity 7088K, committed 7296K, reserved 1056768K
  class space    used 595K, capacity 616K, committed 640K, reserved 1048576K
Event: 15.400 GC heap after
Heap after GC invocations=3 (full 0):
 PSYoungGen      total 35328K, used 2560K [0x00000000eab00000, 0x00000000ef000000, 0x0000000100000000)
  eden space 32768K, 0% used [0x00000000eab00000,0x00000000eab00000,0x00000000ecb00000)
  from space 2560K, 100% used [0x00000000ecb00000,0x00000000ecd80000,0x00000000ecd80000)
  to   space 2560K, 0% used [0x00000000eed80000,0x00000000eed80000,0x00000000ef000000)
 ParOldGen       total 44032K, used 7560K [0x00000000c0000000, 0x00000000c2b00000, 0x00000000eab00000)
  object space 44032K, 17% used [0x00000000c0000000,0x00000000c0762348,0x00000000c2b00000)
 Metaspace       used 6233K, capacity 7088K, committed 7296K, reserved 1056768K
  class space    used 595K, capacity 616K, committed 640K, reserved 1048576K
}

Deoptimization events (9 events):
Event: 2.744 Thread 0x00000000027d0800 Uncommon trap: reason=unstable_if action=reinterpret pc=0x000000000f183918 method=java.lang.String.indexOf(II)I @ 49
Event: 7.368 Thread 0x000000000791f000 Uncommon trap: reason=unstable_if action=reinterpret pc=0x000000000f18a5d4 method=java.lang.String.compareTo(Ljava/lang/String;)I @ 38
Event: 9.793 Thread 0x000000000791e800 Uncommon trap: reason=unstable_if action=reinterpret pc=0x000000000f2700f0 method=java.util.BitSet.nextSetBit(I)I @ 87
Event: 11.111 Thread 0x0000000007920000 Uncommon trap: reason=unstable_if action=reinterpret pc=0x000000000f40dc7c method=com.android.dx.rop.code.LocalItem.hashCode()I @ 25
Event: 11.618 Thread 0x0000000007901000 Uncommon trap: reason=unstable_if action=reinterpret pc=0x000000000f3a4edc method=com.android.dx.rop.cst.Constant.compareTo(Lcom/android/dx/rop/cst/Constant;)I @ 12
Event: 14.686 Thread 0x0000000007920000 Uncommon trap: reason=unstable_if action=reinterpret pc=0x000000000f5d962c method=com.android.dx.ssa.SCCP.simulateStmt(Lcom/android/dx/ssa/SsaInsn;)V @ 53
Event: 16.599 Thread 0x0000000007901000 Uncommon trap: reason=bimorphic action=maybe_recompile pc=0x000000000f6f91c4 method=com.android.dx.ssa.SCCP.simulatePhi(Lcom/android/dx/ssa/PhiInsn;)V @ 124
Event: 16.664 Thread 0x000000000791f000 Uncommon trap: reason=bimorphic action=maybe_recompile pc=0x000000000f6c96c4 method=com.android.dx.rop.code.RegisterSpec.withSimpleType()Lcom/android/dx/rop/code/RegisterSpec; @ 21
Event: 17.819 Thread 0x00000000027d0800 Uncommon trap: reason=unstable_if action=reinterpret pc=0x000000000f45e9c4 method=com.android.dx.rop.code.RegisterSpecSet.<init>(I)V @ 2

Internal exceptions (2 events):
Event: 0.199 Thread 0x00000000027d0800 Exception <a 'java/lang/NoSuchMethodError': Method sun.misc.Unsafe.defineClass(Ljava/lang/String;[BII)Ljava/lang/Class; name or signature does not match> (0x00000000eab12f00) thrown at [C:\re\workspace\8-2-build-windows-amd64-cygwin\jdk8u45\3627\hotspot\srfl?t…?
Event: 0.199 Thread 0x00000000027d0800 Exception <a 'java/lang/NoSuchMethodError': Method sun.misc.Unsafe.prefetchRead(Ljava/lang/Object;J)V name or signature does not match> (0x00000000eab13190) thrown at [C:\re\workspace\8-2-build-windows-amd64-cygwin\jdk8u45\3627\hotspot\src\share\vm\prims\j

Events (10 events):
Event: 16.599 Thread 0x0000000007901000 DEOPT PACKING pc=0x000000000f6f91c4 sp=0x0000000007f2ecf0
Event: 16.599 Thread 0x0000000007901000 DEOPT UNPACKING pc=0x000000000f05582a sp=0x0000000007f2ecb8 mode 2
Event: 16.636 loading class com/android/dx/cf/code/SwitchList
Event: 16.636 loading class com/android/dx/cf/code/SwitchList done
Event: 16.664 Thread 0x000000000791f000 Uncommon trap: trap_request=0xffffffc6 fr.pc=0x000000000f6c96c4
Event: 16.664 Thread 0x000000000791f000 DEOPT PACKING pc=0x000000000f6c96c4 sp=0x000000000822e830
Event: 16.664 Thread 0x000000000791f000 DEOPT UNPACKING pc=0x000000000f05582a sp=0x000000000822e798 mode 2
Event: 17.819 Thread 0x00000000027d0800 Uncommon trap: trap_request=0xffffff65 fr.pc=0x000000000f45e9c4
Event: 17.820 Thread 0x00000000027d0800 DEOPT PACKING pc=0x000000000f45e9c4 sp=0x000000000246e700
Event: 17.820 Thread 0x00000000027d0800 DEOPT UNPACKING pc=0x000000000f05582a sp=0x000000000246e630 mode 2


Dynamic libraries:
0x00007ff6a59c0000 - 0x00007ff6a59f7000 	C:\Program Files\Java\jdk1.8.0_45\bin\java.exe
0x00007ff8e4290000 - 0x00007ff8e4451000 	C:\WINDOWS\SYSTEM32\ntdll.dll
0x00007ff8e41d0000 - 0x00007ff8e427d000 	C:\WINDOWS\system32\KERNEL32.DLL
0x00007ff8e13f0000 - 0x00007ff8e15d8000 	C:\WINDOWS\system32\KERNELBASE.dll
0x00007ff8e3fa0000 - 0x00007ff8e4047000 	C:\WINDOWS\system32\ADVAPI32.dll
0x00007ff8e3500000 - 0x00007ff8e359d000 	C:\WINDOWS\system32\msvcrt.dll
0x00007ff8e1a50000 - 0x00007ff8e1aab000 	C:\WINDOWS\system32\sechost.dll
0x00007ff8e33e0000 - 0x00007ff8e34fc000 	C:\WINDOWS\system32\RPCRT4.dll
0x00007ff8e36f0000 - 0x00007ff8e3846000 	C:\WINDOWS\system32\USER32.dll
0x00007ff8e16a0000 - 0x00007ff8e1826000 	C:\WINDOWS\system32\GDI32.dll
0x00007ff8da840000 - 0x00007ff8daab4000 	C:\WINDOWS\WinSxS\amd64_microsoft.windows.common-controls_6595b64144ccf1df_6.0.10586.494_none_a2d8b04ea53e3145\COMCTL32.dll
0x00007ff8e3c80000 - 0x00007ff8e3efd000 	C:\WINDOWS\system32\combase.dll
0x00007ff8e10f0000 - 0x00007ff8e115a000 	C:\WINDOWS\system32\bcryptPrimitives.dll
0x00007ff8e3f00000 - 0x00007ff8e3f3b000 	C:\WINDOWS\system32\IMM32.DLL
0x00007ff8e07a0000 - 0x00007ff8e07d1000 	C:\Windows\system32\nvinitx.dll
0x00007ff8e0790000 - 0x00007ff8e079a000 	C:\WINDOWS\SYSTEM32\VERSION.dll
0x000000000f000000 - 0x000000000f006000 	C:\Program Files\NVIDIA Corporation\CoProcManager\_etoured.dll
0x00007ff8dd900000 - 0x00007ff8dd932000 	C:\Program Files\NVIDIA Corporation\CoProcManager\nvd3d9wrapx.dll
0x00007ff8e3850000 - 0x00007ff8e3c79000 	C:\WINDOWS\system32\SETUPAPI.dll
0x00007ff8e11d0000 - 0x00007ff8e1213000 	C:\WINDOWS\system32\CFGMGR32.dll
0x00007ff8dd6c0000 - 0x00007ff8dd6e2000 	C:\Program Files\NVIDIA Corporation\CoProcManager\nvdxgiwrapx.dll
0x000000006fad0000 - 0x000000006fba2000 	C:\Program Files\Java\jdk1.8.0_45\jre\bin\msvcr100.dll
0x00000000702a0000 - 0x0000000070b23000 	C:\Program Files\Java\jdk1.8.0_45\jre\bin\server\jvm.dll
0x00007ff8e1690000 - 0x00007ff8e1698000 	C:\WINDOWS\system32\PSAPI.DLL
0x00007ff8d2540000 - 0x00007ff8d2549000 	C:\WINDOWS\SYSTEM32\WSOCK32.dll
0x00007ff8e32c0000 - 0x00007ff8e332b000 	C:\WINDOWS\system32\WS2_32.dll
0x00007ff8dec60000 - 0x00007ff8dec83000 	C:\WINDOWS\SYSTEM32\WINMM.dll
0x00007ff8dec30000 - 0x00007ff8dec5c000 	C:\WINDOWS\SYSTEM32\WINMMBASE.dll
0x0000000070290000 - 0x000000007029f000 	C:\Program Files\Java\jdk1.8.0_45\jre\bin\verify.dll
0x0000000070260000 - 0x0000000070289000 	C:\Program Files\Java\jdk1.8.0_45\jre\bin\java.dll
0x0000000070240000 - 0x0000000070256000 	C:\Program Files\Java\jdk1.8.0_45\jre\bin\zip.dll
0x00007ff8e1d60000 - 0x00007ff8e32bc000 	C:\WINDOWS\system32\SHELL32.dll
0x00007ff8e0a10000 - 0x00007ff8e1055000 	C:\WINDOWS\system32\windows.storage.dll
0x00007ff8e3f40000 - 0x00007ff8e3f92000 	C:\WINDOWS\system32\shlwapi.dll
0x00007ff8e1190000 - 0x00007ff8e119f000 	C:\WINDOWS\system32\kernel.appcore.dll
0x00007ff8e08f0000 - 0x00007ff8e09a5000 	C:\WINDOWS\system32\shcore.dll
0x00007ff8e08a0000 - 0x00007ff8e08eb000 	C:\WINDOWS\system32\powrprof.dll
0x00007ff8e1170000 - 0x00007ff8e1184000 	C:\WINDOWS\system32\profapi.dll
0x00007ff8ce740000 - 0x00007ff8ce8cc000 	C:\WINDOWS\SYSTEM32\dbghelp.dll

VM Arguments:
jvm_args: -Djava.awt.headless=true -Xmx1024M -Dfile.encoding=x-windows-949 -Duser.country=KR -Duser.language=ko -Duser.variant 
java_command: com.android.dx.command.Main --dex --force-jumbo --num-threads=4 --multi-dex --output E:\AndroidStudioProjects\CheongwonPay\app\build\intermediates\transforms\dex\debug\folders\1000\10\internal_impl-24.1.1_ceeea9eb622860764f87cad1e2198dd10a179814 E:\AndroidStudioProjects\CheongwonPay\app\build\intermediates\exploded-aar\com.android.support\support-v4\24.1.1\jars\libs\internal_impl-24.1.1.jar
java_class_path (initial): E:\Android\sdk\build-tools\23.0.3\lib\dx.jar
Launcher Type: SUN_STANDARD

Environment Variables:
PATH=C:\ProgramData\Oracle\Java\javapath;C:\Program Files (x86)\Wizvera\Delfino;C:\Program Files (x86)\NVIDIA Corporation\PhysX\Common;C:\WINDOWS\system32;C:\WINDOWS;C:\WINDOWS\System32\Wbem;C:\WINDOWS\System32\WindowsPowerShell\v1.0\;C:\Program Files\WIDCOMM\Bluetooth Software\;C:\Program Files\WIDCOMM\Bluetooth Software\syswow64;;C:\Program Files (x86)\Intel\OpenCL SDK\2.0\bin\x86;C:\Program Files (x86)\Intel\OpenCL SDK\2.0\bin\x64;C:\Program Files\Java\jdk1.8.0_45\bin;C:\Program Files\Java\jre1.8.0_45\bin;E:\Android\sdk\platform-tools;C:\Program Files (x86)\Skype\Phone\;C:\Users\¡§º∑\AppData\Local\Bandizip\7z
USERNAME=¡§º∑
OS=Windows_NT
PROCESSOR_IDENTIFIER=Intel64 Family 6 Model 42 Stepping 7, GenuineIntel



---------------  S Y S T E M  ---------------

OS: Windows 10.0 , 64 bit Build 10586 (10.0.10586.0)

CPU:total 4 (2 cores per cpu, 2 threads per core) family 6 model 42 stepping 7, cmov, cx8, fxsr, mmx, sse, sse2, sse3, ssse3, sse4.1, sse4.2, popcnt, avx, aes, clmul, ht, tsc, tscinvbit

Memory: 4k page, physical 4104480k(395884k free), swap 6958012k(3236k free)

vm_info: Java HotSpot(TM) 64-Bit Server VM (25.45-b02) for windows-amd64 JRE (1.8.0_45-b15), built on Apr 30 2015 12:40:44 by "java_re" with MS VC++ 10.0 (VS2010)

time: Mon Aug 22 04:24:46 2016
elapsed time: 18 seconds (0d 0h 0m 18s)

