#
# There is insufficient memory for the Java Runtime Environment to continue.
# Native memory allocation (malloc) failed to allocate 86736 bytes for Chunk::new
# Possible reasons:
#   The system is out of physical RAM or swap space
#   In 32 bit mode, the process size limit was hit
# Possible solutions:
#   Reduce memory load on the system
#   Increase physical memory or swap space
#   Check if swap backing store is full
#   Use 64 bit Java on a 64 bit OS
#   Decrease Java heap size (-Xmx/-Xms)
#   Decrease number of Java threads
#   Decrease Java thread stack sizes (-Xss)
#   Set larger code cache with -XX:ReservedCodeCacheSize=
# This output file may be truncated or incomplete.
#
#  Out of Memory Error (allocation.cpp:390), pid=12088, tid=2364
#
# JRE version: Java(TM) SE Runtime Environment (8.0_45-b15) (build 1.8.0_45-b15)
# Java VM: Java HotSpot(TM) 64-Bit Server VM (25.45-b02 mixed mode windows-amd64 compressed oops)
# Failed to write core dump. Minidumps are not enabled by default on client versions of Windows
#

---------------  T H R E A D  ---------------

Current thread (0x000000000652c000):  JavaThread "C2 CompilerThread1" daemon [_thread_in_native, id=2364, stack(0x0000000007b20000,0x0000000007c20000)]

Stack: [0x0000000007b20000,0x0000000007c20000]
Native frames: (J=compiled Java code, j=interpreted, Vv=VM code, C=native code)
V  [jvm.dll+0x32b57a]


Current CompileTask:
C2:   3057  904   !   4       com.android.dx.rop.code.RegisterSpec::intern (70 bytes)


---------------  P R O C E S S  ---------------

Java Threads: ( => current thread )
  0x0000000007f41000 JavaThread "pool-1-thread-4" [_thread_blocked, id=6516, stack(0x0000000008f20000,0x0000000009020000)]
  0x0000000007f40800 JavaThread "pool-1-thread-3" [_thread_blocked, id=6148, stack(0x0000000008e20000,0x0000000008f20000)]
  0x0000000007f40000 JavaThread "pool-1-thread-2" [_thread_blocked, id=2784, stack(0x0000000008d20000,0x0000000008e20000)]
  0x0000000007f6b000 JavaThread "pool-2-thread-1" [_thread_blocked, id=1380, stack(0x0000000008c20000,0x0000000008d20000)]
  0x0000000007f30800 JavaThread "pool-1-thread-1" [_thread_blocked, id=9348, stack(0x0000000008b20000,0x0000000008c20000)]
  0x0000000007c82000 JavaThread "Service Thread" daemon [_thread_blocked, id=3640, stack(0x0000000008120000,0x0000000008220000)]
  0x0000000007c76000 JavaThread "C1 CompilerThread2" daemon [_thread_blocked, id=10684, stack(0x0000000008020000,0x0000000008120000)]
=>0x000000000652c000 JavaThread "C2 CompilerThread1" daemon [_thread_in_native, id=2364, stack(0x0000000007b20000,0x0000000007c20000)]
  0x0000000006529000 JavaThread "C2 CompilerThread0" daemon [_thread_in_native, id=8164, stack(0x0000000007a20000,0x0000000007b20000)]
  0x00000000064dd000 JavaThread "Attach Listener" daemon [_thread_blocked, id=3812, stack(0x0000000007920000,0x0000000007a20000)]
  0x00000000064dc000 JavaThread "Signal Dispatcher" daemon [_thread_blocked, id=3596, stack(0x0000000007820000,0x0000000007920000)]
  0x0000000002df0800 JavaThread "Finalizer" daemon [_thread_blocked, id=10888, stack(0x0000000007720000,0x0000000007820000)]
  0x0000000002ded000 JavaThread "Reference Handler" daemon [_thread_blocked, id=3928, stack(0x0000000007620000,0x0000000007720000)]
  0x0000000002d00800 JavaThread "main" [_thread_blocked, id=8412, stack(0x00000000027e0000,0x00000000028e0000)]

Other Threads:
  0x0000000006498000 VMThread [stack: 0x0000000007520000,0x0000000007620000] [id=6272]
  0x0000000007ca3000 WatcherThread [stack: 0x0000000008220000,0x0000000008320000] [id=4848]

VM state:at safepoint (normal execution)

VM Mutex/Monitor currently owned by a thread:  ([mutex/lock_event])
[0x000000000292c9c0] Threads_lock - owner thread: 0x0000000006498000
[0x000000000292bd40] Heap_lock - owner thread: 0x0000000007f40000
[0x000000000292dad0] MethodData_lock - owner thread: 0x0000000007f41000

Heap:
 PSYoungGen      total 18944K, used 9823K [0x00000000eab00000, 0x00000000ec000000, 0x0000000100000000)
  eden space 16384K, 44% used [0x00000000eab00000,0x00000000eb21e858,0x00000000ebb00000)
  from space 2560K, 98% used [0x00000000ebb00000,0x00000000ebd793e0,0x00000000ebd80000)
  to   space 2560K, 98% used [0x00000000ebd80000,0x00000000ebff90c8,0x00000000ec000000)
 ParOldGen       total 44032K, used 1085K [0x00000000c0000000, 0x00000000c2b00000, 0x00000000eab00000)
  object space 44032K, 2% used [0x00000000c0000000,0x00000000c010f7b8,0x00000000c2b00000)
 Metaspace       used 5811K, capacity 6704K, committed 6784K, reserved 1071104K
  class space    used 590K, capacity 616K, committed 640K, reserved 1048576K

Card table byte_map: [0x00000000031c0000,0x00000000033d0000] byte_map_base: 0x0000000002bc0000

Marking Bits: (ParMarkBitMap*) 0x0000000071d94040
 Begin Bits: [0x0000000003930000, 0x0000000004930000)
 End Bits:   [0x0000000004930000, 0x0000000005930000)

Polling page: 0x0000000000b50000

CodeCache: size=245760Kb used=3478Kb max_used=3478Kb free=242281Kb
 bounds [0x000000000f010000, 0x000000000f380000, 0x000000001e010000]
 total_blobs=1175 nmethods=904 adapters=184
 compilation: enabled

Compilation events (10 events):
Event: 3.023 Thread 0x0000000007c76000  906       3       com.android.dx.rop.code.RopMethod::calcPredecessors (227 bytes)
Event: 3.024 Thread 0x0000000006529000  911       4       java.util.BitSet::recalculateWordsInUse (39 bytes)
Event: 3.025 Thread 0x0000000007c76000 nmethod 906 0x000000000f36b150 code [0x000000000f36b460, 0x000000000f36d088]
Event: 3.025 Thread 0x0000000007c76000  908       3       com.android.dx.cf.code.RopperMachine::getSources (264 bytes)
Event: 3.025 Thread 0x0000000006529000 nmethod 911 0x000000000f34fe10 code [0x000000000f34ff40, 0x000000000f34fff8]
Event: 3.025 Thread 0x0000000006529000  915       4       com.android.dx.util.BitIntSet::ensureCapacity (51 bytes)
Event: 3.028 Thread 0x0000000006529000 nmethod 915 0x000000000f35bbd0 code [0x000000000f35bd20, 0x000000000f35bef8]
Event: 3.028 Thread 0x0000000006529000  919  s    4       java.util.Vector::add (39 bytes)
Event: 3.042 Thread 0x0000000006529000 nmethod 919 0x000000000f36ef50 code [0x000000000f36f0a0, 0x000000000f36f468]
Event: 3.042 Thread 0x0000000006529000  912       4       com.android.dx.rop.code.Insn::<init> (69 bytes)

GC Heap History (2 events):
Event: 2.663 GC heap before
{Heap before GC invocations=1 (full 0):
 PSYoungGen      total 18944K, used 16384K [0x00000000eab00000, 0x00000000ec000000, 0x0000000100000000)
  eden space 16384K, 100% used [0x00000000eab00000,0x00000000ebb00000,0x00000000ebb00000)
  from space 2560K, 0% used [0x00000000ebd80000,0x00000000ebd80000,0x00000000ec000000)
  to   space 2560K, 0% used [0x00000000ebb00000,0x00000000ebb00000,0x00000000ebd80000)
 ParOldGen       total 44032K, used 0K [0x00000000c0000000, 0x00000000c2b00000, 0x00000000eab00000)
  object space 44032K, 0% used [0x00000000c0000000,0x00000000c0000000,0x00000000c2b00000)
 Metaspace       used 5402K, capacity 6384K, committed 6528K, reserved 1056768K
  class space    used 583K, capacity 616K, committed 640K, reserved 1048576K
Event: 2.667 GC heap after
Heap after GC invocations=1 (full 0):
 PSYoungGen      total 18944K, used 2532K [0x00000000eab00000, 0x00000000ec000000, 0x0000000100000000)
  eden space 16384K, 0% used [0x00000000eab00000,0x00000000eab00000,0x00000000ebb00000)
  from space 2560K, 98% used [0x00000000ebb00000,0x00000000ebd793e0,0x00000000ebd80000)
  to   space 2560K, 0% used [0x00000000ebd80000,0x00000000ebd80000,0x00000000ec000000)
 ParOldGen       total 44032K, used 861K [0x00000000c0000000, 0x00000000c2b00000, 0x00000000eab00000)
  object space 44032K, 1% used [0x00000000c0000000,0x00000000c00d77b8,0x00000000c2b00000)
 Metaspace       used 5402K, capacity 6384K, committed 6528K, reserved 1056768K
  class space    used 583K, capacity 616K, committed 640K, reserved 1048576K
}

Deoptimization events (6 events):
Event: 2.479 Thread 0x0000000007f41000 Uncommon trap: reason=unstable_if action=reinterpret pc=0x000000000f1833d4 method=java.lang.String.compareTo(Ljava/lang/String;)I @ 38
Event: 2.780 Thread 0x0000000007f40000 Uncommon trap: reason=unstable_if action=reinterpret pc=0x000000000f262f74 method=java.util.BitSet.ensureCapacity(I)V @ 6
Event: 2.780 Thread 0x0000000007f40000 Uncommon trap: reason=unstable_if action=reinterpret pc=0x000000000f26caf0 method=java.util.BitSet.ensureCapacity(I)V @ 6
Event: 2.780 Thread 0x0000000007f40000 Uncommon trap: reason=unstable_if action=reinterpret pc=0x000000000f254df0 method=java.util.BitSet.nextSetBit(I)I @ 87
Event: 2.968 Thread 0x0000000007f30800 Uncommon trap: reason=unstable_if action=reinterpret pc=0x000000000f241168 method=java.util.HashMap.getNode(ILjava/lang/Object;)Ljava/util/HashMap$Node; @ 129
Event: 2.994 Thread 0x0000000007f41000 Uncommon trap: reason=unstable_if action=reinterpret pc=0x000000000f332cd4 method=com.android.dx.rop.code.LocalItem.hashCode()I @ 25

Internal exceptions (2 events):
Event: 0.067 Thread 0x0000000002d00800 Exception <a 'java/lang/NoSuchMethodError': Method sun.misc.Unsafe.defineClass(Ljava/lang/String;[BII)Ljava/lang/Class; name or signature does not match> (0x00000000eab12f00) thrown at [C:\re\workspace\8-2-build-windows-amd64-cygwin\jdk8u45\3627\hotspot\sr‚¿t$æ±?
Event: 0.067 Thread 0x0000000002d00800 Exception <a 'java/lang/NoSuchMethodError': Method sun.misc.Unsafe.prefetchRead(Ljava/lang/Object;J)V name or signature does not match> (0x00000000eab13190) thrown at [C:\re\workspace\8-2-build-windows-amd64-cygwin\jdk8u45\3627\hotspot\src\share\vm\prims\j

Events (10 events):
Event: 2.994 Thread 0x0000000007f41000 DEOPT PACKING pc=0x000000000f332cd4 sp=0x000000000901e520
Event: 2.994 Thread 0x0000000007f41000 DEOPT UNPACKING pc=0x000000000f05582a sp=0x000000000901e458 mode 2
Event: 3.016 loading class com/android/dx/cf/direct/AnnotationParser
Event: 3.016 loading class com/android/dx/cf/direct/AnnotationParser done
Event: 3.018 loading class com/android/dx/cf/attrib/AttRuntimeInvisibleParameterAnnotations
Event: 3.018 loading class com/android/dx/cf/attrib/AttRuntimeInvisibleParameterAnnotations done
Event: 3.018 loading class com/android/dx/cf/attrib/BaseParameterAnnotations
Event: 3.018 loading class com/android/dx/cf/attrib/BaseParameterAnnotations done
Event: 3.029 Executing VM operation: ForceSafepoint
Event: 3.039 Executing VM operation: ForceSafepoint done


Dynamic libraries:
0x00007ff768890000 - 0x00007ff7688c7000 	C:\Program Files\Java\jdk1.8.0_45\bin\java.exe
0x00007ff9fb1b0000 - 0x00007ff9fb371000 	C:\WINDOWS\SYSTEM32\ntdll.dll
0x00007ff9facc0000 - 0x00007ff9fad6d000 	C:\WINDOWS\system32\KERNEL32.DLL
0x00007ff9f8020000 - 0x00007ff9f8208000 	C:\WINDOWS\system32\KERNELBASE.dll
0x00007ff9f9120000 - 0x00007ff9f91c7000 	C:\WINDOWS\system32\ADVAPI32.dll
0x00007ff9fa9f0000 - 0x00007ff9faa8d000 	C:\WINDOWS\system32\msvcrt.dll
0x00007ff9f8a20000 - 0x00007ff9f8a7b000 	C:\WINDOWS\system32\sechost.dll
0x00007ff9faba0000 - 0x00007ff9facbc000 	C:\WINDOWS\system32\RPCRT4.dll
0x00007ff9f8c10000 - 0x00007ff9f8d66000 	C:\WINDOWS\system32\USER32.dll
0x00007ff9f8a80000 - 0x00007ff9f8c06000 	C:\WINDOWS\system32\GDI32.dll
0x00007ff9f37a0000 - 0x00007ff9f3a14000 	C:\WINDOWS\WinSxS\amd64_microsoft.windows.common-controls_6595b64144ccf1df_6.0.10586.494_none_a2d8b04ea53e3145\COMCTL32.dll
0x00007ff9f8620000 - 0x00007ff9f889d000 	C:\WINDOWS\system32\combase.dll
0x00007ff9f78f0000 - 0x00007ff9f795a000 	C:\WINDOWS\system32\bcryptPrimitives.dll
0x00007ff9f8eb0000 - 0x00007ff9f8eeb000 	C:\WINDOWS\system32\IMM32.DLL
0x00007ff9f76c0000 - 0x00007ff9f76f1000 	C:\Windows\system32\nvinitx.dll
0x00007ff9f76b0000 - 0x00007ff9f76ba000 	C:\WINDOWS\SYSTEM32\VERSION.dll
0x000000000f000000 - 0x000000000f006000 	C:\Program Files\NVIDIA Corporation\CoProcManager\_etoured.dll
0x00007ff9f4420000 - 0x00007ff9f4452000 	C:\Program Files\NVIDIA Corporation\CoProcManager\nvd3d9wrapx.dll
0x00007ff9fad70000 - 0x00007ff9fb199000 	C:\WINDOWS\system32\SETUPAPI.dll
0x00007ff9f7fb0000 - 0x00007ff9f7ff3000 	C:\WINDOWS\system32\CFGMGR32.dll
0x00007ff9f3d80000 - 0x00007ff9f3da2000 	C:\Program Files\NVIDIA Corporation\CoProcManager\nvdxgiwrapx.dll
0x0000000071e40000 - 0x0000000071f12000 	C:\Program Files\Java\jdk1.8.0_45\jre\bin\msvcr100.dll
0x0000000071590000 - 0x0000000071e13000 	C:\Program Files\Java\jdk1.8.0_45\jre\bin\server\jvm.dll
0x00007ff9f85b0000 - 0x00007ff9f85b8000 	C:\WINDOWS\system32\PSAPI.DLL
0x00007ff9f5e80000 - 0x00007ff9f5ea3000 	C:\WINDOWS\SYSTEM32\WINMM.dll
0x00007ff9ea450000 - 0x00007ff9ea459000 	C:\WINDOWS\SYSTEM32\WSOCK32.dll
0x00007ff9f8d70000 - 0x00007ff9f8ddb000 	C:\WINDOWS\system32\WS2_32.dll
0x00007ff9f5e50000 - 0x00007ff9f5e7c000 	C:\WINDOWS\SYSTEM32\WINMMBASE.dll
0x0000000071580000 - 0x000000007158f000 	C:\Program Files\Java\jdk1.8.0_45\jre\bin\verify.dll
0x0000000071550000 - 0x0000000071579000 	C:\Program Files\Java\jdk1.8.0_45\jre\bin\java.dll
0x0000000071530000 - 0x0000000071546000 	C:\Program Files\Java\jdk1.8.0_45\jre\bin\zip.dll
0x00007ff9f92e0000 - 0x00007ff9fa83c000 	C:\WINDOWS\system32\SHELL32.dll
0x00007ff9f7960000 - 0x00007ff9f7fa5000 	C:\WINDOWS\system32\windows.storage.dll
0x00007ff9f90c0000 - 0x00007ff9f9112000 	C:\WINDOWS\system32\shlwapi.dll
0x00007ff9f77f0000 - 0x00007ff9f77ff000 	C:\WINDOWS\system32\kernel.appcore.dll
0x00007ff9f83e0000 - 0x00007ff9f8495000 	C:\WINDOWS\system32\shcore.dll
0x00007ff9f7810000 - 0x00007ff9f785b000 	C:\WINDOWS\system32\powrprof.dll
0x00007ff9f77d0000 - 0x00007ff9f77e4000 	C:\WINDOWS\system32\profapi.dll

VM Arguments:
jvm_args: -Djava.awt.headless=true -Xmx1024M -Dfile.encoding=x-windows-949 -Duser.country=KR -Duser.language=ko -Duser.variant 
java_command: com.android.dx.command.Main --dex --num-threads=4 --output E:\AndroidStudioProjects\CheongwonPay\app\build\intermediates\pre-dexed\debug\internal_impl-24.1.1_ceeea9eb622860764f87cad1e2198dd10a179814.jar E:\AndroidStudioProjects\CheongwonPay\app\build\intermediates\exploded-aar\com.android.support\support-v4\24.1.1\jars\libs\internal_impl-24.1.1.jar
java_class_path (initial): E:\Android\sdk\build-tools\23.0.2\lib\dx.jar
Launcher Type: SUN_STANDARD

Environment Variables:
PATH=C:\ProgramData\Oracle\Java\javapath;C:\Program Files (x86)\Wizvera\Delfino;C:\Program Files (x86)\NVIDIA Corporation\PhysX\Common;C:\WINDOWS\system32;C:\WINDOWS;C:\WINDOWS\System32\Wbem;C:\WINDOWS\System32\WindowsPowerShell\v1.0\;C:\Program Files\WIDCOMM\Bluetooth Software\;C:\Program Files\WIDCOMM\Bluetooth Software\syswow64;;C:\Program Files (x86)\Intel\OpenCL SDK\2.0\bin\x86;C:\Program Files (x86)\Intel\OpenCL SDK\2.0\bin\x64;C:\Program Files\Java\jdk1.8.0_45\bin;C:\Program Files\Java\jre1.8.0_45\bin;E:\Android\sdk\platform-tools;C:\Program Files (x86)\Skype\Phone\;C:\Users\¡§º∑\AppData\Local\Bandizip\7z
USERNAME=¡§º∑
OS=Windows_NT
PROCESSOR_IDENTIFIER=Intel64 Family 6 Model 42 Stepping 7, GenuineIntel



---------------  S Y S T E M  ---------------

OS: Windows 10.0 , 64 bit Build 10586 (10.0.10586.0)

CPU:total 4 (2 cores per cpu, 2 threads per core) family 6 model 42 stepping 7, cmov, cx8, fxsr, mmx, sse, sse2, sse3, ssse3, sse4.1, sse4.2, popcnt, avx, aes, clmul, ht, tsc, tscinvbit

Memory: 4k page, physical 4104480k(745080k free), swap 5852492k(948k free)

vm_info: Java HotSpot(TM) 64-Bit Server VM (25.45-b02) for windows-amd64 JRE (1.8.0_45-b15), built on Apr 30 2015 12:40:44 by "java_re" with MS VC++ 10.0 (VS2010)

time: Wed Sep 21 01:48:28 2016
elapsed time: 3 seconds (0d 0h 0m 3s)

