#
# There is insufficient memory for the Java Runtime Environment to continue.
# Native memory allocation (malloc) failed to allocate 10216 bytes for ChunkPool::allocate
# Possible reasons:
#   The system is out of physical RAM or swap space
#   In 32 bit mode, the process size limit was hit
# Possible solutions:
#   Reduce memory load on the system
#   Increase physical memory or swap space
#   Check if swap backing store is full
#   Use 64 bit Java on a 64 bit OS
#   Decrease Java heap size (-Xmx/-Xms)
#   Decrease number of Java threads
#   Decrease Java thread stack sizes (-Xss)
#   Set larger code cache with -XX:ReservedCodeCacheSize=
# This output file may be truncated or incomplete.
#
#  Out of Memory Error (allocation.cpp:273), pid=12028, tid=7096
#
# JRE version: Java(TM) SE Runtime Environment (8.0_45-b15) (build 1.8.0_45-b15)
# Java VM: Java HotSpot(TM) 64-Bit Server VM (25.45-b02 mixed mode windows-amd64 compressed oops)
# Failed to write core dump. Minidumps are not enabled by default on client versions of Windows
#

---------------  T H R E A D  ---------------

Current thread (0x00000000066fb000):  JavaThread "C2 CompilerThread1" daemon [_thread_in_native, id=7096, stack(0x0000000007d20000,0x0000000007e20000)]

Stack: [0x0000000007d20000,0x0000000007e20000]
Native frames: (J=compiled Java code, j=interpreted, Vv=VM code, C=native code)
V  [jvm.dll+0x32b57a]


Current CompileTask:
C2:   2047   32       4       sun.misc.ASCIICaseInsensitiveComparator::isUpper (18 bytes)


---------------  P R O C E S S  ---------------

Java Threads: ( => current thread )
  0x0000000007e79800 JavaThread "Service Thread" daemon [_thread_blocked, id=7892, stack(0x0000000008320000,0x0000000008420000)]
  0x0000000007e75800 JavaThread "C1 CompilerThread2" daemon [_thread_blocked, id=6292, stack(0x0000000008220000,0x0000000008320000)]
=>0x00000000066fb000 JavaThread "C2 CompilerThread1" daemon [_thread_in_native, id=7096, stack(0x0000000007d20000,0x0000000007e20000)]
  0x00000000066ac000 JavaThread "C2 CompilerThread0" daemon [_thread_blocked, id=7080, stack(0x0000000007c20000,0x0000000007d20000)]
  0x00000000066aa800 JavaThread "Attach Listener" daemon [_thread_blocked, id=10964, stack(0x0000000007b20000,0x0000000007c20000)]
  0x00000000066f9000 JavaThread "Signal Dispatcher" daemon [_thread_blocked, id=4440, stack(0x0000000007a20000,0x0000000007b20000)]
  0x0000000002f00800 JavaThread "Finalizer" daemon [_thread_blocked, id=6720, stack(0x0000000007920000,0x0000000007a20000)]
  0x0000000002efd000 JavaThread "Reference Handler" daemon [_thread_blocked, id=12904, stack(0x0000000007820000,0x0000000007920000)]
  0x0000000002e10800 JavaThread "main" [_thread_in_vm, id=7120, stack(0x00000000010e0000,0x00000000011e0000)]

Other Threads:
  0x0000000006668000 VMThread [stack: 0x0000000007720000,0x0000000007820000] [id=2452]
  0x0000000007e7c800 WatcherThread [stack: 0x0000000008420000,0x0000000008520000] [id=4092]

VM state:not at safepoint (normal execution)

VM Mutex/Monitor currently owned by a thread: None

Heap:
 PSYoungGen      total 18944K, used 1639K [0x00000000eab00000, 0x00000000ec000000, 0x0000000100000000)
  eden space 16384K, 10% used [0x00000000eab00000,0x00000000eac99c90,0x00000000ebb00000)
  from space 2560K, 0% used [0x00000000ebd80000,0x00000000ebd80000,0x00000000ec000000)
  to   space 2560K, 0% used [0x00000000ebb00000,0x00000000ebb00000,0x00000000ebd80000)
 ParOldGen       total 44032K, used 0K [0x00000000c0000000, 0x00000000c2b00000, 0x00000000eab00000)
  object space 44032K, 0% used [0x00000000c0000000,0x00000000c0000000,0x00000000c2b00000)
 Metaspace       used 2878K, capacity 4480K, committed 4480K, reserved 1056768K
  class space    used 306K, capacity 384K, committed 384K, reserved 1048576K

Card table byte_map: [0x0000000003390000,0x00000000035a0000] byte_map_base: 0x0000000002d90000

Marking Bits: (ParMarkBitMap*) 0x0000000055af4040
 Begin Bits: [0x0000000003b00000, 0x0000000004b00000)
 End Bits:   [0x0000000004b00000, 0x0000000005b00000)

Polling page: 0x0000000000ec0000

CodeCache: size=245760Kb used=1136Kb max_used=1145Kb free=244623Kb
 bounds [0x000000000f010000, 0x000000000f280000, 0x000000001e010000]
 total_blobs=280 nmethods=33 adapters=160
 compilation: enabled

Compilation events (10 events):
Event: 2.017 Thread 0x0000000007e75800   27       3       java.util.HashMap::put (13 bytes)
Event: 2.018 Thread 0x0000000007e75800 nmethod 27 0x000000000f129cd0 code [0x000000000f129e60, 0x000000000f12a218]
Event: 2.028 Thread 0x0000000007e75800   28       1       java.lang.Object::<init> (1 bytes)
Event: 2.028 Thread 0x0000000007e75800 nmethod 28 0x000000000f12ab50 code [0x000000000f12aca0, 0x000000000f12adb0]
Event: 2.028 Thread 0x0000000007e75800   29       3       java.util.jar.Attributes$Name::isValid (32 bytes)
Event: 2.029 Thread 0x0000000007e75800 nmethod 29 0x000000000f12ae10 code [0x000000000f12af80, 0x000000000f12b238]
Event: 2.029 Thread 0x0000000007e75800   30       3       java.util.jar.Attributes$Name::isAlpha (30 bytes)
Event: 2.029 Thread 0x0000000007e75800 nmethod 30 0x000000000f12b2d0 code [0x000000000f12b440, 0x000000000f12b670]
Event: 2.031 Thread 0x00000000066ac000   31       4       sun.misc.ASCIICaseInsensitiveComparator::toLower (16 bytes)
Event: 2.031 Thread 0x00000000066fb000   32       4       sun.misc.ASCIICaseInsensitiveComparator::isUpper (18 bytes)

GC Heap History (0 events):
No events

Deoptimization events (0 events):
No events

Internal exceptions (2 events):
Event: 1.261 Thread 0x0000000002e10800 Exception <a 'java/lang/NoSuchMethodError': Method sun.misc.Unsafe.defineClass(Ljava/lang/String;[BII)Ljava/lang/Class; name or signature does not match> (0x00000000eab12f00) thrown at [C:\re\workspace\8-2-build-windows-amd64-cygwin\jdk8u45\3627\hotspot\srpc¼mQ-ô?
Event: 1.261 Thread 0x0000000002e10800 Exception <a 'java/lang/NoSuchMethodError': Method sun.misc.Unsafe.prefetchRead(Ljava/lang/Object;J)V name or signature does not match> (0x00000000eab13190) thrown at [C:\re\workspace\8-2-build-windows-amd64-cygwin\jdk8u45\3627\hotspot\src\share\vm\prims\j

Events (10 events):
Event: 2.029 loading class java/util/jar/JarVerifier
Event: 2.029 loading class java/util/jar/JarVerifier done
Event: 2.029 loading class java/security/CodeSigner
Event: 2.030 loading class java/security/CodeSigner done
Event: 2.030 loading class java/util/jar/JarVerifier$3
Event: 2.030 loading class java/util/jar/JarVerifier$3 done
Event: 2.030 loading class java/io/ByteArrayOutputStream
Event: 2.030 loading class java/io/ByteArrayOutputStream done
Event: 2.030 loading class java/lang/Package
Event: 2.031 loading class java/lang/Package done


Dynamic libraries:
0x00007ff6108f0000 - 0x00007ff610927000 	C:\Program Files\Java\jdk1.8.0_45\bin\java.exe
0x00007ffbade70000 - 0x00007ffbae031000 	C:\WINDOWS\SYSTEM32\ntdll.dll
0x00007ffbad9d0000 - 0x00007ffbada7d000 	C:\WINDOWS\system32\KERNEL32.DLL
0x00007ffbaa9c0000 - 0x00007ffbaaba8000 	C:\WINDOWS\system32\KERNELBASE.dll
0x00007ffbab9f0000 - 0x00007ffbaba97000 	C:\WINDOWS\system32\ADVAPI32.dll
0x00007ffbada80000 - 0x00007ffbadb1d000 	C:\WINDOWS\system32\msvcrt.dll
0x00007ffbad970000 - 0x00007ffbad9cb000 	C:\WINDOWS\system32\sechost.dll
0x00007ffbadc00000 - 0x00007ffbadd1c000 	C:\WINDOWS\system32\RPCRT4.dll
0x00007ffbab890000 - 0x00007ffbab9e6000 	C:\WINDOWS\system32\USER32.dll
0x00007ffbab580000 - 0x00007ffbab706000 	C:\WINDOWS\system32\GDI32.dll
0x00007ffba5ac0000 - 0x00007ffba5d34000 	C:\WINDOWS\WinSxS\amd64_microsoft.windows.common-controls_6595b64144ccf1df_6.0.10586.494_none_a2d8b04ea53e3145\COMCTL32.dll
0x00007ffbad1d0000 - 0x00007ffbad44d000 	C:\WINDOWS\system32\combase.dll
0x00007ffbab200000 - 0x00007ffbab26a000 	C:\WINDOWS\system32\bcryptPrimitives.dll
0x00007ffbadd20000 - 0x00007ffbadd5b000 	C:\WINDOWS\system32\IMM32.DLL
0x00007ffbaa380000 - 0x00007ffbaa3b1000 	C:\Windows\system32\nvinitx.dll
0x00007ffbaa370000 - 0x00007ffbaa37a000 	C:\WINDOWS\SYSTEM32\VERSION.dll
0x000000000f000000 - 0x000000000f006000 	C:\Program Files\NVIDIA Corporation\CoProcManager\_etoured.dll
0x00007ffba76d0000 - 0x00007ffba7702000 	C:\Program Files\NVIDIA Corporation\CoProcManager\nvd3d9wrapx.dll
0x00007ffbad460000 - 0x00007ffbad889000 	C:\WINDOWS\system32\SETUPAPI.dll
0x00007ffbaa720000 - 0x00007ffbaa763000 	C:\WINDOWS\system32\CFGMGR32.dll
0x00007ffba7470000 - 0x00007ffba7492000 	C:\Program Files\NVIDIA Corporation\CoProcManager\nvdxgiwrapx.dll
0x0000000056520000 - 0x00000000565f2000 	C:\Program Files\Java\jdk1.8.0_45\jre\bin\msvcr100.dll
0x00000000552f0000 - 0x0000000055b73000 	C:\Program Files\Java\jdk1.8.0_45\jre\bin\server\jvm.dll
0x00007ffbab270000 - 0x00007ffbab278000 	C:\WINDOWS\system32\PSAPI.DLL
0x00007ffb9ee10000 - 0x00007ffb9ee19000 	C:\WINDOWS\SYSTEM32\WSOCK32.dll
0x00007ffbabc00000 - 0x00007ffbabc6b000 	C:\WINDOWS\system32\WS2_32.dll
0x00007ffba8840000 - 0x00007ffba8863000 	C:\WINDOWS\SYSTEM32\WINMM.dll
0x00007ffba8720000 - 0x00007ffba874c000 	C:\WINDOWS\SYSTEM32\WINMMBASE.dll
0x0000000056990000 - 0x000000005699f000 	C:\Program Files\Java\jdk1.8.0_45\jre\bin\verify.dll
0x0000000056960000 - 0x0000000056989000 	C:\Program Files\Java\jdk1.8.0_45\jre\bin\java.dll
0x0000000056940000 - 0x0000000056956000 	C:\Program Files\Java\jdk1.8.0_45\jre\bin\zip.dll
0x00007ffbabc70000 - 0x00007ffbad1cc000 	C:\WINDOWS\system32\SHELL32.dll
0x00007ffbaabb0000 - 0x00007ffbab1f5000 	C:\WINDOWS\system32\windows.storage.dll
0x00007ffbab830000 - 0x00007ffbab882000 	C:\WINDOWS\system32\shlwapi.dll
0x00007ffbaa4f0000 - 0x00007ffbaa4ff000 	C:\WINDOWS\system32\kernel.appcore.dll
0x00007ffbaa520000 - 0x00007ffbaa5d5000 	C:\WINDOWS\system32\shcore.dll
0x00007ffbaa490000 - 0x00007ffbaa4db000 	C:\WINDOWS\system32\powrprof.dll
0x00007ffbaa500000 - 0x00007ffbaa514000 	C:\WINDOWS\system32\profapi.dll

VM Arguments:
jvm_args: -Djava.awt.headless=true -Xmx1024M -Dfile.encoding=x-windows-949 -Duser.country=KR -Duser.language=ko -Duser.variant 
java_command: com.android.dx.command.Main --dex --num-threads=4 --output E:\AndroidStudioProjects\CheongwonPay\app\build\intermediates\pre-dexed\release\release_1e1e28910dd828b558ffce30d8970549f7399e5d.jar E:\AndroidStudioProjects\CheongwonPay\app\build\intermediates\classes\release
java_class_path (initial): E:\Android\sdk\build-tools\23.0.3\lib\dx.jar
Launcher Type: SUN_STANDARD

Environment Variables:
PATH=C:\ProgramData\Oracle\Java\javapath;C:\Program Files (x86)\Wizvera\Delfino;C:\Program Files (x86)\NVIDIA Corporation\PhysX\Common;C:\WINDOWS\system32;C:\WINDOWS;C:\WINDOWS\System32\Wbem;C:\WINDOWS\System32\WindowsPowerShell\v1.0\;C:\Program Files\WIDCOMM\Bluetooth Software\;C:\Program Files\WIDCOMM\Bluetooth Software\syswow64;;C:\Program Files (x86)\Intel\OpenCL SDK\2.0\bin\x86;C:\Program Files (x86)\Intel\OpenCL SDK\2.0\bin\x64;C:\Program Files\Java\jdk1.8.0_45\bin;C:\Program Files\Java\jre1.8.0_45\bin;E:\Android\sdk\platform-tools;C:\Program Files (x86)\Skype\Phone\;C:\Users\Á¤¼·\AppData\Local\Bandizip\7z
USERNAME=Á¤¼·
OS=Windows_NT
PROCESSOR_IDENTIFIER=Intel64 Family 6 Model 42 Stepping 7, GenuineIntel



---------------  S Y S T E M  ---------------

OS: Windows 10.0 , 64 bit Build 10586 (10.0.10586.0)

CPU:total 4 (2 cores per cpu, 2 threads per core) family 6 model 42 stepping 7, cmov, cx8, fxsr, mmx, sse, sse2, sse3, ssse3, sse4.1, sse4.2, popcnt, avx, aes, clmul, ht, tsc, tscinvbit

Memory: 4k page, physical 4104480k(406368k free), swap 6788540k(2104k free)

vm_info: Java HotSpot(TM) 64-Bit Server VM (25.45-b02) for windows-amd64 JRE (1.8.0_45-b15), built on Apr 30 2015 12:40:44 by "java_re" with MS VC++ 10.0 (VS2010)

time: Fri Sep 16 16:05:58 2016
elapsed time: 2 seconds (0d 0h 0m 2s)

