#
# There is insufficient memory for the Java Runtime Environment to continue.
# Native memory allocation (malloc) failed to allocate 1709296 bytes for Chunk::new
# Possible reasons:
#   The system is out of physical RAM or swap space
#   In 32 bit mode, the process size limit was hit
# Possible solutions:
#   Reduce memory load on the system
#   Increase physical memory or swap space
#   Check if swap backing store is full
#   Use 64 bit Java on a 64 bit OS
#   Decrease Java heap size (-Xmx/-Xms)
#   Decrease number of Java threads
#   Decrease Java thread stack sizes (-Xss)
#   Set larger code cache with -XX:ReservedCodeCacheSize=
# This output file may be truncated or incomplete.
#
#  Out of Memory Error (allocation.cpp:390), pid=2872, tid=12680
#
# JRE version: Java(TM) SE Runtime Environment (8.0_45-b15) (build 1.8.0_45-b15)
# Java VM: Java HotSpot(TM) 64-Bit Server VM (25.45-b02 mixed mode windows-amd64 compressed oops)
# Failed to write core dump. Minidumps are not enabled by default on client versions of Windows
#

---------------  T H R E A D  ---------------

Current thread (0x0000000005dfb000):  JavaThread "C2 CompilerThread1" daemon [_thread_in_native, id=12680, stack(0x0000000007400000,0x0000000007500000)]

Stack: [0x0000000007400000,0x0000000007500000]
Native frames: (J=compiled Java code, j=interpreted, Vv=VM code, C=native code)
V  [jvm.dll+0x32b57a]
V  [jvm.dll+0x279873]
V  [jvm.dll+0x27a509]
V  [jvm.dll+0x271825]
V  [jvm.dll+0xcb9e2]
V  [jvm.dll+0xcbeac]
V  [jvm.dll+0x476ef2]
V  [jvm.dll+0x4b955f]
V  [jvm.dll+0x46bc14]
V  [jvm.dll+0x46ccbe]
V  [jvm.dll+0x4500f2]
V  [jvm.dll+0xa4352]
V  [jvm.dll+0xa4c8f]
V  [jvm.dll+0x241984]
V  [jvm.dll+0x29853a]
C  [msvcr100.dll+0x21d9f]
C  [msvcr100.dll+0x21e3b]
C  [KERNEL32.DLL+0x18102]
C  [ntdll.dll+0x5c5b4]


Current CompileTask:
C2:   6681 1576   !   4       com.android.dx.cf.code.BytecodeArray::parseInstruction (2764 bytes)


---------------  P R O C E S S  ---------------

Java Threads: ( => current thread )
  0x0000000007770800 JavaThread "pool-1-thread-4" [_thread_in_Java, id=12404, stack(0x0000000008000000,0x0000000008100000)]
  0x000000000776f800 JavaThread "pool-1-thread-3" [_thread_blocked, id=12528, stack(0x0000000007f00000,0x0000000008000000)]
  0x000000000776f000 JavaThread "pool-1-thread-2" [_thread_blocked, id=1764, stack(0x0000000007e00000,0x0000000007f00000)]
  0x000000000776e000 JavaThread "pool-2-thread-1" [_thread_blocked, id=1104, stack(0x0000000007d00000,0x0000000007e00000)]
  0x00000000077eb800 JavaThread "pool-1-thread-1" [_thread_blocked, id=2924, stack(0x0000000007c00000,0x0000000007d00000)]
  0x0000000007561000 JavaThread "Service Thread" daemon [_thread_blocked, id=7536, stack(0x0000000007a00000,0x0000000007b00000)]
  0x0000000007559000 JavaThread "C1 CompilerThread2" daemon [_thread_blocked, id=12432, stack(0x0000000007900000,0x0000000007a00000)]
=>0x0000000005dfb000 JavaThread "C2 CompilerThread1" daemon [_thread_in_native, id=12680, stack(0x0000000007400000,0x0000000007500000)]
  0x0000000005dac000 JavaThread "C2 CompilerThread0" daemon [_thread_blocked, id=632, stack(0x0000000007300000,0x0000000007400000)]
  0x0000000005daa800 JavaThread "Attach Listener" daemon [_thread_blocked, id=8220, stack(0x0000000007200000,0x0000000007300000)]
  0x0000000005df9000 JavaThread "Signal Dispatcher" daemon [_thread_blocked, id=8164, stack(0x0000000007100000,0x0000000007200000)]
  0x00000000026c0800 JavaThread "Finalizer" daemon [_thread_blocked, id=12012, stack(0x0000000007000000,0x0000000007100000)]
  0x00000000026bd000 JavaThread "Reference Handler" daemon [_thread_blocked, id=12004, stack(0x0000000006f00000,0x0000000007000000)]
  0x00000000025d0800 JavaThread "main" [_thread_in_vm, id=5464, stack(0x00000000023d0000,0x00000000024d0000)]

Other Threads:
  0x0000000005d68000 VMThread [stack: 0x0000000006e00000,0x0000000006f00000] [id=1496]
  0x0000000007572800 WatcherThread [stack: 0x0000000007b00000,0x0000000007c00000] [id=12424]

VM state:synchronizing (normal execution)

VM Mutex/Monitor currently owned by a thread:  ([mutex/lock_event])
[0x000000000094bdc0] Safepoint_lock - owner thread: 0x0000000005d68000
[0x000000000094c740] Threads_lock - owner thread: 0x0000000005d68000
[0x000000000094bf40] Heap_lock - owner thread: 0x000000000776f800

Heap:
 PSYoungGen      total 35328K, used 35316K [0x00000000eab00000, 0x00000000ed000000, 0x0000000100000000)
  eden space 32768K, 100% used [0x00000000eab00000,0x00000000ecb00000,0x00000000ecb00000)
  from space 2560K, 99% used [0x00000000ecd80000,0x00000000ecffd0b0,0x00000000ed000000)
  to   space 2560K, 0% used [0x00000000ecb00000,0x00000000ecb00000,0x00000000ecd80000)
 ParOldGen       total 44032K, used 2369K [0x00000000c0000000, 0x00000000c2b00000, 0x00000000eab00000)
  object space 44032K, 5% used [0x00000000c0000000,0x00000000c0250500,0x00000000c2b00000)
 Metaspace       used 6222K, capacity 7088K, committed 7296K, reserved 1056768K
  class space    used 596K, capacity 616K, committed 640K, reserved 1048576K

Card table byte_map: [0x0000000002a90000,0x0000000002ca0000] byte_map_base: 0x0000000002490000

Marking Bits: (ParMarkBitMap*) 0x0000000071e94040
 Begin Bits: [0x0000000003200000, 0x0000000004200000)
 End Bits:   [0x0000000004200000, 0x0000000005200000)

Polling page: 0x00000000001c0000

CodeCache: size=245760Kb used=6855Kb max_used=6855Kb free=238904Kb
 bounds [0x000000000f010000, 0x000000000f6d0000, 0x000000001e010000]
 total_blobs=1900 nmethods=1628 adapters=184
 compilation: enabled

Compilation events (10 events):
Event: 6.617 Thread 0x0000000007559000 1639       3       java.util.concurrent.ThreadPoolExecutor::execute (132 bytes)
Event: 6.618 Thread 0x0000000007559000 nmethod 1639 0x000000000f6c3ed0 code [0x000000000f6c4120, 0x000000000f6c5088]
Event: 6.619 Thread 0x0000000007559000 1640       3       com.android.dx.command.dexer.Main::access$1400 (4 bytes)
Event: 6.619 Thread 0x0000000007559000 nmethod 1640 0x000000000f6c5550 code [0x000000000f6c56a0, 0x000000000f6c57f0]
Event: 6.620 Thread 0x0000000007559000 1641       3       java.util.concurrent.locks.LockSupport::setBlocker (12 bytes)
Event: 6.620 Thread 0x0000000007559000 nmethod 1641 0x000000000f6c5c10 code [0x000000000f6c5d60, 0x000000000f6c5eb0]
Event: 6.620 Thread 0x0000000007559000 1643   !   3       java.util.concurrent.FutureTask::run (126 bytes)
Event: 6.621 Thread 0x0000000007559000 nmethod 1643 0x000000000f6c5f10 code [0x000000000f6c6100, 0x000000000f6c6968]
Event: 6.622 Thread 0x0000000007559000 1644       3       com.android.dx.cf.code.OneLocalsArray::makeInitialized (55 bytes)
Event: 6.622 Thread 0x0000000007559000 nmethod 1644 0x000000000f6c6cd0 code [0x000000000f6c6e80, 0x000000000f6c7538]

GC Heap History (4 events):
Event: 2.076 GC heap before
{Heap before GC invocations=1 (full 0):
 PSYoungGen      total 18944K, used 16196K [0x00000000eab00000, 0x00000000ec000000, 0x0000000100000000)
  eden space 16384K, 98% used [0x00000000eab00000,0x00000000ebad12f8,0x00000000ebb00000)
  from space 2560K, 0% used [0x00000000ebd80000,0x00000000ebd80000,0x00000000ec000000)
  to   space 2560K, 0% used [0x00000000ebb00000,0x00000000ebb00000,0x00000000ebd80000)
 ParOldGen       total 44032K, used 0K [0x00000000c0000000, 0x00000000c2b00000, 0x00000000eab00000)
  object space 44032K, 0% used [0x00000000c0000000,0x00000000c0000000,0x00000000c2b00000)
 Metaspace       used 5258K, capacity 6256K, committed 6528K, reserved 1056768K
  class space    used 575K, capacity 616K, committed 640K, reserved 1048576K
Event: 2.224 GC heap after
Heap after GC invocations=1 (full 0):
 PSYoungGen      total 18944K, used 2555K [0x00000000eab00000, 0x00000000ed000000, 0x0000000100000000)
  eden space 16384K, 0% used [0x00000000eab00000,0x00000000eab00000,0x00000000ebb00000)
  from space 2560K, 99% used [0x00000000ebb00000,0x00000000ebd7ed98,0x00000000ebd80000)
  to   space 2560K, 0% used [0x00000000ecd80000,0x00000000ecd80000,0x00000000ed000000)
 ParOldGen       total 44032K, used 434K [0x00000000c0000000, 0x00000000c2b00000, 0x00000000eab00000)
  object space 44032K, 0% used [0x00000000c0000000,0x00000000c006cad8,0x00000000c2b00000)
 Metaspace       used 5258K, capacity 6256K, committed 6528K, reserved 1056768K
  class space    used 575K, capacity 616K, committed 640K, reserved 1048576K
}
Event: 4.118 GC heap before
{Heap before GC invocations=2 (full 0):
 PSYoungGen      total 18944K, used 18939K [0x00000000eab00000, 0x00000000ed000000, 0x0000000100000000)
  eden space 16384K, 100% used [0x00000000eab00000,0x00000000ebb00000,0x00000000ebb00000)
  from space 2560K, 99% used [0x00000000ebb00000,0x00000000ebd7ed98,0x00000000ebd80000)
  to   space 2560K, 0% used [0x00000000ecd80000,0x00000000ecd80000,0x00000000ed000000)
 ParOldGen       total 44032K, used 434K [0x00000000c0000000, 0x00000000c2b00000, 0x00000000eab00000)
  object space 44032K, 0% used [0x00000000c0000000,0x00000000c006cad8,0x00000000c2b00000)
 Metaspace       used 6021K, capacity 6960K, committed 7040K, reserved 1056768K
  class space    used 595K, capacity 616K, committed 640K, reserved 1048576K
Event: 4.128 GC heap after
Heap after GC invocations=2 (full 0):
 PSYoungGen      total 35328K, used 2548K [0x00000000eab00000, 0x00000000ed000000, 0x0000000100000000)
  eden space 32768K, 0% used [0x00000000eab00000,0x00000000eab00000,0x00000000ecb00000)
  from space 2560K, 99% used [0x00000000ecd80000,0x00000000ecffd0b0,0x00000000ed000000)
  to   space 2560K, 0% used [0x00000000ecb00000,0x00000000ecb00000,0x00000000ecd80000)
 ParOldGen       total 44032K, used 2369K [0x00000000c0000000, 0x00000000c2b00000, 0x00000000eab00000)
  object space 44032K, 5% used [0x00000000c0000000,0x00000000c0250500,0x00000000c2b00000)
 Metaspace       used 6021K, capacity 6960K, committed 7040K, reserved 1056768K
  class space    used 595K, capacity 616K, committed 640K, reserved 1048576K
}

Deoptimization events (8 events):
Event: 1.652 Thread 0x00000000025d0800 Uncommon trap: reason=unstable_if action=reinterpret pc=0x000000000f17e654 method=java.lang.String.compareTo(Ljava/lang/String;)I @ 38
Event: 2.994 Thread 0x000000000776f800 Uncommon trap: reason=unstable_if action=reinterpret pc=0x000000000f3e4b5c method=com.android.dx.rop.cst.Constant.compareTo(Lcom/android/dx/rop/cst/Constant;)I @ 12
Event: 4.228 Thread 0x0000000007770800 Uncommon trap: reason=null_check action=make_not_entrant pc=0x000000000f3a2060 method=com.android.dx.rop.type.Type.equals(Ljava/lang/Object;)Z @ 8
Event: 5.375 Thread 0x000000000776f000 Uncommon trap: reason=class_check action=maybe_recompile pc=0x000000000f5c68a8 method=com.android.dx.cf.code.BytecodeArray.parseInstruction(ILcom/android/dx/cf/code/BytecodeArray$Visitor;)I @ 2253
Event: 5.375 Thread 0x000000000776f000 Uncommon trap: reason=class_check action=maybe_recompile pc=0x000000000f5c62bc method=com.android.dx.cf.code.BytecodeArray.parseInstruction(ILcom/android/dx/cf/code/BytecodeArray$Visitor;)I @ 2167
Event: 5.376 Thread 0x000000000776f000 Uncommon trap: reason=class_check action=maybe_recompile pc=0x000000000f5c68a8 method=com.android.dx.cf.code.BytecodeArray.parseInstruction(ILcom/android/dx/cf/code/BytecodeArray$Visitor;)I @ 2253
Event: 5.376 Thread 0x000000000776f000 Uncommon trap: reason=class_check action=maybe_recompile pc=0x000000000f5c62bc method=com.android.dx.cf.code.BytecodeArray.parseInstruction(ILcom/android/dx/cf/code/BytecodeArray$Visitor;)I @ 2167
Event: 6.555 Thread 0x0000000007770800 Uncommon trap: reason=unstable_if action=reinterpret pc=0x000000000f56fe24 method=com.android.dx.ssa.SCCP.simulateStmt(Lcom/android/dx/ssa/SsaInsn;)V @ 53

Internal exceptions (3 events):
Event: 0.665 Thread 0x00000000025d0800 Exception <a 'java/lang/NoSuchMethodError': Method sun.misc.Unsafe.defineClass(Ljava/lang/String;[BII)Ljava/lang/Class; name or signature does not match> (0x00000000eab12f00) thrown at [C:\re\workspace\8-2-build-windows-amd64-cygwin\jdk8u45\3627\hotspot\sräº ùJÂ?
Event: 0.665 Thread 0x00000000025d0800 Exception <a 'java/lang/NoSuchMethodError': Method sun.misc.Unsafe.prefetchRead(Ljava/lang/Object;J)V name or signature does not match> (0x00000000eab13190) thrown at [C:\re\workspace\8-2-build-windows-amd64-cygwin\jdk8u45\3627\hotspot\src\share\vm\prims\jÁñÈÈ@
Event: 4.228 Thread 0x0000000007770800 Implicit null exception at 0x000000000f3a1f62 to 0x000000000f3a2052

Events (10 events):
Event: 5.376 Thread 0x000000000776f000 DEOPT PACKING pc=0x000000000f5c62bc sp=0x0000000007efeb40
Event: 5.376 Thread 0x000000000776f000 DEOPT UNPACKING pc=0x000000000f05582a sp=0x0000000007efeae8 mode 2
Event: 5.535 loading class com/android/dx/cf/attrib/AttRuntimeInvisibleAnnotations
Event: 5.535 loading class com/android/dx/cf/attrib/AttRuntimeInvisibleAnnotations done
Event: 5.536 loading class com/android/dx/cf/attrib/BaseAnnotations
Event: 5.536 loading class com/android/dx/cf/attrib/BaseAnnotations done
Event: 6.554 Thread 0x0000000007770800 Uncommon trap: trap_request=0xffffff65 fr.pc=0x000000000f56fe24
Event: 6.555 Thread 0x0000000007770800 DEOPT PACKING pc=0x000000000f56fe24 sp=0x00000000080fe980
Event: 6.555 Thread 0x0000000007770800 DEOPT UNPACKING pc=0x000000000f05582a sp=0x00000000080fe968 mode 2
Event: 6.625 Executing VM operation: ParallelGCFailedAllocation


Dynamic libraries:
0x00007ff7003c0000 - 0x00007ff7003f7000 	C:\Program Files\Java\jdk1.8.0_45\bin\java.exe
0x00007ff9fb1b0000 - 0x00007ff9fb371000 	C:\WINDOWS\SYSTEM32\ntdll.dll
0x00007ff9facc0000 - 0x00007ff9fad6d000 	C:\WINDOWS\system32\KERNEL32.DLL
0x00007ff9f8020000 - 0x00007ff9f8208000 	C:\WINDOWS\system32\KERNELBASE.dll
0x00007ff9f9120000 - 0x00007ff9f91c7000 	C:\WINDOWS\system32\ADVAPI32.dll
0x00007ff9fa9f0000 - 0x00007ff9faa8d000 	C:\WINDOWS\system32\msvcrt.dll
0x00007ff9f8a20000 - 0x00007ff9f8a7b000 	C:\WINDOWS\system32\sechost.dll
0x00007ff9faba0000 - 0x00007ff9facbc000 	C:\WINDOWS\system32\RPCRT4.dll
0x00007ff9f8c10000 - 0x00007ff9f8d66000 	C:\WINDOWS\system32\USER32.dll
0x00007ff9f8a80000 - 0x00007ff9f8c06000 	C:\WINDOWS\system32\GDI32.dll
0x00007ff9f37a0000 - 0x00007ff9f3a14000 	C:\WINDOWS\WinSxS\amd64_microsoft.windows.common-controls_6595b64144ccf1df_6.0.10586.494_none_a2d8b04ea53e3145\COMCTL32.dll
0x00007ff9f8620000 - 0x00007ff9f889d000 	C:\WINDOWS\system32\combase.dll
0x00007ff9f78f0000 - 0x00007ff9f795a000 	C:\WINDOWS\system32\bcryptPrimitives.dll
0x00007ff9f8eb0000 - 0x00007ff9f8eeb000 	C:\WINDOWS\system32\IMM32.DLL
0x00007ff9f76c0000 - 0x00007ff9f76f1000 	C:\Windows\system32\nvinitx.dll
0x00007ff9f76b0000 - 0x00007ff9f76ba000 	C:\WINDOWS\SYSTEM32\VERSION.dll
0x000000000f000000 - 0x000000000f006000 	C:\Program Files\NVIDIA Corporation\CoProcManager\_etoured.dll
0x00007ff9f4420000 - 0x00007ff9f4452000 	C:\Program Files\NVIDIA Corporation\CoProcManager\nvd3d9wrapx.dll
0x00007ff9fad70000 - 0x00007ff9fb199000 	C:\WINDOWS\system32\SETUPAPI.dll
0x00007ff9f7fb0000 - 0x00007ff9f7ff3000 	C:\WINDOWS\system32\CFGMGR32.dll
0x00007ff9f3d80000 - 0x00007ff9f3da2000 	C:\Program Files\NVIDIA Corporation\CoProcManager\nvdxgiwrapx.dll
0x0000000071240000 - 0x0000000071312000 	C:\Program Files\Java\jdk1.8.0_45\jre\bin\msvcr100.dll
0x0000000071690000 - 0x0000000071f13000 	C:\Program Files\Java\jdk1.8.0_45\jre\bin\server\jvm.dll
0x00007ff9f85b0000 - 0x00007ff9f85b8000 	C:\WINDOWS\system32\PSAPI.DLL
0x00007ff9ea450000 - 0x00007ff9ea459000 	C:\WINDOWS\SYSTEM32\WSOCK32.dll
0x00007ff9f8d70000 - 0x00007ff9f8ddb000 	C:\WINDOWS\system32\WS2_32.dll
0x00007ff9f5e80000 - 0x00007ff9f5ea3000 	C:\WINDOWS\SYSTEM32\WINMM.dll
0x00007ff9f5e50000 - 0x00007ff9f5e7c000 	C:\WINDOWS\SYSTEM32\WINMMBASE.dll
0x0000000071680000 - 0x000000007168f000 	C:\Program Files\Java\jdk1.8.0_45\jre\bin\verify.dll
0x0000000071650000 - 0x0000000071679000 	C:\Program Files\Java\jdk1.8.0_45\jre\bin\java.dll
0x0000000071630000 - 0x0000000071646000 	C:\Program Files\Java\jdk1.8.0_45\jre\bin\zip.dll
0x00007ff9f92e0000 - 0x00007ff9fa83c000 	C:\WINDOWS\system32\SHELL32.dll
0x00007ff9f7960000 - 0x00007ff9f7fa5000 	C:\WINDOWS\system32\windows.storage.dll
0x00007ff9f90c0000 - 0x00007ff9f9112000 	C:\WINDOWS\system32\shlwapi.dll
0x00007ff9f77f0000 - 0x00007ff9f77ff000 	C:\WINDOWS\system32\kernel.appcore.dll
0x00007ff9f83e0000 - 0x00007ff9f8495000 	C:\WINDOWS\system32\shcore.dll
0x00007ff9f7810000 - 0x00007ff9f785b000 	C:\WINDOWS\system32\powrprof.dll
0x00007ff9f77d0000 - 0x00007ff9f77e4000 	C:\WINDOWS\system32\profapi.dll
0x00007ff9e60b0000 - 0x00007ff9e623c000 	C:\WINDOWS\SYSTEM32\dbghelp.dll

VM Arguments:
jvm_args: -Djava.awt.headless=true -Xmx1024M -Dfile.encoding=x-windows-949 -Duser.country=KR -Duser.language=ko -Duser.variant 
java_command: com.android.dx.command.Main --dex --num-threads=4 --output E:\AndroidStudioProjects\CheongwonPay\app\build\intermediates\pre-dexed\debug\internal_impl-24.1.1_ceeea9eb622860764f87cad1e2198dd10a179814.jar E:\AndroidStudioProjects\CheongwonPay\app\build\intermediates\exploded-aar\com.android.support\support-v4\24.1.1\jars\libs\internal_impl-24.1.1.jar
java_class_path (initial): E:\Android\sdk\build-tools\23.0.3\lib\dx.jar
Launcher Type: SUN_STANDARD

Environment Variables:
PATH=C:\ProgramData\Oracle\Java\javapath;C:\Program Files (x86)\Wizvera\Delfino;C:\Program Files (x86)\NVIDIA Corporation\PhysX\Common;C:\WINDOWS\system32;C:\WINDOWS;C:\WINDOWS\System32\Wbem;C:\WINDOWS\System32\WindowsPowerShell\v1.0\;C:\Program Files\WIDCOMM\Bluetooth Software\;C:\Program Files\WIDCOMM\Bluetooth Software\syswow64;;C:\Program Files (x86)\Intel\OpenCL SDK\2.0\bin\x86;C:\Program Files (x86)\Intel\OpenCL SDK\2.0\bin\x64;C:\Program Files\Java\jdk1.8.0_45\bin;C:\Program Files\Java\jre1.8.0_45\bin;E:\Android\sdk\platform-tools;C:\Program Files (x86)\Skype\Phone\;C:\Users\¡§º∑\AppData\Local\Bandizip\7z
USERNAME=¡§º∑
OS=Windows_NT
PROCESSOR_IDENTIFIER=Intel64 Family 6 Model 42 Stepping 7, GenuineIntel



---------------  S Y S T E M  ---------------

OS: Windows 10.0 , 64 bit Build 10586 (10.0.10586.0)

CPU:total 4 (2 cores per cpu, 2 threads per core) family 6 model 42 stepping 7, cmov, cx8, fxsr, mmx, sse, sse2, sse3, ssse3, sse4.1, sse4.2, popcnt, avx, aes, clmul, ht, tsc, tscinvbit

Memory: 4k page, physical 4104480k(455320k free), swap 6427392k(4112k free)

vm_info: Java HotSpot(TM) 64-Bit Server VM (25.45-b02) for windows-amd64 JRE (1.8.0_45-b15), built on Apr 30 2015 12:40:44 by "java_re" with MS VC++ 10.0 (VS2010)

time: Sun Sep 18 00:03:06 2016
elapsed time: 6 seconds (0d 0h 0m 6s)

