#
# There is insufficient memory for the Java Runtime Environment to continue.
# Native memory allocation (malloc) failed to allocate 65552 bytes for Chunk::new
# Possible reasons:
#   The system is out of physical RAM or swap space
#   In 32 bit mode, the process size limit was hit
# Possible solutions:
#   Reduce memory load on the system
#   Increase physical memory or swap space
#   Check if swap backing store is full
#   Use 64 bit Java on a 64 bit OS
#   Decrease Java heap size (-Xmx/-Xms)
#   Decrease number of Java threads
#   Decrease Java thread stack sizes (-Xss)
#   Set larger code cache with -XX:ReservedCodeCacheSize=
# This output file may be truncated or incomplete.
#
#  Out of Memory Error (allocation.cpp:390), pid=5064, tid=7136
#
# JRE version: Java(TM) SE Runtime Environment (8.0_45-b15) (build 1.8.0_45-b15)
# Java VM: Java HotSpot(TM) 64-Bit Server VM (25.45-b02 mixed mode windows-amd64 compressed oops)
# Failed to write core dump. Minidumps are not enabled by default on client versions of Windows
#

---------------  T H R E A D  ---------------

Current thread (0x000000000695d000):  JavaThread "C2 CompilerThread1" daemon [_thread_in_native, id=7136, stack(0x00000000089a0000,0x0000000008aa0000)]

Stack: [0x00000000089a0000,0x0000000008aa0000]
Native frames: (J=compiled Java code, j=interpreted, Vv=VM code, C=native code)
V  [jvm.dll+0x32b57a]
V  [jvm.dll+0x279873]
V  [jvm.dll+0x27a509]
V  [jvm.dll+0x271825]
V  [jvm.dll+0xcb9e2]
V  [jvm.dll+0xcbeac]
V  [jvm.dll+0xcc204]
V  [jvm.dll+0x4ea280]
V  [jvm.dll+0x4c271e]
V  [jvm.dll+0x4c3b23]
V  [jvm.dll+0x4c3df1]
V  [jvm.dll+0x4c44d0]
V  [jvm.dll+0x4c46cf]
V  [jvm.dll+0x4c46e3]
V  [jvm.dll+0x4c46e3]
V  [jvm.dll+0x4c46e3]
V  [jvm.dll+0x4c46e3]
V  [jvm.dll+0x4c4696]
V  [jvm.dll+0x4c46e3]
V  [jvm.dll+0x4c46e3]
V  [jvm.dll+0x4b9ab1]
V  [jvm.dll+0x46baa8]
V  [jvm.dll+0x46ccbe]
V  [jvm.dll+0x4500f2]
V  [jvm.dll+0xa4352]
V  [jvm.dll+0xa4c8f]
V  [jvm.dll+0x241984]
V  [jvm.dll+0x29853a]
C  [msvcr100.dll+0x21d9f]
C  [msvcr100.dll+0x21e3b]
C  [KERNEL32.DLL+0x18102]
C  [ntdll.dll+0x5c5b4]


Current CompileTask:
C2:  22019 1458       4       com.android.dx.ssa.LocalVariableExtractor::processBlock (383 bytes)


---------------  P R O C E S S  ---------------

Java Threads: ( => current thread )
  0x000000000870c800 JavaThread "pool-2-thread-4" [_thread_blocked, id=800, stack(0x00000000091a0000,0x00000000092a0000)]
  0x000000000870c000 JavaThread "pool-2-thread-3" [_thread_in_Java, id=8788, stack(0x00000000090a0000,0x00000000091a0000)]
  0x000000000870b800 JavaThread "pool-2-thread-2" [_thread_blocked, id=5288, stack(0x0000000008fa0000,0x00000000090a0000)]
  0x000000000870a800 JavaThread "pool-3-thread-1" [_thread_blocked, id=4044, stack(0x0000000008ea0000,0x0000000008fa0000)]
  0x0000000008721800 JavaThread "pool-2-thread-1" [_thread_blocked, id=6020, stack(0x0000000008da0000,0x0000000008ea0000)]
  0x0000000008608800 JavaThread "Service Thread" daemon [_thread_blocked, id=9040, stack(0x0000000008ba0000,0x0000000008ca0000)]
  0x0000000008602800 JavaThread "C1 CompilerThread2" daemon [_thread_blocked, id=3068, stack(0x0000000008aa0000,0x0000000008ba0000)]
=>0x000000000695d000 JavaThread "C2 CompilerThread1" daemon [_thread_in_native, id=7136, stack(0x00000000089a0000,0x0000000008aa0000)]
  0x000000000695a000 JavaThread "C2 CompilerThread0" daemon [_thread_in_native, id=7120, stack(0x00000000084a0000,0x00000000085a0000)]
  0x000000000690e000 JavaThread "Attach Listener" daemon [_thread_blocked, id=12060, stack(0x00000000083a0000,0x00000000084a0000)]
  0x000000000690d000 JavaThread "Signal Dispatcher" daemon [_thread_blocked, id=10676, stack(0x00000000082a0000,0x00000000083a0000)]
  0x0000000003221800 JavaThread "Finalizer" daemon [_thread_blocked, id=1704, stack(0x0000000007b50000,0x0000000007c50000)]
  0x000000000321e000 JavaThread "Reference Handler" daemon [_thread_blocked, id=4164, stack(0x0000000007a50000,0x0000000007b50000)]
  0x0000000003130800 JavaThread "main" [_thread_blocked, id=11464, stack(0x0000000002cb0000,0x0000000002db0000)]

Other Threads:
  0x00000000068c8000 VMThread [stack: 0x0000000007950000,0x0000000007a50000] [id=4348]
  0x0000000008609800 WatcherThread [stack: 0x0000000008ca0000,0x0000000008da0000] [id=9692]

VM state:not at safepoint (normal execution)

VM Mutex/Monitor currently owned by a thread: None

Heap:
 PSYoungGen      total 35328K, used 19162K [0x00000000eab00000, 0x00000000ed000000, 0x0000000100000000)
  eden space 32768K, 50% used [0x00000000eab00000,0x00000000ebb3a850,0x00000000ecb00000)
  from space 2560K, 99% used [0x00000000ecd80000,0x00000000ecffc278,0x00000000ed000000)
  to   space 2560K, 0% used [0x00000000ecb00000,0x00000000ecb00000,0x00000000ecd80000)
 ParOldGen       total 44032K, used 2631K [0x00000000c0000000, 0x00000000c2b00000, 0x00000000eab00000)
  object space 44032K, 5% used [0x00000000c0000000,0x00000000c0291f60,0x00000000c2b00000)
 Metaspace       used 6149K, capacity 7024K, committed 7296K, reserved 1056768K
  class space    used 593K, capacity 616K, committed 640K, reserved 1048576K

Card table byte_map: [0x00000000035f0000,0x0000000003800000] byte_map_base: 0x0000000002ff0000

Marking Bits: (ParMarkBitMap*) 0x000000006bfc4040
 Begin Bits: [0x0000000003d60000, 0x0000000004d60000)
 End Bits:   [0x0000000004d60000, 0x0000000005d60000)

Polling page: 0x0000000001200000

CodeCache: size=245760Kb used=5903Kb max_used=5909Kb free=239856Kb
 bounds [0x000000000f010000, 0x000000000f5e0000, 0x000000001e010000]
 total_blobs=1728 nmethods=1457 adapters=184
 compilation: enabled

Compilation events (10 events):
Event: 21.915 Thread 0x000000000695a000 nmethod 1461 0x000000000f5b5590 code [0x000000000f5b56e0, 0x000000000f5b58c8]
Event: 21.916 Thread 0x000000000695a000 1462       4       com.android.dx.rop.code.PlainInsn::withNewRegisters (18 bytes)
Event: 21.919 Thread 0x000000000695a000 nmethod 1462 0x000000000f5b7890 code [0x000000000f5b79e0, 0x000000000f5b7b98]
Event: 21.919 Thread 0x000000000695a000 1463       4       com.android.dx.rop.code.Insn::getLocalAssignment (48 bytes)
Event: 21.922 Thread 0x000000000695a000 nmethod 1463 0x000000000f5b7490 code [0x000000000f5b75e0, 0x000000000f5b76d8]
Event: 21.922 Thread 0x000000000695a000 1464       4       com.android.dx.rop.code.RegisterSpec::intersect (169 bytes)
Event: 21.927 Thread 0x000000000695a000 nmethod 1464 0x000000000f5b6dd0 code [0x000000000f5b6f40, 0x000000000f5b7208]
Event: 21.927 Thread 0x000000000695a000 1465       4       com.android.dx.dex.code.RopToDop::dopFor (792 bytes)
Event: 21.941 Thread 0x000000000695a000 nmethod 1465 0x000000000f5cb910 code [0x000000000f5cbd80, 0x000000000f5cc4e0]
Event: 21.945 Thread 0x000000000695a000 1466   !   4       com.android.dx.rop.code.BasicBlock::<init> (273 bytes)

GC Heap History (4 events):
Event: 16.202 GC heap before
{Heap before GC invocations=1 (full 0):
 PSYoungGen      total 18944K, used 16384K [0x00000000eab00000, 0x00000000ec000000, 0x0000000100000000)
  eden space 16384K, 100% used [0x00000000eab00000,0x00000000ebb00000,0x00000000ebb00000)
  from space 2560K, 0% used [0x00000000ebd80000,0x00000000ebd80000,0x00000000ec000000)
  to   space 2560K, 0% used [0x00000000ebb00000,0x00000000ebb00000,0x00000000ebd80000)
 ParOldGen       total 44032K, used 0K [0x00000000c0000000, 0x00000000c2b00000, 0x00000000eab00000)
  object space 44032K, 0% used [0x00000000c0000000,0x00000000c0000000,0x00000000c2b00000)
 Metaspace       used 5427K, capacity 6384K, committed 6528K, reserved 1056768K
  class space    used 583K, capacity 616K, committed 640K, reserved 1048576K
Event: 16.759 GC heap after
Heap after GC invocations=1 (full 0):
 PSYoungGen      total 18944K, used 2529K [0x00000000eab00000, 0x00000000ed000000, 0x0000000100000000)
  eden space 16384K, 0% used [0x00000000eab00000,0x00000000eab00000,0x00000000ebb00000)
  from space 2560K, 98% used [0x00000000ebb00000,0x00000000ebd786c8,0x00000000ebd80000)
  to   space 2560K, 0% used [0x00000000ecd80000,0x00000000ecd80000,0x00000000ed000000)
 ParOldGen       total 44032K, used 863K [0x00000000c0000000, 0x00000000c2b00000, 0x00000000eab00000)
  object space 44032K, 1% used [0x00000000c0000000,0x00000000c00d7e08,0x00000000c2b00000)
 Metaspace       used 5427K, capacity 6384K, committed 6528K, reserved 1056768K
  class space    used 583K, capacity 616K, committed 640K, reserved 1048576K
}
Event: 20.624 GC heap before
{Heap before GC invocations=2 (full 0):
 PSYoungGen      total 18944K, used 18913K [0x00000000eab00000, 0x00000000ed000000, 0x0000000100000000)
  eden space 16384K, 100% used [0x00000000eab00000,0x00000000ebb00000,0x00000000ebb00000)
  from space 2560K, 98% used [0x00000000ebb00000,0x00000000ebd786c8,0x00000000ebd80000)
  to   space 2560K, 0% used [0x00000000ecd80000,0x00000000ecd80000,0x00000000ed000000)
 ParOldGen       total 44032K, used 863K [0x00000000c0000000, 0x00000000c2b00000, 0x00000000eab00000)
  object space 44032K, 1% used [0x00000000c0000000,0x00000000c00d7e08,0x00000000c2b00000)
 Metaspace       used 6010K, capacity 6896K, committed 7040K, reserved 1056768K
  class space    used 593K, capacity 616K, committed 640K, reserved 1048576K
Event: 20.841 GC heap after
Heap after GC invocations=2 (full 0):
 PSYoungGen      total 35328K, used 2544K [0x00000000eab00000, 0x00000000ed000000, 0x0000000100000000)
  eden space 32768K, 0% used [0x00000000eab00000,0x00000000eab00000,0x00000000ecb00000)
  from space 2560K, 99% used [0x00000000ecd80000,0x00000000ecffc278,0x00000000ed000000)
  to   space 2560K, 0% used [0x00000000ecb00000,0x00000000ecb00000,0x00000000ecd80000)
 ParOldGen       total 44032K, used 2631K [0x00000000c0000000, 0x00000000c2b00000, 0x00000000eab00000)
  object space 44032K, 5% used [0x00000000c0000000,0x00000000c0291f60,0x00000000c2b00000)
 Metaspace       used 6010K, capacity 6896K, committed 7040K, reserved 1056768K
  class space    used 593K, capacity 616K, committed 640K, reserved 1048576K
}

Deoptimization events (5 events):
Event: 8.732 Thread 0x0000000003130800 Uncommon trap: reason=unstable_if action=reinterpret pc=0x000000000f17e554 method=java.lang.String.compareTo(Ljava/lang/String;)I @ 38
Event: 16.838 Thread 0x0000000003130800 Uncommon trap: reason=unstable_if action=reinterpret pc=0x000000000f26511c method=java.util.HashMap.getNode(ILjava/lang/Object;)Ljava/util/HashMap$Node; @ 129
Event: 17.385 Thread 0x0000000003130800 Uncommon trap: reason=class_check action=maybe_recompile pc=0x000000000f29a370 method=com.android.dx.ssa.NormalSsaInsn.accept(Lcom/android/dx/ssa/SsaInsn$Visitor;)V @ 9
Event: 17.603 Thread 0x0000000003130800 Uncommon trap: reason=class_check action=maybe_recompile pc=0x000000000f29a370 method=com.android.dx.ssa.NormalSsaInsn.accept(Lcom/android/dx/ssa/SsaInsn$Visitor;)V @ 9
Event: 20.540 Thread 0x0000000008721800 Uncommon trap: reason=unstable_if action=reinterpret pc=0x000000000f405cdc method=com.android.dx.rop.cst.Constant.compareTo(Lcom/android/dx/rop/cst/Constant;)I @ 12

Internal exceptions (2 events):
Event: 0.489 Thread 0x0000000003130800 Exception <a 'java/lang/NoSuchMethodError': Method sun.misc.Unsafe.defineClass(Ljava/lang/String;[BII)Ljava/lang/Class; name or signature does not match> (0x00000000eab12f00) thrown at [C:\re\workspace\8-2-build-windows-amd64-cygwin\jdk8u45\3627\hotspot\srÿµö(Wß?
Event: 0.490 Thread 0x0000000003130800 Exception <a 'java/lang/NoSuchMethodError': Method sun.misc.Unsafe.prefetchRead(Ljava/lang/Object;J)V name or signature does not match> (0x00000000eab13190) thrown at [C:\re\workspace\8-2-build-windows-amd64-cygwin\jdk8u45\3627\hotspot\src\share\vm\prims\j

Events (10 events):
Event: 19.530 loading class java/util/TreeMap$EntryIterator done
Event: 19.530 Executing VM operation: Deoptimize
Event: 20.061 Executing VM operation: Deoptimize done
Event: 20.065 loading class java/util/DualPivotQuicksort
Event: 20.066 loading class java/util/DualPivotQuicksort done
Event: 20.540 Thread 0x0000000008721800 Uncommon trap: trap_request=0xffffff65 fr.pc=0x000000000f405cdc
Event: 20.540 Thread 0x0000000008721800 DEOPT PACKING pc=0x000000000f405cdc sp=0x0000000008e9e480
Event: 20.540 Thread 0x0000000008721800 DEOPT UNPACKING pc=0x000000000f05582a sp=0x0000000008e9e420 mode 2
Event: 20.614 Executing VM operation: ParallelGCFailedAllocation
Event: 20.841 Executing VM operation: ParallelGCFailedAllocation done


Dynamic libraries:
0x00007ff7b0dc0000 - 0x00007ff7b0df7000 	C:\Program Files\Java\jdk1.8.0_45\bin\java.exe
0x00007ffe8e9c0000 - 0x00007ffe8eb81000 	C:\WINDOWS\SYSTEM32\ntdll.dll
0x00007ffe8c470000 - 0x00007ffe8c51d000 	C:\WINDOWS\system32\KERNEL32.DLL
0x00007ffe8bb40000 - 0x00007ffe8bd28000 	C:\WINDOWS\system32\KERNELBASE.dll
0x00007ffe8e0a0000 - 0x00007ffe8e147000 	C:\WINDOWS\system32\ADVAPI32.dll
0x00007ffe8e240000 - 0x00007ffe8e2dd000 	C:\WINDOWS\system32\msvcrt.dll
0x00007ffe8e960000 - 0x00007ffe8e9bb000 	C:\WINDOWS\system32\sechost.dll
0x00007ffe8df20000 - 0x00007ffe8e03c000 	C:\WINDOWS\system32\RPCRT4.dll
0x00007ffe8bed0000 - 0x00007ffe8c026000 	C:\WINDOWS\system32\USER32.dll
0x00007ffe8e340000 - 0x00007ffe8e4c6000 	C:\WINDOWS\system32\GDI32.dll
0x00007ffe86660000 - 0x00007ffe868d4000 	C:\WINDOWS\WinSxS\amd64_microsoft.windows.common-controls_6595b64144ccf1df_6.0.10586.494_none_a2d8b04ea53e3145\COMCTL32.dll
0x00007ffe8e630000 - 0x00007ffe8e8ad000 	C:\WINDOWS\system32\combase.dll
0x00007ffe8b3a0000 - 0x00007ffe8b40a000 	C:\WINDOWS\system32\bcryptPrimitives.dll
0x00007ffe8e920000 - 0x00007ffe8e95b000 	C:\WINDOWS\system32\IMM32.DLL
0x00007ffe8aec0000 - 0x00007ffe8aef1000 	C:\Windows\system32\nvinitx.dll
0x00007ffe8af30000 - 0x00007ffe8af3a000 	C:\WINDOWS\SYSTEM32\VERSION.dll
0x000000000f000000 - 0x000000000f006000 	C:\Program Files\NVIDIA Corporation\CoProcManager\_etoured.dll
0x00007ffe87e90000 - 0x00007ffe87ec2000 	C:\Program Files\NVIDIA Corporation\CoProcManager\nvd3d9wrapx.dll
0x00007ffe8c030000 - 0x00007ffe8c459000 	C:\WINDOWS\system32\SETUPAPI.dll
0x00007ffe8b350000 - 0x00007ffe8b393000 	C:\WINDOWS\system32\CFGMGR32.dll
0x00007ffe87e60000 - 0x00007ffe87e82000 	C:\Program Files\NVIDIA Corporation\CoProcManager\nvdxgiwrapx.dll
0x000000006b340000 - 0x000000006b412000 	C:\Program Files\Java\jdk1.8.0_45\jre\bin\msvcr100.dll
0x000000006b7c0000 - 0x000000006c043000 	C:\Program Files\Java\jdk1.8.0_45\jre\bin\server\jvm.dll
0x00007ffe8c460000 - 0x00007ffe8c468000 	C:\WINDOWS\system32\PSAPI.DLL
0x00007ffe7e890000 - 0x00007ffe7e899000 	C:\WINDOWS\SYSTEM32\WSOCK32.dll
0x00007ffe8de40000 - 0x00007ffe8deab000 	C:\WINDOWS\system32\WS2_32.dll
0x00007ffe892a0000 - 0x00007ffe892c3000 	C:\WINDOWS\SYSTEM32\WINMM.dll
0x00007ffe89050000 - 0x00007ffe8907c000 	C:\WINDOWS\SYSTEM32\WINMMBASE.dll
0x000000006b7b0000 - 0x000000006b7bf000 	C:\Program Files\Java\jdk1.8.0_45\jre\bin\verify.dll
0x000000006b780000 - 0x000000006b7a9000 	C:\Program Files\Java\jdk1.8.0_45\jre\bin\java.dll
0x000000006b760000 - 0x000000006b776000 	C:\Program Files\Java\jdk1.8.0_45\jre\bin\zip.dll
0x00007ffe8c6d0000 - 0x00007ffe8dc2c000 	C:\WINDOWS\system32\SHELL32.dll
0x0000000007c50000 - 0x0000000008295000 	C:\WINDOWS\system32\windows.storage.dll
0x00007ffe8e2e0000 - 0x00007ffe8e332000 	C:\WINDOWS\system32\shlwapi.dll
0x00007ffe8afe0000 - 0x00007ffe8afef000 	C:\WINDOWS\system32\kernel.appcore.dll
0x00007ffe8b410000 - 0x00007ffe8b4c5000 	C:\WINDOWS\system32\shcore.dll
0x00007ffe8aff0000 - 0x00007ffe8b03b000 	C:\WINDOWS\system32\powrprof.dll
0x00007ffe8b050000 - 0x00007ffe8b064000 	C:\WINDOWS\system32\profapi.dll
0x00007ffe77d00000 - 0x00007ffe77e8c000 	C:\WINDOWS\SYSTEM32\dbghelp.dll

VM Arguments:
jvm_args: -Djava.awt.headless=true -Xmx1024M -Dfile.encoding=x-windows-949 -Duser.country=KR -Duser.language=ko -Duser.variant 
java_command: com.android.dx.command.Main --dex --force-jumbo --num-threads=4 --multi-dex --output E:\AndroidStudioProjects\CheongwonPay\app\build\intermediates\transforms\dex\debug\folders\1000\10\internal_impl-24.1.1_ceeea9eb622860764f87cad1e2198dd10a179814 E:\AndroidStudioProjects\CheongwonPay\app\build\intermediates\exploded-aar\com.android.support\support-v4\24.1.1\jars\libs\internal_impl-24.1.1.jar
java_class_path (initial): E:\Android\sdk\build-tools\23.0.3\lib\dx.jar
Launcher Type: SUN_STANDARD

Environment Variables:
PATH=C:\ProgramData\Oracle\Java\javapath;C:\Program Files (x86)\Wizvera\Delfino;C:\Program Files (x86)\NVIDIA Corporation\PhysX\Common;C:\WINDOWS\system32;C:\WINDOWS;C:\WINDOWS\System32\Wbem;C:\WINDOWS\System32\WindowsPowerShell\v1.0\;C:\Program Files\WIDCOMM\Bluetooth Software\;C:\Program Files\WIDCOMM\Bluetooth Software\syswow64;;C:\Program Files (x86)\Intel\OpenCL SDK\2.0\bin\x86;C:\Program Files (x86)\Intel\OpenCL SDK\2.0\bin\x64;C:\Program Files\Java\jdk1.8.0_45\bin;C:\Program Files\Java\jre1.8.0_45\bin;E:\Android\sdk\platform-tools;C:\Program Files (x86)\Skype\Phone\;C:\Users\Á¤¼·\AppData\Local\Bandizip\7z
USERNAME=Á¤¼·
OS=Windows_NT
PROCESSOR_IDENTIFIER=Intel64 Family 6 Model 42 Stepping 7, GenuineIntel



---------------  S Y S T E M  ---------------

OS: Windows 10.0 , 64 bit Build 10586 (10.0.10586.0)

CPU:total 4 (2 cores per cpu, 2 threads per core) family 6 model 42 stepping 7, cmov, cx8, fxsr, mmx, sse, sse2, sse3, ssse3, sse4.1, sse4.2, popcnt, avx, aes, clmul, ht, tsc, tscinvbit

Memory: 4k page, physical 4104480k(497124k free), swap 6601276k(4104k free)

vm_info: Java HotSpot(TM) 64-Bit Server VM (25.45-b02) for windows-amd64 JRE (1.8.0_45-b15), built on Apr 30 2015 12:40:44 by "java_re" with MS VC++ 10.0 (VS2010)

time: Fri Sep 02 15:05:18 2016
elapsed time: 22 seconds (0d 0h 0m 22s)

