#
# There is insufficient memory for the Java Runtime Environment to continue.
# Native memory allocation (malloc) failed to allocate 1522208 bytes for Chunk::new
# Possible reasons:
#   The system is out of physical RAM or swap space
#   In 32 bit mode, the process size limit was hit
# Possible solutions:
#   Reduce memory load on the system
#   Increase physical memory or swap space
#   Check if swap backing store is full
#   Use 64 bit Java on a 64 bit OS
#   Decrease Java heap size (-Xmx/-Xms)
#   Decrease number of Java threads
#   Decrease Java thread stack sizes (-Xss)
#   Set larger code cache with -XX:ReservedCodeCacheSize=
# This output file may be truncated or incomplete.
#
#  Out of Memory Error (allocation.cpp:390), pid=6676, tid=7748
#
# JRE version: Java(TM) SE Runtime Environment (8.0_45-b15) (build 1.8.0_45-b15)
# Java VM: Java HotSpot(TM) 64-Bit Server VM (25.45-b02 mixed mode windows-amd64 compressed oops)
# Failed to write core dump. Minidumps are not enabled by default on client versions of Windows
#

---------------  T H R E A D  ---------------

Current thread (0x000000000629e000):  JavaThread "C2 CompilerThread0" daemon [_thread_in_native, id=7748, stack(0x00000000077f0000,0x00000000078f0000)]

Stack: [0x00000000077f0000,0x00000000078f0000]
Native frames: (J=compiled Java code, j=interpreted, Vv=VM code, C=native code)
V  [jvm.dll+0x32b57a]
V  [jvm.dll+0x279873]
V  [jvm.dll+0x27a509]
V  [jvm.dll+0x271825]
V  [jvm.dll+0xcb9e2]
V  [jvm.dll+0xcbeac]
V  [jvm.dll+0x4929e7]
V  [jvm.dll+0x45f6ff]
V  [jvm.dll+0x46a73b]
V  [jvm.dll+0x46cd52]
V  [jvm.dll+0x4500f2]
V  [jvm.dll+0xa4352]
V  [jvm.dll+0xa4c8f]
V  [jvm.dll+0x241984]
V  [jvm.dll+0x29853a]
C  [msvcr100.dll+0x21d9f]
C  [msvcr100.dll+0x21e3b]
C  [KERNEL32.DLL+0x18102]
C  [ntdll.dll+0x5c5b4]


Current CompileTask:
C2:  26205 1873   !   4       com.android.dx.cf.code.Ropper::processBlock (1101 bytes)


---------------  P R O C E S S  ---------------

Java Threads: ( => current thread )
  0x0000000007b61800 JavaThread "pool-1-thread-1" [_thread_in_vm, id=11268, stack(0x0000000009dc0000,0x0000000009ec0000)]
  0x0000000007952000 JavaThread "Service Thread" daemon [_thread_blocked, id=10816, stack(0x0000000007ef0000,0x0000000007ff0000)]
  0x0000000007946800 JavaThread "C1 CompilerThread2" daemon [_thread_blocked, id=6568, stack(0x0000000007df0000,0x0000000007ef0000)]
  0x00000000062ee800 JavaThread "C2 CompilerThread1" daemon [_thread_blocked, id=11656, stack(0x0000000007cf0000,0x0000000007df0000)]
=>0x000000000629e000 JavaThread "C2 CompilerThread0" daemon [_thread_in_native, id=7748, stack(0x00000000077f0000,0x00000000078f0000)]
  0x000000000629c000 JavaThread "Attach Listener" daemon [_thread_blocked, id=1232, stack(0x00000000076f0000,0x00000000077f0000)]
  0x000000000629b000 JavaThread "Signal Dispatcher" daemon [_thread_blocked, id=11720, stack(0x00000000075f0000,0x00000000076f0000)]
  0x0000000002bb0000 JavaThread "Finalizer" daemon [_thread_blocked, id=9440, stack(0x00000000074f0000,0x00000000075f0000)]
  0x0000000002bad000 JavaThread "Reference Handler" daemon [_thread_blocked, id=8804, stack(0x00000000073f0000,0x00000000074f0000)]
  0x0000000002ac0800 JavaThread "main" [_thread_blocked, id=9092, stack(0x0000000002920000,0x0000000002a20000)]

Other Threads:
  0x0000000006258000 VMThread [stack: 0x00000000072f0000,0x00000000073f0000] [id=6876]
  0x0000000007963800 WatcherThread [stack: 0x0000000007ff0000,0x00000000080f0000] [id=2820]

VM state:synchronizing (normal execution)

VM Mutex/Monitor currently owned by a thread:  ([mutex/lock_event])
[0x0000000002abcbc0] Threads_lock - owner thread: 0x0000000006258000

Heap:
 PSYoungGen      total 68096K, used 56032K [0x00000000eab00000, 0x00000000ef000000, 0x0000000100000000)
  eden space 65536K, 81% used [0x00000000eab00000,0x00000000edf39c00,0x00000000eeb00000)
  from space 2560K, 99% used [0x00000000eed80000,0x00000000eeffe710,0x00000000ef000000)
  to   space 2560K, 0% used [0x00000000eeb00000,0x00000000eeb00000,0x00000000eed80000)
 ParOldGen       total 44032K, used 14149K [0x00000000c0000000, 0x00000000c2b00000, 0x00000000eab00000)
  object space 44032K, 32% used [0x00000000c0000000,0x00000000c0dd1448,0x00000000c2b00000)
 Metaspace       used 6568K, capacity 7344K, committed 7552K, reserved 1056768K
  class space    used 614K, capacity 616K, committed 640K, reserved 1048576K

Card table byte_map: [0x0000000002f80000,0x0000000003190000] byte_map_base: 0x0000000002980000

Marking Bits: (ParMarkBitMap*) 0x0000000070aa4040
 Begin Bits: [0x00000000036f0000, 0x00000000046f0000)
 End Bits:   [0x00000000046f0000, 0x00000000056f0000)

Polling page: 0x0000000000a80000

CodeCache: size=245760Kb used=8958Kb max_used=8969Kb free=236801Kb
 bounds [0x000000000f010000, 0x000000000f8e0000, 0x000000001e010000]
 total_blobs=2385 nmethods=2113 adapters=184
 compilation: enabled

Compilation events (10 events):
Event: 25.119 Thread 0x00000000062ee800 2183       4       com.android.dx.dex.code.OutputFinisher::assignAddresses (51 bytes)
Event: 25.123 Thread 0x00000000062ee800 nmethod 2183 0x000000000f8d6f90 code [0x000000000f8d70e0, 0x000000000f8d72d8]
Event: 25.123 Thread 0x00000000062ee800 2185   !   4       com.android.dx.dex.code.OutputFinisher::fixBranches (234 bytes)
Event: 25.135 Thread 0x00000000062ee800 nmethod 2185 0x000000000f8caf10 code [0x000000000f8cb100, 0x000000000f8cb7a0]
Event: 25.136 Thread 0x00000000062ee800 2189       4       com.android.dx.dex.code.InsnFormat::unsignedFitsInNibble (14 bytes)
Event: 25.136 Thread 0x00000000062ee800 nmethod 2189 0x000000000f520d50 code [0x000000000f520e80, 0x000000000f520ed8]
Event: 25.136 Thread 0x00000000062ee800 2186       4       com.android.dx.rop.cst.CstLiteral32::equals (35 bytes)
Event: 25.138 Thread 0x00000000062ee800 nmethod 2186 0x000000000f8ca5d0 code [0x000000000f8ca700, 0x000000000f8ca7d8]
Event: 25.138 Thread 0x00000000062ee800 2177       4       java.lang.Math::max (11 bytes)
Event: 25.138 Thread 0x00000000062ee800 nmethod 2177 0x000000000f5d1e50 code [0x000000000f5d1f80, 0x000000000f5d1fd8]

GC Heap History (8 events):
Event: 2.738 GC heap before
{Heap before GC invocations=1 (full 0):
 PSYoungGen      total 18944K, used 16384K [0x00000000eab00000, 0x00000000ec000000, 0x0000000100000000)
  eden space 16384K, 100% used [0x00000000eab00000,0x00000000ebb00000,0x00000000ebb00000)
  from space 2560K, 0% used [0x00000000ebd80000,0x00000000ebd80000,0x00000000ec000000)
  to   space 2560K, 0% used [0x00000000ebb00000,0x00000000ebb00000,0x00000000ebd80000)
 ParOldGen       total 44032K, used 0K [0x00000000c0000000, 0x00000000c2b00000, 0x00000000eab00000)
  object space 44032K, 0% used [0x00000000c0000000,0x00000000c0000000,0x00000000c2b00000)
 Metaspace       used 5730K, capacity 6704K, committed 6784K, reserved 1056768K
  class space    used 587K, capacity 616K, committed 640K, reserved 1048576K
Event: 2.778 GC heap after
Heap after GC invocations=1 (full 0):
 PSYoungGen      total 18944K, used 2548K [0x00000000eab00000, 0x00000000ed000000, 0x0000000100000000)
  eden space 16384K, 0% used [0x00000000eab00000,0x00000000eab00000,0x00000000ebb00000)
  from space 2560K, 99% used [0x00000000ebb00000,0x00000000ebd7d0d8,0x00000000ebd80000)
  to   space 2560K, 0% used [0x00000000ecd80000,0x00000000ecd80000,0x00000000ed000000)
 ParOldGen       total 44032K, used 1587K [0x00000000c0000000, 0x00000000c2b00000, 0x00000000eab00000)
  object space 44032K, 3% used [0x00000000c0000000,0x00000000c018cc20,0x00000000c2b00000)
 Metaspace       used 5730K, capacity 6704K, committed 6784K, reserved 1056768K
  class space    used 587K, capacity 616K, committed 640K, reserved 1048576K
}
Event: 4.081 GC heap before
{Heap before GC invocations=2 (full 0):
 PSYoungGen      total 18944K, used 18932K [0x00000000eab00000, 0x00000000ed000000, 0x0000000100000000)
  eden space 16384K, 100% used [0x00000000eab00000,0x00000000ebb00000,0x00000000ebb00000)
  from space 2560K, 99% used [0x00000000ebb00000,0x00000000ebd7d0d8,0x00000000ebd80000)
  to   space 2560K, 0% used [0x00000000ecd80000,0x00000000ecd80000,0x00000000ed000000)
 ParOldGen       total 44032K, used 1587K [0x00000000c0000000, 0x00000000c2b00000, 0x00000000eab00000)
  object space 44032K, 3% used [0x00000000c0000000,0x00000000c018cc20,0x00000000c2b00000)
 Metaspace       used 6044K, capacity 6960K, committed 7040K, reserved 1056768K
  class space    used 594K, capacity 616K, committed 640K, reserved 1048576K
Event: 4.142 GC heap after
Heap after GC invocations=2 (full 0):
 PSYoungGen      total 35328K, used 2548K [0x00000000eab00000, 0x00000000ed000000, 0x0000000100000000)
  eden space 32768K, 0% used [0x00000000eab00000,0x00000000eab00000,0x00000000ecb00000)
  from space 2560K, 99% used [0x00000000ecd80000,0x00000000ecffd1d8,0x00000000ed000000)
  to   space 2560K, 0% used [0x00000000ecb00000,0x00000000ecb00000,0x00000000ecd80000)
 ParOldGen       total 44032K, used 3991K [0x00000000c0000000, 0x00000000c2b00000, 0x00000000eab00000)
  object space 44032K, 9% used [0x00000000c0000000,0x00000000c03e5d70,0x00000000c2b00000)
 Metaspace       used 6044K, capacity 6960K, committed 7040K, reserved 1056768K
  class space    used 594K, capacity 616K, committed 640K, reserved 1048576K
}
Event: 5.564 GC heap before
{Heap before GC invocations=3 (full 0):
 PSYoungGen      total 35328K, used 35316K [0x00000000eab00000, 0x00000000ed000000, 0x0000000100000000)
  eden space 32768K, 100% used [0x00000000eab00000,0x00000000ecb00000,0x00000000ecb00000)
  from space 2560K, 99% used [0x00000000ecd80000,0x00000000ecffd1d8,0x00000000ed000000)
  to   space 2560K, 0% used [0x00000000ecb00000,0x00000000ecb00000,0x00000000ecd80000)
 ParOldGen       total 44032K, used 3991K [0x00000000c0000000, 0x00000000c2b00000, 0x00000000eab00000)
  object space 44032K, 9% used [0x00000000c0000000,0x00000000c03e5d70,0x00000000c2b00000)
 Metaspace       used 6195K, capacity 7088K, committed 7296K, reserved 1056768K
  class space    used 596K, capacity 616K, committed 640K, reserved 1048576K
Event: 5.579 GC heap after
Heap after GC invocations=3 (full 0):
 PSYoungGen      total 35328K, used 2553K [0x00000000eab00000, 0x00000000ef000000, 0x0000000100000000)
  eden space 32768K, 0% used [0x00000000eab00000,0x00000000eab00000,0x00000000ecb00000)
  from space 2560K, 99% used [0x00000000ecb00000,0x00000000ecd7e5e0,0x00000000ecd80000)
  to   space 2560K, 0% used [0x00000000eed80000,0x00000000eed80000,0x00000000ef000000)
 ParOldGen       total 44032K, used 9127K [0x00000000c0000000, 0x00000000c2b00000, 0x00000000eab00000)
  object space 44032K, 20% used [0x00000000c0000000,0x00000000c08e9ec8,0x00000000c2b00000)
 Metaspace       used 6195K, capacity 7088K, committed 7296K, reserved 1056768K
  class space    used 596K, capacity 616K, committed 640K, reserved 1048576K
}
Event: 7.043 GC heap before
{Heap before GC invocations=4 (full 0):
 PSYoungGen      total 35328K, used 35321K [0x00000000eab00000, 0x00000000ef000000, 0x0000000100000000)
  eden space 32768K, 100% used [0x00000000eab00000,0x00000000ecb00000,0x00000000ecb00000)
  from space 2560K, 99% used [0x00000000ecb00000,0x00000000ecd7e5e0,0x00000000ecd80000)
  to   space 2560K, 0% used [0x00000000eed80000,0x00000000eed80000,0x00000000ef000000)
 ParOldGen       total 44032K, used 9127K [0x00000000c0000000, 0x00000000c2b00000, 0x00000000eab00000)
  object space 44032K, 20% used [0x00000000c0000000,0x00000000c08e9ec8,0x00000000c2b00000)
 Metaspace       used 6239K, capacity 7088K, committed 7296K, reserved 1056768K
  class space    used 596K, capacity 616K, committed 640K, reserved 1048576K
Event: 7.516 GC heap after
Heap after GC invocations=4 (full 0):
 PSYoungGen      total 68096K, used 2553K [0x00000000eab00000, 0x00000000ef000000, 0x0000000100000000)
  eden space 65536K, 0% used [0x00000000eab00000,0x00000000eab00000,0x00000000eeb00000)
  from space 2560K, 99% used [0x00000000eed80000,0x00000000eeffe710,0x00000000ef000000)
  to   space 2560K, 0% used [0x00000000eeb00000,0x00000000eeb00000,0x00000000eed80000)
 ParOldGen       total 44032K, used 14149K [0x00000000c0000000, 0x00000000c2b00000, 0x00000000eab00000)
  object space 44032K, 32% used [0x00000000c0000000,0x00000000c0dd1448,0x00000000c2b00000)
 Metaspace       used 6239K, capacity 7088K, committed 7296K, reserved 1056768K
  class space    used 596K, capacity 616K, committed 640K, reserved 1048576K
}

Deoptimization events (10 events):
Event: 8.835 Thread 0x0000000007b8c000 Uncommon trap: reason=bimorphic action=maybe_recompile pc=0x000000000f7288b4 method=com.android.dx.cf.code.BytecodeArray.parseInstruction(ILcom/android/dx/cf/code/BytecodeArray$Visitor;)I @ 2484
Event: 12.379 Thread 0x0000000007b61800 Uncommon trap: reason=class_check action=maybe_recompile pc=0x000000000f58f4d8 method=java.util.Arrays.hashCode([Ljava/lang/Object;)I @ 43
Event: 12.379 Thread 0x0000000007b61800 Uncommon trap: reason=class_check action=maybe_recompile pc=0x000000000f58f4d8 method=java.util.Arrays.hashCode([Ljava/lang/Object;)I @ 43
Event: 12.379 Thread 0x0000000007b61800 Uncommon trap: reason=class_check action=maybe_recompile pc=0x000000000f58f4d8 method=java.util.Arrays.hashCode([Ljava/lang/Object;)I @ 43
Event: 12.379 Thread 0x0000000007b61800 Uncommon trap: reason=class_check action=maybe_recompile pc=0x000000000f58f4d8 method=java.util.Arrays.hashCode([Ljava/lang/Object;)I @ 43
Event: 12.380 Thread 0x0000000007b61800 Uncommon trap: reason=class_check action=maybe_recompile pc=0x000000000f519a78 method=java.util.Arrays.hashCode([Ljava/lang/Object;)I @ 43
Event: 22.076 Thread 0x0000000007b61800 Uncommon trap: reason=speculate_class_check action=maybe_recompile pc=0x000000000f3aa8dc method=com.android.dx.util.FixedSizeList.equals(Ljava/lang/Object;)Z @ 25
Event: 22.076 Thread 0x0000000007b61800 Uncommon trap: reason=speculate_class_check action=maybe_recompile pc=0x000000000f3aa8dc method=com.android.dx.util.FixedSizeList.equals(Ljava/lang/Object;)Z @ 25
Event: 22.510 Thread 0x0000000007b61800 Uncommon trap: reason=speculate_class_check action=maybe_recompile pc=0x000000000f3aa8dc method=com.android.dx.util.FixedSizeList.equals(Ljava/lang/Object;)Z @ 25
Event: 22.510 Thread 0x0000000007b61800 Uncommon trap: reason=speculate_class_check action=maybe_recompile pc=0x000000000f3aa8dc method=com.android.dx.util.FixedSizeList.equals(Ljava/lang/Object;)Z @ 25

Internal exceptions (7 events):
Event: 0.662 Thread 0x0000000002ac0800 Exception <a 'java/lang/NoSuchMethodError': Method sun.misc.Unsafe.defineClass(Ljava/lang/String;[BII)Ljava/lang/Class; name or signature does not match> (0x00000000eab12f00) thrown at [C:\re\workspace\8-2-build-windows-amd64-cygwin\jdk8u45\3627\hotspot\sr)Dm Â/Â?
Event: 0.662 Thread 0x0000000002ac0800 Exception <a 'java/lang/NoSuchMethodError': Method sun.misc.Unsafe.prefetchRead(Ljava/lang/Object;J)V name or signature does not match> (0x00000000eab13190) thrown at [C:\re\workspace\8-2-build-windows-amd64-cygwin\jdk8u45\3627\hotspot\src\share\vm\prims\j›}D_+@
Event: 4.042 Thread 0x0000000007b59000 Implicit null exception at 0x000000000f3ac522 to 0x000000000f3ac612
Event: 4.214 Thread 0x0000000007b8c000 Implicit null exception at 0x000000000f389ecb to 0x000000000f38ce71
Event: 8.143 Thread 0x0000000007b93000 Implicit null exception at 0x000000000f6a08fe to 0x000000000f6a2865
Event: 8.143 Thread 0x0000000007b93000 Implicit null exception at 0x000000000f65d2c0 to 0x000000000f65e929
Event: 8.144 Thread 0x0000000007b93000 Implicit null exception at 0x000000000f73b8f0 to 0x000000000f73da6d

Events (10 events):
Event: 25.091 Thread 0x0000000007b61800 DEOPT PACKING pc=0x000000000f87dbb9 sp=0x0000000009ebea10
Event: 25.091 Thread 0x0000000007b61800 DEOPT UNPACKING pc=0x000000000f05787f sp=0x0000000009ebe788 mode 0
Event: 25.091 Thread 0x0000000007b61800 DEOPT PACKING pc=0x000000000f8842e8 sp=0x0000000009ebe920
Event: 25.091 Thread 0x0000000007b61800 DEOPT UNPACKING pc=0x000000000f05787f sp=0x0000000009ebe768 mode 0
Event: 25.093 Thread 0x0000000007b61800 DEOPT PACKING pc=0x000000000f896f23 sp=0x0000000009ebe9f0
Event: 25.093 Thread 0x0000000007b61800 DEOPT UNPACKING pc=0x000000000f05787f sp=0x0000000009ebe740 mode 0
Event: 25.102 Thread 0x0000000007b61800 DEOPT PACKING pc=0x000000000f87dbb9 sp=0x0000000009ebea10
Event: 25.102 Thread 0x0000000007b61800 DEOPT UNPACKING pc=0x000000000f05787f sp=0x0000000009ebe788 mode 0
Event: 25.102 Thread 0x0000000007b61800 DEOPT PACKING pc=0x000000000f8842e8 sp=0x0000000009ebe920
Event: 25.102 Thread 0x0000000007b61800 DEOPT UNPACKING pc=0x000000000f05787f sp=0x0000000009ebe768 mode 0


Dynamic libraries:
0x00007ff6a59c0000 - 0x00007ff6a59f7000 	C:\Program Files\Java\jdk1.8.0_45\bin\java.exe
0x00007ff8e4290000 - 0x00007ff8e4451000 	C:\WINDOWS\SYSTEM32\ntdll.dll
0x00007ff8e41d0000 - 0x00007ff8e427d000 	C:\WINDOWS\system32\KERNEL32.DLL
0x00007ff8e13f0000 - 0x00007ff8e15d8000 	C:\WINDOWS\system32\KERNELBASE.dll
0x00007ff8e3fa0000 - 0x00007ff8e4047000 	C:\WINDOWS\system32\ADVAPI32.dll
0x00007ff8e3500000 - 0x00007ff8e359d000 	C:\WINDOWS\system32\msvcrt.dll
0x00007ff8e1a50000 - 0x00007ff8e1aab000 	C:\WINDOWS\system32\sechost.dll
0x00007ff8e33e0000 - 0x00007ff8e34fc000 	C:\WINDOWS\system32\RPCRT4.dll
0x00007ff8e36f0000 - 0x00007ff8e3846000 	C:\WINDOWS\system32\USER32.dll
0x00007ff8e16a0000 - 0x00007ff8e1826000 	C:\WINDOWS\system32\GDI32.dll
0x00007ff8da840000 - 0x00007ff8daab4000 	C:\WINDOWS\WinSxS\amd64_microsoft.windows.common-controls_6595b64144ccf1df_6.0.10586.494_none_a2d8b04ea53e3145\COMCTL32.dll
0x00007ff8e3c80000 - 0x00007ff8e3efd000 	C:\WINDOWS\system32\combase.dll
0x00007ff8e10f0000 - 0x00007ff8e115a000 	C:\WINDOWS\system32\bcryptPrimitives.dll
0x00007ff8e3f00000 - 0x00007ff8e3f3b000 	C:\WINDOWS\system32\IMM32.DLL
0x00007ff8e07a0000 - 0x00007ff8e07d1000 	C:\Windows\system32\nvinitx.dll
0x00007ff8e0790000 - 0x00007ff8e079a000 	C:\WINDOWS\SYSTEM32\VERSION.dll
0x000000000f000000 - 0x000000000f006000 	C:\Program Files\NVIDIA Corporation\CoProcManager\_etoured.dll
0x00007ff8dd900000 - 0x00007ff8dd932000 	C:\Program Files\NVIDIA Corporation\CoProcManager\nvd3d9wrapx.dll
0x00007ff8e3850000 - 0x00007ff8e3c79000 	C:\WINDOWS\system32\SETUPAPI.dll
0x00007ff8e11d0000 - 0x00007ff8e1213000 	C:\WINDOWS\system32\CFGMGR32.dll
0x00007ff8dd6c0000 - 0x00007ff8dd6e2000 	C:\Program Files\NVIDIA Corporation\CoProcManager\nvdxgiwrapx.dll
0x000000006fad0000 - 0x000000006fba2000 	C:\Program Files\Java\jdk1.8.0_45\jre\bin\msvcr100.dll
0x00000000702a0000 - 0x0000000070b23000 	C:\Program Files\Java\jdk1.8.0_45\jre\bin\server\jvm.dll
0x00007ff8e1690000 - 0x00007ff8e1698000 	C:\WINDOWS\system32\PSAPI.DLL
0x00007ff8d2540000 - 0x00007ff8d2549000 	C:\WINDOWS\SYSTEM32\WSOCK32.dll
0x00007ff8e32c0000 - 0x00007ff8e332b000 	C:\WINDOWS\system32\WS2_32.dll
0x00007ff8dec60000 - 0x00007ff8dec83000 	C:\WINDOWS\SYSTEM32\WINMM.dll
0x00007ff8dec30000 - 0x00007ff8dec5c000 	C:\WINDOWS\SYSTEM32\WINMMBASE.dll
0x0000000070290000 - 0x000000007029f000 	C:\Program Files\Java\jdk1.8.0_45\jre\bin\verify.dll
0x0000000070260000 - 0x0000000070289000 	C:\Program Files\Java\jdk1.8.0_45\jre\bin\java.dll
0x0000000070240000 - 0x0000000070256000 	C:\Program Files\Java\jdk1.8.0_45\jre\bin\zip.dll
0x00007ff8e1d60000 - 0x00007ff8e32bc000 	C:\WINDOWS\system32\SHELL32.dll
0x00007ff8e0a10000 - 0x00007ff8e1055000 	C:\WINDOWS\system32\windows.storage.dll
0x00007ff8e3f40000 - 0x00007ff8e3f92000 	C:\WINDOWS\system32\shlwapi.dll
0x00007ff8e1190000 - 0x00007ff8e119f000 	C:\WINDOWS\system32\kernel.appcore.dll
0x00007ff8e08f0000 - 0x00007ff8e09a5000 	C:\WINDOWS\system32\shcore.dll
0x00007ff8e08a0000 - 0x00007ff8e08eb000 	C:\WINDOWS\system32\powrprof.dll
0x00007ff8e1170000 - 0x00007ff8e1184000 	C:\WINDOWS\system32\profapi.dll
0x00007ff8ce740000 - 0x00007ff8ce8cc000 	C:\WINDOWS\SYSTEM32\dbghelp.dll

VM Arguments:
jvm_args: -Djava.awt.headless=true -Xmx1024M -Dfile.encoding=x-windows-949 -Duser.country=KR -Duser.language=ko -Duser.variant 
java_command: com.android.dx.command.Main --dex --force-jumbo --num-threads=4 --multi-dex --output E:\AndroidStudioProjects\CheongwonPay\app\build\intermediates\transforms\dex\debug\folders\1000\10\com.android.support-design-24.1.1_6ceb22d17974f36b875b5a94114d5f2c2ed12311 E:\AndroidStudioProjects\CheongwonPay\app\build\intermediates\exploded-aar\com.android.support\design\24.1.1\jars\classes.jar
java_class_path (initial): E:\Android\sdk\build-tools\23.0.3\lib\dx.jar
Launcher Type: SUN_STANDARD

Environment Variables:
PATH=C:\ProgramData\Oracle\Java\javapath;C:\Program Files (x86)\Wizvera\Delfino;C:\Program Files (x86)\NVIDIA Corporation\PhysX\Common;C:\WINDOWS\system32;C:\WINDOWS;C:\WINDOWS\System32\Wbem;C:\WINDOWS\System32\WindowsPowerShell\v1.0\;C:\Program Files\WIDCOMM\Bluetooth Software\;C:\Program Files\WIDCOMM\Bluetooth Software\syswow64;;C:\Program Files (x86)\Intel\OpenCL SDK\2.0\bin\x86;C:\Program Files (x86)\Intel\OpenCL SDK\2.0\bin\x64;C:\Program Files\Java\jdk1.8.0_45\bin;C:\Program Files\Java\jre1.8.0_45\bin;E:\Android\sdk\platform-tools;C:\Program Files (x86)\Skype\Phone\;C:\Users\¡§º∑\AppData\Local\Bandizip\7z
USERNAME=¡§º∑
OS=Windows_NT
PROCESSOR_IDENTIFIER=Intel64 Family 6 Model 42 Stepping 7, GenuineIntel



---------------  S Y S T E M  ---------------

OS: Windows 10.0 , 64 bit Build 10586 (10.0.10586.0)

CPU:total 4 (2 cores per cpu, 2 threads per core) family 6 model 42 stepping 7, cmov, cx8, fxsr, mmx, sse, sse2, sse3, ssse3, sse4.1, sse4.2, popcnt, avx, aes, clmul, ht, tsc, tscinvbit

Memory: 4k page, physical 4104480k(295968k free), swap 6958012k(9508k free)

vm_info: Java HotSpot(TM) 64-Bit Server VM (25.45-b02) for windows-amd64 JRE (1.8.0_45-b15), built on Apr 30 2015 12:40:44 by "java_re" with MS VC++ 10.0 (VS2010)

time: Mon Aug 22 04:28:21 2016
elapsed time: 26 seconds (0d 0h 0m 26s)

