#
# There is insufficient memory for the Java Runtime Environment to continue.
# Native memory allocation (malloc) failed to allocate 32744 bytes for ChunkPool::allocate
# Possible reasons:
#   The system is out of physical RAM or swap space
#   In 32 bit mode, the process size limit was hit
# Possible solutions:
#   Reduce memory load on the system
#   Increase physical memory or swap space
#   Check if swap backing store is full
#   Use 64 bit Java on a 64 bit OS
#   Decrease Java heap size (-Xmx/-Xms)
#   Decrease number of Java threads
#   Decrease Java thread stack sizes (-Xss)
#   Set larger code cache with -XX:ReservedCodeCacheSize=
# This output file may be truncated or incomplete.
#
#  Out of Memory Error (allocation.cpp:273), pid=4940, tid=9360
#
# JRE version: Java(TM) SE Runtime Environment (8.0_45-b15) (build 1.8.0_45-b15)
# Java VM: Java HotSpot(TM) 64-Bit Server VM (25.45-b02 mixed mode windows-amd64 compressed oops)
# Failed to write core dump. Minidumps are not enabled by default on client versions of Windows
#

---------------  T H R E A D  ---------------

Current thread (0x0000000006d88000):  JavaThread "C2 CompilerThread0" daemon [_thread_in_native, id=9360, stack(0x00000000082a0000,0x00000000083a0000)]

Stack: [0x00000000082a0000,0x00000000083a0000]
Native frames: (J=compiled Java code, j=interpreted, Vv=VM code, C=native code)
V  [jvm.dll+0x32b57a]
V  [jvm.dll+0x279873]
V  [jvm.dll+0x27a509]
V  [jvm.dll+0x271825]
V  [jvm.dll+0xcb804]
V  [jvm.dll+0xcba27]
V  [jvm.dll+0xcbeac]
V  [jvm.dll+0xcc204]
V  [jvm.dll+0x4ea280]
V  [jvm.dll+0x505052]
V  [jvm.dll+0x45f973]
V  [jvm.dll+0x46a73b]
V  [jvm.dll+0x46cd52]
V  [jvm.dll+0x4500f2]
V  [jvm.dll+0xa4352]
V  [jvm.dll+0xa4c8f]
V  [jvm.dll+0x241984]
V  [jvm.dll+0x29853a]
C  [msvcr100.dll+0x21d9f]
C  [msvcr100.dll+0x21e3b]
C  [KERNEL32.DLL+0x18102]
C  [ntdll.dll+0x5c5b4]


Current CompileTask:
C2:   6611 1000   !   4       com.android.dx.cf.code.BytecodeArray::parseInstruction (2764 bytes)


---------------  P R O C E S S  ---------------

Java Threads: ( => current thread )
  0x0000000008733000 JavaThread "pool-2-thread-4" [_thread_in_Java, id=944, stack(0x0000000008fa0000,0x00000000090a0000)]
  0x000000000872a800 JavaThread "pool-2-thread-3" [_thread_in_Java, id=10156, stack(0x0000000008ea0000,0x0000000008fa0000)]
  0x000000000872c800 JavaThread "pool-2-thread-2" [_thread_in_Java, id=10924, stack(0x0000000008da0000,0x0000000008ea0000)]
  0x0000000008678000 JavaThread "pool-3-thread-1" [_thread_blocked, id=10256, stack(0x0000000008ca0000,0x0000000008da0000)]
  0x00000000085a7000 JavaThread "pool-2-thread-1" [_thread_in_Java, id=10152, stack(0x0000000008ba0000,0x0000000008ca0000)]
  0x0000000008501000 JavaThread "Service Thread" daemon [_thread_blocked, id=12028, stack(0x00000000089a0000,0x0000000008aa0000)]
  0x00000000084f6800 JavaThread "C1 CompilerThread2" daemon [_thread_blocked, id=3452, stack(0x00000000088a0000,0x00000000089a0000)]
  0x0000000006d8b800 JavaThread "C2 CompilerThread1" daemon [_thread_blocked, id=180, stack(0x00000000083a0000,0x00000000084a0000)]
=>0x0000000006d88000 JavaThread "C2 CompilerThread0" daemon [_thread_in_native, id=9360, stack(0x00000000082a0000,0x00000000083a0000)]
  0x0000000006d3d000 JavaThread "Attach Listener" daemon [_thread_blocked, id=12136, stack(0x00000000081a0000,0x00000000082a0000)]
  0x0000000006d3b800 JavaThread "Signal Dispatcher" daemon [_thread_blocked, id=7280, stack(0x00000000080a0000,0x00000000081a0000)]
  0x0000000003650800 JavaThread "Finalizer" daemon [_thread_blocked, id=11868, stack(0x0000000007fa0000,0x00000000080a0000)]
  0x000000000364d000 JavaThread "Reference Handler" daemon [_thread_blocked, id=960, stack(0x0000000007ea0000,0x0000000007fa0000)]
  0x0000000003561000 JavaThread "main" [_thread_in_vm, id=12240, stack(0x0000000003460000,0x0000000003560000)]

Other Threads:
  0x0000000006cf8000 VMThread [stack: 0x0000000007da0000,0x0000000007ea0000] [id=2328]
  0x0000000008512800 WatcherThread [stack: 0x0000000008aa0000,0x0000000008ba0000] [id=11996]

VM state:not at safepoint (normal execution)

VM Mutex/Monitor currently owned by a thread: None

Heap:
 PSYoungGen      total 18944K, used 9056K [0x00000000eab00000, 0x00000000ed000000, 0x0000000100000000)
  eden space 16384K, 39% used [0x00000000eab00000,0x00000000eb159cf0,0x00000000ebb00000)
  from space 2560K, 99% used [0x00000000ebb00000,0x00000000ebd7e638,0x00000000ebd80000)
  to   space 2560K, 0% used [0x00000000ecd80000,0x00000000ecd80000,0x00000000ed000000)
 ParOldGen       total 44032K, used 1858K [0x00000000c0000000, 0x00000000c2b00000, 0x00000000eab00000)
  object space 44032K, 4% used [0x00000000c0000000,0x00000000c01d0ac8,0x00000000c2b00000)
 Metaspace       used 5812K, capacity 6832K, committed 7040K, reserved 1056768K
  class space    used 588K, capacity 616K, committed 640K, reserved 1048576K

Card table byte_map: [0x0000000003a20000,0x0000000003c30000] byte_map_base: 0x0000000003420000

Marking Bits: (ParMarkBitMap*) 0x000000006f4b4040
 Begin Bits: [0x0000000004190000, 0x0000000005190000)
 End Bits:   [0x0000000005190000, 0x0000000006190000)

Polling page: 0x00000000017b0000

CodeCache: size=245760Kb used=4177Kb max_used=4193Kb free=241583Kb
 bounds [0x000000000f010000, 0x000000000f430000, 0x000000001e010000]
 total_blobs=1297 nmethods=1026 adapters=184
 compilation: enabled

Compilation events (10 events):
Event: 6.259 Thread 0x0000000006d8b800 1018       4       com.android.dx.ssa.NormalSsaInsn::mapSourceRegisters (48 bytes)
Event: 6.262 Thread 0x0000000006d88000 nmethod 1017 0x000000000f4272d0 code [0x000000000f427480, 0x000000000f427e18]
Event: 6.262 Thread 0x0000000006d88000 1022       4       java.util.ArrayList::<init> (67 bytes)
Event: 6.268 Thread 0x0000000006d88000 nmethod 1022 0x000000000f4257d0 code [0x000000000f425920, 0x000000000f425bd8]
Event: 6.268 Thread 0x0000000006d88000 1023       4       java.util.ArrayList::toArray (12 bytes)
Event: 6.270 Thread 0x0000000006d88000 nmethod 1023 0x000000000f425390 code [0x000000000f4254e0, 0x000000000f4256b8]
Event: 6.270 Thread 0x0000000006d88000 1016       4       com.android.dx.util.BitIntSet$1::hasNext (13 bytes)
Event: 6.271 Thread 0x0000000006d88000 nmethod 1016 0x000000000f334810 code [0x000000000f334940, 0x000000000f3349b8]
Event: 6.271 Thread 0x0000000006d88000 1000   !   4       com.android.dx.cf.code.BytecodeArray::parseInstruction (2764 bytes)
Event: 6.366 Thread 0x0000000006d8b800 nmethod 1018 0x000000000f428c50 code [0x000000000f428e40, 0x000000000f42a1a8]

GC Heap History (2 events):
Event: 5.066 GC heap before
{Heap before GC invocations=1 (full 0):
 PSYoungGen      total 18944K, used 16384K [0x00000000eab00000, 0x00000000ec000000, 0x0000000100000000)
  eden space 16384K, 100% used [0x00000000eab00000,0x00000000ebb00000,0x00000000ebb00000)
  from space 2560K, 0% used [0x00000000ebd80000,0x00000000ebd80000,0x00000000ec000000)
  to   space 2560K, 0% used [0x00000000ebb00000,0x00000000ebb00000,0x00000000ebd80000)
 ParOldGen       total 44032K, used 0K [0x00000000c0000000, 0x00000000c2b00000, 0x00000000eab00000)
  object space 44032K, 0% used [0x00000000c0000000,0x00000000c0000000,0x00000000c2b00000)
 Metaspace       used 5744K, capacity 6768K, committed 7040K, reserved 1056768K
  class space    used 588K, capacity 616K, committed 640K, reserved 1048576K
Event: 5.784 GC heap after
Heap after GC invocations=1 (full 0):
 PSYoungGen      total 18944K, used 2553K [0x00000000eab00000, 0x00000000ed000000, 0x0000000100000000)
  eden space 16384K, 0% used [0x00000000eab00000,0x00000000eab00000,0x00000000ebb00000)
  from space 2560K, 99% used [0x00000000ebb00000,0x00000000ebd7e638,0x00000000ebd80000)
  to   space 2560K, 0% used [0x00000000ecd80000,0x00000000ecd80000,0x00000000ed000000)
 ParOldGen       total 44032K, used 1858K [0x00000000c0000000, 0x00000000c2b00000, 0x00000000eab00000)
  object space 44032K, 4% used [0x00000000c0000000,0x00000000c01d0ac8,0x00000000c2b00000)
 Metaspace       used 5744K, capacity 6768K, committed 7040K, reserved 1056768K
  class space    used 588K, capacity 616K, committed 640K, reserved 1048576K
}

Deoptimization events (3 events):
Event: 3.160 Thread 0x000000000872a800 Uncommon trap: reason=unstable_if action=reinterpret pc=0x000000000f234da0 method=java.util.HashMap.getNode(ILjava/lang/Object;)Ljava/util/HashMap$Node; @ 129
Event: 4.457 Thread 0x000000000872a800 Uncommon trap: reason=null_check action=make_not_entrant pc=0x000000000f329204 method=com.android.dx.ssa.SsaRenamer.getLocalForNewReg(I)Lcom/android/dx/rop/code/LocalItem; @ 19
Event: 4.457 Thread 0x000000000872a800 Uncommon trap: reason=null_check action=make_not_entrant pc=0x000000000f32230c method=com.android.dx.ssa.SsaRenamer.getLocalForNewReg(I)Lcom/android/dx/rop/code/LocalItem; @ 19

Internal exceptions (4 events):
Event: 0.562 Thread 0x0000000003561000 Exception <a 'java/lang/NoSuchMethodError': Method sun.misc.Unsafe.defineClass(Ljava/lang/String;[BII)Ljava/lang/Class; name or signature does not match> (0x00000000eab12f00) thrown at [C:\re\workspace\8-2-build-windows-amd64-cygwin\jdk8u45\3627\hotspot\srˆ.ƒ”¤üá?
Event: 0.562 Thread 0x0000000003561000 Exception <a 'java/lang/NoSuchMethodError': Method sun.misc.Unsafe.prefetchRead(Ljava/lang/Object;J)V name or signature does not match> (0x00000000eab13190) thrown at [C:\re\workspace\8-2-build-windows-amd64-cygwin\jdk8u45\3627\hotspot\src\share\vm\prims\jÊó¥z™Ó@
Event: 4.457 Thread 0x000000000872a800 Implicit null exception at 0x000000000f327a89 to 0x000000000f3291d1
Event: 4.457 Thread 0x000000000872a800 Implicit null exception at 0x000000000f31fe8a to 0x000000000f3222ed

Events (10 events):
Event: 4.428 loading class java/util/ArrayList$1
Event: 4.428 loading class java/util/ArrayList$1 done
Event: 4.457 Thread 0x000000000872a800 Uncommon trap: trap_request=0xfffffff4 fr.pc=0x000000000f329204
Event: 4.457 Thread 0x000000000872a800 DEOPT PACKING pc=0x000000000f329204 sp=0x0000000008f9ea40
Event: 4.457 Thread 0x000000000872a800 DEOPT UNPACKING pc=0x000000000f05582a sp=0x0000000008f9e848 mode 2
Event: 4.457 Thread 0x000000000872a800 Uncommon trap: trap_request=0xfffffff4 fr.pc=0x000000000f32230c
Event: 4.457 Thread 0x000000000872a800 DEOPT PACKING pc=0x000000000f32230c sp=0x0000000008f9e960
Event: 4.457 Thread 0x000000000872a800 DEOPT UNPACKING pc=0x000000000f05582a sp=0x0000000008f9e838 mode 2
Event: 4.710 Executing VM operation: ParallelGCFailedAllocation
Event: 5.784 Executing VM operation: ParallelGCFailedAllocation done


Dynamic libraries:
0x00007ff6c7f10000 - 0x00007ff6c7f47000 	C:\Program Files\Java\jdk1.8.0_45\bin\java.exe
0x00007ff994cc0000 - 0x00007ff994e81000 	C:\WINDOWS\SYSTEM32\ntdll.dll
0x00007ff993610000 - 0x00007ff9936bd000 	C:\WINDOWS\system32\KERNEL32.DLL
0x00007ff991e40000 - 0x00007ff992028000 	C:\WINDOWS\system32\KERNELBASE.dll
0x00007ff992350000 - 0x00007ff9923f7000 	C:\WINDOWS\system32\ADVAPI32.dll
0x00007ff9936c0000 - 0x00007ff99375d000 	C:\WINDOWS\system32\msvcrt.dll
0x00007ff9933a0000 - 0x00007ff9933fb000 	C:\WINDOWS\system32\sechost.dll
0x00007ff992400000 - 0x00007ff99251c000 	C:\WINDOWS\system32\RPCRT4.dll
0x00007ff9927d0000 - 0x00007ff992926000 	C:\WINDOWS\system32\USER32.dll
0x00007ff9920c0000 - 0x00007ff992246000 	C:\WINDOWS\system32\GDI32.dll
0x00007ff98cee0000 - 0x00007ff98d154000 	C:\WINDOWS\WinSxS\amd64_microsoft.windows.common-controls_6595b64144ccf1df_6.0.10586.494_none_a2d8b04ea53e3145\COMCTL32.dll
0x00007ff992b00000 - 0x00007ff992d7d000 	C:\WINDOWS\system32\combase.dll
0x00007ff991700000 - 0x00007ff99176a000 	C:\WINDOWS\system32\bcryptPrimitives.dll
0x00007ff992d80000 - 0x00007ff992dbb000 	C:\WINDOWS\system32\IMM32.DLL
0x00007ff9911d0000 - 0x00007ff991201000 	C:\Windows\system32\nvinitx.dll
0x00007ff9911c0000 - 0x00007ff9911ca000 	C:\WINDOWS\SYSTEM32\VERSION.dll
0x000000000f000000 - 0x000000000f006000 	C:\Program Files\NVIDIA Corporation\CoProcManager\_etoured.dll
0x00007ff98da00000 - 0x00007ff98da32000 	C:\Program Files\NVIDIA Corporation\CoProcManager\nvd3d9wrapx.dll
0x00007ff992dc0000 - 0x00007ff9931e9000 	C:\WINDOWS\system32\SETUPAPI.dll
0x00007ff9916b0000 - 0x00007ff9916f3000 	C:\WINDOWS\system32\CFGMGR32.dll
0x00007ff98d630000 - 0x00007ff98d652000 	C:\Program Files\NVIDIA Corporation\CoProcManager\nvdxgiwrapx.dll
0x000000006e7e0000 - 0x000000006e8b2000 	C:\Program Files\Java\jdk1.8.0_45\jre\bin\msvcr100.dll
0x000000006ecb0000 - 0x000000006f533000 	C:\Program Files\Java\jdk1.8.0_45\jre\bin\server\jvm.dll
0x00007ff992af0000 - 0x00007ff992af8000 	C:\WINDOWS\system32\PSAPI.DLL
0x00007ff9839d0000 - 0x00007ff9839d9000 	C:\WINDOWS\SYSTEM32\WSOCK32.dll
0x00007ff992690000 - 0x00007ff9926fb000 	C:\WINDOWS\system32\WS2_32.dll
0x00007ff98f990000 - 0x00007ff98f9b3000 	C:\WINDOWS\SYSTEM32\WINMM.dll
0x00007ff98f960000 - 0x00007ff98f98c000 	C:\WINDOWS\SYSTEM32\WINMMBASE.dll
0x000000006eca0000 - 0x000000006ecaf000 	C:\Program Files\Java\jdk1.8.0_45\jre\bin\verify.dll
0x000000006ec70000 - 0x000000006ec99000 	C:\Program Files\Java\jdk1.8.0_45\jre\bin\java.dll
0x000000006ec50000 - 0x000000006ec66000 	C:\Program Files\Java\jdk1.8.0_45\jre\bin\zip.dll
0x00007ff993760000 - 0x00007ff994cbc000 	C:\WINDOWS\system32\SHELL32.dll
0x00007ff9917d0000 - 0x00007ff991e15000 	C:\WINDOWS\system32\windows.storage.dll
0x00007ff992270000 - 0x00007ff9922c2000 	C:\WINDOWS\system32\shlwapi.dll
0x00007ff9912e0000 - 0x00007ff9912ef000 	C:\WINDOWS\system32\kernel.appcore.dll
0x00007ff991420000 - 0x00007ff9914d5000 	C:\WINDOWS\system32\shcore.dll
0x00007ff991300000 - 0x00007ff99134b000 	C:\WINDOWS\system32\powrprof.dll
0x00007ff991350000 - 0x00007ff991364000 	C:\WINDOWS\system32\profapi.dll
0x00007ff97f930000 - 0x00007ff97fabc000 	C:\WINDOWS\SYSTEM32\dbghelp.dll

VM Arguments:
jvm_args: -Djava.awt.headless=true -Xmx1024M -Dfile.encoding=x-windows-949 -Duser.country=KR -Duser.language=ko -Duser.variant 
java_command: com.android.dx.command.Main --dex --force-jumbo --num-threads=4 --multi-dex --output E:\AndroidStudioProjects\CheongwonPay\app\build\intermediates\transforms\dex\debug\folders\1000\5\slice_3 E:\AndroidStudioProjects\CheongwonPay\app\build\intermediates\transforms\instantRunSlicer\debug\folders\1\5\slice_3
java_class_path (initial): E:\Android\sdk\build-tools\23.0.3\lib\dx.jar
Launcher Type: SUN_STANDARD

Environment Variables:
PATH=C:\ProgramData\Oracle\Java\javapath;C:\Program Files (x86)\Wizvera\Delfino;C:\Program Files (x86)\NVIDIA Corporation\PhysX\Common;C:\WINDOWS\system32;C:\WINDOWS;C:\WINDOWS\System32\Wbem;C:\WINDOWS\System32\WindowsPowerShell\v1.0\;C:\Program Files\WIDCOMM\Bluetooth Software\;C:\Program Files\WIDCOMM\Bluetooth Software\syswow64;;C:\Program Files (x86)\Intel\OpenCL SDK\2.0\bin\x86;C:\Program Files (x86)\Intel\OpenCL SDK\2.0\bin\x64;C:\Program Files\Java\jdk1.8.0_45\bin;C:\Program Files\Java\jre1.8.0_45\bin;E:\Android\sdk\platform-tools;C:\Program Files (x86)\Skype\Phone\;C:\Users\Á¤¼·\AppData\Local\Bandizip\7z
USERNAME=Á¤¼·
OS=Windows_NT
PROCESSOR_IDENTIFIER=Intel64 Family 6 Model 42 Stepping 7, GenuineIntel



---------------  S Y S T E M  ---------------

OS: Windows 10.0 , 64 bit Build 10586 (10.0.10586.0)

CPU:total 4 (2 cores per cpu, 2 threads per core) family 6 model 42 stepping 7, cmov, cx8, fxsr, mmx, sse, sse2, sse3, ssse3, sse4.1, sse4.2, popcnt, avx, aes, clmul, ht, tsc, tscinvbit

Memory: 4k page, physical 4104480k(408288k free), swap 5868564k(2124k free)

vm_info: Java HotSpot(TM) 64-Bit Server VM (25.45-b02) for windows-amd64 JRE (1.8.0_45-b15), built on Apr 30 2015 12:40:44 by "java_re" with MS VC++ 10.0 (VS2010)

time: Sat Sep 17 23:12:46 2016
elapsed time: 6 seconds (0d 0h 0m 6s)

