#
# There is insufficient memory for the Java Runtime Environment to continue.
# Native memory allocation (malloc) failed to allocate 32744 bytes for ChunkPool::allocate
# Possible reasons:
#   The system is out of physical RAM or swap space
#   In 32 bit mode, the process size limit was hit
# Possible solutions:
#   Reduce memory load on the system
#   Increase physical memory or swap space
#   Check if swap backing store is full
#   Use 64 bit Java on a 64 bit OS
#   Decrease Java heap size (-Xmx/-Xms)
#   Decrease number of Java threads
#   Decrease Java thread stack sizes (-Xss)
#   Set larger code cache with -XX:ReservedCodeCacheSize=
# This output file may be truncated or incomplete.
#
#  Out of Memory Error (allocation.cpp:273), pid=3080, tid=8344
#
# JRE version: Java(TM) SE Runtime Environment (8.0_45-b15) (build 1.8.0_45-b15)
# Java VM: Java HotSpot(TM) 64-Bit Server VM (25.45-b02 mixed mode windows-amd64 compressed oops)
# Failed to write core dump. Minidumps are not enabled by default on client versions of Windows
#

---------------  T H R E A D  ---------------

Current thread (0x0000000007e92000):  JavaThread "C2 CompilerThread1" daemon [_thread_in_native, id=8344, stack(0x0000000008270000,0x0000000008370000)]

Stack: [0x0000000008270000,0x0000000008370000]
Native frames: (J=compiled Java code, j=interpreted, Vv=VM code, C=native code)
V  [jvm.dll+0x32b57a]
V  [jvm.dll+0x279873]
V  [jvm.dll+0x27a509]
V  [jvm.dll+0x271825]
V  [jvm.dll+0xcb804]
V  [jvm.dll+0xcba27]
V  [jvm.dll+0xcbeac]
V  [jvm.dll+0x476f43]
V  [jvm.dll+0x4b955f]
V  [jvm.dll+0x46b92f]
V  [jvm.dll+0x46ccbe]
V  [jvm.dll+0x4500f2]
V  [jvm.dll+0xa4352]
V  [jvm.dll+0xa4c8f]
V  [jvm.dll+0x241984]
V  [jvm.dll+0x29853a]
C  [msvcr100.dll+0x21d9f]
C  [msvcr100.dll+0x21e3b]
C  [KERNEL32.DLL+0x18102]
C  [ntdll.dll+0x5c5b4]


Current CompileTask:
C2:   6198  775       4       java.util.HashSet::contains (9 bytes)


---------------  P R O C E S S  ---------------

Java Threads: ( => current thread )
  0x000000000808f800 JavaThread "pool-1-thread-4" [_thread_blocked, id=5672, stack(0x0000000008a70000,0x0000000008b70000)]
  0x0000000008067000 JavaThread "pool-1-thread-3" [_thread_in_Java, id=8160, stack(0x0000000008970000,0x0000000008a70000)]
  0x0000000008046000 JavaThread "pool-1-thread-2" [_thread_blocked, id=984, stack(0x0000000008870000,0x0000000008970000)]
  0x0000000008008000 JavaThread "pool-2-thread-1" [_thread_blocked, id=900, stack(0x0000000008770000,0x0000000008870000)]
  0x0000000008001800 JavaThread "pool-1-thread-1" [_thread_blocked, id=2896, stack(0x0000000008670000,0x0000000008770000)]
  0x0000000007ed3000 JavaThread "Service Thread" daemon [_thread_blocked, id=11248, stack(0x0000000008470000,0x0000000008570000)]
  0x0000000007ec7000 JavaThread "C1 CompilerThread2" daemon [_thread_in_vm_trans, id=1456, stack(0x0000000008370000,0x0000000008470000)]
=>0x0000000007e92000 JavaThread "C2 CompilerThread1" daemon [_thread_in_native, id=8344, stack(0x0000000008270000,0x0000000008370000)]
  0x0000000006820000 JavaThread "C2 CompilerThread0" daemon [_thread_in_native, id=8456, stack(0x0000000007d70000,0x0000000007e70000)]
  0x000000000681e800 JavaThread "Attach Listener" daemon [_thread_blocked, id=8236, stack(0x0000000007c70000,0x0000000007d70000)]
  0x000000000681d800 JavaThread "Signal Dispatcher" daemon [_thread_blocked, id=8664, stack(0x0000000007b70000,0x0000000007c70000)]
  0x0000000003110800 JavaThread "Finalizer" daemon [_thread_blocked, id=12576, stack(0x0000000007a60000,0x0000000007b60000)]
  0x000000000310d000 JavaThread "Reference Handler" daemon [_thread_blocked, id=7044, stack(0x0000000007960000,0x0000000007a60000)]
  0x0000000003020800 JavaThread "main" [_thread_in_Java, id=4328, stack(0x0000000002bb0000,0x0000000002cb0000)]

Other Threads:
  0x00000000067d8000 VMThread [stack: 0x0000000007860000,0x0000000007960000] [id=6532]
  0x0000000007ed4800 WatcherThread [stack: 0x0000000008570000,0x0000000008670000] [id=3024]

VM state:not at safepoint (normal execution)

VM Mutex/Monitor currently owned by a thread:  ([mutex/lock_event])
[0x0000000002bab970] CodeCache_lock - owner thread: 0x0000000000000000

Heap:
 PSYoungGen      total 18944K, used 15509K [0x00000000eab00000, 0x00000000ec000000, 0x0000000100000000)
  eden space 16384K, 94% used [0x00000000eab00000,0x00000000eba257b8,0x00000000ebb00000)
  from space 2560K, 0% used [0x00000000ebd80000,0x00000000ebd80000,0x00000000ec000000)
  to   space 2560K, 0% used [0x00000000ebb00000,0x00000000ebb00000,0x00000000ebd80000)
 ParOldGen       total 44032K, used 0K [0x00000000c0000000, 0x00000000c2b00000, 0x00000000eab00000)
  object space 44032K, 0% used [0x00000000c0000000,0x00000000c0000000,0x00000000c2b00000)
 Metaspace       used 5613K, capacity 6640K, committed 6784K, reserved 1056768K
  class space    used 581K, capacity 616K, committed 640K, reserved 1048576K

Card table byte_map: [0x00000000034e0000,0x00000000036f0000] byte_map_base: 0x0000000002ee0000

Marking Bits: (ParMarkBitMap*) 0x0000000071e94040
 Begin Bits: [0x0000000003c50000, 0x0000000004c50000)
 End Bits:   [0x0000000004c50000, 0x0000000005c50000)

Polling page: 0x0000000002b90000

CodeCache: size=245760Kb used=3192Kb max_used=3192Kb free=242567Kb
 bounds [0x000000000f010000, 0x000000000f340000, 0x000000001e010000]
 total_blobs=1082 nmethods=812 adapters=183
 compilation: enabled

Compilation events (10 events):
Event: 6.148 Thread 0x0000000006820000 nmethod 760 0x000000000f2f33d0 code [0x000000000f2f3520, 0x000000000f2f3628]
Event: 6.149 Thread 0x0000000007e92000  763       4       com.android.dx.rop.type.Type::hashCode (8 bytes)
Event: 6.151 Thread 0x0000000006820000  765       4       com.android.dx.rop.code.BasicBlockList::get (9 bytes)
Event: 6.152 Thread 0x0000000006820000 nmethod 765 0x000000000f2f3050 code [0x000000000f2f31a0, 0x000000000f2f3278]
Event: 6.153 Thread 0x0000000007e92000 nmethod 763 0x000000000f2f4f50 code [0x000000000f2f5080, 0x000000000f2f51f8]
Event: 6.157 Thread 0x0000000006820000  770       4       java.util.BitSet::get (69 bytes)
Event: 6.157 Thread 0x0000000007e92000  771       4       com.android.dx.ssa.NormalSsaInsn::getOpcode (8 bytes)
Event: 6.158 Thread 0x0000000007e92000 nmethod 771 0x000000000f2df6d0 code [0x000000000f2df800, 0x000000000f2df878]
Event: 6.159 Thread 0x0000000006820000 nmethod 770 0x000000000f2f4c90 code [0x000000000f2f4dc0, 0x000000000f2f4e98]
Event: 6.160 Thread 0x0000000007e92000  775       4       java.util.HashSet::contains (9 bytes)

GC Heap History (0 events):
No events

Deoptimization events (10 events):
Event: 2.850 Thread 0x000000000808f800 Uncommon trap: reason=speculate_class_check action=maybe_recompile pc=0x000000000f1ddccc method=com.android.dx.rop.cst.Constant.compareTo(Lcom/android/dx/rop/cst/Constant;)I @ 29
Event: 2.850 Thread 0x000000000808f800 Uncommon trap: reason=speculate_class_check action=maybe_recompile pc=0x000000000f1ddccc method=com.android.dx.rop.cst.Constant.compareTo(Lcom/android/dx/rop/cst/Constant;)I @ 29
Event: 2.851 Thread 0x000000000808f800 Uncommon trap: reason=speculate_class_check action=maybe_recompile pc=0x000000000f1ddccc method=com.android.dx.rop.cst.Constant.compareTo(Lcom/android/dx/rop/cst/Constant;)I @ 29
Event: 2.851 Thread 0x000000000808f800 Uncommon trap: reason=speculate_class_check action=maybe_recompile pc=0x000000000f1ddccc method=com.android.dx.rop.cst.Constant.compareTo(Lcom/android/dx/rop/cst/Constant;)I @ 29
Event: 3.560 Thread 0x0000000003020800 Uncommon trap: reason=class_check action=maybe_recompile pc=0x000000000f1e2250 method=com.android.dx.rop.cst.CstMemberRef.compareTo0(Lcom/android/dx/rop/cst/Constant;)I @ 1
Event: 3.561 Thread 0x0000000008001800 Uncommon trap: reason=class_check action=maybe_recompile pc=0x000000000f1e2250 method=com.android.dx.rop.cst.CstMemberRef.compareTo0(Lcom/android/dx/rop/cst/Constant;)I @ 1
Event: 3.561 Thread 0x0000000008001800 Uncommon trap: reason=class_check action=maybe_recompile pc=0x000000000f1e2250 method=com.android.dx.rop.cst.CstMemberRef.compareTo0(Lcom/android/dx/rop/cst/Constant;)I @ 1
Event: 3.561 Thread 0x0000000008001800 Uncommon trap: reason=class_check action=maybe_recompile pc=0x000000000f1e2250 method=com.android.dx.rop.cst.CstMemberRef.compareTo0(Lcom/android/dx/rop/cst/Constant;)I @ 1
Event: 4.756 Thread 0x0000000003020800 Uncommon trap: reason=unstable_if action=reinterpret pc=0x000000000f201f8c method=com.android.dx.rop.cst.CstFieldRef.compareTo0(Lcom/android/dx/rop/cst/Constant;)I @ 7
Event: 4.756 Thread 0x0000000003020800 Uncommon trap: reason=unstable_if action=reinterpret pc=0x000000000f1e0394 method=com.android.dx.rop.cst.CstFieldRef.compareTo0(Lcom/android/dx/rop/cst/Constant;)I @ 7

Internal exceptions (2 events):
Event: 0.139 Thread 0x0000000003020800 Exception <a 'java/lang/NoSuchMethodError': Method sun.misc.Unsafe.defineClass(Ljava/lang/String;[BII)Ljava/lang/Class; name or signature does not match> (0x00000000eab12e90) thrown at [C:\re\workspace\8-2-build-windows-amd64-cygwin\jdk8u45\3627\hotspot\sràëBPèÕ¡?
Event: 0.139 Thread 0x0000000003020800 Exception <a 'java/lang/NoSuchMethodError': Method sun.misc.Unsafe.prefetchRead(Ljava/lang/Object;J)V name or signature does not match> (0x00000000eab13120) thrown at [C:\re\workspace\8-2-build-windows-amd64-cygwin\jdk8u45\3627\hotspot\src\share\vm\prims\j

Events (10 events):
Event: 3.561 Thread 0x0000000008001800 DEOPT PACKING pc=0x000000000f1e2250 sp=0x000000000876e970
Event: 3.561 Thread 0x0000000008001800 DEOPT UNPACKING pc=0x000000000f05582a sp=0x000000000876e8f8 mode 2
Event: 4.621 Executing VM operation: EnableBiasedLocking
Event: 4.711 Executing VM operation: EnableBiasedLocking done
Event: 4.756 Thread 0x0000000003020800 Uncommon trap: trap_request=0xffffff65 fr.pc=0x000000000f201f8c
Event: 4.756 Thread 0x0000000003020800 DEOPT PACKING pc=0x000000000f201f8c sp=0x0000000002cae130
Event: 4.756 Thread 0x0000000003020800 DEOPT UNPACKING pc=0x000000000f05582a sp=0x0000000002cadfe8 mode 2
Event: 4.756 Thread 0x0000000003020800 Uncommon trap: trap_request=0xffffff65 fr.pc=0x000000000f1e0394
Event: 4.756 Thread 0x0000000003020800 DEOPT PACKING pc=0x000000000f1e0394 sp=0x0000000002cae070
Event: 4.756 Thread 0x0000000003020800 DEOPT UNPACKING pc=0x000000000f05582a sp=0x0000000002cadff8 mode 2


Dynamic libraries:
0x00007ff7003c0000 - 0x00007ff7003f7000 	C:\Program Files\Java\jdk1.8.0_45\bin\java.exe
0x00007ff9fb1b0000 - 0x00007ff9fb371000 	C:\WINDOWS\SYSTEM32\ntdll.dll
0x00007ff9facc0000 - 0x00007ff9fad6d000 	C:\WINDOWS\system32\KERNEL32.DLL
0x00007ff9f8020000 - 0x00007ff9f8208000 	C:\WINDOWS\system32\KERNELBASE.dll
0x00007ff9f9120000 - 0x00007ff9f91c7000 	C:\WINDOWS\system32\ADVAPI32.dll
0x00007ff9fa9f0000 - 0x00007ff9faa8d000 	C:\WINDOWS\system32\msvcrt.dll
0x00007ff9f8a20000 - 0x00007ff9f8a7b000 	C:\WINDOWS\system32\sechost.dll
0x00007ff9faba0000 - 0x00007ff9facbc000 	C:\WINDOWS\system32\RPCRT4.dll
0x00007ff9f8c10000 - 0x00007ff9f8d66000 	C:\WINDOWS\system32\USER32.dll
0x00007ff9f8a80000 - 0x00007ff9f8c06000 	C:\WINDOWS\system32\GDI32.dll
0x00007ff9f37a0000 - 0x00007ff9f3a14000 	C:\WINDOWS\WinSxS\amd64_microsoft.windows.common-controls_6595b64144ccf1df_6.0.10586.494_none_a2d8b04ea53e3145\COMCTL32.dll
0x00007ff9f8620000 - 0x00007ff9f889d000 	C:\WINDOWS\system32\combase.dll
0x00007ff9f78f0000 - 0x00007ff9f795a000 	C:\WINDOWS\system32\bcryptPrimitives.dll
0x00007ff9f8eb0000 - 0x00007ff9f8eeb000 	C:\WINDOWS\system32\IMM32.DLL
0x00007ff9f76c0000 - 0x00007ff9f76f1000 	C:\Windows\system32\nvinitx.dll
0x00007ff9f76b0000 - 0x00007ff9f76ba000 	C:\WINDOWS\SYSTEM32\VERSION.dll
0x000000000f000000 - 0x000000000f006000 	C:\Program Files\NVIDIA Corporation\CoProcManager\_etoured.dll
0x00007ff9f4420000 - 0x00007ff9f4452000 	C:\Program Files\NVIDIA Corporation\CoProcManager\nvd3d9wrapx.dll
0x00007ff9fad70000 - 0x00007ff9fb199000 	C:\WINDOWS\system32\SETUPAPI.dll
0x00007ff9f7fb0000 - 0x00007ff9f7ff3000 	C:\WINDOWS\system32\CFGMGR32.dll
0x00007ff9f3d80000 - 0x00007ff9f3da2000 	C:\Program Files\NVIDIA Corporation\CoProcManager\nvdxgiwrapx.dll
0x0000000071240000 - 0x0000000071312000 	C:\Program Files\Java\jdk1.8.0_45\jre\bin\msvcr100.dll
0x0000000071690000 - 0x0000000071f13000 	C:\Program Files\Java\jdk1.8.0_45\jre\bin\server\jvm.dll
0x00007ff9f85b0000 - 0x00007ff9f85b8000 	C:\WINDOWS\system32\PSAPI.DLL
0x00007ff9ea450000 - 0x00007ff9ea459000 	C:\WINDOWS\SYSTEM32\WSOCK32.dll
0x00007ff9f8d70000 - 0x00007ff9f8ddb000 	C:\WINDOWS\system32\WS2_32.dll
0x00007ff9f5e80000 - 0x00007ff9f5ea3000 	C:\WINDOWS\SYSTEM32\WINMM.dll
0x00007ff9f5e50000 - 0x00007ff9f5e7c000 	C:\WINDOWS\SYSTEM32\WINMMBASE.dll
0x0000000071680000 - 0x000000007168f000 	C:\Program Files\Java\jdk1.8.0_45\jre\bin\verify.dll
0x0000000071650000 - 0x0000000071679000 	C:\Program Files\Java\jdk1.8.0_45\jre\bin\java.dll
0x0000000071630000 - 0x0000000071646000 	C:\Program Files\Java\jdk1.8.0_45\jre\bin\zip.dll
0x00007ff9f92e0000 - 0x00007ff9fa83c000 	C:\WINDOWS\system32\SHELL32.dll
0x00007ff9f7960000 - 0x00007ff9f7fa5000 	C:\WINDOWS\system32\windows.storage.dll
0x00007ff9f90c0000 - 0x00007ff9f9112000 	C:\WINDOWS\system32\shlwapi.dll
0x00007ff9f77f0000 - 0x00007ff9f77ff000 	C:\WINDOWS\system32\kernel.appcore.dll
0x00007ff9f83e0000 - 0x00007ff9f8495000 	C:\WINDOWS\system32\shcore.dll
0x00007ff9f7810000 - 0x00007ff9f785b000 	C:\WINDOWS\system32\powrprof.dll
0x00007ff9f77d0000 - 0x00007ff9f77e4000 	C:\WINDOWS\system32\profapi.dll
0x00007ff9e60b0000 - 0x00007ff9e623c000 	C:\WINDOWS\SYSTEM32\dbghelp.dll

VM Arguments:
jvm_args: -Djava.awt.headless=true -Xmx1024M -Dfile.encoding=x-windows-949 -Duser.country=KR -Duser.language=ko -Duser.variant 
java_command: com.android.dx.command.Main --dex --num-threads=4 --output E:\AndroidStudioProjects\CheongwonPay\app\build\intermediates\pre-dexed\debug\debug_96c2712b25744ad3003ba9e4a54ac1dbfc345c61.jar E:\AndroidStudioProjects\CheongwonPay\app\build\intermediates\classes\debug
java_class_path (initial): E:\Android\sdk\build-tools\23.0.3\lib\dx.jar
Launcher Type: SUN_STANDARD

Environment Variables:
PATH=C:\ProgramData\Oracle\Java\javapath;C:\Program Files (x86)\Wizvera\Delfino;C:\Program Files (x86)\NVIDIA Corporation\PhysX\Common;C:\WINDOWS\system32;C:\WINDOWS;C:\WINDOWS\System32\Wbem;C:\WINDOWS\System32\WindowsPowerShell\v1.0\;C:\Program Files\WIDCOMM\Bluetooth Software\;C:\Program Files\WIDCOMM\Bluetooth Software\syswow64;;C:\Program Files (x86)\Intel\OpenCL SDK\2.0\bin\x86;C:\Program Files (x86)\Intel\OpenCL SDK\2.0\bin\x64;C:\Program Files\Java\jdk1.8.0_45\bin;C:\Program Files\Java\jre1.8.0_45\bin;E:\Android\sdk\platform-tools;C:\Program Files (x86)\Skype\Phone\;C:\Users\¡§º∑\AppData\Local\Bandizip\7z
USERNAME=¡§º∑
OS=Windows_NT
PROCESSOR_IDENTIFIER=Intel64 Family 6 Model 42 Stepping 7, GenuineIntel



---------------  S Y S T E M  ---------------

OS: Windows 10.0 , 64 bit Build 10586 (10.0.10586.0)

CPU:total 4 (2 cores per cpu, 2 threads per core) family 6 model 42 stepping 7, cmov, cx8, fxsr, mmx, sse, sse2, sse3, ssse3, sse4.1, sse4.2, popcnt, avx, aes, clmul, ht, tsc, tscinvbit

Memory: 4k page, physical 4104480k(450672k free), swap 6427392k(856k free)

vm_info: Java HotSpot(TM) 64-Bit Server VM (25.45-b02) for windows-amd64 JRE (1.8.0_45-b15), built on Apr 30 2015 12:40:44 by "java_re" with MS VC++ 10.0 (VS2010)

time: Sun Sep 18 00:03:06 2016
elapsed time: 6 seconds (0d 0h 0m 6s)

