#
# There is insufficient memory for the Java Runtime Environment to continue.
# Native memory allocation (malloc) failed to allocate 367376 bytes for Chunk::new
# Possible reasons:
#   The system is out of physical RAM or swap space
#   In 32 bit mode, the process size limit was hit
# Possible solutions:
#   Reduce memory load on the system
#   Increase physical memory or swap space
#   Check if swap backing store is full
#   Use 64 bit Java on a 64 bit OS
#   Decrease Java heap size (-Xmx/-Xms)
#   Decrease number of Java threads
#   Decrease Java thread stack sizes (-Xss)
#   Set larger code cache with -XX:ReservedCodeCacheSize=
# This output file may be truncated or incomplete.
#
#  Out of Memory Error (allocation.cpp:390), pid=6300, tid=9236
#
# JRE version: Java(TM) SE Runtime Environment (8.0_45-b15) (build 1.8.0_45-b15)
# Java VM: Java HotSpot(TM) 64-Bit Server VM (25.45-b02 mixed mode windows-amd64 compressed oops)
# Failed to write core dump. Minidumps are not enabled by default on client versions of Windows
#

---------------  T H R E A D  ---------------

Current thread (0x000000000365a800):  JavaThread "C2 CompilerThread0" daemon [_thread_in_native, id=9236, stack(0x0000000017690000,0x0000000017790000)]

Stack: [0x0000000017690000,0x0000000017790000]
Native frames: (J=compiled Java code, j=interpreted, Vv=VM code, C=native code)
V  [jvm.dll+0x32b57a]
V  [jvm.dll+0x279873]
V  [jvm.dll+0x27a509]
V  [jvm.dll+0x271825]
V  [jvm.dll+0xcb9e2]
V  [jvm.dll+0xcbeac]
V  [jvm.dll+0x476ef2]
V  [jvm.dll+0x4b955f]
V  [jvm.dll+0x46bf81]
V  [jvm.dll+0x46ccbe]
V  [jvm.dll+0x4500f2]
V  [jvm.dll+0xa4352]
V  [jvm.dll+0xa4c8f]
V  [jvm.dll+0x241984]
V  [jvm.dll+0x29853a]
C  [msvcr100.dll+0x21d9f]
C  [msvcr100.dll+0x21e3b]
C  [KERNEL32.DLL+0x8364]
C  [ntdll.dll+0x670d1]


Current CompileTask:
C2:   9407 1765       4       com.android.dx.dex.code.RopTranslator$TranslationVisitor::visitPlainInsn (161 bytes)


---------------  P R O C E S S  ---------------

Java Threads: ( => current thread )
  0x000000001731d800 JavaThread "pool-1-thread-4" [_thread_in_Java, id=14712, stack(0x0000000017f90000,0x0000000018090000)]
  0x000000001731c000 JavaThread "pool-1-thread-3" [_thread_in_Java, id=12948, stack(0x0000000017e90000,0x0000000017f90000)]
  0x000000001731a800 JavaThread "pool-1-thread-2" [_thread_in_Java, id=404, stack(0x0000000017d90000,0x0000000017e90000)]
  0x0000000017306800 JavaThread "pool-2-thread-1" [_thread_blocked, id=15036, stack(0x0000000017c90000,0x0000000017d90000)]
  0x0000000017306000 JavaThread "pool-1-thread-1" [_thread_in_Java, id=12312, stack(0x0000000017b90000,0x0000000017c90000)]
  0x0000000015d5c800 JavaThread "Service Thread" daemon [_thread_blocked, id=2748, stack(0x0000000017990000,0x0000000017a90000)]
  0x000000000365e000 JavaThread "C1 CompilerThread2" daemon [_thread_blocked, id=7920, stack(0x0000000017890000,0x0000000017990000)]
  0x000000000365d800 JavaThread "C2 CompilerThread1" daemon [_thread_in_native, id=9504, stack(0x0000000017790000,0x0000000017890000)]
=>0x000000000365a800 JavaThread "C2 CompilerThread0" daemon [_thread_in_native, id=9236, stack(0x0000000017690000,0x0000000017790000)]
  0x0000000015d42800 JavaThread "Attach Listener" daemon [_thread_blocked, id=13100, stack(0x0000000017590000,0x0000000017690000)]
  0x0000000015d4c800 JavaThread "Signal Dispatcher" daemon [_thread_blocked, id=3920, stack(0x0000000017490000,0x0000000017590000)]
  0x0000000003650800 JavaThread "Finalizer" daemon [_thread_blocked, id=13824, stack(0x0000000016f90000,0x0000000017090000)]
  0x000000000364d000 JavaThread "Reference Handler" daemon [_thread_blocked, id=5388, stack(0x0000000016e90000,0x0000000016f90000)]
  0x0000000003560800 JavaThread "main" [_thread_in_Java, id=13400, stack(0x0000000003360000,0x0000000003460000)]

Other Threads:
  0x0000000015cf8000 VMThread [stack: 0x0000000016d90000,0x0000000016e90000] [id=13084]
  0x0000000015d5e000 WatcherThread [stack: 0x0000000017a90000,0x0000000017b90000] [id=13552]

VM state:not at safepoint (normal execution)

VM Mutex/Monitor currently owned by a thread: None

Heap:
 PSYoungGen      total 40448K, used 27870K [0x00000000eab00000, 0x00000000efa00000, 0x0000000100000000)
  eden space 32768K, 62% used [0x00000000eab00000,0x00000000ebf0a9a8,0x00000000ecb00000)
  from space 7680K, 95% used [0x00000000ef280000,0x00000000ef9ad238,0x00000000efa00000)
  to   space 2560K, 0% used [0x00000000ecb00000,0x00000000ecb00000,0x00000000ecd80000)
 ParOldGen       total 44032K, used 14845K [0x00000000c0000000, 0x00000000c2b00000, 0x00000000eab00000)
  object space 44032K, 33% used [0x00000000c0000000,0x00000000c0e7f648,0x00000000c2b00000)
 Metaspace       used 6330K, capacity 7192K, committed 7424K, reserved 1056768K
  class space    used 617K, capacity 656K, committed 768K, reserved 1048576K

Card table byte_map: [0x0000000012a20000,0x0000000012c30000] byte_map_base: 0x0000000012420000

Marking Bits: (ParMarkBitMap*) 0x0000000051f34040
 Begin Bits: [0x0000000013190000, 0x0000000014190000)
 End Bits:   [0x0000000014190000, 0x0000000015190000)

Polling page: 0x00000000016b0000

CodeCache: size=245760Kb used=7562Kb max_used=7579Kb free=238197Kb
 bounds [0x0000000003660000, 0x0000000003dd0000, 0x0000000012660000]
 total_blobs=2028 nmethods=1756 adapters=184
 compilation: enabled

Compilation events (10 events):
Event: 9.119 Thread 0x000000000365a800 1761       4       com.android.dx.cf.code.BaseMachine::resultCount (22 bytes)
Event: 9.120 Thread 0x000000000365a800 nmethod 1761 0x0000000003c92b10 code [0x0000000003c92c40, 0x0000000003c92cb8]
Event: 9.121 Thread 0x000000000365d800 1762 %     4       java.util.BitSet::cardinality @ 4 (32 bytes)
Event: 9.126 Thread 0x000000000365d800 nmethod 1762% 0x0000000003d82290 code [0x0000000003d823e0, 0x0000000003d82558]
Event: 9.127 Thread 0x000000000365a800 1763       4       com.android.dx.ssa.SsaConverter::needsNewSuccessor (53 bytes)
Event: 9.133 Thread 0x000000000365a800 nmethod 1763 0x0000000003d81190 code [0x0000000003d812e0, 0x0000000003d814d8]
Event: 9.135 Thread 0x000000000365d800 1764       4       com.android.dx.rop.code.PlainCstInsn::accept (8 bytes)
Event: 9.135 Thread 0x000000000365d800 nmethod 1764 0x0000000003c99190 code [0x0000000003c992c0, 0x0000000003c99338]
Event: 9.136 Thread 0x000000000365a800 1765       4       com.android.dx.dex.code.RopTranslator$TranslationVisitor::visitPlainInsn (161 bytes)
Event: 9.156 Thread 0x000000000365d800 1766       4       com.android.dx.dex.code.RopTranslator$LocalVariableAwareTranslationVisitor::visitPlainInsn (11 bytes)

GC Heap History (10 events):
Event: 3.988 GC heap before
{Heap before GC invocations=1 (full 0):
 PSYoungGen      total 18944K, used 16384K [0x00000000eab00000, 0x00000000ec000000, 0x0000000100000000)
  eden space 16384K, 100% used [0x00000000eab00000,0x00000000ebb00000,0x00000000ebb00000)
  from space 2560K, 0% used [0x00000000ebd80000,0x00000000ebd80000,0x00000000ec000000)
  to   space 2560K, 0% used [0x00000000ebb00000,0x00000000ebb00000,0x00000000ebd80000)
 ParOldGen       total 44032K, used 0K [0x00000000c0000000, 0x00000000c2b00000, 0x00000000eab00000)
  object space 44032K, 0% used [0x00000000c0000000,0x00000000c0000000,0x00000000c2b00000)
 Metaspace       used 5745K, capacity 6704K, committed 6784K, reserved 1056768K
  class space    used 592K, capacity 616K, committed 640K, reserved 1048576K
Event: 3.997 GC heap after
Heap after GC invocations=1 (full 0):
 PSYoungGen      total 18944K, used 2544K [0x00000000eab00000, 0x00000000ec000000, 0x0000000100000000)
  eden space 16384K, 0% used [0x00000000eab00000,0x00000000eab00000,0x00000000ebb00000)
  from space 2560K, 99% used [0x00000000ebb00000,0x00000000ebd7c280,0x00000000ebd80000)
  to   space 2560K, 0% used [0x00000000ebd80000,0x00000000ebd80000,0x00000000ec000000)
 ParOldGen       total 44032K, used 1745K [0x00000000c0000000, 0x00000000c2b00000, 0x00000000eab00000)
  object space 44032K, 3% used [0x00000000c0000000,0x00000000c01b4418,0x00000000c2b00000)
 Metaspace       used 5745K, capacity 6704K, committed 6784K, reserved 1056768K
  class space    used 592K, capacity 616K, committed 640K, reserved 1048576K
}
Event: 4.506 GC heap before
{Heap before GC invocations=2 (full 0):
 PSYoungGen      total 18944K, used 18928K [0x00000000eab00000, 0x00000000ec000000, 0x0000000100000000)
  eden space 16384K, 100% used [0x00000000eab00000,0x00000000ebb00000,0x00000000ebb00000)
  from space 2560K, 99% used [0x00000000ebb00000,0x00000000ebd7c280,0x00000000ebd80000)
  to   space 2560K, 0% used [0x00000000ebd80000,0x00000000ebd80000,0x00000000ec000000)
 ParOldGen       total 44032K, used 1745K [0x00000000c0000000, 0x00000000c2b00000, 0x00000000eab00000)
  object space 44032K, 3% used [0x00000000c0000000,0x00000000c01b4418,0x00000000c2b00000)
 Metaspace       used 6015K, capacity 6960K, committed 7040K, reserved 1056768K
  class space    used 594K, capacity 616K, committed 640K, reserved 1048576K
Event: 4.564 GC heap after
Heap after GC invocations=2 (full 0):
 PSYoungGen      total 18944K, used 2537K [0x00000000eab00000, 0x00000000ed000000, 0x0000000100000000)
  eden space 16384K, 0% used [0x00000000eab00000,0x00000000eab00000,0x00000000ebb00000)
  from space 2560K, 99% used [0x00000000ebd80000,0x00000000ebffa640,0x00000000ec000000)
  to   space 2560K, 0% used [0x00000000ebb00000,0x00000000ebb00000,0x00000000ebd80000)
 ParOldGen       total 44032K, used 4001K [0x00000000c0000000, 0x00000000c2b00000, 0x00000000eab00000)
  object space 44032K, 9% used [0x00000000c0000000,0x00000000c03e87c0,0x00000000c2b00000)
 Metaspace       used 6015K, capacity 6960K, committed 7040K, reserved 1056768K
  class space    used 594K, capacity 616K, committed 640K, reserved 1048576K
}
Event: 4.905 GC heap before
{Heap before GC invocations=3 (full 0):
 PSYoungGen      total 18944K, used 18921K [0x00000000eab00000, 0x00000000ed000000, 0x0000000100000000)
  eden space 16384K, 100% used [0x00000000eab00000,0x00000000ebb00000,0x00000000ebb00000)
  from space 2560K, 99% used [0x00000000ebd80000,0x00000000ebffa640,0x00000000ec000000)
  to   space 2560K, 0% used [0x00000000ebb00000,0x00000000ebb00000,0x00000000ebd80000)
 ParOldGen       total 44032K, used 4001K [0x00000000c0000000, 0x00000000c2b00000, 0x00000000eab00000)
  object space 44032K, 9% used [0x00000000c0000000,0x00000000c03e87c0,0x00000000c2b00000)
 Metaspace       used 6108K, capacity 7024K, committed 7296K, reserved 1056768K
  class space    used 596K, capacity 616K, committed 640K, reserved 1048576K
Event: 4.920 GC heap after
Heap after GC invocations=3 (full 0):
 PSYoungGen      total 18944K, used 2547K [0x00000000eab00000, 0x00000000ed000000, 0x0000000100000000)
  eden space 16384K, 0% used [0x00000000eab00000,0x00000000eab00000,0x00000000ebb00000)
  from space 2560K, 99% used [0x00000000ebb00000,0x00000000ebd7cd18,0x00000000ebd80000)
  to   space 2560K, 0% used [0x00000000ecd80000,0x00000000ecd80000,0x00000000ed000000)
 ParOldGen       total 44032K, used 6711K [0x00000000c0000000, 0x00000000c2b00000, 0x00000000eab00000)
  object space 44032K, 15% used [0x00000000c0000000,0x00000000c068df48,0x00000000c2b00000)
 Metaspace       used 6108K, capacity 7024K, committed 7296K, reserved 1056768K
  class space    used 596K, capacity 616K, committed 640K, reserved 1048576K
}
Event: 5.271 GC heap before
{Heap before GC invocations=4 (full 0):
 PSYoungGen      total 18944K, used 18931K [0x00000000eab00000, 0x00000000ed000000, 0x0000000100000000)
  eden space 16384K, 100% used [0x00000000eab00000,0x00000000ebb00000,0x00000000ebb00000)
  from space 2560K, 99% used [0x00000000ebb00000,0x00000000ebd7cd18,0x00000000ebd80000)
  to   space 2560K, 0% used [0x00000000ecd80000,0x00000000ecd80000,0x00000000ed000000)
 ParOldGen       total 44032K, used 6711K [0x00000000c0000000, 0x00000000c2b00000, 0x00000000eab00000)
  object space 44032K, 15% used [0x00000000c0000000,0x00000000c068df48,0x00000000c2b00000)
 Metaspace       used 6136K, capacity 7024K, committed 7296K, reserved 1056768K
  class space    used 596K, capacity 616K, committed 640K, reserved 1048576K
Event: 5.285 GC heap after
Heap after GC invocations=4 (full 0):
 PSYoungGen      total 35328K, used 2531K [0x00000000eab00000, 0x00000000ed000000, 0x0000000100000000)
  eden space 32768K, 0% used [0x00000000eab00000,0x00000000eab00000,0x00000000ecb00000)
  from space 2560K, 98% used [0x00000000ecd80000,0x00000000ecff8d08,0x00000000ed000000)
  to   space 2560K, 0% used [0x00000000ecb00000,0x00000000ecb00000,0x00000000ecd80000)
 ParOldGen       total 44032K, used 9659K [0x00000000c0000000, 0x00000000c2b00000, 0x00000000eab00000)
  object space 44032K, 21% used [0x00000000c0000000,0x00000000c096ecb8,0x00000000c2b00000)
 Metaspace       used 6136K, capacity 7024K, committed 7296K, reserved 1056768K
  class space    used 596K, capacity 616K, committed 640K, reserved 1048576K
}
Event: 6.668 GC heap before
{Heap before GC invocations=5 (full 0):
 PSYoungGen      total 35328K, used 35299K [0x00000000eab00000, 0x00000000ed000000, 0x0000000100000000)
  eden space 32768K, 100% used [0x00000000eab00000,0x00000000ecb00000,0x00000000ecb00000)
  from space 2560K, 98% used [0x00000000ecd80000,0x00000000ecff8d08,0x00000000ed000000)
  to   space 2560K, 0% used [0x00000000ecb00000,0x00000000ecb00000,0x00000000ecd80000)
 ParOldGen       total 44032K, used 9659K [0x00000000c0000000, 0x00000000c2b00000, 0x00000000eab00000)
  object space 44032K, 21% used [0x00000000c0000000,0x00000000c096ecb8,0x00000000c2b00000)
 Metaspace       used 6297K, capacity 7128K, committed 7424K, reserved 1056768K
  class space    used 617K, capacity 656K, committed 768K, reserved 1048576K
Event: 6.891 GC heap after
Heap after GC invocations=5 (full 0):
 PSYoungGen      total 35328K, used 2548K [0x00000000eab00000, 0x00000000efa00000, 0x0000000100000000)
  eden space 32768K, 0% used [0x00000000eab00000,0x00000000eab00000,0x00000000ecb00000)
  from space 2560K, 99% used [0x00000000ecb00000,0x00000000ecd7d238,0x00000000ecd80000)
  to   space 7680K, 0% used [0x00000000ef280000,0x00000000ef280000,0x00000000efa00000)
 ParOldGen       total 44032K, used 14845K [0x00000000c0000000, 0x00000000c2b00000, 0x00000000eab00000)
  object space 44032K, 33% used [0x00000000c0000000,0x00000000c0e7f648,0x00000000c2b00000)
 Metaspace       used 6297K, capacity 7128K, committed 7424K, reserved 1056768K
  class space    used 617K, capacity 656K, committed 768K, reserved 1048576K
}

Deoptimization events (10 events):
Event: 5.034 Thread 0x000000001731d800 Uncommon trap: reason=class_check action=maybe_recompile pc=0x000000000394cdc4 method=com.android.dx.ssa.NormalSsaInsn.accept(Lcom/android/dx/ssa/SsaInsn$Visitor;)V @ 9
Event: 5.034 Thread 0x000000001731d800 Uncommon trap: reason=class_check action=maybe_recompile pc=0x000000000394cdc4 method=com.android.dx.ssa.NormalSsaInsn.accept(Lcom/android/dx/ssa/SsaInsn$Visitor;)V @ 9
Event: 5.034 Thread 0x000000001731d800 Uncommon trap: reason=class_check action=maybe_recompile pc=0x000000000394cdc4 method=com.android.dx.ssa.NormalSsaInsn.accept(Lcom/android/dx/ssa/SsaInsn$Visitor;)V @ 9
Event: 5.087 Thread 0x000000001731c000 Uncommon trap: reason=unstable_if action=reinterpret pc=0x0000000003bf5c70 method=com.android.dx.ssa.SCCP.simulateStmt(Lcom/android/dx/ssa/SsaInsn;)V @ 53
Event: 5.241 Thread 0x000000001731d800 Uncommon trap: reason=unstable_if action=reinterpret pc=0x0000000003c790c4 method=com.android.dx.ssa.SCCP.simulateBranch(Lcom/android/dx/ssa/SsaInsn;)V @ 64
Event: 5.554 Thread 0x000000001731a800 Uncommon trap: reason=unstable_if action=reinterpret pc=0x0000000003a849bc method=com.android.dx.util.IntList.binarysearch(I)I @ 105
Event: 5.763 Thread 0x000000001731c000 Uncommon trap: reason=unstable_if action=reinterpret pc=0x00000000039c4498 method=java.util.HashMap.putVal(ILjava/lang/Object;Ljava/lang/Object;ZZ)Ljava/lang/Object; @ 162
Event: 5.767 Thread 0x000000001731c000 Uncommon trap: reason=unstable_if action=reinterpret pc=0x0000000003b5f410 method=java.util.HashMap.getNode(ILjava/lang/Object;)Ljava/util/HashMap$Node; @ 84
Event: 5.796 Thread 0x0000000017306000 Uncommon trap: reason=unstable_if action=reinterpret pc=0x0000000003acd148 method=java.util.HashMap.putVal(ILjava/lang/Object;Ljava/lang/Object;ZZ)Ljava/lang/Object; @ 162
Event: 5.796 Thread 0x0000000017306000 Uncommon trap: reason=unstable_if action=reinterpret pc=0x0000000003b583e4 method=java.util.HashMap.getNode(ILjava/lang/Object;)Ljava/util/HashMap$Node; @ 84

Internal exceptions (7 events):
Event: 0.862 Thread 0x0000000003560800 Exception <a 'java/lang/NoSuchMethodError': Method sun.misc.Unsafe.defineClass(Ljava/lang/String;[BII)Ljava/lang/Class; name or signature does not match> (0x00000000eab12f58) thrown at [C:\re\workspace\8-2-build-windows-amd64-cygwin\jdk8u45\3627\hotspot\srBJÙ”ë?
Event: 0.862 Thread 0x0000000003560800 Exception <a 'java/lang/NoSuchMethodError': Method sun.misc.Unsafe.prefetchRead(Ljava/lang/Object;J)V name or signature does not match> (0x00000000eab131e8) thrown at [C:\re\workspace\8-2-build-windows-amd64-cygwin\jdk8u45\3627\hotspot\src\share\vm\prims\j˜Abêè@
Event: 4.281 Thread 0x0000000017306000 Implicit null exception at 0x0000000003a67d62 to 0x0000000003a67e52
Event: 5.020 Thread 0x0000000003560800 Implicit null exception at 0x00000000039b6864 to 0x00000000039b9451
Event: 5.765 Thread 0x000000001731c000 Exception <a 'java/lang/ArrayIndexOutOfBoundsException': 18> (0x00000000ebbe8c28) thrown at [C:\re\workspace\8-2-build-windows-amd64-cygwin\jdk8u45\3627\hotspot\src\share\vm\interpreter\interpreterRuntime.cpp, line 366]
Event: 5.766 Thread 0x000000001731c000 Exception <a 'java/lang/ArrayIndexOutOfBoundsException': 145> (0x00000000ebbea6f8) thrown at [C:\re\workspace\8-2-build-windows-amd64-cygwin\jdk8u45\3627\hotspot\src\share\vm\interpreter\interpreterRuntime.cpp, line 366]
Event: 5.766 Thread 0x000000001731c000 Exception <a 'java/lang/ArrayIndexOutOfBoundsException'> (0x00000000ebbeb930) thrown at [C:\re\workspace\8-2-build-windows-amd64-cygwin\jdk8u45\3627\hotspot\src\share\vm\runtime\sharedRuntime.cpp, line 605]

Events (10 events):
Event: 5.796 Thread 0x0000000017306000 DEOPT PACKING pc=0x0000000003b583e4 sp=0x0000000017c8ebd0
Event: 5.796 Thread 0x0000000017306000 DEOPT UNPACKING pc=0x00000000036a582a sp=0x0000000017c8eb48 mode 2
Event: 5.808 Thread 0x000000001731a800 DEOPT PACKING pc=0x0000000003c49dc2 sp=0x0000000017e8e9f0
Event: 5.808 Thread 0x000000001731a800 DEOPT UNPACKING pc=0x00000000036a787f sp=0x0000000017e8e758 mode 0
Event: 6.471 Executing VM operation: ParallelGCFailedAllocation
Event: 6.892 Executing VM operation: ParallelGCFailedAllocation done
Event: 6.946 Thread 0x000000001731a800 DEOPT PACKING pc=0x0000000003c6a8a2 sp=0x0000000017e8ea90
Event: 6.946 Thread 0x000000001731a800 DEOPT UNPACKING pc=0x00000000036a787f sp=0x0000000017e8e850 mode 0
Event: 9.133 Thread 0x000000001731c000 DEOPT PACKING pc=0x00000000039600cc sp=0x0000000017f8e7d0
Event: 9.133 Thread 0x000000001731c000 DEOPT UNPACKING pc=0x00000000036a787f sp=0x0000000017f8e4e8 mode 0


Dynamic libraries:
0x00007ff66dcb0000 - 0x00007ff66dce7000 	C:\Program Files\Java\jdk1.8.0_45\bin\java.exe
0x00007ffdb5810000 - 0x00007ffdb59e1000 	C:\WINDOWS\SYSTEM32\ntdll.dll
0x00007ffdb5200000 - 0x00007ffdb52ab000 	C:\WINDOWS\System32\KERNEL32.DLL
0x00007ffdb2090000 - 0x00007ffdb22ad000 	C:\WINDOWS\System32\KERNELBASE.dll
0x00007ffdb3420000 - 0x00007ffdb34c2000 	C:\WINDOWS\System32\ADVAPI32.dll
0x00007ffdb4cb0000 - 0x00007ffdb4d4e000 	C:\WINDOWS\System32\msvcrt.dll
0x00007ffdb4a00000 - 0x00007ffdb4a59000 	C:\WINDOWS\System32\sechost.dll
0x00007ffdb52b0000 - 0x00007ffdb53d1000 	C:\WINDOWS\System32\RPCRT4.dll
0x00007ffdb53e0000 - 0x00007ffdb5545000 	C:\WINDOWS\System32\USER32.dll
0x00007ffdb2a40000 - 0x00007ffdb2a5e000 	C:\WINDOWS\System32\win32u.dll
0x00007ffdb33e0000 - 0x00007ffdb3414000 	C:\WINDOWS\System32\GDI32.dll
0x00007ffdb1db0000 - 0x00007ffdb1f32000 	C:\WINDOWS\System32\gdi32full.dll
0x00007ffda5b50000 - 0x00007ffda5dc9000 	C:\WINDOWS\WinSxS\amd64_microsoft.windows.common-controls_6595b64144ccf1df_6.0.14393.447_none_42191651c6827bb3\COMCTL32.dll
0x00007ffdb2e40000 - 0x00007ffdb3108000 	C:\WINDOWS\System32\combase.dll
0x00007ffdb1f40000 - 0x00007ffdb2035000 	C:\WINDOWS\System32\ucrtbase.dll
0x00007ffdb2d30000 - 0x00007ffdb2d9a000 	C:\WINDOWS\System32\bcryptPrimitives.dll
0x00007ffdb4a60000 - 0x00007ffdb4a8e000 	C:\WINDOWS\System32\IMM32.DLL
0x00007ffdb1b80000 - 0x00007ffdb1bb0000 	C:\WINDOWS\system32\DriverStore\FileRepository\nvsmwu.inf_amd64_40e2f893a8ddfad8\nvinitx.dll
0x00007ffdb1b70000 - 0x00007ffdb1b7a000 	C:\WINDOWS\SYSTEM32\VERSION.dll
0x00007ffdb34d0000 - 0x00007ffdb49d9000 	C:\WINDOWS\System32\Shell32.dll
0x00007ffdb2040000 - 0x00007ffdb2082000 	C:\WINDOWS\System32\cfgmgr32.dll
0x00007ffdb22b0000 - 0x00007ffdb298a000 	C:\WINDOWS\System32\windows.storage.dll
0x00007ffdb1cb0000 - 0x00007ffdb1cfc000 	C:\WINDOWS\System32\powrprof.dll
0x00007ffdb3170000 - 0x00007ffdb31c2000 	C:\WINDOWS\System32\shlwapi.dll
0x00007ffdb1c80000 - 0x00007ffdb1c8f000 	C:\WINDOWS\System32\kernel.appcore.dll
0x00007ffdb1d00000 - 0x00007ffdb1da9000 	C:\WINDOWS\System32\shcore.dll
0x00007ffdb1c90000 - 0x00007ffdb1ca4000 	C:\WINDOWS\System32\profapi.dll
0x00000000543d0000 - 0x00000000543d6000 	C:\Program Files\NVIDIA Corporation\CoProcManager\_etoured.dll
0x00007ffda9e90000 - 0x00007ffda9ecb000 	C:\Program Files\NVIDIA Corporation\CoProcManager\nvd3d9wrapx.dll
0x00007ffdb4dc0000 - 0x00007ffdb51e9000 	C:\WINDOWS\System32\SETUPAPI.dll
0x00007ffda9100000 - 0x00007ffda9124000 	C:\Program Files\NVIDIA Corporation\CoProcManager\nvdxgiwrapx.dll
0x0000000051fc0000 - 0x0000000052092000 	C:\Program Files\Java\jdk1.8.0_45\jre\bin\msvcr100.dll
0x0000000051730000 - 0x0000000051fb3000 	C:\Program Files\Java\jdk1.8.0_45\jre\bin\server\jvm.dll
0x00007ffdb51f0000 - 0x00007ffdb51f8000 	C:\WINDOWS\System32\PSAPI.DLL
0x00007ffda40f0000 - 0x00007ffda40f9000 	C:\WINDOWS\SYSTEM32\WSOCK32.dll
0x00007ffdb3370000 - 0x00007ffdb33da000 	C:\WINDOWS\System32\WS2_32.dll
0x00007ffdaf6f0000 - 0x00007ffdaf713000 	C:\WINDOWS\SYSTEM32\WINMM.dll
0x00007ffdaf5b0000 - 0x00007ffdaf5db000 	C:\WINDOWS\SYSTEM32\WINMMBASE.dll
0x0000000052a00000 - 0x0000000052a0f000 	C:\Program Files\Java\jdk1.8.0_45\jre\bin\verify.dll
0x00000000529d0000 - 0x00000000529f9000 	C:\Program Files\Java\jdk1.8.0_45\jre\bin\java.dll
0x0000000051710000 - 0x0000000051726000 	C:\Program Files\Java\jdk1.8.0_45\jre\bin\zip.dll
0x00007ffdb1800000 - 0x00007ffdb1992000 	C:\WINDOWS\SYSTEM32\dbghelp.dll

VM Arguments:
jvm_args: -Djava.awt.headless=true -Xmx1024M -Dfile.encoding=x-windows-949 -Duser.country=KR -Duser.language=ko -Duser.variant 
java_command: com.android.dx.command.Main --dex --num-threads=4 --output E:\AAAAAAFolder\Documents\AndroidStudioProjects\CheongwonPay\app\build\intermediates\pre-dexed\debug\com.android.support-recyclerview-v7-24.1.1_387eaf75420b7b76cc85d306d4334de6b3ee0808.jar E:\AAAAAAFolder\Documents\AndroidStudioProjects\CheongwonPay\app\build\intermediates\exploded-aar\com.android.support\recyclerview-v7\24.1.1\jars\classes.jar
java_class_path (initial): E:\Android\sdk\build-tools\23.0.3\lib\dx.jar
Launcher Type: SUN_STANDARD

Environment Variables:
PATH=C:\ProgramData\Oracle\Java\javapath;C:\Program Files (x86)\Wizvera\Delfino;C:\Program Files (x86)\NVIDIA Corporation\PhysX\Common;C:\WINDOWS\system32;C:\WINDOWS;C:\WINDOWS\System32\Wbem;C:\WINDOWS\System32\WindowsPowerShell\v1.0\;C:\Program Files\WIDCOMM\Bluetooth Software\;C:\Program Files\WIDCOMM\Bluetooth Software\syswow64;;C:\Program Files (x86)\Intel\OpenCL SDK\2.0\bin\x86;C:\Program Files (x86)\Intel\OpenCL SDK\2.0\bin\x64;C:\Program Files\Java\jdk1.8.0_45\bin;C:\Program Files\Java\jre1.8.0_45\bin;E:\Android\sdk\platform-tools;C:\Program Files (x86)\Skype\Phone\;C:\Users\Jeongseop\AppData\Local\Bandizip\7z;C:\Users\Jeongseop\AppData\Local\Microsoft\WindowsApps;
USERNAME=Jeongseop
OS=Windows_NT
PROCESSOR_IDENTIFIER=Intel64 Family 6 Model 42 Stepping 7, GenuineIntel



---------------  S Y S T E M  ---------------

OS: Windows 10.0 , 64 bit Build 14393 (10.0.14393.0)

CPU:total 4 (2 cores per cpu, 2 threads per core) family 6 model 42 stepping 7, cmov, cx8, fxsr, mmx, sse, sse2, sse3, ssse3, sse4.1, sse4.2, popcnt, avx, aes, clmul, ht, tsc, tscinvbit

Memory: 4k page, physical 4104480k(420508k free), swap 6726036k(684k free)

vm_info: Java HotSpot(TM) 64-Bit Server VM (25.45-b02) for windows-amd64 JRE (1.8.0_45-b15), built on Apr 30 2015 12:40:44 by "java_re" with MS VC++ 10.0 (VS2010)

time: Sat Mar 04 00:15:33 2017
elapsed time: 9 seconds (0d 0h 0m 9s)

