#
# There is insufficient memory for the Java Runtime Environment to continue.
# Native memory allocation (malloc) failed to allocate 634416 bytes for Chunk::new
# Possible reasons:
#   The system is out of physical RAM or swap space
#   In 32 bit mode, the process size limit was hit
# Possible solutions:
#   Reduce memory load on the system
#   Increase physical memory or swap space
#   Check if swap backing store is full
#   Use 64 bit Java on a 64 bit OS
#   Decrease Java heap size (-Xmx/-Xms)
#   Decrease number of Java threads
#   Decrease Java thread stack sizes (-Xss)
#   Set larger code cache with -XX:ReservedCodeCacheSize=
# This output file may be truncated or incomplete.
#
#  Out of Memory Error (allocation.cpp:390), pid=12936, tid=6400
#
# JRE version: Java(TM) SE Runtime Environment (8.0_45-b15) (build 1.8.0_45-b15)
# Java VM: Java HotSpot(TM) 64-Bit Server VM (25.45-b02 mixed mode windows-amd64 compressed oops)
# Failed to write core dump. Minidumps are not enabled by default on client versions of Windows
#

---------------  T H R E A D  ---------------

Current thread (0x0000000006c1a000):  JavaThread "C2 CompilerThread0" daemon [_thread_in_native, id=6400, stack(0x0000000008120000,0x0000000008220000)]

Stack: [0x0000000008120000,0x0000000008220000]
Native frames: (J=compiled Java code, j=interpreted, Vv=VM code, C=native code)
V  [jvm.dll+0x32b57a]


Current CompileTask:
C2:  12570 1784 %     4       com.android.dx.ssa.SsaConverter::placePhiFunctions @ 53 (394 bytes)


---------------  P R O C E S S  ---------------

Java Threads: ( => current thread )
  0x0000000008567000 JavaThread "pool-2-thread-4" [_thread_blocked, id=12664, stack(0x0000000009620000,0x0000000009720000)]
  0x0000000008566800 JavaThread "pool-2-thread-3" [_thread_in_Java, id=12600, stack(0x0000000009520000,0x0000000009620000)]
  0x0000000008565800 JavaThread "pool-2-thread-2" [_thread_blocked, id=11180, stack(0x0000000009420000,0x0000000009520000)]
  0x0000000008564800 JavaThread "pool-3-thread-1" [_thread_blocked, id=8936, stack(0x0000000009320000,0x0000000009420000)]
  0x000000000857a800 JavaThread "pool-2-thread-1" [_thread_in_Java, id=1904, stack(0x0000000009220000,0x0000000009320000)]
  0x000000000828a800 JavaThread "Service Thread" daemon [_thread_blocked, id=11356, stack(0x0000000008820000,0x0000000008920000)]
  0x0000000008282800 JavaThread "C1 CompilerThread2" daemon [_thread_blocked, id=908, stack(0x0000000008720000,0x0000000008820000)]
  0x0000000006c1d000 JavaThread "C2 CompilerThread1" daemon [_thread_in_native, id=12796, stack(0x0000000008620000,0x0000000008720000)]
=>0x0000000006c1a000 JavaThread "C2 CompilerThread0" daemon [_thread_in_native, id=6400, stack(0x0000000008120000,0x0000000008220000)]
  0x0000000006bce000 JavaThread "Attach Listener" daemon [_thread_blocked, id=11708, stack(0x0000000008020000,0x0000000008120000)]
  0x0000000006bcd000 JavaThread "Signal Dispatcher" daemon [_thread_blocked, id=11604, stack(0x0000000007f20000,0x0000000008020000)]
  0x00000000034e1800 JavaThread "Finalizer" daemon [_thread_blocked, id=5116, stack(0x0000000007e20000,0x0000000007f20000)]
  0x00000000034de000 JavaThread "Reference Handler" daemon [_thread_blocked, id=8136, stack(0x0000000007d20000,0x0000000007e20000)]
  0x00000000033f0800 JavaThread "main" [_thread_in_Java, id=13164, stack(0x0000000002f90000,0x0000000003090000)]

Other Threads:
  0x0000000006b88000 VMThread [stack: 0x0000000007c20000,0x0000000007d20000] [id=504]
  0x00000000082a4000 WatcherThread [stack: 0x0000000008920000,0x0000000008a20000] [id=13308]

VM state:not at safepoint (normal execution)

VM Mutex/Monitor currently owned by a thread: None

Heap:
 PSYoungGen      total 35328K, used 32260K [0x00000000eab00000, 0x00000000ef000000, 0x0000000100000000)
  eden space 32768K, 90% used [0x00000000eab00000,0x00000000ec802d40,0x00000000ecb00000)
  from space 2560K, 99% used [0x00000000ecb00000,0x00000000ecd7e668,0x00000000ecd80000)
  to   space 2560K, 0% used [0x00000000eed80000,0x00000000eed80000,0x00000000ef000000)
 ParOldGen       total 44032K, used 7383K [0x00000000c0000000, 0x00000000c2b00000, 0x00000000eab00000)
  object space 44032K, 16% used [0x00000000c0000000,0x00000000c0735d00,0x00000000c2b00000)
 Metaspace       used 6288K, capacity 7152K, committed 7296K, reserved 1056768K
  class space    used 596K, capacity 616K, committed 640K, reserved 1048576K

Card table byte_map: [0x00000000038b0000,0x0000000003ac0000] byte_map_base: 0x00000000032b0000

Marking Bits: (ParMarkBitMap*) 0x000000005fda4040
 Begin Bits: [0x0000000004020000, 0x0000000005020000)
 End Bits:   [0x0000000005020000, 0x0000000006020000)

Polling page: 0x0000000002eb0000

CodeCache: size=245760Kb used=7756Kb max_used=7756Kb free=238003Kb
 bounds [0x000000000f010000, 0x000000000f7b0000, 0x000000001e010000]
 total_blobs=2068 nmethods=1796 adapters=184
 compilation: enabled

Compilation events (10 events):
Event: 12.513 Thread 0x0000000008282800 1812   !   3       com.android.dx.dex.cf.AttributeTranslator::getClassAnnotations (135 bytes)
Event: 12.517 Thread 0x0000000008282800 nmethod 1812 0x000000000f79b290 code [0x000000000f79b720, 0x000000000f79e428]
Event: 12.517 Thread 0x0000000008282800 1813       1       com.android.dx.cf.attrib.AttConstantValue::getConstantValue (5 bytes)
Event: 12.517 Thread 0x0000000008282800 nmethod 1813 0x000000000f79ff90 code [0x000000000f7a00e0, 0x000000000f7a01f0]
Event: 12.527 Thread 0x0000000008282800 1814       3       com.android.dx.ssa.PhiTypeResolver::resolveResultType (308 bytes)
Event: 12.532 Thread 0x0000000008282800 nmethod 1814 0x000000000f7a0250 code [0x000000000f7a06e0, 0x000000000f7a3dd8]
Event: 12.548 Thread 0x0000000008282800 1815       3       com.android.dx.rop.code.Rops::opInvokeStatic (17 bytes)
Event: 12.549 Thread 0x0000000008282800 nmethod 1815 0x000000000f7a5850 code [0x000000000f7a59e0, 0x000000000f7a5cf8]
Event: 12.549 Thread 0x0000000008282800 1816       3       com.android.dx.ssa.back.FirstFitLocalCombiningAllocator::processPhiInsn (255 bytes)
Event: 12.554 Thread 0x0000000008282800 nmethod 1816 0x000000000f7a5e50 code [0x000000000f7a6220, 0x000000000f7a8658]

GC Heap History (6 events):
Event: 3.481 GC heap before
{Heap before GC invocations=1 (full 0):
 PSYoungGen      total 18944K, used 16384K [0x00000000eab00000, 0x00000000ec000000, 0x0000000100000000)
  eden space 16384K, 100% used [0x00000000eab00000,0x00000000ebb00000,0x00000000ebb00000)
  from space 2560K, 0% used [0x00000000ebd80000,0x00000000ebd80000,0x00000000ec000000)
  to   space 2560K, 0% used [0x00000000ebb00000,0x00000000ebb00000,0x00000000ebd80000)
 ParOldGen       total 44032K, used 0K [0x00000000c0000000, 0x00000000c2b00000, 0x00000000eab00000)
  object space 44032K, 0% used [0x00000000c0000000,0x00000000c0000000,0x00000000c2b00000)
 Metaspace       used 5396K, capacity 6384K, committed 6528K, reserved 1056768K
  class space    used 583K, capacity 616K, committed 640K, reserved 1048576K
Event: 4.386 GC heap after
Heap after GC invocations=1 (full 0):
 PSYoungGen      total 18944K, used 2530K [0x00000000eab00000, 0x00000000ed000000, 0x0000000100000000)
  eden space 16384K, 0% used [0x00000000eab00000,0x00000000eab00000,0x00000000ebb00000)
  from space 2560K, 98% used [0x00000000ebb00000,0x00000000ebd78a00,0x00000000ebd80000)
  to   space 2560K, 0% used [0x00000000ecd80000,0x00000000ecd80000,0x00000000ed000000)
 ParOldGen       total 44032K, used 785K [0x00000000c0000000, 0x00000000c2b00000, 0x00000000eab00000)
  object space 44032K, 1% used [0x00000000c0000000,0x00000000c00c4670,0x00000000c2b00000)
 Metaspace       used 5396K, capacity 6384K, committed 6528K, reserved 1056768K
  class space    used 583K, capacity 616K, committed 640K, reserved 1048576K
}
Event: 7.425 GC heap before
{Heap before GC invocations=2 (full 0):
 PSYoungGen      total 18944K, used 18914K [0x00000000eab00000, 0x00000000ed000000, 0x0000000100000000)
  eden space 16384K, 100% used [0x00000000eab00000,0x00000000ebb00000,0x00000000ebb00000)
  from space 2560K, 98% used [0x00000000ebb00000,0x00000000ebd78a00,0x00000000ebd80000)
  to   space 2560K, 0% used [0x00000000ecd80000,0x00000000ecd80000,0x00000000ed000000)
 ParOldGen       total 44032K, used 785K [0x00000000c0000000, 0x00000000c2b00000, 0x00000000eab00000)
  object space 44032K, 1% used [0x00000000c0000000,0x00000000c00c4670,0x00000000c2b00000)
 Metaspace       used 6041K, capacity 6960K, committed 7040K, reserved 1056768K
  class space    used 593K, capacity 616K, committed 640K, reserved 1048576K
Event: 7.882 GC heap after
Heap after GC invocations=2 (full 0):
 PSYoungGen      total 35328K, used 2537K [0x00000000eab00000, 0x00000000ed000000, 0x0000000100000000)
  eden space 32768K, 0% used [0x00000000eab00000,0x00000000eab00000,0x00000000ecb00000)
  from space 2560K, 99% used [0x00000000ecd80000,0x00000000ecffa638,0x00000000ed000000)
  to   space 2560K, 0% used [0x00000000ecb00000,0x00000000ecb00000,0x00000000ecd80000)
 ParOldGen       total 44032K, used 2703K [0x00000000c0000000, 0x00000000c2b00000, 0x00000000eab00000)
  object space 44032K, 6% used [0x00000000c0000000,0x00000000c02a3fe0,0x00000000c2b00000)
 Metaspace       used 6041K, capacity 6960K, committed 7040K, reserved 1056768K
  class space    used 593K, capacity 616K, committed 640K, reserved 1048576K
}
Event: 10.828 GC heap before
{Heap before GC invocations=3 (full 0):
 PSYoungGen      total 35328K, used 35305K [0x00000000eab00000, 0x00000000ed000000, 0x0000000100000000)
  eden space 32768K, 100% used [0x00000000eab00000,0x00000000ecb00000,0x00000000ecb00000)
  from space 2560K, 99% used [0x00000000ecd80000,0x00000000ecffa638,0x00000000ed000000)
  to   space 2560K, 0% used [0x00000000ecb00000,0x00000000ecb00000,0x00000000ecd80000)
 ParOldGen       total 44032K, used 2703K [0x00000000c0000000, 0x00000000c2b00000, 0x00000000eab00000)
  object space 44032K, 6% used [0x00000000c0000000,0x00000000c02a3fe0,0x00000000c2b00000)
 Metaspace       used 6222K, capacity 7088K, committed 7296K, reserved 1056768K
  class space    used 595K, capacity 616K, committed 640K, reserved 1048576K
Event: 11.212 GC heap after
Heap after GC invocations=3 (full 0):
 PSYoungGen      total 35328K, used 2553K [0x00000000eab00000, 0x00000000ef000000, 0x0000000100000000)
  eden space 32768K, 0% used [0x00000000eab00000,0x00000000eab00000,0x00000000ecb00000)
  from space 2560K, 99% used [0x00000000ecb00000,0x00000000ecd7e668,0x00000000ecd80000)
  to   space 2560K, 0% used [0x00000000eed80000,0x00000000eed80000,0x00000000ef000000)
 ParOldGen       total 44032K, used 7383K [0x00000000c0000000, 0x00000000c2b00000, 0x00000000eab00000)
  object space 44032K, 16% used [0x00000000c0000000,0x00000000c0735d00,0x00000000c2b00000)
 Metaspace       used 6222K, capacity 7088K, committed 7296K, reserved 1056768K
  class space    used 595K, capacity 616K, committed 640K, reserved 1048576K
}

Deoptimization events (10 events):
Event: 9.824 Thread 0x0000000008565800 Uncommon trap: reason=bimorphic action=maybe_recompile pc=0x000000000f684988 method=com.android.dx.cf.code.RopperMachine.run(Lcom/android/dx/cf/code/Frame;II)V @ 978
Event: 10.300 Thread 0x00000000033f0800 Uncommon trap: reason=unstable_if action=reinterpret pc=0x000000000f620f94 method=com.android.dx.rop.code.LocalVariableInfo.mergeStarts(ILcom/android/dx/rop/code/RegisterSpecSet;)Z @ 31
Event: 11.625 Thread 0x0000000008565800 Uncommon trap: reason=bimorphic action=maybe_recompile pc=0x000000000f64a278 method=com.android.dx.ssa.SCCP.simulatePhi(Lcom/android/dx/ssa/PhiInsn;)V @ 124
Event: 11.647 Thread 0x000000000857a800 Uncommon trap: reason=null_assert action=make_not_entrant pc=0x000000000f683ec0 method=com.android.dx.cf.code.RopperMachine.run(Lcom/android/dx/cf/code/Frame;II)V @ 1112
Event: 11.653 Thread 0x00000000033f0800 Uncommon trap: reason=unstable_if action=reinterpret pc=0x000000000f5b5c78 method=com.android.dx.rop.cst.StdConstantPool.set(ILcom/android/dx/rop/cst/Constant;)V @ 12
Event: 11.653 Thread 0x00000000033f0800 Uncommon trap: reason=unstable_if action=reinterpret pc=0x000000000f56e6b8 method=com.android.dx.rop.cst.StdConstantPool.set(ILcom/android/dx/rop/cst/Constant;)V @ 12
Event: 11.681 Thread 0x0000000008566800 Uncommon trap: reason=bimorphic action=maybe_recompile pc=0x000000000f679864 method=com.android.dx.rop.code.RegisterSpec.withSimpleType()Lcom/android/dx/rop/code/RegisterSpec; @ 21
Event: 12.415 Thread 0x0000000008566800 Uncommon trap: reason=unstable_if action=reinterpret pc=0x000000000f3fcdc4 method=com.android.dx.rop.code.RegisterSpecSet.<init>(I)V @ 2
Event: 12.486 Thread 0x000000000857a800 Uncommon trap: reason=unstable_if action=reinterpret pc=0x000000000f6bc060 method=com.android.dx.ssa.LiteralOpUpgrader$1.visitNonMoveInsn(Lcom/android/dx/ssa/NormalSsaInsn;)V @ 55
Event: 12.487 Thread 0x000000000857a800 Uncommon trap: reason=unstable_if action=reinterpret pc=0x000000000f487ddc method=com.android.dx.ssa.SsaMethod.updateOneDefinition(Lcom/android/dx/ssa/SsaInsn;Lcom/android/dx/rop/code/RegisterSpec;)V @ 4

Internal exceptions (2 events):
Event: 0.147 Thread 0x00000000033f0800 Exception <a 'java/lang/NoSuchMethodError': Method sun.misc.Unsafe.defineClass(Ljava/lang/String;[BII)Ljava/lang/Class; name or signature does not match> (0x00000000eab12f00) thrown at [C:\re\workspace\8-2-build-windows-amd64-cygwin\jdk8u45\3627\hotspot\sréäÓi3ÝÂ?
Event: 0.147 Thread 0x00000000033f0800 Exception <a 'java/lang/NoSuchMethodError': Method sun.misc.Unsafe.prefetchRead(Ljava/lang/Object;J)V name or signature does not match> (0x00000000eab13190) thrown at [C:\re\workspace\8-2-build-windows-amd64-cygwin\jdk8u45\3627\hotspot\src\share\vm\prims\j

Events (10 events):
Event: 12.415 Thread 0x0000000008566800 DEOPT PACKING pc=0x000000000f3fcdc4 sp=0x000000000961e9a0
Event: 12.416 Thread 0x0000000008566800 DEOPT UNPACKING pc=0x000000000f05582a sp=0x000000000961e8d0 mode 2
Event: 12.486 Thread 0x000000000857a800 Uncommon trap: trap_request=0xffffff65 fr.pc=0x000000000f6bc060
Event: 12.486 Thread 0x000000000857a800 DEOPT PACKING pc=0x000000000f6bc060 sp=0x000000000931ea50
Event: 12.487 Thread 0x000000000857a800 DEOPT UNPACKING pc=0x000000000f05582a sp=0x000000000931ea00 mode 2
Event: 12.487 loading class com/android/dx/rop/code/RegOps
Event: 12.487 loading class com/android/dx/rop/code/RegOps done
Event: 12.487 Thread 0x000000000857a800 Uncommon trap: trap_request=0xffffff65 fr.pc=0x000000000f487ddc
Event: 12.487 Thread 0x000000000857a800 DEOPT PACKING pc=0x000000000f487ddc sp=0x000000000931e860
Event: 12.487 Thread 0x000000000857a800 DEOPT UNPACKING pc=0x000000000f05582a sp=0x000000000931e808 mode 2


Dynamic libraries:
0x00007ff7fb740000 - 0x00007ff7fb777000 	C:\Program Files\Java\jdk1.8.0_45\bin\java.exe
0x00007ff8d5ef0000 - 0x00007ff8d60b1000 	C:\WINDOWS\SYSTEM32\ntdll.dll
0x00007ff8d54d0000 - 0x00007ff8d557d000 	C:\WINDOWS\system32\KERNEL32.DLL
0x00007ff8d2f00000 - 0x00007ff8d30e8000 	C:\WINDOWS\system32\KERNELBASE.dll
0x00007ff8d4d60000 - 0x00007ff8d4e07000 	C:\WINDOWS\system32\ADVAPI32.dll
0x00007ff8d4cb0000 - 0x00007ff8d4d4d000 	C:\WINDOWS\system32\msvcrt.dll
0x00007ff8d32f0000 - 0x00007ff8d334b000 	C:\WINDOWS\system32\sechost.dll
0x00007ff8d4b50000 - 0x00007ff8d4c6c000 	C:\WINDOWS\system32\RPCRT4.dll
0x00007ff8d52a0000 - 0x00007ff8d53f6000 	C:\WINDOWS\system32\USER32.dll
0x00007ff8d5c30000 - 0x00007ff8d5db6000 	C:\WINDOWS\system32\GDI32.dll
0x00007ff8cdf70000 - 0x00007ff8ce1e4000 	C:\WINDOWS\WinSxS\amd64_microsoft.windows.common-controls_6595b64144ccf1df_6.0.10586.494_none_a2d8b04ea53e3145\COMCTL32.dll
0x00007ff8d5020000 - 0x00007ff8d529d000 	C:\WINDOWS\system32\combase.dll
0x00007ff8d30f0000 - 0x00007ff8d315a000 	C:\WINDOWS\system32\bcryptPrimitives.dll
0x00007ff8d4c70000 - 0x00007ff8d4cab000 	C:\WINDOWS\system32\IMM32.DLL
0x00007ff8d2400000 - 0x00007ff8d2431000 	C:\Windows\system32\nvinitx.dll
0x00007ff8d23f0000 - 0x00007ff8d23fa000 	C:\WINDOWS\SYSTEM32\VERSION.dll
0x000000000f000000 - 0x000000000f006000 	C:\Program Files\NVIDIA Corporation\CoProcManager\_etoured.dll
0x00007ff8ce720000 - 0x00007ff8ce752000 	C:\Program Files\NVIDIA Corporation\CoProcManager\nvd3d9wrapx.dll
0x00007ff8d55e0000 - 0x00007ff8d5a09000 	C:\WINDOWS\system32\SETUPAPI.dll
0x00007ff8d32a0000 - 0x00007ff8d32e3000 	C:\WINDOWS\system32\CFGMGR32.dll
0x00007ff8ce6f0000 - 0x00007ff8ce712000 	C:\Program Files\NVIDIA Corporation\CoProcManager\nvdxgiwrapx.dll
0x000000005f150000 - 0x000000005f222000 	C:\Program Files\Java\jdk1.8.0_45\jre\bin\msvcr100.dll
0x000000005f5a0000 - 0x000000005fe23000 	C:\Program Files\Java\jdk1.8.0_45\jre\bin\server\jvm.dll
0x00007ff8d4b40000 - 0x00007ff8d4b48000 	C:\WINDOWS\system32\PSAPI.DLL
0x00007ff8c5560000 - 0x00007ff8c5569000 	C:\WINDOWS\SYSTEM32\WSOCK32.dll
0x00007ff8d5400000 - 0x00007ff8d546b000 	C:\WINDOWS\system32\WS2_32.dll
0x00007ff8d0bc0000 - 0x00007ff8d0be3000 	C:\WINDOWS\SYSTEM32\WINMM.dll
0x00007ff8d0b60000 - 0x00007ff8d0b8c000 	C:\WINDOWS\SYSTEM32\WINMMBASE.dll
0x000000005f590000 - 0x000000005f59f000 	C:\Program Files\Java\jdk1.8.0_45\jre\bin\verify.dll
0x000000005f560000 - 0x000000005f589000 	C:\Program Files\Java\jdk1.8.0_45\jre\bin\java.dll
0x000000005f540000 - 0x000000005f556000 	C:\Program Files\Java\jdk1.8.0_45\jre\bin\zip.dll
0x00007ff8d3350000 - 0x00007ff8d48ac000 	C:\WINDOWS\system32\SHELL32.dll
0x00007ff8d26e0000 - 0x00007ff8d2d25000 	C:\WINDOWS\system32\windows.storage.dll
0x00007ff8d5580000 - 0x00007ff8d55d2000 	C:\WINDOWS\system32\shlwapi.dll
0x00007ff8d26d0000 - 0x00007ff8d26df000 	C:\WINDOWS\system32\kernel.appcore.dll
0x00007ff8d31e0000 - 0x00007ff8d3295000 	C:\WINDOWS\system32\shcore.dll
0x00007ff8d2520000 - 0x00007ff8d256b000 	C:\WINDOWS\system32\powrprof.dll
0x00007ff8d2500000 - 0x00007ff8d2514000 	C:\WINDOWS\system32\profapi.dll

VM Arguments:
jvm_args: -Djava.awt.headless=true -Xmx1024M -Dfile.encoding=x-windows-949 -Duser.country=KR -Duser.language=ko -Duser.variant 
java_command: com.android.dx.command.Main --dex --force-jumbo --num-threads=4 --multi-dex --output E:\AndroidStudioProjects\CheongwonPay\app\build\intermediates\transforms\dex\debug\folders\1000\10\internal_impl-24.1.1_ceeea9eb622860764f87cad1e2198dd10a179814 E:\AndroidStudioProjects\CheongwonPay\app\build\intermediates\exploded-aar\com.android.support\support-v4\24.1.1\jars\libs\internal_impl-24.1.1.jar
java_class_path (initial): E:\Android\sdk\build-tools\23.0.3\lib\dx.jar
Launcher Type: SUN_STANDARD

Environment Variables:
PATH=C:\ProgramData\Oracle\Java\javapath;C:\Program Files (x86)\Wizvera\Delfino;C:\Program Files (x86)\NVIDIA Corporation\PhysX\Common;C:\WINDOWS\system32;C:\WINDOWS;C:\WINDOWS\System32\Wbem;C:\WINDOWS\System32\WindowsPowerShell\v1.0\;C:\Program Files\WIDCOMM\Bluetooth Software\;C:\Program Files\WIDCOMM\Bluetooth Software\syswow64;;C:\Program Files (x86)\Intel\OpenCL SDK\2.0\bin\x86;C:\Program Files (x86)\Intel\OpenCL SDK\2.0\bin\x64;C:\Program Files\Java\jdk1.8.0_45\bin;C:\Program Files\Java\jre1.8.0_45\bin;E:\Android\sdk\platform-tools;C:\Program Files (x86)\Skype\Phone\;C:\Users\Á¤¼·\AppData\Local\Bandizip\7z
USERNAME=Á¤¼·
OS=Windows_NT
PROCESSOR_IDENTIFIER=Intel64 Family 6 Model 42 Stepping 7, GenuineIntel



---------------  S Y S T E M  ---------------

OS: Windows 10.0 , 64 bit Build 10586 (10.0.10586.0)

CPU:total 4 (2 cores per cpu, 2 threads per core) family 6 model 42 stepping 7, cmov, cx8, fxsr, mmx, sse, sse2, sse3, ssse3, sse4.1, sse4.2, popcnt, avx, aes, clmul, ht, tsc, tscinvbit

Memory: 4k page, physical 4104480k(440720k free), swap 6961148k(4608k free)

vm_info: Java HotSpot(TM) 64-Bit Server VM (25.45-b02) for windows-amd64 JRE (1.8.0_45-b15), built on Apr 30 2015 12:40:44 by "java_re" with MS VC++ 10.0 (VS2010)

time: Sun Aug 21 20:29:54 2016
elapsed time: 12 seconds (0d 0h 0m 12s)

