#
# There is insufficient memory for the Java Runtime Environment to continue.
# Native memory allocation (malloc) failed to allocate 1387376 bytes for Chunk::new
# Possible reasons:
#   The system is out of physical RAM or swap space
#   In 32 bit mode, the process size limit was hit
# Possible solutions:
#   Reduce memory load on the system
#   Increase physical memory or swap space
#   Check if swap backing store is full
#   Use 64 bit Java on a 64 bit OS
#   Decrease Java heap size (-Xmx/-Xms)
#   Decrease number of Java threads
#   Decrease Java thread stack sizes (-Xss)
#   Set larger code cache with -XX:ReservedCodeCacheSize=
# This output file may be truncated or incomplete.
#
#  Out of Memory Error (allocation.cpp:390), pid=1272, tid=11176
#
# JRE version: Java(TM) SE Runtime Environment (8.0_45-b15) (build 1.8.0_45-b15)
# Java VM: Java HotSpot(TM) 64-Bit Server VM (25.45-b02 mixed mode windows-amd64 compressed oops)
# Failed to write core dump. Minidumps are not enabled by default on client versions of Windows
#

---------------  T H R E A D  ---------------

Current thread (0x0000000005fef800):  JavaThread "C2 CompilerThread0" daemon [_thread_in_native, id=11176, stack(0x0000000007b80000,0x0000000007c80000)]

Stack: [0x0000000007b80000,0x0000000007c80000]
Native frames: (J=compiled Java code, j=interpreted, Vv=VM code, C=native code)
V  [jvm.dll+0x32b57a]
V  [jvm.dll+0x279873]
V  [jvm.dll+0x27a509]
V  [jvm.dll+0x271825]
V  [jvm.dll+0xcb9e2]
V  [jvm.dll+0xcbeac]
V  [jvm.dll+0x49298c]
V  [jvm.dll+0x45f6ff]
V  [jvm.dll+0x46a73b]
V  [jvm.dll+0x46cd52]
V  [jvm.dll+0x4500f2]
V  [jvm.dll+0xa4352]
V  [jvm.dll+0xa4c8f]
V  [jvm.dll+0x241984]
V  [jvm.dll+0x29853a]
C  [msvcr100.dll+0x21d9f]
C  [msvcr100.dll+0x21e3b]
C  [KERNEL32.DLL+0x18102]
C  [ntdll.dll+0x5c5b4]


Current CompileTask:
C2:  62795 7617       4       groovy.lang.MetaClassImpl::getMetaProperty (129 bytes)


---------------  P R O C E S S  ---------------

Java Threads: ( => current thread )
  0x000000001ed36000 JavaThread "Stdin handler" [_thread_blocked, id=4020, stack(0x000000001fae0000,0x000000001fbe0000)]
  0x000000001ed3a000 JavaThread "Cancel handler" [_thread_blocked, id=9948, stack(0x000000001f9e0000,0x000000001fae0000)]
  0x000000001ed39000 JavaThread "Handler for socket connection from /127.0.0.1:56865 to /127.0.0.1:56920" [_thread_in_native, id=10928, stack(0x000000000eec0000,0x000000000efc0000)]
  0x00000000099d9800 JavaThread "File lock request listener" [_thread_in_native, id=10668, stack(0x000000000bcd0000,0x000000000bdd0000)]
  0x0000000009096800 JavaThread "Daemon worker" [_thread_in_native, id=7328, stack(0x000000000a2f0000,0x000000000a3f0000)]
  0x0000000009085800 JavaThread "Daemon" [_thread_blocked, id=12436, stack(0x0000000009ff0000,0x000000000a0f0000)]
  0x0000000009247000 JavaThread "Incoming local TCP Connector on port 56865" [_thread_in_native, id=10288, stack(0x0000000008c80000,0x0000000008d80000)]
  0x0000000007d12800 JavaThread "Service Thread" daemon [_thread_blocked, id=3136, stack(0x0000000008280000,0x0000000008380000)]
  0x0000000007c87800 JavaThread "C1 CompilerThread2" daemon [_thread_blocked, id=2784, stack(0x0000000008180000,0x0000000008280000)]
  0x0000000007c81000 JavaThread "C2 CompilerThread1" daemon [_thread_in_native, id=3280, stack(0x0000000008080000,0x0000000008180000)]
=>0x0000000005fef800 JavaThread "C2 CompilerThread0" daemon [_thread_in_native, id=11176, stack(0x0000000007b80000,0x0000000007c80000)]
  0x0000000005fda000 JavaThread "Attach Listener" daemon [_thread_blocked, id=10912, stack(0x0000000007a80000,0x0000000007b80000)]
  0x000000000603e800 JavaThread "Signal Dispatcher" daemon [_thread_blocked, id=10256, stack(0x0000000007980000,0x0000000007a80000)]
  0x0000000002909800 JavaThread "Finalizer" daemon [_thread_blocked, id=13000, stack(0x0000000007230000,0x0000000007330000)]
  0x0000000002901800 JavaThread "Reference Handler" daemon [_thread_blocked, id=13148, stack(0x0000000007130000,0x0000000007230000)]
  0x000000000065e000 JavaThread "main" [_thread_blocked, id=7592, stack(0x0000000002360000,0x0000000002460000)]

Other Threads:
  0x0000000005fa7800 VMThread [stack: 0x0000000007030000,0x0000000007130000] [id=2184]
  0x0000000007d25000 WatcherThread [stack: 0x0000000008380000,0x0000000008480000] [id=3036]

VM state:not at safepoint (normal execution)

VM Mutex/Monitor currently owned by a thread: None

Heap:
 PSYoungGen      total 101376K, used 62340K [0x00000000eab00000, 0x00000000f2a80000, 0x0000000100000000)
  eden space 75264K, 74% used [0x00000000eab00000,0x00000000ee1d3080,0x00000000ef480000)
  from space 26112K, 23% used [0x00000000f1100000,0x00000000f170e2a0,0x00000000f2a80000)
  to   space 27648K, 0% used [0x00000000ef480000,0x00000000ef480000,0x00000000f0f80000)
 ParOldGen       total 68608K, used 43187K [0x00000000c0000000, 0x00000000c4300000, 0x00000000eab00000)
  object space 68608K, 62% used [0x00000000c0000000,0x00000000c2a2ce78,0x00000000c4300000)
 Metaspace       used 50150K, capacity 51740K, committed 51840K, reserved 1093632K
  class space    used 6808K, capacity 7211K, committed 7296K, reserved 1048576K

Card table byte_map: [0x0000000002cd0000,0x0000000002ee0000] byte_map_base: 0x00000000026d0000

Marking Bits: (ParMarkBitMap*) 0x0000000065ef4040
 Begin Bits: [0x0000000003440000, 0x0000000004440000)
 End Bits:   [0x0000000004440000, 0x0000000005440000)

Polling page: 0x0000000000bb0000

CodeCache: size=245760Kb used=24640Kb max_used=24640Kb free=221119Kb
 bounds [0x000000000f010000, 0x0000000010840000, 0x000000001e010000]
 total_blobs=7360 nmethods=6657 adapters=614
 compilation: enabled

Compilation events (10 events):
Event: 62.277 Thread 0x0000000007c87800 7709       3       org.gradle.internal.event.DefaultListenerManager$ListenerDetails::endNotification (41 bytes)
Event: 62.278 Thread 0x0000000007c87800 nmethod 7709 0x000000001083a5d0 code [0x000000001083a760, 0x000000001083aad8]
Event: 62.302 Thread 0x0000000007c87800 7710       3       org.gradle.internal.serialize.DefaultSerializerRegistry$TaggedTypeSerializer::write (31 bytes)
Event: 62.302 Thread 0x0000000007c87800 nmethod 7710 0x000000001083ac50 code [0x000000001083ade0, 0x000000001083b1a8]
Event: 62.303 Thread 0x0000000007c87800 7711       3       com.esotericsoftware.kryo.io.Output::writeUtf8Length (405 bytes)
Event: 62.304 Thread 0x0000000007c87800 nmethod 7711 0x000000001083b350 code [0x000000001083b540, 0x000000001083bc48]
Event: 62.304 Thread 0x0000000007c87800 7712       3       org.gradle.internal.serialize.kryo.KryoBackedEncoder::flush (8 bytes)
Event: 62.304 Thread 0x0000000007c87800 nmethod 7712 0x000000001083c0d0 code [0x000000001083c240, 0x000000001083c3e8]
Event: 62.452 Thread 0x0000000007c87800 7713       3       com.google.common.cache.LocalCache$Segment::postReadCleanup (18 bytes)
Event: 62.453 Thread 0x0000000007c87800 nmethod 7713 0x000000001083c4d0 code [0x000000001083c6a0, 0x000000001083ce88]

GC Heap History (10 events):
Event: 44.652 GC heap before
{Heap before GC invocations=29 (full 2):
 PSYoungGen      total 78848K, used 78819K [0x00000000eab00000, 0x00000000f1380000, 0x0000000100000000)
  eden space 61952K, 100% used [0x00000000eab00000,0x00000000ee780000,0x00000000ee780000)
  from space 16896K, 99% used [0x00000000efb80000,0x00000000f0bf8e10,0x00000000f0c00000)
  to   space 20480K, 0% used [0x00000000ee780000,0x00000000ee780000,0x00000000efb80000)
 ParOldGen       total 68608K, used 19822K [0x00000000c0000000, 0x00000000c4300000, 0x00000000eab00000)
  object space 68608K, 28% used [0x00000000c0000000,0x00000000c135b8b8,0x00000000c4300000)
 Metaspace       used 47908K, capacity 49092K, committed 49408K, reserved 1091584K
  class space    used 6547K, capacity 6839K, committed 6912K, reserved 1048576K
Event: 44.707 GC heap after
Heap after GC invocations=29 (full 2):
 PSYoungGen      total 82432K, used 20448K [0x00000000eab00000, 0x00000000f2080000, 0x0000000100000000)
  eden space 61952K, 0% used [0x00000000eab00000,0x00000000eab00000,0x00000000ee780000)
  from space 20480K, 99% used [0x00000000ee780000,0x00000000efb780b0,0x00000000efb80000)
  to   space 24576K, 0% used [0x00000000f0880000,0x00000000f0880000,0x00000000f2080000)
 ParOldGen       total 68608K, used 22806K [0x00000000c0000000, 0x00000000c4300000, 0x00000000eab00000)
  object space 68608K, 33% used [0x00000000c0000000,0x00000000c1645a48,0x00000000c4300000)
 Metaspace       used 47908K, capacity 49092K, committed 49408K, reserved 1091584K
  class space    used 6547K, capacity 6839K, committed 6912K, reserved 1048576K
}
Event: 45.305 GC heap before
{Heap before GC invocations=30 (full 2):
 PSYoungGen      total 82432K, used 54057K [0x00000000eab00000, 0x00000000f2080000, 0x0000000100000000)
  eden space 61952K, 54% used [0x00000000eab00000,0x00000000ecbd2580,0x00000000ee780000)
  from space 20480K, 99% used [0x00000000ee780000,0x00000000efb780b0,0x00000000efb80000)
  to   space 24576K, 0% used [0x00000000f0880000,0x00000000f0880000,0x00000000f2080000)
 ParOldGen       total 68608K, used 22806K [0x00000000c0000000, 0x00000000c4300000, 0x00000000eab00000)
  object space 68608K, 33% used [0x00000000c0000000,0x00000000c1645a48,0x00000000c4300000)
 Metaspace       used 48906K, capacity 50302K, committed 50432K, reserved 1093632K
  class space    used 6694K, capacity 7090K, committed 7168K, reserved 1048576K
Event: 45.355 GC heap after
Heap after GC invocations=30 (full 2):
 PSYoungGen      total 91648K, used 24566K [0x00000000eab00000, 0x00000000f2880000, 0x0000000100000000)
  eden space 67072K, 0% used [0x00000000eab00000,0x00000000eab00000,0x00000000eec80000)
  from space 24576K, 99% used [0x00000000f0880000,0x00000000f207daf8,0x00000000f2080000)
  to   space 28672K, 0% used [0x00000000eec80000,0x00000000eec80000,0x00000000f0880000)
 ParOldGen       total 68608K, used 22857K [0x00000000c0000000, 0x00000000c4300000, 0x00000000eab00000)
  object space 68608K, 33% used [0x00000000c0000000,0x00000000c16527f8,0x00000000c4300000)
 Metaspace       used 48906K, capacity 50302K, committed 50432K, reserved 1093632K
  class space    used 6694K, capacity 7090K, committed 7168K, reserved 1048576K
}
Event: 45.355 GC heap before
{Heap before GC invocations=31 (full 3):
 PSYoungGen      total 91648K, used 24566K [0x00000000eab00000, 0x00000000f2880000, 0x0000000100000000)
  eden space 67072K, 0% used [0x00000000eab00000,0x00000000eab00000,0x00000000eec80000)
  from space 24576K, 99% used [0x00000000f0880000,0x00000000f207daf8,0x00000000f2080000)
  to   space 28672K, 0% used [0x00000000eec80000,0x00000000eec80000,0x00000000f0880000)
 ParOldGen       total 68608K, used 22857K [0x00000000c0000000, 0x00000000c4300000, 0x00000000eab00000)
  object space 68608K, 33% used [0x00000000c0000000,0x00000000c16527f8,0x00000000c4300000)
 Metaspace       used 48906K, capacity 50302K, committed 50432K, reserved 1093632K
  class space    used 6694K, capacity 7090K, committed 7168K, reserved 1048576K
Event: 45.823 GC heap after
Heap after GC invocations=31 (full 3):
 PSYoungGen      total 91648K, used 0K [0x00000000eab00000, 0x00000000f2880000, 0x0000000100000000)
  eden space 67072K, 0% used [0x00000000eab00000,0x00000000eab00000,0x00000000eec80000)
  from space 24576K, 0% used [0x00000000f0880000,0x00000000f0880000,0x00000000f2080000)
  to   space 28672K, 0% used [0x00000000eec80000,0x00000000eec80000,0x00000000f0880000)
 ParOldGen       total 68608K, used 43171K [0x00000000c0000000, 0x00000000c4300000, 0x00000000eab00000)
  object space 68608K, 62% used [0x00000000c0000000,0x00000000c2a28e78,0x00000000c4300000)
 Metaspace       used 48906K, capacity 50302K, committed 50432K, reserved 1093632K
  class space    used 6694K, capacity 7090K, committed 7168K, reserved 1048576K
}
Event: 60.117 GC heap before
{Heap before GC invocations=32 (full 3):
 PSYoungGen      total 91648K, used 67072K [0x00000000eab00000, 0x00000000f2880000, 0x0000000100000000)
  eden space 67072K, 100% used [0x00000000eab00000,0x00000000eec80000,0x00000000eec80000)
  from space 24576K, 0% used [0x00000000f0880000,0x00000000f0880000,0x00000000f2080000)
  to   space 28672K, 0% used [0x00000000eec80000,0x00000000eec80000,0x00000000f0880000)
 ParOldGen       total 68608K, used 43171K [0x00000000c0000000, 0x00000000c4300000, 0x00000000eab00000)
  object space 68608K, 62% used [0x00000000c0000000,0x00000000c2a28e78,0x00000000c4300000)
 Metaspace       used 49347K, capacity 50888K, committed 50944K, reserved 1093632K
  class space    used 6717K, capacity 7117K, committed 7168K, reserved 1048576K
Event: 60.162 GC heap after
Heap after GC invocations=32 (full 3):
 PSYoungGen      total 95744K, used 2913K [0x00000000eab00000, 0x00000000f2d00000, 0x0000000100000000)
  eden space 67072K, 0% used [0x00000000eab00000,0x00000000eab00000,0x00000000eec80000)
  from space 28672K, 10% used [0x00000000eec80000,0x00000000eef587a0,0x00000000f0880000)
  to   space 28672K, 0% used [0x00000000f1100000,0x00000000f1100000,0x00000000f2d00000)
 ParOldGen       total 68608K, used 43179K [0x00000000c0000000, 0x00000000c4300000, 0x00000000eab00000)
  object space 68608K, 62% used [0x00000000c0000000,0x00000000c2a2ae78,0x00000000c4300000)
 Metaspace       used 49347K, capacity 50888K, committed 50944K, reserved 1093632K
  class space    used 6717K, capacity 7117K, committed 7168K, reserved 1048576K
}
Event: 60.972 GC heap before
{Heap before GC invocations=33 (full 3):
 PSYoungGen      total 95744K, used 69985K [0x00000000eab00000, 0x00000000f2d00000, 0x0000000100000000)
  eden space 67072K, 100% used [0x00000000eab00000,0x00000000eec80000,0x00000000eec80000)
  from space 28672K, 10% used [0x00000000eec80000,0x00000000eef587a0,0x00000000f0880000)
  to   space 28672K, 0% used [0x00000000f1100000,0x00000000f1100000,0x00000000f2d00000)
 ParOldGen       total 68608K, used 43179K [0x00000000c0000000, 0x00000000c4300000, 0x00000000eab00000)
  object space 68608K, 62% used [0x00000000c0000000,0x00000000c2a2ae78,0x00000000c4300000)
 Metaspace       used 49447K, capacity 50988K, committed 51200K, reserved 1093632K
  class space    used 6720K, capacity 7123K, committed 7168K, reserved 1048576K
Event: 60.978 GC heap after
Heap after GC invocations=33 (full 3):
 PSYoungGen      total 101376K, used 6200K [0x00000000eab00000, 0x00000000f2a80000, 0x0000000100000000)
  eden space 75264K, 0% used [0x00000000eab00000,0x00000000eab00000,0x00000000ef480000)
  from space 26112K, 23% used [0x00000000f1100000,0x00000000f170e2a0,0x00000000f2a80000)
  to   space 27648K, 0% used [0x00000000ef480000,0x00000000ef480000,0x00000000f0f80000)
 ParOldGen       total 68608K, used 43187K [0x00000000c0000000, 0x00000000c4300000, 0x00000000eab00000)
  object space 68608K, 62% used [0x00000000c0000000,0x00000000c2a2ce78,0x00000000c4300000)
 Metaspace       used 49447K, capacity 50988K, committed 51200K, reserved 1093632K
  class space    used 6720K, capacity 7123K, committed 7168K, reserved 1048576K
}

Deoptimization events (10 events):
Event: 45.302 Thread 0x0000000009032000 Uncommon trap: reason=unstable_if action=reinterpret pc=0x000000000fd79ae0 method=java.util.concurrent.locks.AbstractQueuedSynchronizer.release(I)Z @ 14
Event: 45.302 Thread 0x0000000009096800 Uncommon trap: reason=unstable_if action=reinterpret pc=0x000000000f78fdd4 method=java.util.concurrent.locks.AbstractQueuedSynchronizer.release(I)Z @ 14
Event: 45.947 Thread 0x0000000009089000 Uncommon trap: reason=unstable_if action=reinterpret pc=0x00000000103c3934 method=com.esotericsoftware.kryo.io.Input.require(I)I @ 117
Event: 45.952 Thread 0x0000000009085800 Uncommon trap: reason=unstable_if action=reinterpret pc=0x000000000f7b493c method=java.util.HashMap$HashIterator.<init>(Ljava/util/HashMap;)V @ 45
Event: 45.952 Thread 0x0000000009085800 Uncommon trap: reason=unstable_if action=reinterpret pc=0x000000000f794518 method=java.util.HashMap$HashIterator.<init>(Ljava/util/HashMap;)V @ 45
Event: 59.385 Thread 0x0000000009096800 Uncommon trap: reason=unstable_if action=reinterpret pc=0x000000000ffb68a8 method=com.sun.org.apache.xerces.internal.impl.XMLDocumentFragmentScannerImpl$FragmentContentDriver.startOfMarkup()V @ 108
Event: 62.107 Thread 0x0000000009096800 Uncommon trap: reason=class_check action=maybe_recompile pc=0x000000000f1da218 method=java.util.Hashtable.put(Ljava/lang/Object;Ljava/lang/Object;)Ljava/lang/Object; @ 60
Event: 62.107 Thread 0x0000000009096800 Uncommon trap: reason=class_check action=maybe_recompile pc=0x000000000f1da218 method=java.util.Hashtable.put(Ljava/lang/Object;Ljava/lang/Object;)Ljava/lang/Object; @ 60
Event: 62.209 Thread 0x0000000009096800 Uncommon trap: reason=unstable_if action=reinterpret pc=0x000000000fe313b0 method=com.google.common.collect.AbstractMapBasedMultimap.put(Ljava/lang/Object;Ljava/lang/Object;)Z @ 75
Event: 62.302 Thread 0x0000000009096800 Uncommon trap: reason=unstable_if action=reinterpret pc=0x000000000fd2e2a0 method=com.esotericsoftware.kryo.io.Output.writeUtf8Length(I)V @ 4

Internal exceptions (10 events):
Event: 45.850 Thread 0x0000000009085800 Exception <a 'java/lang/NoSuchMethodError': <clinit>> (0x00000000eac50770) thrown at [C:\re\workspace\8-2-build-windows-amd64-cygwin\jdk8u45\3627\hotspot\src\share\vm\prims\jni.cpp, line 1598]
Event: 45.852 Thread 0x0000000009085800 Exception <a 'java/lang/NoSuchMethodError': <clinit>> (0x00000000eac5c670) thrown at [C:\re\workspace\8-2-build-windows-amd64-cygwin\jdk8u45\3627\hotspot\src\share\vm\prims\jni.cpp, line 1598]
Event: 45.880 Thread 0x0000000009085800 Exception <a 'java/lang/NoSuchMethodError': <clinit>> (0x00000000eac7bd80) thrown at [C:\re\workspace\8-2-build-windows-amd64-cygwin\jdk8u45\3627\hotspot\src\share\vm\prims\jni.cpp, line 1598]
Event: 45.881 Thread 0x0000000009085800 Exception <a 'java/lang/NoSuchMethodError': <clinit>> (0x00000000eac872d0) thrown at [C:\re\workspace\8-2-build-windows-amd64-cygwin\jdk8u45\3627\hotspot\src\share\vm\prims\jni.cpp, line 1598]
Event: 45.935 Thread 0x0000000009089000 Exception <a 'java/lang/NoSuchMethodError': <clinit>> (0x00000000ead28f28) thrown at [C:\re\workspace\8-2-build-windows-amd64-cygwin\jdk8u45\3627\hotspot\src\share\vm\prims\jni.cpp, line 1598]
Event: 53.216 Thread 0x000000001ed39000 Exception <a 'java/lang/NoSuchMethodError': <clinit>> (0x00000000eadfcbc0) thrown at [C:\re\workspace\8-2-build-windows-amd64-cygwin\jdk8u45\3627\hotspot\src\share\vm\prims\jni.cpp, line 1598]
Event: 53.225 Thread 0x000000001ed39000 Exception <a 'java/lang/NoSuchMethodError': <clinit>> (0x00000000eae1b080) thrown at [C:\re\workspace\8-2-build-windows-amd64-cygwin\jdk8u45\3627\hotspot\src\share\vm\prims\jni.cpp, line 1598]
Event: 53.787 Thread 0x0000000009096800 Exception <a 'java/lang/ClassNotFoundException': asLocalRepo209_f46di5dcgbyl8djiilepea5uxBeanInfo> (0x00000000eaf52e58) thrown at [C:\re\workspace\8-2-build-windows-amd64-cygwin\jdk8u45\3627\hotspot\src\share\vm\classfile\systemDictionary.cpp, line 210]
Event: 53.788 Thread 0x0000000009096800 Exception <a 'java/lang/ClassNotFoundException': asLocalRepo209_f46di5dcgbyl8djiilepea5uxCustomizer> (0x00000000eaf5ba78) thrown at [C:\re\workspace\8-2-build-windows-amd64-cygwin\jdk8u45\3627\hotspot\src\share\vm\classfile\systemDictionary.cpp, line 210]
Event: 60.021 Thread 0x0000000009096800 Exception <a 'java/lang/reflect/InvocationTargetException'> (0x00000000ee0dc600) thrown at [C:\re\workspace\8-2-build-windows-amd64-cygwin\jdk8u45\3627\hotspot\src\share\vm\runtime\reflection.cpp, line 1080]

Events (10 events):
Event: 62.450 loading class org/gradle/api/internal/changedetection/rules/InputPropertiesStateChangeRule
Event: 62.450 loading class org/gradle/api/internal/changedetection/rules/InputPropertiesStateChangeRule done
Event: 62.450 loading class org/gradle/api/internal/changedetection/rules/InputPropertiesStateChangeRule$1
Event: 62.450 loading class org/gradle/api/internal/changedetection/rules/InputPropertiesStateChangeRule$1 done
Event: 62.451 loading class org/gradle/util/ChangeListener
Event: 62.451 loading class org/gradle/util/ChangeListener done
Event: 62.451 loading class org/gradle/api/internal/changedetection/rules/OutputFilesStateChangeRule
Event: 62.451 loading class org/gradle/api/internal/changedetection/rules/OutputFilesStateChangeRule done
Event: 62.451 loading class org/gradle/api/internal/changedetection/state/OutputFilesCollectionSnapshotter$1
Event: 62.451 loading class org/gradle/api/internal/changedetection/state/OutputFilesCollectionSnapshotter$1 done


Dynamic libraries:
0x00007ff639d50000 - 0x00007ff639d87000 	C:\Program Files\Java\jdk1.8.0_45\bin\java.exe
0x00007ffb85840000 - 0x00007ffb85a01000 	C:\WINDOWS\SYSTEM32\ntdll.dll
0x00007ffb85790000 - 0x00007ffb8583d000 	C:\WINDOWS\system32\KERNEL32.DLL
0x00007ffb82790000 - 0x00007ffb82978000 	C:\WINDOWS\system32\KERNELBASE.dll
0x00007ffb851b0000 - 0x00007ffb85257000 	C:\WINDOWS\system32\ADVAPI32.dll
0x00007ffb853c0000 - 0x00007ffb8545d000 	C:\WINDOWS\system32\msvcrt.dll
0x00007ffb846d0000 - 0x00007ffb8472b000 	C:\WINDOWS\system32\sechost.dll
0x00007ffb84fa0000 - 0x00007ffb850bc000 	C:\WINDOWS\system32\RPCRT4.dll
0x00007ffb84b60000 - 0x00007ffb84cb6000 	C:\WINDOWS\system32\USER32.dll
0x00007ffb82c40000 - 0x00007ffb82dc6000 	C:\WINDOWS\system32\GDI32.dll
0x00007ffb7dff0000 - 0x00007ffb7e264000 	C:\WINDOWS\WinSxS\amd64_microsoft.windows.common-controls_6595b64144ccf1df_6.0.10586.494_none_a2d8b04ea53e3145\COMCTL32.dll
0x00007ffb85460000 - 0x00007ffb856dd000 	C:\WINDOWS\system32\combase.dll
0x00007ffb82980000 - 0x00007ffb829ea000 	C:\WINDOWS\system32\bcryptPrimitives.dll
0x00007ffb845c0000 - 0x00007ffb845fb000 	C:\WINDOWS\system32\IMM32.DLL
0x00007ffb81d50000 - 0x00007ffb81d81000 	C:\Windows\system32\nvinitx.dll
0x00007ffb81d40000 - 0x00007ffb81d4a000 	C:\WINDOWS\SYSTEM32\VERSION.dll
0x000000000f000000 - 0x000000000f006000 	C:\Program Files\NVIDIA Corporation\CoProcManager\_etoured.dll
0x00007ffb7eb00000 - 0x00007ffb7eb32000 	C:\Program Files\NVIDIA Corporation\CoProcManager\nvd3d9wrapx.dll
0x00007ffb84730000 - 0x00007ffb84b59000 	C:\WINDOWS\system32\SETUPAPI.dll
0x00007ffb82bf0000 - 0x00007ffb82c33000 	C:\WINDOWS\system32\CFGMGR32.dll
0x00007ffb7eac0000 - 0x00007ffb7eae2000 	C:\Program Files\NVIDIA Corporation\CoProcManager\nvdxgiwrapx.dll
0x00000000643c0000 - 0x0000000064492000 	C:\Program Files\Java\jdk1.8.0_45\jre\bin\msvcr100.dll
0x00000000656f0000 - 0x0000000065f73000 	C:\Program Files\Java\jdk1.8.0_45\jre\bin\server\jvm.dll
0x00007ffb84330000 - 0x00007ffb84338000 	C:\WINDOWS\system32\PSAPI.DLL
0x00007ffb74960000 - 0x00007ffb74969000 	C:\WINDOWS\SYSTEM32\WSOCK32.dll
0x00007ffb804e0000 - 0x00007ffb80503000 	C:\WINDOWS\SYSTEM32\WINMM.dll
0x00007ffb85120000 - 0x00007ffb8518b000 	C:\WINDOWS\system32\WS2_32.dll
0x0000000000b60000 - 0x0000000000b8c000 	C:\WINDOWS\SYSTEM32\WINMMBASE.dll
0x00000000656e0000 - 0x00000000656ef000 	C:\Program Files\Java\jdk1.8.0_45\jre\bin\verify.dll
0x00000000656b0000 - 0x00000000656d9000 	C:\Program Files\Java\jdk1.8.0_45\jre\bin\java.dll
0x0000000065690000 - 0x00000000656a6000 	C:\Program Files\Java\jdk1.8.0_45\jre\bin\zip.dll
0x00007ffb82dd0000 - 0x00007ffb8432c000 	C:\WINDOWS\system32\SHELL32.dll
0x0000000007330000 - 0x0000000007975000 	C:\WINDOWS\system32\windows.storage.dll
0x00007ffb84560000 - 0x00007ffb845b2000 	C:\WINDOWS\system32\shlwapi.dll
0x00007ffb81eb0000 - 0x00007ffb81ebf000 	C:\WINDOWS\system32\kernel.appcore.dll
0x00007ffb829f0000 - 0x00007ffb82aa5000 	C:\WINDOWS\system32\shcore.dll
0x00007ffb81e60000 - 0x00007ffb81eab000 	C:\WINDOWS\system32\powrprof.dll
0x00007ffb81ec0000 - 0x00007ffb81ed4000 	C:\WINDOWS\system32\profapi.dll
0x0000000065670000 - 0x000000006568a000 	C:\Program Files\Java\jdk1.8.0_45\jre\bin\net.dll
0x00007ffb816e0000 - 0x00007ffb8173c000 	C:\WINDOWS\system32\mswsock.dll
0x0000000065650000 - 0x0000000065661000 	C:\Program Files\Java\jdk1.8.0_45\jre\bin\nio.dll
0x00007ffb62930000 - 0x00007ffb62942000 	C:\Users\Á¤¼·\.gradle\native\19\windows-amd64\native-platform.dll
0x00007ffb7e290000 - 0x00007ffb7e2c8000 	C:\WINDOWS\SYSTEM32\IPHLPAPI.DLL
0x00007ffb851a0000 - 0x00007ffb851a8000 	C:\WINDOWS\system32\NSI.dll
0x00007ffb79310000 - 0x00007ffb79326000 	C:\WINDOWS\SYSTEM32\dhcpcsvc6.DLL
0x00007ffb7bb40000 - 0x00007ffb7bb5a000 	C:\WINDOWS\SYSTEM32\dhcpcsvc.DLL
0x00007ffb81790000 - 0x00007ffb817a7000 	C:\WINDOWS\SYSTEM32\CRYPTSP.dll
0x00007ffb81420000 - 0x00007ffb81454000 	C:\WINDOWS\system32\rsaenh.dll
0x00007ffb81d90000 - 0x00007ffb81db9000 	C:\WINDOWS\SYSTEM32\bcrypt.dll
0x00007ffb81570000 - 0x00007ffb8158f000 	C:\WINDOWS\SYSTEM32\USERENV.dll
0x00007ffb81d30000 - 0x00007ffb81d3b000 	C:\WINDOWS\SYSTEM32\CRYPTBASE.dll
0x0000000064fe0000 - 0x0000000064fed000 	C:\Program Files\Java\jdk1.8.0_45\jre\bin\management.dll
0x00007ffb70450000 - 0x00007ffb705dc000 	C:\WINDOWS\SYSTEM32\dbghelp.dll

VM Arguments:
jvm_args: -XX:MaxPermSize=256m -XX:+HeapDumpOnOutOfMemoryError -Xmx1024m -Dfile.encoding=x-windows-949 -Duser.country=KR -Duser.language=ko -Duser.variant 
java_command: org.gradle.launcher.daemon.bootstrap.GradleDaemon 2.10
java_class_path (initial): C:\Users\Á¤¼·\.gradle\wrapper\dists\gradle-2.10-all\a4w5fzrkeut1ox71xslb49gst\gradle-2.10\lib\gradle-launcher-2.10.jar
Launcher Type: SUN_STANDARD

Environment Variables:
PATH=C:\ProgramData\Oracle\Java\javapath;C:\Program Files (x86)\Wizvera\Delfino;C:\Program Files (x86)\NVIDIA Corporation\PhysX\Common;C:\WINDOWS\system32;C:\WINDOWS;C:\WINDOWS\System32\Wbem;C:\WINDOWS\System32\WindowsPowerShell\v1.0\;C:\Program Files\WIDCOMM\Bluetooth Software\;C:\Program Files\WIDCOMM\Bluetooth Software\syswow64;;C:\Program Files (x86)\Intel\OpenCL SDK\2.0\bin\x86;C:\Program Files (x86)\Intel\OpenCL SDK\2.0\bin\x64;C:\Program Files\Java\jdk1.8.0_45\bin;C:\Program Files\Java\jre1.8.0_45\bin;E:\Android\sdk\platform-tools;C:\Program Files (x86)\Skype\Phone\;C:\Users\Á¤¼·\AppData\Local\Bandizip\7z
USERNAME=Á¤¼·
OS=Windows_NT
PROCESSOR_IDENTIFIER=Intel64 Family 6 Model 42 Stepping 7, GenuineIntel



---------------  S Y S T E M  ---------------

OS: Windows 10.0 , 64 bit Build 10586 (10.0.10586.0)

CPU:total 4 (2 cores per cpu, 2 threads per core) family 6 model 42 stepping 7, cmov, cx8, fxsr, mmx, sse, sse2, sse3, ssse3, sse4.1, sse4.2, popcnt, avx, aes, clmul, ht, tsc, tscinvbit

Memory: 4k page, physical 4104480k(520788k free), swap 5875420k(2244k free)

vm_info: Java HotSpot(TM) 64-Bit Server VM (25.45-b02) for windows-amd64 JRE (1.8.0_45-b15), built on Apr 30 2015 12:40:44 by "java_re" with MS VC++ 10.0 (VS2010)

time: Sat Sep 17 22:50:42 2016
elapsed time: 62 seconds (0d 0h 1m 2s)

