#
# There is insufficient memory for the Java Runtime Environment to continue.
# Native memory allocation (malloc) failed to allocate 1472976 bytes for Chunk::new
# Possible reasons:
#   The system is out of physical RAM or swap space
#   In 32 bit mode, the process size limit was hit
# Possible solutions:
#   Reduce memory load on the system
#   Increase physical memory or swap space
#   Check if swap backing store is full
#   Use 64 bit Java on a 64 bit OS
#   Decrease Java heap size (-Xmx/-Xms)
#   Decrease number of Java threads
#   Decrease Java thread stack sizes (-Xss)
#   Set larger code cache with -XX:ReservedCodeCacheSize=
# This output file may be truncated or incomplete.
#
#  Out of Memory Error (allocation.cpp:390), pid=2936, tid=10416
#
# JRE version: Java(TM) SE Runtime Environment (8.0_45-b15) (build 1.8.0_45-b15)
# Java VM: Java HotSpot(TM) 64-Bit Server VM (25.45-b02 mixed mode windows-amd64 compressed oops)
# Failed to write core dump. Minidumps are not enabled by default on client versions of Windows
#

---------------  T H R E A D  ---------------

Current thread (0x00000000063ae800):  JavaThread "C2 CompilerThread1" daemon [_thread_in_native, id=10416, stack(0x0000000007db0000,0x0000000007eb0000)]

Stack: [0x0000000007db0000,0x0000000007eb0000]
Native frames: (J=compiled Java code, j=interpreted, Vv=VM code, C=native code)
V  [jvm.dll+0x32b57a]
V  [jvm.dll+0x279873]
V  [jvm.dll+0x27a509]
V  [jvm.dll+0x271825]
V  [jvm.dll+0xcb9e2]
V  [jvm.dll+0xcbeac]
V  [jvm.dll+0x476ef2]
V  [jvm.dll+0x4b955f]
V  [jvm.dll+0x46b6b5]
V  [jvm.dll+0x46ccbe]
V  [jvm.dll+0x4500f2]
V  [jvm.dll+0xa4352]
V  [jvm.dll+0xa4c8f]
V  [jvm.dll+0x241984]
V  [jvm.dll+0x29853a]
C  [msvcr100.dll+0x21d9f]
C  [msvcr100.dll+0x21e3b]
C  [KERNEL32.DLL+0x18102]
C  [ntdll.dll+0x5c5b4]


Current CompileTask:
C2:   2844 1284   !   4       com.android.dx.cf.code.BytecodeArray::parseInstruction (2764 bytes)


---------------  P R O C E S S  ---------------

Java Threads: ( => current thread )
  0x0000000007ca5800 JavaThread "pool-1-thread-4" [_thread_in_Java, id=10576, stack(0x00000000085b0000,0x00000000086b0000)]
  0x0000000007ca5000 JavaThread "pool-1-thread-3" [_thread_in_vm, id=4700, stack(0x00000000084b0000,0x00000000085b0000)]
  0x0000000007ca4000 JavaThread "pool-1-thread-2" [_thread_in_Java, id=2392, stack(0x00000000083b0000,0x00000000084b0000)]
  0x0000000007ca3800 JavaThread "pool-2-thread-1" [_thread_blocked, id=9020, stack(0x00000000082b0000,0x00000000083b0000)]
  0x0000000007c9a800 JavaThread "pool-1-thread-1" [_thread_in_Java, id=4744, stack(0x00000000081b0000,0x00000000082b0000)]
  0x0000000007a12000 JavaThread "Service Thread" daemon [_thread_blocked, id=10876, stack(0x0000000007fb0000,0x00000000080b0000)]
  0x0000000007a0a000 JavaThread "C1 CompilerThread2" daemon [_thread_in_native, id=2468, stack(0x0000000007eb0000,0x0000000007fb0000)]
=>0x00000000063ae800 JavaThread "C2 CompilerThread1" daemon [_thread_in_native, id=10416, stack(0x0000000007db0000,0x0000000007eb0000)]
  0x000000000635e000 JavaThread "C2 CompilerThread0" daemon [_thread_in_native, id=8900, stack(0x00000000078b0000,0x00000000079b0000)]
  0x000000000635c000 JavaThread "Attach Listener" daemon [_thread_blocked, id=7008, stack(0x00000000077b0000,0x00000000078b0000)]
  0x000000000635b000 JavaThread "Signal Dispatcher" daemon [_thread_blocked, id=6296, stack(0x00000000076b0000,0x00000000077b0000)]
  0x0000000002c70000 JavaThread "Finalizer" daemon [_thread_blocked, id=7128, stack(0x00000000075b0000,0x00000000076b0000)]
  0x0000000002c6d000 JavaThread "Reference Handler" daemon [_thread_blocked, id=3144, stack(0x00000000074b0000,0x00000000075b0000)]
  0x0000000002b80800 JavaThread "main" [_thread_in_Java, id=8856, stack(0x0000000002a80000,0x0000000002b80000)]

Other Threads:
  0x0000000006318000 VMThread [stack: 0x00000000073b0000,0x00000000074b0000] [id=12480]
  0x0000000007a23800 WatcherThread [stack: 0x00000000080b0000,0x00000000081b0000] [id=5836]

VM state:not at safepoint (normal execution)

VM Mutex/Monitor currently owned by a thread: None

Heap:
 PSYoungGen      total 35328K, used 12886K [0x00000000eab00000, 0x00000000ed000000, 0x0000000100000000)
  eden space 32768K, 31% used [0x00000000eab00000,0x00000000eb51b108,0x00000000ecb00000)
  from space 2560K, 99% used [0x00000000ecd80000,0x00000000ecffa898,0x00000000ed000000)
  to   space 2560K, 0% used [0x00000000ecb00000,0x00000000ecb00000,0x00000000ecd80000)
 ParOldGen       total 44032K, used 2695K [0x00000000c0000000, 0x00000000c2b00000, 0x00000000eab00000)
  object space 44032K, 6% used [0x00000000c0000000,0x00000000c02a1c60,0x00000000c2b00000)
 Metaspace       used 6063K, capacity 6960K, committed 7040K, reserved 1056768K
  class space    used 593K, capacity 616K, committed 640K, reserved 1048576K

Card table byte_map: [0x0000000003040000,0x0000000003250000] byte_map_base: 0x0000000002a40000

Marking Bits: (ParMarkBitMap*) 0x0000000071d94040
 Begin Bits: [0x00000000037b0000, 0x00000000047b0000)
 End Bits:   [0x00000000047b0000, 0x00000000057b0000)

Polling page: 0x0000000000a20000

CodeCache: size=245760Kb used=5283Kb max_used=5283Kb free=240476Kb
 bounds [0x000000000f010000, 0x000000000f540000, 0x000000001e010000]
 total_blobs=1621 nmethods=1350 adapters=183
 compilation: enabled

Compilation events (10 events):
Event: 2.810 Thread 0x0000000007a0a000 1346       3       com.android.dx.ssa.NormalSsaInsn::canThrow (8 bytes)
Event: 2.810 Thread 0x0000000007a0a000 nmethod 1346 0x000000000f52afd0 code [0x000000000f52b160, 0x000000000f52b5a8]
Event: 2.810 Thread 0x0000000007a0a000 1347       3       com.android.dx.ssa.SsaMethod::makeNewGotoBlock (52 bytes)
Event: 2.813 Thread 0x0000000007a0a000 nmethod 1347 0x000000000f52b750 code [0x000000000f52b9a0, 0x000000000f52c7a8]
Event: 2.813 Thread 0x0000000007a0a000 1348       3       com.android.dx.ssa.SsaMethod::getGoto (26 bytes)
Event: 2.813 Thread 0x0000000007a0a000 nmethod 1348 0x000000000f52cf90 code [0x000000000f52d140, 0x000000000f52d6b8]
Event: 2.813 Thread 0x0000000007a0a000 1349       3       com.android.dx.dex.file.DexFile::internIfAppropriate (128 bytes)
Event: 2.815 Thread 0x0000000007a0a000 nmethod 1349 0x000000000f52d910 code [0x000000000f52dbc0, 0x000000000f52f3f8]
Event: 2.815 Thread 0x0000000007a0a000 1350       3       com.android.dx.ssa.SsaMethod::makeExitBlock (134 bytes)
Event: 2.816 Thread 0x0000000007a0a000 nmethod 1350 0x000000000f52fa50 code [0x000000000f52fce0, 0x000000000f530c88]

GC Heap History (4 events):
Event: 1.667 GC heap before
{Heap before GC invocations=1 (full 0):
 PSYoungGen      total 18944K, used 16384K [0x00000000eab00000, 0x00000000ec000000, 0x0000000100000000)
  eden space 16384K, 100% used [0x00000000eab00000,0x00000000ebb00000,0x00000000ebb00000)
  from space 2560K, 0% used [0x00000000ebd80000,0x00000000ebd80000,0x00000000ec000000)
  to   space 2560K, 0% used [0x00000000ebb00000,0x00000000ebb00000,0x00000000ebd80000)
 ParOldGen       total 44032K, used 0K [0x00000000c0000000, 0x00000000c2b00000, 0x00000000eab00000)
  object space 44032K, 0% used [0x00000000c0000000,0x00000000c0000000,0x00000000c2b00000)
 Metaspace       used 5337K, capacity 6288K, committed 6528K, reserved 1056768K
  class space    used 574K, capacity 584K, committed 640K, reserved 1048576K
Event: 1.731 GC heap after
Heap after GC invocations=1 (full 0):
 PSYoungGen      total 18944K, used 2529K [0x00000000eab00000, 0x00000000ed000000, 0x0000000100000000)
  eden space 16384K, 0% used [0x00000000eab00000,0x00000000eab00000,0x00000000ebb00000)
  from space 2560K, 98% used [0x00000000ebb00000,0x00000000ebd785c8,0x00000000ebd80000)
  to   space 2560K, 0% used [0x00000000ecd80000,0x00000000ecd80000,0x00000000ed000000)
 ParOldGen       total 44032K, used 800K [0x00000000c0000000, 0x00000000c2b00000, 0x00000000eab00000)
  object space 44032K, 1% used [0x00000000c0000000,0x00000000c00c8360,0x00000000c2b00000)
 Metaspace       used 5337K, capacity 6288K, committed 6528K, reserved 1056768K
  class space    used 574K, capacity 584K, committed 640K, reserved 1048576K
}
Event: 2.581 GC heap before
{Heap before GC invocations=2 (full 0):
 PSYoungGen      total 18944K, used 18913K [0x00000000eab00000, 0x00000000ed000000, 0x0000000100000000)
  eden space 16384K, 100% used [0x00000000eab00000,0x00000000ebb00000,0x00000000ebb00000)
  from space 2560K, 98% used [0x00000000ebb00000,0x00000000ebd785c8,0x00000000ebd80000)
  to   space 2560K, 0% used [0x00000000ecd80000,0x00000000ecd80000,0x00000000ed000000)
 ParOldGen       total 44032K, used 800K [0x00000000c0000000, 0x00000000c2b00000, 0x00000000eab00000)
  object space 44032K, 1% used [0x00000000c0000000,0x00000000c00c8360,0x00000000c2b00000)
 Metaspace       used 5996K, capacity 6896K, committed 7040K, reserved 1056768K
  class space    used 593K, capacity 616K, committed 640K, reserved 1048576K
Event: 2.641 GC heap after
Heap after GC invocations=2 (full 0):
 PSYoungGen      total 35328K, used 2538K [0x00000000eab00000, 0x00000000ed000000, 0x0000000100000000)
  eden space 32768K, 0% used [0x00000000eab00000,0x00000000eab00000,0x00000000ecb00000)
  from space 2560K, 99% used [0x00000000ecd80000,0x00000000ecffa898,0x00000000ed000000)
  to   space 2560K, 0% used [0x00000000ecb00000,0x00000000ecb00000,0x00000000ecd80000)
 ParOldGen       total 44032K, used 2695K [0x00000000c0000000, 0x00000000c2b00000, 0x00000000eab00000)
  object space 44032K, 6% used [0x00000000c0000000,0x00000000c02a1c60,0x00000000c2b00000)
 Metaspace       used 5996K, capacity 6896K, committed 7040K, reserved 1056768K
  class space    used 593K, capacity 616K, committed 640K, reserved 1048576K
}

Deoptimization events (1 events):
Event: 1.959 Thread 0x0000000007ca5000 Uncommon trap: reason=unstable_if action=reinterpret pc=0x000000000f296d70 method=java.util.BitSet.nextSetBit(I)I @ 87

Internal exceptions (2 events):
Event: 0.256 Thread 0x0000000002b80800 Exception <a 'java/lang/NoSuchMethodError': Method sun.misc.Unsafe.defineClass(Ljava/lang/String;[BII)Ljava/lang/Class; name or signature does not match> (0x00000000eab12f00) thrown at [C:\re\workspace\8-2-build-windows-amd64-cygwin\jdk8u45\3627\hotspot\sr;¢4ÐúcÐ?
Event: 0.256 Thread 0x0000000002b80800 Exception <a 'java/lang/NoSuchMethodError': Method sun.misc.Unsafe.prefetchRead(Ljava/lang/Object;J)V name or signature does not match> (0x00000000eab13190) thrown at [C:\re\workspace\8-2-build-windows-amd64-cygwin\jdk8u45\3627\hotspot\src\share\vm\prims\j

Events (10 events):
Event: 2.129 loading class com/android/dx/rop/code/LocalItem
Event: 2.129 loading class com/android/dx/rop/code/LocalItem done
Event: 2.210 Executing VM operation: ForceSafepoint
Event: 2.242 Executing VM operation: ForceSafepoint done
Event: 2.327 loading class com/android/dx/cf/attrib/AttEnclosingMethod
Event: 2.327 loading class com/android/dx/cf/attrib/AttEnclosingMethod done
Event: 2.334 loading class java/util/DualPivotQuicksort
Event: 2.335 loading class java/util/DualPivotQuicksort done
Event: 2.561 Executing VM operation: ParallelGCFailedAllocation
Event: 2.641 Executing VM operation: ParallelGCFailedAllocation done


Dynamic libraries:
0x00007ff768890000 - 0x00007ff7688c7000 	C:\Program Files\Java\jdk1.8.0_45\bin\java.exe
0x00007ff9fb1b0000 - 0x00007ff9fb371000 	C:\WINDOWS\SYSTEM32\ntdll.dll
0x00007ff9facc0000 - 0x00007ff9fad6d000 	C:\WINDOWS\system32\KERNEL32.DLL
0x00007ff9f8020000 - 0x00007ff9f8208000 	C:\WINDOWS\system32\KERNELBASE.dll
0x00007ff9f9120000 - 0x00007ff9f91c7000 	C:\WINDOWS\system32\ADVAPI32.dll
0x00007ff9fa9f0000 - 0x00007ff9faa8d000 	C:\WINDOWS\system32\msvcrt.dll
0x00007ff9f8a20000 - 0x00007ff9f8a7b000 	C:\WINDOWS\system32\sechost.dll
0x00007ff9faba0000 - 0x00007ff9facbc000 	C:\WINDOWS\system32\RPCRT4.dll
0x00007ff9f8c10000 - 0x00007ff9f8d66000 	C:\WINDOWS\system32\USER32.dll
0x00007ff9f8a80000 - 0x00007ff9f8c06000 	C:\WINDOWS\system32\GDI32.dll
0x00007ff9f37a0000 - 0x00007ff9f3a14000 	C:\WINDOWS\WinSxS\amd64_microsoft.windows.common-controls_6595b64144ccf1df_6.0.10586.494_none_a2d8b04ea53e3145\COMCTL32.dll
0x00007ff9f8620000 - 0x00007ff9f889d000 	C:\WINDOWS\system32\combase.dll
0x00007ff9f78f0000 - 0x00007ff9f795a000 	C:\WINDOWS\system32\bcryptPrimitives.dll
0x00007ff9f8eb0000 - 0x00007ff9f8eeb000 	C:\WINDOWS\system32\IMM32.DLL
0x00007ff9f76c0000 - 0x00007ff9f76f1000 	C:\Windows\system32\nvinitx.dll
0x00007ff9f76b0000 - 0x00007ff9f76ba000 	C:\WINDOWS\SYSTEM32\VERSION.dll
0x000000000f000000 - 0x000000000f006000 	C:\Program Files\NVIDIA Corporation\CoProcManager\_etoured.dll
0x00007ff9f4420000 - 0x00007ff9f4452000 	C:\Program Files\NVIDIA Corporation\CoProcManager\nvd3d9wrapx.dll
0x00007ff9fad70000 - 0x00007ff9fb199000 	C:\WINDOWS\system32\SETUPAPI.dll
0x00007ff9f7fb0000 - 0x00007ff9f7ff3000 	C:\WINDOWS\system32\CFGMGR32.dll
0x00007ff9f3d80000 - 0x00007ff9f3da2000 	C:\Program Files\NVIDIA Corporation\CoProcManager\nvdxgiwrapx.dll
0x0000000071e40000 - 0x0000000071f12000 	C:\Program Files\Java\jdk1.8.0_45\jre\bin\msvcr100.dll
0x0000000071590000 - 0x0000000071e13000 	C:\Program Files\Java\jdk1.8.0_45\jre\bin\server\jvm.dll
0x00007ff9f85b0000 - 0x00007ff9f85b8000 	C:\WINDOWS\system32\PSAPI.DLL
0x00007ff9ea450000 - 0x00007ff9ea459000 	C:\WINDOWS\SYSTEM32\WSOCK32.dll
0x00007ff9f8d70000 - 0x00007ff9f8ddb000 	C:\WINDOWS\system32\WS2_32.dll
0x00007ff9f5e80000 - 0x00007ff9f5ea3000 	C:\WINDOWS\SYSTEM32\WINMM.dll
0x00007ff9f5e50000 - 0x00007ff9f5e7c000 	C:\WINDOWS\SYSTEM32\WINMMBASE.dll
0x0000000071580000 - 0x000000007158f000 	C:\Program Files\Java\jdk1.8.0_45\jre\bin\verify.dll
0x0000000071550000 - 0x0000000071579000 	C:\Program Files\Java\jdk1.8.0_45\jre\bin\java.dll
0x0000000071530000 - 0x0000000071546000 	C:\Program Files\Java\jdk1.8.0_45\jre\bin\zip.dll
0x00007ff9f92e0000 - 0x00007ff9fa83c000 	C:\WINDOWS\system32\SHELL32.dll
0x00007ff9f7960000 - 0x00007ff9f7fa5000 	C:\WINDOWS\system32\windows.storage.dll
0x00007ff9f90c0000 - 0x00007ff9f9112000 	C:\WINDOWS\system32\shlwapi.dll
0x00007ff9f77f0000 - 0x00007ff9f77ff000 	C:\WINDOWS\system32\kernel.appcore.dll
0x00007ff9f83e0000 - 0x00007ff9f8495000 	C:\WINDOWS\system32\shcore.dll
0x00007ff9f7810000 - 0x00007ff9f785b000 	C:\WINDOWS\system32\powrprof.dll
0x00007ff9f77d0000 - 0x00007ff9f77e4000 	C:\WINDOWS\system32\profapi.dll
0x00007ff9e60b0000 - 0x00007ff9e623c000 	C:\WINDOWS\SYSTEM32\dbghelp.dll

VM Arguments:
jvm_args: -Djava.awt.headless=true -Xmx1024M -Dfile.encoding=x-windows-949 -Duser.country=KR -Duser.language=ko -Duser.variant 
java_command: com.android.dx.command.Main --dex --num-threads=4 --output E:\AndroidStudioProjects\CheongwonPay\app\build\intermediates\pre-dexed\debug\com.google.android.gms-play-services-basement-9.4.0_a81f16e87d78799693263534e614e385de224919.jar E:\AndroidStudioProjects\CheongwonPay\app\build\intermediates\exploded-aar\com.google.android.gms\play-services-basement\9.4.0\jars\classes.jar
java_class_path (initial): E:\Android\sdk\build-tools\23.0.2\lib\dx.jar
Launcher Type: SUN_STANDARD

Environment Variables:
PATH=C:\ProgramData\Oracle\Java\javapath;C:\Program Files (x86)\Wizvera\Delfino;C:\Program Files (x86)\NVIDIA Corporation\PhysX\Common;C:\WINDOWS\system32;C:\WINDOWS;C:\WINDOWS\System32\Wbem;C:\WINDOWS\System32\WindowsPowerShell\v1.0\;C:\Program Files\WIDCOMM\Bluetooth Software\;C:\Program Files\WIDCOMM\Bluetooth Software\syswow64;;C:\Program Files (x86)\Intel\OpenCL SDK\2.0\bin\x86;C:\Program Files (x86)\Intel\OpenCL SDK\2.0\bin\x64;C:\Program Files\Java\jdk1.8.0_45\bin;C:\Program Files\Java\jre1.8.0_45\bin;E:\Android\sdk\platform-tools;C:\Program Files (x86)\Skype\Phone\;C:\Users\Á¤¼·\AppData\Local\Bandizip\7z
USERNAME=Á¤¼·
OS=Windows_NT
PROCESSOR_IDENTIFIER=Intel64 Family 6 Model 42 Stepping 7, GenuineIntel



---------------  S Y S T E M  ---------------

OS: Windows 10.0 , 64 bit Build 10586 (10.0.10586.0)

CPU:total 4 (2 cores per cpu, 2 threads per core) family 6 model 42 stepping 7, cmov, cx8, fxsr, mmx, sse, sse2, sse3, ssse3, sse4.1, sse4.2, popcnt, avx, aes, clmul, ht, tsc, tscinvbit

Memory: 4k page, physical 4104480k(792904k free), swap 5866180k(4696k free)

vm_info: Java HotSpot(TM) 64-Bit Server VM (25.45-b02) for windows-amd64 JRE (1.8.0_45-b15), built on Apr 30 2015 12:40:44 by "java_re" with MS VC++ 10.0 (VS2010)

time: Wed Sep 21 02:33:49 2016
elapsed time: 2 seconds (0d 0h 0m 2s)

