#
# There is insufficient memory for the Java Runtime Environment to continue.
# Native memory allocation (malloc) failed to allocate 1221296 bytes for Chunk::new
# Possible reasons:
#   The system is out of physical RAM or swap space
#   In 32 bit mode, the process size limit was hit
# Possible solutions:
#   Reduce memory load on the system
#   Increase physical memory or swap space
#   Check if swap backing store is full
#   Use 64 bit Java on a 64 bit OS
#   Decrease Java heap size (-Xmx/-Xms)
#   Decrease number of Java threads
#   Decrease Java thread stack sizes (-Xss)
#   Set larger code cache with -XX:ReservedCodeCacheSize=
# This output file may be truncated or incomplete.
#
#  Out of Memory Error (allocation.cpp:390), pid=5316, tid=184
#
# JRE version: Java(TM) SE Runtime Environment (8.0_45-b15) (build 1.8.0_45-b15)
# Java VM: Java HotSpot(TM) 64-Bit Server VM (25.45-b02 mixed mode windows-amd64 compressed oops)
# Failed to write core dump. Minidumps are not enabled by default on client versions of Windows
#

---------------  T H R E A D  ---------------

Current thread (0x000000000693c000):  JavaThread "C2 CompilerThread1" daemon [_thread_in_native, id=184, stack(0x0000000008580000,0x0000000008680000)]

Stack: [0x0000000008580000,0x0000000008680000]
Native frames: (J=compiled Java code, j=interpreted, Vv=VM code, C=native code)
V  [jvm.dll+0x32b57a]
V  [jvm.dll+0x279873]
V  [jvm.dll+0x27a509]
V  [jvm.dll+0x271825]
V  [jvm.dll+0xcb9e2]
V  [jvm.dll+0xcbeac]
V  [jvm.dll+0x476ef2]
V  [jvm.dll+0x4b955f]
V  [jvm.dll+0x46baa8]
V  [jvm.dll+0x46ccbe]
V  [jvm.dll+0x4500f2]
V  [jvm.dll+0xa4352]
V  [jvm.dll+0xa4c8f]
V  [jvm.dll+0x241984]
V  [jvm.dll+0x29853a]
C  [msvcr100.dll+0x21d9f]
C  [msvcr100.dll+0x21e3b]
C  [KERNEL32.DLL+0x18102]
C  [ntdll.dll+0x5c5b4]


Current CompileTask:
C2:  10364 1441   !   4       com.android.dx.cf.code.RopperMachine::run (1550 bytes)


---------------  P R O C E S S  ---------------

Java Threads: ( => current thread )
  0x00000000088f0000 JavaThread "pool-2-thread-4" [_thread_in_Java, id=4564, stack(0x0000000009180000,0x0000000009280000)]
  0x00000000088ef000 JavaThread "pool-2-thread-3" [_thread_in_vm, id=1196, stack(0x0000000009080000,0x0000000009180000)]
  0x0000000008881800 JavaThread "pool-2-thread-2" [_thread_in_Java, id=13116, stack(0x0000000008f80000,0x0000000009080000)]
  0x000000000880b800 JavaThread "pool-3-thread-1" [_thread_blocked, id=12880, stack(0x0000000008e80000,0x0000000008f80000)]
  0x0000000008809000 JavaThread "pool-2-thread-1" [_thread_in_Java, id=11752, stack(0x0000000008d80000,0x0000000008e80000)]
  0x00000000086e1000 JavaThread "Service Thread" daemon [_thread_blocked, id=6376, stack(0x0000000008b80000,0x0000000008c80000)]
  0x00000000086da000 JavaThread "C1 CompilerThread2" daemon [_thread_blocked, id=3952, stack(0x0000000008a80000,0x0000000008b80000)]
=>0x000000000693c000 JavaThread "C2 CompilerThread1" daemon [_thread_in_native, id=184, stack(0x0000000008580000,0x0000000008680000)]
  0x00000000068ec000 JavaThread "C2 CompilerThread0" daemon [_thread_blocked, id=3184, stack(0x0000000008480000,0x0000000008580000)]
  0x00000000068ea000 JavaThread "Attach Listener" daemon [_thread_blocked, id=1512, stack(0x0000000008380000,0x0000000008480000)]
  0x0000000006939000 JavaThread "Signal Dispatcher" daemon [_thread_blocked, id=9944, stack(0x0000000008280000,0x0000000008380000)]
  0x0000000003200800 JavaThread "Finalizer" daemon [_thread_blocked, id=12856, stack(0x0000000007b30000,0x0000000007c30000)]
  0x00000000031fd000 JavaThread "Reference Handler" daemon [_thread_blocked, id=3132, stack(0x0000000007a30000,0x0000000007b30000)]
  0x0000000003111000 JavaThread "main" [_thread_in_vm, id=2088, stack(0x0000000003010000,0x0000000003110000)]

Other Threads:
  0x00000000068a8000 VMThread [stack: 0x0000000007930000,0x0000000007a30000] [id=6124]
  0x0000000008702800 WatcherThread [stack: 0x0000000008c80000,0x0000000008d80000] [id=7060]

VM state:not at safepoint (normal execution)

VM Mutex/Monitor currently owned by a thread: None

Heap:
 PSYoungGen      total 35328K, used 27908K [0x00000000eab00000, 0x00000000ed000000, 0x0000000100000000)
  eden space 32768K, 77% used [0x00000000eab00000,0x00000000ec3c6b80,0x00000000ecb00000)
  from space 2560K, 99% used [0x00000000ecd80000,0x00000000ecffa640,0x00000000ed000000)
  to   space 2560K, 0% used [0x00000000ecb00000,0x00000000ecb00000,0x00000000ecd80000)
 ParOldGen       total 44032K, used 4279K [0x00000000c0000000, 0x00000000c2b00000, 0x00000000eab00000)
  object space 44032K, 9% used [0x00000000c0000000,0x00000000c042de40,0x00000000c2b00000)
 Metaspace       used 6010K, capacity 6960K, committed 7040K, reserved 1056768K
  class space    used 593K, capacity 616K, committed 640K, reserved 1048576K

Card table byte_map: [0x00000000035d0000,0x00000000037e0000] byte_map_base: 0x0000000002fd0000

Marking Bits: (ParMarkBitMap*) 0x000000006c934040
 Begin Bits: [0x0000000003d40000, 0x0000000004d40000)
 End Bits:   [0x0000000004d40000, 0x0000000005d40000)

Polling page: 0x0000000000df0000

CodeCache: size=245760Kb used=6485Kb max_used=6498Kb free=239274Kb
 bounds [0x000000000f010000, 0x000000000f680000, 0x000000001e010000]
 total_blobs=1717 nmethods=1446 adapters=184
 compilation: enabled

Compilation events (10 events):
Event: 10.176 Thread 0x00000000086da000 nmethod 1456 0x000000000f64fbd0 code [0x000000000f64fd20, 0x000000000f64fe90]
Event: 10.250 Thread 0x000000000693c000 nmethod 1422 0x000000000f65e910 code [0x000000000f65ec20, 0x000000000f661050]
Event: 10.250 Thread 0x000000000693c000 1441   !   4       com.android.dx.cf.code.RopperMachine::run (1550 bytes)
Event: 10.256 Thread 0x00000000068ec000 nmethod 1433 0x000000000f668610 code [0x000000000f668920, 0x000000000f66b1c8]
Event: 10.256 Thread 0x00000000068ec000 1437       4       com.android.dx.dex.code.OutputFinisher::updateInfo (44 bytes)
Event: 10.272 Thread 0x00000000068ec000 nmethod 1437 0x000000000f664f90 code [0x000000000f665100, 0x000000000f6653d8]
Event: 10.272 Thread 0x00000000068ec000 1442       4       com.android.dx.ssa.SsaMethod::computeReachability (131 bytes)
Event: 10.327 Thread 0x00000000068ec000 nmethod 1442 0x000000000f65a2d0 code [0x000000000f65a480, 0x000000000f65b278]
Event: 10.327 Thread 0x00000000068ec000 1401       4       com.android.dx.rop.code.ThrowingCstInsn::<init> (51 bytes)
Event: 10.330 Thread 0x00000000068ec000 nmethod 1401 0x000000000f664a90 code [0x000000000f664be0, 0x000000000f664d98]

GC Heap History (4 events):
Event: 3.225 GC heap before
{Heap before GC invocations=1 (full 0):
 PSYoungGen      total 18944K, used 16384K [0x00000000eab00000, 0x00000000ec000000, 0x0000000100000000)
  eden space 16384K, 100% used [0x00000000eab00000,0x00000000ebb00000,0x00000000ebb00000)
  from space 2560K, 0% used [0x00000000ebd80000,0x00000000ebd80000,0x00000000ec000000)
  to   space 2560K, 0% used [0x00000000ebb00000,0x00000000ebb00000,0x00000000ebd80000)
 ParOldGen       total 44032K, used 0K [0x00000000c0000000, 0x00000000c2b00000, 0x00000000eab00000)
  object space 44032K, 0% used [0x00000000c0000000,0x00000000c0000000,0x00000000c2b00000)
 Metaspace       used 5795K, capacity 6832K, committed 7040K, reserved 1056768K
  class space    used 587K, capacity 616K, committed 640K, reserved 1048576K
Event: 4.073 GC heap after
Heap after GC invocations=1 (full 0):
 PSYoungGen      total 18944K, used 2553K [0x00000000eab00000, 0x00000000ed000000, 0x0000000100000000)
  eden space 16384K, 0% used [0x00000000eab00000,0x00000000eab00000,0x00000000ebb00000)
  from space 2560K, 99% used [0x00000000ebb00000,0x00000000ebd7e620,0x00000000ebd80000)
  to   space 2560K, 0% used [0x00000000ecd80000,0x00000000ecd80000,0x00000000ed000000)
 ParOldGen       total 44032K, used 1769K [0x00000000c0000000, 0x00000000c2b00000, 0x00000000eab00000)
  object space 44032K, 4% used [0x00000000c0000000,0x00000000c01ba5d0,0x00000000c2b00000)
 Metaspace       used 5795K, capacity 6832K, committed 7040K, reserved 1056768K
  class space    used 587K, capacity 616K, committed 640K, reserved 1048576K
}
Event: 8.191 GC heap before
{Heap before GC invocations=2 (full 0):
 PSYoungGen      total 18944K, used 18937K [0x00000000eab00000, 0x00000000ed000000, 0x0000000100000000)
  eden space 16384K, 100% used [0x00000000eab00000,0x00000000ebb00000,0x00000000ebb00000)
  from space 2560K, 99% used [0x00000000ebb00000,0x00000000ebd7e620,0x00000000ebd80000)
  to   space 2560K, 0% used [0x00000000ecd80000,0x00000000ecd80000,0x00000000ed000000)
 ParOldGen       total 44032K, used 1769K [0x00000000c0000000, 0x00000000c2b00000, 0x00000000eab00000)
  object space 44032K, 4% used [0x00000000c0000000,0x00000000c01ba5d0,0x00000000c2b00000)
 Metaspace       used 5892K, capacity 6896K, committed 7040K, reserved 1056768K
  class space    used 591K, capacity 616K, committed 640K, reserved 1048576K
Event: 8.709 GC heap after
Heap after GC invocations=2 (full 0):
 PSYoungGen      total 35328K, used 2537K [0x00000000eab00000, 0x00000000ed000000, 0x0000000100000000)
  eden space 32768K, 0% used [0x00000000eab00000,0x00000000eab00000,0x00000000ecb00000)
  from space 2560K, 99% used [0x00000000ecd80000,0x00000000ecffa640,0x00000000ed000000)
  to   space 2560K, 0% used [0x00000000ecb00000,0x00000000ecb00000,0x00000000ecd80000)
 ParOldGen       total 44032K, used 4279K [0x00000000c0000000, 0x00000000c2b00000, 0x00000000eab00000)
  object space 44032K, 9% used [0x00000000c0000000,0x00000000c042de40,0x00000000c2b00000)
 Metaspace       used 5892K, capacity 6896K, committed 7040K, reserved 1056768K
  class space    used 591K, capacity 616K, committed 640K, reserved 1048576K
}

Deoptimization events (10 events):
Event: 9.982 Thread 0x0000000008881800 Uncommon trap: reason=bimorphic action=maybe_recompile pc=0x000000000f274354 method=java.util.HashMap.getNode(ILjava/lang/Object;)Ljava/util/HashMap$Node; @ 126
Event: 9.982 Thread 0x0000000008881800 Uncommon trap: reason=bimorphic action=maybe_recompile pc=0x000000000f274354 method=java.util.HashMap.getNode(ILjava/lang/Object;)Ljava/util/HashMap$Node; @ 126
Event: 9.982 Thread 0x0000000008881800 Uncommon trap: reason=bimorphic action=maybe_recompile pc=0x000000000f274354 method=java.util.HashMap.getNode(ILjava/lang/Object;)Ljava/util/HashMap$Node; @ 126
Event: 9.982 Thread 0x0000000008881800 Uncommon trap: reason=bimorphic action=maybe_recompile pc=0x000000000f274354 method=java.util.HashMap.getNode(ILjava/lang/Object;)Ljava/util/HashMap$Node; @ 126
Event: 10.019 Thread 0x00000000088f0000 Uncommon trap: reason=unstable_if action=reinterpret pc=0x000000000f599c5c method=com.android.dx.cf.code.ByteCatchList.listFor(I)Lcom/android/dx/cf/code/ByteCatchList; @ 19
Event: 10.049 Thread 0x00000000088f0000 Uncommon trap: reason=unstable_if action=reinterpret pc=0x000000000f419ff8 method=com.android.dx.cf.code.Ropper.labelToResultIndex(I)I @ 34
Event: 10.049 Thread 0x00000000088f0000 Uncommon trap: reason=unstable_if action=reinterpret pc=0x000000000f5e0dcc method=com.android.dx.ssa.LocalVariableExtractor.processBlock(I)V @ 77
Event: 10.052 Thread 0x00000000088f0000 Uncommon trap: reason=unstable_if action=reinterpret pc=0x000000000f4d2894 method=com.android.dx.util.LabeledList.set(ILcom/android/dx/util/LabeledItem;)V @ 16
Event: 10.067 Thread 0x00000000088ef000 Uncommon trap: reason=unstable_if action=reinterpret pc=0x000000000f45c81c method=com.android.dx.rop.cst.Constant.compareTo(Lcom/android/dx/rop/cst/Constant;)I @ 12
Event: 10.082 Thread 0x00000000088ef000 Uncommon trap: reason=unstable_if action=reinterpret pc=0x000000000f51e134 method=com.android.dx.ssa.SCCP.simulateBranch(Lcom/android/dx/ssa/SsaInsn;)V @ 548

Internal exceptions (4 events):
Event: 0.353 Thread 0x0000000003111000 Exception <a 'java/lang/NoSuchMethodError': Method sun.misc.Unsafe.defineClass(Ljava/lang/String;[BII)Ljava/lang/Class; name or signature does not match> (0x00000000eab12f00) thrown at [C:\re\workspace\8-2-build-windows-amd64-cygwin\jdk8u45\3627\hotspot\srE÷§y∞ù÷?
Event: 0.353 Thread 0x0000000003111000 Exception <a 'java/lang/NoSuchMethodError': Method sun.misc.Unsafe.prefetchRead(Ljava/lang/Object;J)V name or signature does not match> (0x00000000eab13190) thrown at [C:\re\workspace\8-2-build-windows-amd64-cygwin\jdk8u45\3627\hotspot\src\share\vm\prims\jhKx“è@
Event: 4.140 Thread 0x0000000008881800 Implicit null exception at 0x000000000f2e29e4 to 0x000000000f2e4abd
Event: 4.140 Thread 0x0000000008881800 Implicit null exception at 0x000000000f2d7498 to 0x000000000f2d9531

Events (10 events):
Event: 10.052 Thread 0x00000000088f0000 DEOPT PACKING pc=0x000000000f4d2894 sp=0x000000000927eb80
Event: 10.052 Thread 0x00000000088f0000 DEOPT UNPACKING pc=0x000000000f05582a sp=0x000000000927eb68 mode 2
Event: 10.067 Thread 0x00000000088ef000 Uncommon trap: trap_request=0xffffff65 fr.pc=0x000000000f45c81c
Event: 10.067 Thread 0x00000000088ef000 DEOPT PACKING pc=0x000000000f45c81c sp=0x000000000917e260
Event: 10.067 Thread 0x00000000088ef000 DEOPT UNPACKING pc=0x000000000f05582a sp=0x000000000917e200 mode 2
Event: 10.082 Thread 0x00000000088ef000 Uncommon trap: trap_request=0xffffff65 fr.pc=0x000000000f51e134
Event: 10.082 Thread 0x00000000088ef000 DEOPT PACKING pc=0x000000000f51e134 sp=0x000000000917e540
Event: 10.082 Thread 0x00000000088ef000 DEOPT UNPACKING pc=0x000000000f05582a sp=0x000000000917e508 mode 2
Event: 10.172 Thread 0x0000000008809000 DEOPT PACKING pc=0x000000000f401613 sp=0x0000000008e7e830
Event: 10.172 Thread 0x0000000008809000 DEOPT UNPACKING pc=0x000000000f05787f sp=0x0000000008e7e5f8 mode 0


Dynamic libraries:
0x00007ff67cce0000 - 0x00007ff67cd17000 	C:\Program Files\Java\jdk1.8.0_45\bin\java.exe
0x00007ffe8e9c0000 - 0x00007ffe8eb81000 	C:\WINDOWS\SYSTEM32\ntdll.dll
0x00007ffe8c470000 - 0x00007ffe8c51d000 	C:\WINDOWS\system32\KERNEL32.DLL
0x00007ffe8bb40000 - 0x00007ffe8bd28000 	C:\WINDOWS\system32\KERNELBASE.dll
0x00007ffe8e0a0000 - 0x00007ffe8e147000 	C:\WINDOWS\system32\ADVAPI32.dll
0x00007ffe8e240000 - 0x00007ffe8e2dd000 	C:\WINDOWS\system32\msvcrt.dll
0x00007ffe8e960000 - 0x00007ffe8e9bb000 	C:\WINDOWS\system32\sechost.dll
0x00007ffe8df20000 - 0x00007ffe8e03c000 	C:\WINDOWS\system32\RPCRT4.dll
0x00007ffe8bed0000 - 0x00007ffe8c026000 	C:\WINDOWS\system32\USER32.dll
0x00007ffe8e340000 - 0x00007ffe8e4c6000 	C:\WINDOWS\system32\GDI32.dll
0x00007ffe86660000 - 0x00007ffe868d4000 	C:\WINDOWS\WinSxS\amd64_microsoft.windows.common-controls_6595b64144ccf1df_6.0.10586.494_none_a2d8b04ea53e3145\COMCTL32.dll
0x00007ffe8e630000 - 0x00007ffe8e8ad000 	C:\WINDOWS\system32\combase.dll
0x00007ffe8b3a0000 - 0x00007ffe8b40a000 	C:\WINDOWS\system32\bcryptPrimitives.dll
0x00007ffe8e920000 - 0x00007ffe8e95b000 	C:\WINDOWS\system32\IMM32.DLL
0x00007ffe8aec0000 - 0x00007ffe8aef1000 	C:\Windows\system32\nvinitx.dll
0x00007ffe8af30000 - 0x00007ffe8af3a000 	C:\WINDOWS\SYSTEM32\VERSION.dll
0x000000000f000000 - 0x000000000f006000 	C:\Program Files\NVIDIA Corporation\CoProcManager\_etoured.dll
0x00007ffe89320000 - 0x00007ffe89352000 	C:\Program Files\NVIDIA Corporation\CoProcManager\nvd3d9wrapx.dll
0x00007ffe8c030000 - 0x00007ffe8c459000 	C:\WINDOWS\system32\SETUPAPI.dll
0x00007ffe8b350000 - 0x00007ffe8b393000 	C:\WINDOWS\system32\CFGMGR32.dll
0x00007ffe87ea0000 - 0x00007ffe87ec2000 	C:\Program Files\NVIDIA Corporation\CoProcManager\nvdxgiwrapx.dll
0x000000006b340000 - 0x000000006b412000 	C:\Program Files\Java\jdk1.8.0_45\jre\bin\msvcr100.dll
0x000000006c130000 - 0x000000006c9b3000 	C:\Program Files\Java\jdk1.8.0_45\jre\bin\server\jvm.dll
0x00007ffe8c460000 - 0x00007ffe8c468000 	C:\WINDOWS\system32\PSAPI.DLL
0x00007ffe7e890000 - 0x00007ffe7e899000 	C:\WINDOWS\SYSTEM32\WSOCK32.dll
0x00007ffe8de40000 - 0x00007ffe8deab000 	C:\WINDOWS\system32\WS2_32.dll
0x00007ffe892a0000 - 0x00007ffe892c3000 	C:\WINDOWS\SYSTEM32\WINMM.dll
0x00007ffe89050000 - 0x00007ffe8907c000 	C:\WINDOWS\SYSTEM32\WINMMBASE.dll
0x000000006c120000 - 0x000000006c12f000 	C:\Program Files\Java\jdk1.8.0_45\jre\bin\verify.dll
0x000000006c0f0000 - 0x000000006c119000 	C:\Program Files\Java\jdk1.8.0_45\jre\bin\java.dll
0x000000006c0d0000 - 0x000000006c0e6000 	C:\Program Files\Java\jdk1.8.0_45\jre\bin\zip.dll
0x00007ffe8c6d0000 - 0x00007ffe8dc2c000 	C:\WINDOWS\system32\SHELL32.dll
0x0000000007c30000 - 0x0000000008275000 	C:\WINDOWS\system32\windows.storage.dll
0x00007ffe8e2e0000 - 0x00007ffe8e332000 	C:\WINDOWS\system32\shlwapi.dll
0x00007ffe8afe0000 - 0x00007ffe8afef000 	C:\WINDOWS\system32\kernel.appcore.dll
0x00007ffe8b410000 - 0x00007ffe8b4c5000 	C:\WINDOWS\system32\shcore.dll
0x00007ffe8aff0000 - 0x00007ffe8b03b000 	C:\WINDOWS\system32\powrprof.dll
0x00007ffe8b050000 - 0x00007ffe8b064000 	C:\WINDOWS\system32\profapi.dll
0x00007ffe77d00000 - 0x00007ffe77e8c000 	C:\WINDOWS\SYSTEM32\dbghelp.dll

VM Arguments:
jvm_args: -Djava.awt.headless=true -Xmx1024M -Dfile.encoding=x-windows-949 -Duser.country=KR -Duser.language=ko -Duser.variant 
java_command: com.android.dx.command.Main --dex --force-jumbo --num-threads=4 --multi-dex --output E:\AndroidStudioProjects\CheongwonPay\app\build\intermediates\transforms\dex\debug\folders\1000\5\slice_5 E:\AndroidStudioProjects\CheongwonPay\app\build\intermediates\transforms\instantRunSlicer\debug\folders\1\5\slice_5
java_class_path (initial): E:\Android\sdk\build-tools\23.0.3\lib\dx.jar
Launcher Type: SUN_STANDARD

Environment Variables:
PATH=C:\ProgramData\Oracle\Java\javapath;C:\Program Files (x86)\Wizvera\Delfino;C:\Program Files (x86)\NVIDIA Corporation\PhysX\Common;C:\WINDOWS\system32;C:\WINDOWS;C:\WINDOWS\System32\Wbem;C:\WINDOWS\System32\WindowsPowerShell\v1.0\;C:\Program Files\WIDCOMM\Bluetooth Software\;C:\Program Files\WIDCOMM\Bluetooth Software\syswow64;;C:\Program Files (x86)\Intel\OpenCL SDK\2.0\bin\x86;C:\Program Files (x86)\Intel\OpenCL SDK\2.0\bin\x64;C:\Program Files\Java\jdk1.8.0_45\bin;C:\Program Files\Java\jre1.8.0_45\bin;E:\Android\sdk\platform-tools;C:\Program Files (x86)\Skype\Phone\;C:\Users\¡§º∑\AppData\Local\Bandizip\7z
USERNAME=¡§º∑
OS=Windows_NT
PROCESSOR_IDENTIFIER=Intel64 Family 6 Model 42 Stepping 7, GenuineIntel



---------------  S Y S T E M  ---------------

OS: Windows 10.0 , 64 bit Build 10586 (10.0.10586.0)

CPU:total 4 (2 cores per cpu, 2 threads per core) family 6 model 42 stepping 7, cmov, cx8, fxsr, mmx, sse, sse2, sse3, ssse3, sse4.1, sse4.2, popcnt, avx, aes, clmul, ht, tsc, tscinvbit

Memory: 4k page, physical 4104480k(328764k free), swap 6560280k(4296k free)

vm_info: Java HotSpot(TM) 64-Bit Server VM (25.45-b02) for windows-amd64 JRE (1.8.0_45-b15), built on Apr 30 2015 12:40:44 by "java_re" with MS VC++ 10.0 (VS2010)

time: Sat Sep 03 23:30:57 2016
elapsed time: 10 seconds (0d 0h 0m 10s)

