#
# There is insufficient memory for the Java Runtime Environment to continue.
# Native memory allocation (malloc) failed to allocate 131088 bytes for Chunk::new
# Possible reasons:
#   The system is out of physical RAM or swap space
#   In 32 bit mode, the process size limit was hit
# Possible solutions:
#   Reduce memory load on the system
#   Increase physical memory or swap space
#   Check if swap backing store is full
#   Use 64 bit Java on a 64 bit OS
#   Decrease Java heap size (-Xmx/-Xms)
#   Decrease number of Java threads
#   Decrease Java thread stack sizes (-Xss)
#   Set larger code cache with -XX:ReservedCodeCacheSize=
# This output file may be truncated or incomplete.
#
#  Out of Memory Error (allocation.cpp:390), pid=3304, tid=11532
#
# JRE version: Java(TM) SE Runtime Environment (8.0_45-b15) (build 1.8.0_45-b15)
# Java VM: Java HotSpot(TM) 64-Bit Server VM (25.45-b02 mixed mode windows-amd64 compressed oops)
# Failed to write core dump. Minidumps are not enabled by default on client versions of Windows
#

---------------  T H R E A D  ---------------

Current thread (0x0000000007836000):  JavaThread "C2 CompilerThread1" daemon [_thread_in_native, id=11532, stack(0x0000000007be0000,0x0000000007ce0000)]

Stack: [0x0000000007be0000,0x0000000007ce0000]
Native frames: (J=compiled Java code, j=interpreted, Vv=VM code, C=native code)
V  [jvm.dll+0x32b57a]
V  [jvm.dll+0x279873]
V  [jvm.dll+0x27a509]
V  [jvm.dll+0x271825]
V  [jvm.dll+0xcb9e2]
V  [jvm.dll+0xcbeac]
V  [jvm.dll+0xcc204]
V  [jvm.dll+0x4ea280]
V  [jvm.dll+0x4c28a9]
V  [jvm.dll+0x4c45f6]
V  [jvm.dll+0x4c46cf]
V  [jvm.dll+0x4c46e3]
V  [jvm.dll+0x4c46e3]
V  [jvm.dll+0x4c46e3]
V  [jvm.dll+0x4c46e3]
V  [jvm.dll+0x4c4696]
V  [jvm.dll+0x4c46e3]
V  [jvm.dll+0x4c46e3]
V  [jvm.dll+0x4b9ab1]
V  [jvm.dll+0x46baa8]
V  [jvm.dll+0x46ccbe]
V  [jvm.dll+0x4500f2]
V  [jvm.dll+0xa4352]
V  [jvm.dll+0xa4c8f]
V  [jvm.dll+0x241984]
V  [jvm.dll+0x29853a]
C  [msvcr100.dll+0x21d9f]
C  [msvcr100.dll+0x21e3b]
C  [KERNEL32.DLL+0x18102]
C  [ntdll.dll+0x5c5b4]


Current CompileTask:
C2:  17535 1297       4       com.android.dx.rop.code.LocalVariableExtractor::processBlock (327 bytes)


---------------  P R O C E S S  ---------------

Java Threads: ( => current thread )
  0x0000000007a7f800 JavaThread "pool-2-thread-4" [_thread_in_vm, id=8816, stack(0x00000000083e0000,0x00000000084e0000)]
  0x0000000007a7e800 JavaThread "pool-2-thread-3" [_thread_in_Java, id=8392, stack(0x00000000082e0000,0x00000000083e0000)]
  0x0000000007a79800 JavaThread "pool-2-thread-2" [_thread_in_vm, id=10540, stack(0x00000000081e0000,0x00000000082e0000)]
  0x00000000079a3800 JavaThread "pool-3-thread-1" [_thread_blocked, id=8396, stack(0x00000000080e0000,0x00000000081e0000)]
  0x00000000079a1000 JavaThread "pool-2-thread-1" [_thread_in_vm, id=6512, stack(0x0000000007fe0000,0x00000000080e0000)]
  0x0000000007843000 JavaThread "Service Thread" daemon [_thread_blocked, id=9852, stack(0x0000000007de0000,0x0000000007ee0000)]
  0x000000000783a000 JavaThread "C1 CompilerThread2" daemon [_thread_blocked, id=4108, stack(0x0000000007ce0000,0x0000000007de0000)]
=>0x0000000007836000 JavaThread "C2 CompilerThread1" daemon [_thread_in_native, id=11532, stack(0x0000000007be0000,0x0000000007ce0000)]
  0x00000000061e8000 JavaThread "C2 CompilerThread0" daemon [_thread_in_native, id=9412, stack(0x00000000076e0000,0x00000000077e0000)]
  0x000000000619d000 JavaThread "Attach Listener" daemon [_thread_blocked, id=1728, stack(0x00000000075e0000,0x00000000076e0000)]
  0x000000000619b800 JavaThread "Signal Dispatcher" daemon [_thread_blocked, id=5984, stack(0x00000000074e0000,0x00000000075e0000)]
  0x0000000002ab0800 JavaThread "Finalizer" daemon [_thread_blocked, id=1432, stack(0x00000000073e0000,0x00000000074e0000)]
  0x0000000002aad000 JavaThread "Reference Handler" daemon [_thread_blocked, id=9520, stack(0x00000000072e0000,0x00000000073e0000)]
  0x00000000029c1000 JavaThread "main" [_thread_in_vm, id=4320, stack(0x0000000002450000,0x0000000002550000)]

Other Threads:
  0x0000000006158000 VMThread [stack: 0x00000000071e0000,0x00000000072e0000] [id=8740]
  0x000000000785c800 WatcherThread [stack: 0x0000000007ee0000,0x0000000007fe0000] [id=1660]

VM state:synchronizing (normal execution)

VM Mutex/Monitor currently owned by a thread:  ([mutex/lock_event])
[0x0000000000d0c7c0] Safepoint_lock - owner thread: 0x0000000006158000
[0x0000000000d0bfc0] Threads_lock - owner thread: 0x0000000006158000
[0x0000000000d0c740] Heap_lock - owner thread: 0x0000000007a7f800

Heap:
 PSYoungGen      total 18944K, used 18937K [0x00000000eab00000, 0x00000000ed000000, 0x0000000100000000)
  eden space 16384K, 100% used [0x00000000eab00000,0x00000000ebb00000,0x00000000ebb00000)
  from space 2560K, 99% used [0x00000000ebd80000,0x00000000ebffe778,0x00000000ec000000)
  to   space 2560K, 0% used [0x00000000ebb00000,0x00000000ebb00000,0x00000000ebd80000)
 ParOldGen       total 44032K, used 4140K [0x00000000c0000000, 0x00000000c2b00000, 0x00000000eab00000)
  object space 44032K, 9% used [0x00000000c0000000,0x00000000c040b108,0x00000000c2b00000)
 Metaspace       used 5966K, capacity 6960K, committed 7040K, reserved 1056768K
  class space    used 591K, capacity 616K, committed 640K, reserved 1048576K

Card table byte_map: [0x0000000002e80000,0x0000000003090000] byte_map_base: 0x0000000002880000

Marking Bits: (ParMarkBitMap*) 0x0000000070aa4040
 Begin Bits: [0x00000000035f0000, 0x00000000045f0000)
 End Bits:   [0x00000000045f0000, 0x00000000055f0000)

Polling page: 0x0000000000a30000

CodeCache: size=245760Kb used=5596Kb max_used=5596Kb free=240164Kb
 bounds [0x000000000f010000, 0x000000000f590000, 0x000000001e010000]
 total_blobs=1586 nmethods=1315 adapters=184
 compilation: enabled

Compilation events (10 events):
Event: 17.444 Thread 0x000000000783a000 1306       3       com.android.dx.ssa.SsaConverter::edgeSplitPredecessors (44 bytes)
Event: 17.445 Thread 0x000000000783a000 nmethod 1306 0x000000000f5603d0 code [0x000000000f5605e0, 0x000000000f560fa8]
Event: 17.447 Thread 0x000000000783a000 1312       3       com.android.dx.ssa.ConstCollector::getConstsSortedByCountUse (386 bytes)
Event: 17.456 Thread 0x000000000783a000 nmethod 1312 0x000000000f561510 code [0x000000000f561b60, 0x000000000f5665e8]
Event: 17.462 Thread 0x000000000783a000 1314       3       com.android.dx.ssa.SsaMethod::convertRopToSsaBlocks (103 bytes)
Event: 17.464 Thread 0x000000000783a000 nmethod 1314 0x000000000f569350 code [0x000000000f5695c0, 0x000000000f56a788]
Event: 17.467 Thread 0x000000000783a000 1315       3       com.android.dx.ssa.DomFront::<init> (60 bytes)
Event: 17.468 Thread 0x000000000783a000 nmethod 1315 0x000000000f53fc10 code [0x000000000f53fda0, 0x000000000f5403f0]
Event: 17.468 Thread 0x000000000783a000 1316       3       com.android.dx.ssa.DomFront::run (264 bytes)
Event: 17.474 Thread 0x000000000783a000 nmethod 1316 0x000000000f56b190 code [0x000000000f56b700, 0x000000000f56ed68]

GC Heap History (4 events):
Event: 16.137 GC heap before
{Heap before GC invocations=1 (full 0):
 PSYoungGen      total 18944K, used 16384K [0x00000000eab00000, 0x00000000ec000000, 0x0000000100000000)
  eden space 16384K, 100% used [0x00000000eab00000,0x00000000ebb00000,0x00000000ebb00000)
  from space 2560K, 0% used [0x00000000ebd80000,0x00000000ebd80000,0x00000000ec000000)
  to   space 2560K, 0% used [0x00000000ebb00000,0x00000000ebb00000,0x00000000ebd80000)
 ParOldGen       total 44032K, used 0K [0x00000000c0000000, 0x00000000c2b00000, 0x00000000eab00000)
  object space 44032K, 0% used [0x00000000c0000000,0x00000000c0000000,0x00000000c2b00000)
 Metaspace       used 5770K, capacity 6768K, committed 7040K, reserved 1056768K
  class space    used 587K, capacity 616K, committed 640K, reserved 1048576K
Event: 16.243 GC heap after
Heap after GC invocations=1 (full 0):
 PSYoungGen      total 18944K, used 2533K [0x00000000eab00000, 0x00000000ec000000, 0x0000000100000000)
  eden space 16384K, 0% used [0x00000000eab00000,0x00000000eab00000,0x00000000ebb00000)
  from space 2560K, 98% used [0x00000000ebb00000,0x00000000ebd796a8,0x00000000ebd80000)
  to   space 2560K, 0% used [0x00000000ebd80000,0x00000000ebd80000,0x00000000ec000000)
 ParOldGen       total 44032K, used 2072K [0x00000000c0000000, 0x00000000c2b00000, 0x00000000eab00000)
  object space 44032K, 4% used [0x00000000c0000000,0x00000000c02060e8,0x00000000c2b00000)
 Metaspace       used 5770K, capacity 6768K, committed 7040K, reserved 1056768K
  class space    used 587K, capacity 616K, committed 640K, reserved 1048576K
}
Event: 16.792 GC heap before
{Heap before GC invocations=2 (full 0):
 PSYoungGen      total 18944K, used 18917K [0x00000000eab00000, 0x00000000ec000000, 0x0000000100000000)
  eden space 16384K, 100% used [0x00000000eab00000,0x00000000ebb00000,0x00000000ebb00000)
  from space 2560K, 98% used [0x00000000ebb00000,0x00000000ebd796a8,0x00000000ebd80000)
  to   space 2560K, 0% used [0x00000000ebd80000,0x00000000ebd80000,0x00000000ec000000)
 ParOldGen       total 44032K, used 2072K [0x00000000c0000000, 0x00000000c2b00000, 0x00000000eab00000)
  object space 44032K, 4% used [0x00000000c0000000,0x00000000c02060e8,0x00000000c2b00000)
 Metaspace       used 5863K, capacity 6832K, committed 7040K, reserved 1056768K
  class space    used 589K, capacity 616K, committed 640K, reserved 1048576K
Event: 16.917 GC heap after
Heap after GC invocations=2 (full 0):
 PSYoungGen      total 18944K, used 2553K [0x00000000eab00000, 0x00000000ed000000, 0x0000000100000000)
  eden space 16384K, 0% used [0x00000000eab00000,0x00000000eab00000,0x00000000ebb00000)
  from space 2560K, 99% used [0x00000000ebd80000,0x00000000ebffe778,0x00000000ec000000)
  to   space 2560K, 0% used [0x00000000ebb00000,0x00000000ebb00000,0x00000000ebd80000)
 ParOldGen       total 44032K, used 4140K [0x00000000c0000000, 0x00000000c2b00000, 0x00000000eab00000)
  object space 44032K, 9% used [0x00000000c0000000,0x00000000c040b108,0x00000000c2b00000)
 Metaspace       used 5863K, capacity 6832K, committed 7040K, reserved 1056768K
  class space    used 589K, capacity 616K, committed 640K, reserved 1048576K
}

Deoptimization events (10 events):
Event: 16.343 Thread 0x0000000007a7f800 Uncommon trap: reason=class_check action=maybe_recompile pc=0x000000000f3520a4 method=com.android.dx.ssa.NormalSsaInsn.accept(Lcom/android/dx/ssa/SsaInsn$Visitor;)V @ 9
Event: 16.573 Thread 0x00000000079a1000 Uncommon trap: reason=unstable_if action=reinterpret pc=0x000000000f3f5504 method=java.util.HashMap.putVal(ILjava/lang/Object;Ljava/lang/Object;ZZ)Ljava/lang/Object; @ 94
Event: 16.574 Thread 0x00000000079a1000 Uncommon trap: reason=bimorphic action=maybe_recompile pc=0x000000000f2c6574 method=java.util.HashMap.getNode(ILjava/lang/Object;)Ljava/util/HashMap$Node; @ 126
Event: 16.781 Thread 0x0000000007a7f800 Uncommon trap: reason=bimorphic action=maybe_recompile pc=0x000000000f483cc8 method=com.android.dx.cf.code.BytecodeArray.parseInstruction(ILcom/android/dx/cf/code/BytecodeArray$Visitor;)I @ 1357
Event: 16.781 Thread 0x0000000007a7f800 Uncommon trap: reason=bimorphic action=maybe_recompile pc=0x000000000f482d9c method=com.android.dx.cf.code.BytecodeArray.parseInstruction(ILcom/android/dx/cf/code/BytecodeArray$Visitor;)I @ 1597
Event: 16.782 Thread 0x0000000007a7f800 Uncommon trap: reason=bimorphic action=maybe_recompile pc=0x000000000f483cc8 method=com.android.dx.cf.code.BytecodeArray.parseInstruction(ILcom/android/dx/cf/code/BytecodeArray$Visitor;)I @ 1357
Event: 16.782 Thread 0x0000000007a7f800 Uncommon trap: reason=bimorphic action=maybe_recompile pc=0x000000000f482d9c method=com.android.dx.cf.code.BytecodeArray.parseInstruction(ILcom/android/dx/cf/code/BytecodeArray$Visitor;)I @ 1597
Event: 16.948 Thread 0x0000000007a7e800 Uncommon trap: reason=unstable_if action=reinterpret pc=0x000000000f3ffdb8 method=com.android.dx.cf.code.Ropper.labelToResultIndex(I)I @ 34
Event: 17.016 Thread 0x0000000007a79800 Uncommon trap: reason=unstable_if action=reinterpret pc=0x000000000f382abc method=com.android.dx.rop.code.RegisterSpecSet.put(Lcom/android/dx/rop/code/RegisterSpec;)V @ 77
Event: 17.105 Thread 0x00000000079a1000 Uncommon trap: reason=unstable_if action=reinterpret pc=0x000000000f26caf4 method=java.util.BitSet.ensureCapacity(I)V @ 6

Internal exceptions (3 events):
Event: 3.357 Thread 0x00000000029c1000 Exception <a 'java/lang/NoSuchMethodError': Method sun.misc.Unsafe.defineClass(Ljava/lang/String;[BII)Ljava/lang/Class; name or signature does not match> (0x00000000eab12f00) thrown at [C:\re\workspace\8-2-build-windows-amd64-cygwin\jdk8u45\3627\hotspot\sr.‘g:ÕÚ
@
Event: 3.357 Thread 0x00000000029c1000 Exception <a 'java/lang/NoSuchMethodError': Method sun.misc.Unsafe.prefetchRead(Ljava/lang/Object;J)V name or signature does not match> (0x00000000eab13190) thrown at [C:\re\workspace\8-2-build-windows-amd64-cygwin\jdk8u45\3627\hotspot\src\share\vm\prims\jãÔ”¿Õ.@
Event: 15.417 Thread 0x00000000029c1000 Implicit null exception at 0x000000000f28fe11 to 0x000000000f29260d

Events (10 events):
Event: 16.948 Thread 0x0000000007a7e800 DEOPT PACKING pc=0x000000000f3ffdb8 sp=0x00000000083de9d0
Event: 16.948 Thread 0x0000000007a7e800 DEOPT UNPACKING pc=0x000000000f05582a sp=0x00000000083de978 mode 2
Event: 17.016 Thread 0x0000000007a79800 Uncommon trap: trap_request=0xffffff65 fr.pc=0x000000000f382abc
Event: 17.016 Thread 0x0000000007a79800 DEOPT PACKING pc=0x000000000f382abc sp=0x00000000082deed0
Event: 17.016 Thread 0x0000000007a79800 DEOPT UNPACKING pc=0x000000000f05582a sp=0x00000000082dedf0 mode 2
Event: 17.105 Thread 0x00000000079a1000 Uncommon trap: trap_request=0xffffff65 fr.pc=0x000000000f26caf4
Event: 17.105 Thread 0x00000000079a1000 DEOPT PACKING pc=0x000000000f26caf4 sp=0x00000000080de830
Event: 17.105 Thread 0x00000000079a1000 DEOPT UNPACKING pc=0x000000000f05582a sp=0x00000000080de708 mode 2
Event: 17.456 Thread 0x0000000007a7e800 DEOPT PACKING pc=0x000000000f362bad sp=0x00000000083de720
Event: 17.456 Thread 0x0000000007a7e800 DEOPT UNPACKING pc=0x000000000f05787f sp=0x00000000083de500 mode 0


Dynamic libraries:
0x00007ff6a59c0000 - 0x00007ff6a59f7000 	C:\Program Files\Java\jdk1.8.0_45\bin\java.exe
0x00007ff8e4290000 - 0x00007ff8e4451000 	C:\WINDOWS\SYSTEM32\ntdll.dll
0x00007ff8e41d0000 - 0x00007ff8e427d000 	C:\WINDOWS\system32\KERNEL32.DLL
0x00007ff8e13f0000 - 0x00007ff8e15d8000 	C:\WINDOWS\system32\KERNELBASE.dll
0x00007ff8e3fa0000 - 0x00007ff8e4047000 	C:\WINDOWS\system32\ADVAPI32.dll
0x00007ff8e3500000 - 0x00007ff8e359d000 	C:\WINDOWS\system32\msvcrt.dll
0x00007ff8e1a50000 - 0x00007ff8e1aab000 	C:\WINDOWS\system32\sechost.dll
0x00007ff8e33e0000 - 0x00007ff8e34fc000 	C:\WINDOWS\system32\RPCRT4.dll
0x00007ff8e36f0000 - 0x00007ff8e3846000 	C:\WINDOWS\system32\USER32.dll
0x00007ff8e16a0000 - 0x00007ff8e1826000 	C:\WINDOWS\system32\GDI32.dll
0x00007ff8da840000 - 0x00007ff8daab4000 	C:\WINDOWS\WinSxS\amd64_microsoft.windows.common-controls_6595b64144ccf1df_6.0.10586.494_none_a2d8b04ea53e3145\COMCTL32.dll
0x00007ff8e3c80000 - 0x00007ff8e3efd000 	C:\WINDOWS\system32\combase.dll
0x00007ff8e10f0000 - 0x00007ff8e115a000 	C:\WINDOWS\system32\bcryptPrimitives.dll
0x00007ff8e3f00000 - 0x00007ff8e3f3b000 	C:\WINDOWS\system32\IMM32.DLL
0x00007ff8e07a0000 - 0x00007ff8e07d1000 	C:\Windows\system32\nvinitx.dll
0x00007ff8e0790000 - 0x00007ff8e079a000 	C:\WINDOWS\SYSTEM32\VERSION.dll
0x000000000f000000 - 0x000000000f006000 	C:\Program Files\NVIDIA Corporation\CoProcManager\_etoured.dll
0x00007ff8dd900000 - 0x00007ff8dd932000 	C:\Program Files\NVIDIA Corporation\CoProcManager\nvd3d9wrapx.dll
0x00007ff8e3850000 - 0x00007ff8e3c79000 	C:\WINDOWS\system32\SETUPAPI.dll
0x00007ff8e11d0000 - 0x00007ff8e1213000 	C:\WINDOWS\system32\CFGMGR32.dll
0x00007ff8dd6c0000 - 0x00007ff8dd6e2000 	C:\Program Files\NVIDIA Corporation\CoProcManager\nvdxgiwrapx.dll
0x000000006fad0000 - 0x000000006fba2000 	C:\Program Files\Java\jdk1.8.0_45\jre\bin\msvcr100.dll
0x00000000702a0000 - 0x0000000070b23000 	C:\Program Files\Java\jdk1.8.0_45\jre\bin\server\jvm.dll
0x00007ff8e1690000 - 0x00007ff8e1698000 	C:\WINDOWS\system32\PSAPI.DLL
0x00007ff8d2540000 - 0x00007ff8d2549000 	C:\WINDOWS\SYSTEM32\WSOCK32.dll
0x00007ff8e32c0000 - 0x00007ff8e332b000 	C:\WINDOWS\system32\WS2_32.dll
0x00007ff8dec60000 - 0x00007ff8dec83000 	C:\WINDOWS\SYSTEM32\WINMM.dll
0x00007ff8dec30000 - 0x00007ff8dec5c000 	C:\WINDOWS\SYSTEM32\WINMMBASE.dll
0x0000000070290000 - 0x000000007029f000 	C:\Program Files\Java\jdk1.8.0_45\jre\bin\verify.dll
0x0000000070260000 - 0x0000000070289000 	C:\Program Files\Java\jdk1.8.0_45\jre\bin\java.dll
0x0000000070240000 - 0x0000000070256000 	C:\Program Files\Java\jdk1.8.0_45\jre\bin\zip.dll
0x00007ff8e1d60000 - 0x00007ff8e32bc000 	C:\WINDOWS\system32\SHELL32.dll
0x00007ff8e0a10000 - 0x00007ff8e1055000 	C:\WINDOWS\system32\windows.storage.dll
0x00007ff8e3f40000 - 0x00007ff8e3f92000 	C:\WINDOWS\system32\shlwapi.dll
0x00007ff8e1190000 - 0x00007ff8e119f000 	C:\WINDOWS\system32\kernel.appcore.dll
0x00007ff8e08f0000 - 0x00007ff8e09a5000 	C:\WINDOWS\system32\shcore.dll
0x00007ff8e08a0000 - 0x00007ff8e08eb000 	C:\WINDOWS\system32\powrprof.dll
0x00007ff8e1170000 - 0x00007ff8e1184000 	C:\WINDOWS\system32\profapi.dll
0x00007ff8ce740000 - 0x00007ff8ce8cc000 	C:\WINDOWS\SYSTEM32\dbghelp.dll

VM Arguments:
jvm_args: -Djava.awt.headless=true -Xmx1024M -Dfile.encoding=x-windows-949 -Duser.country=KR -Duser.language=ko -Duser.variant 
java_command: com.android.dx.command.Main --dex --force-jumbo --num-threads=4 --multi-dex --output E:\AndroidStudioProjects\CheongwonPay\app\build\intermediates\transforms\dex\debug\folders\1000\5\slice_8 E:\AndroidStudioProjects\CheongwonPay\app\build\intermediates\transforms\instantRunSlicer\debug\folders\1\5\slice_8
java_class_path (initial): E:\Android\sdk\build-tools\23.0.3\lib\dx.jar
Launcher Type: SUN_STANDARD

Environment Variables:
PATH=C:\ProgramData\Oracle\Java\javapath;C:\Program Files (x86)\Wizvera\Delfino;C:\Program Files (x86)\NVIDIA Corporation\PhysX\Common;C:\WINDOWS\system32;C:\WINDOWS;C:\WINDOWS\System32\Wbem;C:\WINDOWS\System32\WindowsPowerShell\v1.0\;C:\Program Files\WIDCOMM\Bluetooth Software\;C:\Program Files\WIDCOMM\Bluetooth Software\syswow64;;C:\Program Files (x86)\Intel\OpenCL SDK\2.0\bin\x86;C:\Program Files (x86)\Intel\OpenCL SDK\2.0\bin\x64;C:\Program Files\Java\jdk1.8.0_45\bin;C:\Program Files\Java\jre1.8.0_45\bin;E:\Android\sdk\platform-tools;C:\Program Files (x86)\Skype\Phone\;C:\Users\Á¤¼·\AppData\Local\Bandizip\7z
USERNAME=Á¤¼·
OS=Windows_NT
PROCESSOR_IDENTIFIER=Intel64 Family 6 Model 42 Stepping 7, GenuineIntel



---------------  S Y S T E M  ---------------

OS: Windows 10.0 , 64 bit Build 10586 (10.0.10586.0)

CPU:total 4 (2 cores per cpu, 2 threads per core) family 6 model 42 stepping 7, cmov, cx8, fxsr, mmx, sse, sse2, sse3, ssse3, sse4.1, sse4.2, popcnt, avx, aes, clmul, ht, tsc, tscinvbit

Memory: 4k page, physical 4104480k(297620k free), swap 6958012k(4324k free)

vm_info: Java HotSpot(TM) 64-Bit Server VM (25.45-b02) for windows-amd64 JRE (1.8.0_45-b15), built on Apr 30 2015 12:40:44 by "java_re" with MS VC++ 10.0 (VS2010)

time: Mon Aug 22 04:16:44 2016
elapsed time: 17 seconds (0d 0h 0m 17s)

