#
# There is insufficient memory for the Java Runtime Environment to continue.
# Native memory allocation (malloc) failed to allocate 401776 bytes for Chunk::new
# Possible reasons:
#   The system is out of physical RAM or swap space
#   In 32 bit mode, the process size limit was hit
# Possible solutions:
#   Reduce memory load on the system
#   Increase physical memory or swap space
#   Check if swap backing store is full
#   Use 64 bit Java on a 64 bit OS
#   Decrease Java heap size (-Xmx/-Xms)
#   Decrease number of Java threads
#   Decrease Java thread stack sizes (-Xss)
#   Set larger code cache with -XX:ReservedCodeCacheSize=
# This output file may be truncated or incomplete.
#
#  Out of Memory Error (allocation.cpp:390), pid=1088, tid=6784
#
# JRE version: Java(TM) SE Runtime Environment (8.0_45-b15) (build 1.8.0_45-b15)
# Java VM: Java HotSpot(TM) 64-Bit Server VM (25.45-b02 mixed mode windows-amd64 compressed oops)
# Failed to write core dump. Minidumps are not enabled by default on client versions of Windows
#

---------------  T H R E A D  ---------------

Current thread (0x000000000692a000):  JavaThread "C2 CompilerThread0" daemon [_thread_in_native, id=6784, stack(0x0000000008470000,0x0000000008570000)]

Stack: [0x0000000008470000,0x0000000008570000]
Native frames: (J=compiled Java code, j=interpreted, Vv=VM code, C=native code)
V  [jvm.dll+0x32b57a]


Current CompileTask:
C2:   4885 1105       4       com.android.dx.ssa.back.LivenessAnalyzer::handleTailRecursion (94 bytes)


---------------  P R O C E S S  ---------------

Java Threads: ( => current thread )
  0x0000000008872000 JavaThread "pool-2-thread-4" [_thread_blocked, id=6040, stack(0x0000000009170000,0x0000000009270000)]
  0x0000000008871800 JavaThread "pool-2-thread-3" [_thread_blocked, id=11884, stack(0x0000000009070000,0x0000000009170000)]
  0x0000000008871000 JavaThread "pool-2-thread-2" [_thread_blocked, id=8904, stack(0x0000000008f70000,0x0000000009070000)]
  0x0000000008870000 JavaThread "pool-3-thread-1" [_thread_blocked, id=4776, stack(0x0000000008e70000,0x0000000008f70000)]
  0x000000000886d800 JavaThread "pool-2-thread-1" [_thread_blocked, id=8412, stack(0x0000000008d70000,0x0000000008e70000)]
  0x00000000085d3800 JavaThread "Service Thread" daemon [_thread_blocked, id=6616, stack(0x0000000008b70000,0x0000000008c70000)]
  0x00000000085cb000 JavaThread "C1 CompilerThread2" daemon [_thread_in_native, id=3084, stack(0x0000000008a70000,0x0000000008b70000)]
  0x000000000692d000 JavaThread "C2 CompilerThread1" daemon [_thread_in_native, id=5856, stack(0x0000000008970000,0x0000000008a70000)]
=>0x000000000692a000 JavaThread "C2 CompilerThread0" daemon [_thread_in_native, id=6784, stack(0x0000000008470000,0x0000000008570000)]
  0x00000000068de000 JavaThread "Attach Listener" daemon [_thread_blocked, id=6656, stack(0x0000000008370000,0x0000000008470000)]
  0x00000000068dd000 JavaThread "Signal Dispatcher" daemon [_thread_blocked, id=1368, stack(0x0000000008270000,0x0000000008370000)]
  0x00000000031f2800 JavaThread "Finalizer" daemon [_thread_blocked, id=11508, stack(0x0000000007b20000,0x0000000007c20000)]
  0x00000000031ef800 JavaThread "Reference Handler" daemon [_thread_blocked, id=10456, stack(0x0000000007a20000,0x0000000007b20000)]
  0x0000000003100800 JavaThread "main" [_thread_in_Java, id=5528, stack(0x0000000003000000,0x0000000003100000)]

Other Threads:
  0x0000000006897000 VMThread [stack: 0x0000000007920000,0x0000000007a20000] [id=10272]
  0x00000000085e5000 WatcherThread [stack: 0x0000000008c70000,0x0000000008d70000] [id=9632]

VM state:not at safepoint (normal execution)

VM Mutex/Monitor currently owned by a thread: None

Heap:
 PSYoungGen      total 18944K, used 13154K [0x00000000eab00000, 0x00000000ec000000, 0x0000000100000000)
  eden space 16384K, 66% used [0x00000000eab00000,0x00000000eb5ad100,0x00000000ebb00000)
  from space 2560K, 99% used [0x00000000ebb00000,0x00000000ebd7d6e8,0x00000000ebd80000)
  to   space 2560K, 0% used [0x00000000ebd80000,0x00000000ebd80000,0x00000000ec000000)
 ParOldGen       total 44032K, used 747K [0x00000000c0000000, 0x00000000c2b00000, 0x00000000eab00000)
  object space 44032K, 1% used [0x00000000c0000000,0x00000000c00bafc0,0x00000000c2b00000)
 Metaspace       used 5905K, capacity 6832K, committed 7040K, reserved 1056768K
  class space    used 593K, capacity 616K, committed 640K, reserved 1048576K

Card table byte_map: [0x00000000035c0000,0x00000000037d0000] byte_map_base: 0x0000000002fc0000

Marking Bits: (ParMarkBitMap*) 0x000000006c934040
 Begin Bits: [0x0000000003d30000, 0x0000000004d30000)
 End Bits:   [0x0000000004d30000, 0x0000000005d30000)

Polling page: 0x00000000010f0000

CodeCache: size=245760Kb used=4312Kb max_used=4312Kb free=241447Kb
 bounds [0x000000000f010000, 0x000000000f450000, 0x000000001e010000]
 total_blobs=1403 nmethods=1132 adapters=184
 compilation: enabled

Compilation events (10 events):
Event: 4.857 Thread 0x00000000085cb000 nmethod 1083 0x000000000f41cd90 code [0x000000000f41cf00, 0x000000000f41d108]
Event: 4.857 Thread 0x00000000085cb000 1111       3       com.android.dx.dex.code.FixedSizeInsn::<init> (8 bytes)
Event: 4.857 Thread 0x00000000085cb000 nmethod 1111 0x000000000f41e6d0 code [0x000000000f41e840, 0x000000000f41e9c8]
Event: 4.857 Thread 0x00000000085cb000 1112       3       com.android.dx.cf.code.ByteBlock::<init> (181 bytes)
Event: 4.857 Thread 0x000000000692a000 nmethod 1082 0x000000000f420890 code [0x000000000f420a20, 0x000000000f4210e8]
Event: 4.857 Thread 0x000000000692a000 1105       4       com.android.dx.ssa.back.LivenessAnalyzer::handleTailRecursion (94 bytes)
Event: 4.858 Thread 0x00000000085cb000 nmethod 1112 0x000000000f421750 code [0x000000000f421a20, 0x000000000f422d28]
Event: 4.858 Thread 0x00000000085cb000 1113       3       com.android.dx.cf.code.ByteBlockList::set (7 bytes)
Event: 4.859 Thread 0x00000000085cb000 nmethod 1113 0x000000000f41e350 code [0x000000000f41e4c0, 0x000000000f41e648]
Event: 4.859 Thread 0x00000000085cb000 1118   !   3       com.android.dx.cf.code.Ropper::processBlock (1101 bytes)

GC Heap History (2 events):
Event: 3.344 GC heap before
{Heap before GC invocations=1 (full 0):
 PSYoungGen      total 18944K, used 16384K [0x00000000eab00000, 0x00000000ec000000, 0x0000000100000000)
  eden space 16384K, 100% used [0x00000000eab00000,0x00000000ebb00000,0x00000000ebb00000)
  from space 2560K, 0% used [0x00000000ebd80000,0x00000000ebd80000,0x00000000ec000000)
  to   space 2560K, 0% used [0x00000000ebb00000,0x00000000ebb00000,0x00000000ebd80000)
 ParOldGen       total 44032K, used 0K [0x00000000c0000000, 0x00000000c2b00000, 0x00000000eab00000)
  object space 44032K, 0% used [0x00000000c0000000,0x00000000c0000000,0x00000000c2b00000)
 Metaspace       used 5366K, capacity 6384K, committed 6528K, reserved 1056768K
  class space    used 582K, capacity 616K, committed 640K, reserved 1048576K
Event: 3.448 GC heap after
Heap after GC invocations=1 (full 0):
 PSYoungGen      total 18944K, used 2549K [0x00000000eab00000, 0x00000000ec000000, 0x0000000100000000)
  eden space 16384K, 0% used [0x00000000eab00000,0x00000000eab00000,0x00000000ebb00000)
  from space 2560K, 99% used [0x00000000ebb00000,0x00000000ebd7d6e8,0x00000000ebd80000)
  to   space 2560K, 0% used [0x00000000ebd80000,0x00000000ebd80000,0x00000000ec000000)
 ParOldGen       total 44032K, used 747K [0x00000000c0000000, 0x00000000c2b00000, 0x00000000eab00000)
  object space 44032K, 1% used [0x00000000c0000000,0x00000000c00bafc0,0x00000000c2b00000)
 Metaspace       used 5366K, capacity 6384K, committed 6528K, reserved 1056768K
  class space    used 582K, capacity 616K, committed 640K, reserved 1048576K
}

Deoptimization events (2 events):
Event: 2.232 Thread 0x0000000003100800 Uncommon trap: reason=unstable_if action=reinterpret pc=0x000000000f1767d4 method=java.lang.String.compareTo(Ljava/lang/String;)I @ 38
Event: 4.847 Thread 0x0000000008871800 Uncommon trap: reason=unstable_if action=reinterpret pc=0x000000000f38c95c method=com.android.dx.rop.cst.Constant.compareTo(Lcom/android/dx/rop/cst/Constant;)I @ 12

Internal exceptions (2 events):
Event: 0.232 Thread 0x0000000003100800 Exception <a 'java/lang/NoSuchMethodError': Method sun.misc.Unsafe.defineClass(Ljava/lang/String;[BII)Ljava/lang/Class; name or signature does not match> (0x00000000eab12f00) thrown at [C:\re\workspace\8-2-build-windows-amd64-cygwin\jdk8u45\3627\hotspot\srz#ï¾Í?
Event: 0.232 Thread 0x0000000003100800 Exception <a 'java/lang/NoSuchMethodError': Method sun.misc.Unsafe.prefetchRead(Ljava/lang/Object;J)V name or signature does not match> (0x00000000eab13190) thrown at [C:\re\workspace\8-2-build-windows-amd64-cygwin\jdk8u45\3627\hotspot\src\share\vm\prims\j

Events (10 events):
Event: 4.586 loading class java/util/TreeMap$EntrySet done
Event: 4.586 loading class java/util/TreeMap$EntryIterator
Event: 4.586 loading class java/util/TreeMap$EntryIterator done
Event: 4.586 Executing VM operation: Deoptimize
Event: 4.833 Executing VM operation: Deoptimize done
Event: 4.834 loading class java/util/DualPivotQuicksort
Event: 4.834 loading class java/util/DualPivotQuicksort done
Event: 4.847 Thread 0x0000000008871800 Uncommon trap: trap_request=0xffffff65 fr.pc=0x000000000f38c95c
Event: 4.847 Thread 0x0000000008871800 DEOPT PACKING pc=0x000000000f38c95c sp=0x000000000916e680
Event: 4.847 Thread 0x0000000008871800 DEOPT UNPACKING pc=0x000000000f05582a sp=0x000000000916e620 mode 2


Dynamic libraries:
0x00007ff67cce0000 - 0x00007ff67cd17000 	C:\Program Files\Java\jdk1.8.0_45\bin\java.exe
0x00007ffe8e9c0000 - 0x00007ffe8eb81000 	C:\WINDOWS\SYSTEM32\ntdll.dll
0x00007ffe8c470000 - 0x00007ffe8c51d000 	C:\WINDOWS\system32\KERNEL32.DLL
0x00007ffe8bb40000 - 0x00007ffe8bd28000 	C:\WINDOWS\system32\KERNELBASE.dll
0x00007ffe8e0a0000 - 0x00007ffe8e147000 	C:\WINDOWS\system32\ADVAPI32.dll
0x00007ffe8e240000 - 0x00007ffe8e2dd000 	C:\WINDOWS\system32\msvcrt.dll
0x00007ffe8e960000 - 0x00007ffe8e9bb000 	C:\WINDOWS\system32\sechost.dll
0x00007ffe8df20000 - 0x00007ffe8e03c000 	C:\WINDOWS\system32\RPCRT4.dll
0x00007ffe8bed0000 - 0x00007ffe8c026000 	C:\WINDOWS\system32\USER32.dll
0x00007ffe8e340000 - 0x00007ffe8e4c6000 	C:\WINDOWS\system32\GDI32.dll
0x00007ffe86660000 - 0x00007ffe868d4000 	C:\WINDOWS\WinSxS\amd64_microsoft.windows.common-controls_6595b64144ccf1df_6.0.10586.494_none_a2d8b04ea53e3145\COMCTL32.dll
0x00007ffe8e630000 - 0x00007ffe8e8ad000 	C:\WINDOWS\system32\combase.dll
0x00007ffe8b3a0000 - 0x00007ffe8b40a000 	C:\WINDOWS\system32\bcryptPrimitives.dll
0x00007ffe8e920000 - 0x00007ffe8e95b000 	C:\WINDOWS\system32\IMM32.DLL
0x00007ffe8aec0000 - 0x00007ffe8aef1000 	C:\Windows\system32\nvinitx.dll
0x00007ffe8af30000 - 0x00007ffe8af3a000 	C:\WINDOWS\SYSTEM32\VERSION.dll
0x000000000f000000 - 0x000000000f006000 	C:\Program Files\NVIDIA Corporation\CoProcManager\_etoured.dll
0x00007ffe89320000 - 0x00007ffe89352000 	C:\Program Files\NVIDIA Corporation\CoProcManager\nvd3d9wrapx.dll
0x00007ffe8c030000 - 0x00007ffe8c459000 	C:\WINDOWS\system32\SETUPAPI.dll
0x00007ffe8b350000 - 0x00007ffe8b393000 	C:\WINDOWS\system32\CFGMGR32.dll
0x00007ffe87ea0000 - 0x00007ffe87ec2000 	C:\Program Files\NVIDIA Corporation\CoProcManager\nvdxgiwrapx.dll
0x000000006b340000 - 0x000000006b412000 	C:\Program Files\Java\jdk1.8.0_45\jre\bin\msvcr100.dll
0x000000006c130000 - 0x000000006c9b3000 	C:\Program Files\Java\jdk1.8.0_45\jre\bin\server\jvm.dll
0x00007ffe8c460000 - 0x00007ffe8c468000 	C:\WINDOWS\system32\PSAPI.DLL
0x00007ffe7e890000 - 0x00007ffe7e899000 	C:\WINDOWS\SYSTEM32\WSOCK32.dll
0x00007ffe892a0000 - 0x00007ffe892c3000 	C:\WINDOWS\SYSTEM32\WINMM.dll
0x00007ffe8de40000 - 0x00007ffe8deab000 	C:\WINDOWS\system32\WS2_32.dll
0x00007ffe89050000 - 0x00007ffe8907c000 	C:\WINDOWS\SYSTEM32\WINMMBASE.dll
0x000000006c120000 - 0x000000006c12f000 	C:\Program Files\Java\jdk1.8.0_45\jre\bin\verify.dll
0x000000006c0f0000 - 0x000000006c119000 	C:\Program Files\Java\jdk1.8.0_45\jre\bin\java.dll
0x000000006c0d0000 - 0x000000006c0e6000 	C:\Program Files\Java\jdk1.8.0_45\jre\bin\zip.dll
0x00007ffe8c6d0000 - 0x00007ffe8dc2c000 	C:\WINDOWS\system32\SHELL32.dll
0x0000000007c20000 - 0x0000000008265000 	C:\WINDOWS\system32\windows.storage.dll
0x00007ffe8e2e0000 - 0x00007ffe8e332000 	C:\WINDOWS\system32\shlwapi.dll
0x00007ffe8afe0000 - 0x00007ffe8afef000 	C:\WINDOWS\system32\kernel.appcore.dll
0x00007ffe8b410000 - 0x00007ffe8b4c5000 	C:\WINDOWS\system32\shcore.dll
0x00007ffe8aff0000 - 0x00007ffe8b03b000 	C:\WINDOWS\system32\powrprof.dll
0x00007ffe8b050000 - 0x00007ffe8b064000 	C:\WINDOWS\system32\profapi.dll
0x00007ffe77d00000 - 0x00007ffe77e8c000 	C:\WINDOWS\SYSTEM32\dbghelp.dll

VM Arguments:
jvm_args: -Djava.awt.headless=true -Xmx1024M -Dfile.encoding=x-windows-949 -Duser.country=KR -Duser.language=ko -Duser.variant 
java_command: com.android.dx.command.Main --dex --force-jumbo --num-threads=4 --multi-dex --output E:\AndroidStudioProjects\CheongwonPay\app\build\intermediates\transforms\dex\debug\folders\1000\10\internal_impl-24.1.1_ceeea9eb622860764f87cad1e2198dd10a179814 E:\AndroidStudioProjects\CheongwonPay\app\build\intermediates\exploded-aar\com.android.support\support-v4\24.1.1\jars\libs\internal_impl-24.1.1.jar
java_class_path (initial): E:\Android\sdk\build-tools\23.0.3\lib\dx.jar
Launcher Type: SUN_STANDARD

Environment Variables:
PATH=C:\ProgramData\Oracle\Java\javapath;C:\Program Files (x86)\Wizvera\Delfino;C:\Program Files (x86)\NVIDIA Corporation\PhysX\Common;C:\WINDOWS\system32;C:\WINDOWS;C:\WINDOWS\System32\Wbem;C:\WINDOWS\System32\WindowsPowerShell\v1.0\;C:\Program Files\WIDCOMM\Bluetooth Software\;C:\Program Files\WIDCOMM\Bluetooth Software\syswow64;;C:\Program Files (x86)\Intel\OpenCL SDK\2.0\bin\x86;C:\Program Files (x86)\Intel\OpenCL SDK\2.0\bin\x64;C:\Program Files\Java\jdk1.8.0_45\bin;C:\Program Files\Java\jre1.8.0_45\bin;E:\Android\sdk\platform-tools;C:\Program Files (x86)\Skype\Phone\;C:\Users\Á¤¼·\AppData\Local\Bandizip\7z
USERNAME=Á¤¼·
OS=Windows_NT
PROCESSOR_IDENTIFIER=Intel64 Family 6 Model 42 Stepping 7, GenuineIntel



---------------  S Y S T E M  ---------------

OS: Windows 10.0 , 64 bit Build 10586 (10.0.10586.0)

CPU:total 4 (2 cores per cpu, 2 threads per core) family 6 model 42 stepping 7, cmov, cx8, fxsr, mmx, sse, sse2, sse3, ssse3, sse4.1, sse4.2, popcnt, avx, aes, clmul, ht, tsc, tscinvbit

Memory: 4k page, physical 4104480k(407348k free), swap 6560280k(1936k free)

vm_info: Java HotSpot(TM) 64-Bit Server VM (25.45-b02) for windows-amd64 JRE (1.8.0_45-b15), built on Apr 30 2015 12:40:44 by "java_re" with MS VC++ 10.0 (VS2010)

time: Sat Sep 03 23:30:29 2016
elapsed time: 4 seconds (0d 0h 0m 4s)

