#
# There is insufficient memory for the Java Runtime Environment to continue.
# Native memory allocation (malloc) failed to allocate 128064 bytes for Chunk::new
# Possible reasons:
#   The system is out of physical RAM or swap space
#   In 32 bit mode, the process size limit was hit
# Possible solutions:
#   Reduce memory load on the system
#   Increase physical memory or swap space
#   Check if swap backing store is full
#   Use 64 bit Java on a 64 bit OS
#   Decrease Java heap size (-Xmx/-Xms)
#   Decrease number of Java threads
#   Decrease Java thread stack sizes (-Xss)
#   Set larger code cache with -XX:ReservedCodeCacheSize=
# This output file may be truncated or incomplete.
#
#  Out of Memory Error (allocation.cpp:390), pid=11524, tid=7084
#
# JRE version: Java(TM) SE Runtime Environment (8.0_45-b15) (build 1.8.0_45-b15)
# Java VM: Java HotSpot(TM) 64-Bit Server VM (25.45-b02 mixed mode windows-amd64 compressed oops)
# Failed to write core dump. Minidumps are not enabled by default on client versions of Windows
#

---------------  T H R E A D  ---------------

Current thread (0x0000000005dfa000):  JavaThread "C2 CompilerThread0" daemon [_thread_in_native, id=7084, stack(0x0000000007940000,0x0000000007a40000)]

Stack: [0x0000000007940000,0x0000000007a40000]
Native frames: (J=compiled Java code, j=interpreted, Vv=VM code, C=native code)
V  [jvm.dll+0x32b57a]
V  [jvm.dll+0x279873]
V  [jvm.dll+0x27a509]
V  [jvm.dll+0x271825]
V  [jvm.dll+0xcb9e2]
V  [jvm.dll+0xcbeac]
V  [jvm.dll+0xcc204]
V  [jvm.dll+0xeada5]
V  [jvm.dll+0x4b09b4]
V  [jvm.dll+0x4bc7d5]
V  [jvm.dll+0x4cb599]
V  [jvm.dll+0x4cbc43]
V  [jvm.dll+0x4cbd1b]
V  [jvm.dll+0x4cbd67]
V  [jvm.dll+0x4cbd67]
V  [jvm.dll+0x4cbd67]
V  [jvm.dll+0x4cbc96]
V  [jvm.dll+0x4cbd67]
V  [jvm.dll+0x4cbd67]
V  [jvm.dll+0x4b9b23]
V  [jvm.dll+0x46bf81]
V  [jvm.dll+0x46ccbe]
V  [jvm.dll+0x4500f2]
V  [jvm.dll+0xa4352]
V  [jvm.dll+0xa4c8f]
V  [jvm.dll+0x241984]
V  [jvm.dll+0x29853a]
C  [msvcr100.dll+0x21d9f]
C  [msvcr100.dll+0x21e3b]
C  [KERNEL32.DLL+0x18102]
C  [ntdll.dll+0x5c5b4]


Current CompileTask:
C2:  22220 1213       4       com.android.dx.ssa.LocalVariableExtractor::processBlock (383 bytes)


---------------  P R O C E S S  ---------------

Java Threads: ( => current thread )
  0x0000000007a4f800 JavaThread "pool-2-thread-4" [_thread_in_Java, id=11836, stack(0x0000000008640000,0x0000000008740000)]
  0x0000000007cc7000 JavaThread "pool-2-thread-3" [_thread_in_Java, id=9368, stack(0x0000000008540000,0x0000000008640000)]
  0x0000000007aea000 JavaThread "pool-2-thread-2" [_thread_in_Java, id=12472, stack(0x0000000008440000,0x0000000008540000)]
  0x0000000007c24800 JavaThread "pool-3-thread-1" [_thread_blocked, id=12792, stack(0x0000000008340000,0x0000000008440000)]
  0x0000000007c22000 JavaThread "pool-2-thread-1" [_thread_in_Java, id=2108, stack(0x0000000008240000,0x0000000008340000)]
  0x0000000007aaa800 JavaThread "Service Thread" daemon [_thread_blocked, id=12076, stack(0x0000000008040000,0x0000000008140000)]
  0x0000000007aa3000 JavaThread "C1 CompilerThread2" daemon [_thread_blocked, id=9088, stack(0x0000000007f40000,0x0000000008040000)]
  0x0000000005dfd000 JavaThread "C2 CompilerThread1" daemon [_thread_in_native, id=10680, stack(0x0000000007e40000,0x0000000007f40000)]
=>0x0000000005dfa000 JavaThread "C2 CompilerThread0" daemon [_thread_in_native, id=7084, stack(0x0000000007940000,0x0000000007a40000)]
  0x0000000005dac000 JavaThread "Attach Listener" daemon [_thread_blocked, id=5292, stack(0x0000000007840000,0x0000000007940000)]
  0x0000000005df9000 JavaThread "Signal Dispatcher" daemon [_thread_blocked, id=5440, stack(0x0000000007740000,0x0000000007840000)]
  0x0000000002630800 JavaThread "Finalizer" daemon [_thread_blocked, id=10884, stack(0x0000000006ff0000,0x00000000070f0000)]
  0x000000000262d000 JavaThread "Reference Handler" daemon [_thread_blocked, id=13072, stack(0x0000000006ef0000,0x0000000006ff0000)]
  0x0000000002541000 JavaThread "main" [_thread_blocked, id=10544, stack(0x00000000008a0000,0x00000000009a0000)]

Other Threads:
  0x0000000005d68000 VMThread [stack: 0x0000000006df0000,0x0000000006ef0000] [id=5456]
  0x0000000007ab3800 WatcherThread [stack: 0x0000000008140000,0x0000000008240000] [id=10336]

VM state:not at safepoint (normal execution)

VM Mutex/Monitor currently owned by a thread: None

Heap:
 PSYoungGen      total 18944K, used 8179K [0x00000000eab00000, 0x00000000ec000000, 0x0000000100000000)
  eden space 16384K, 34% used [0x00000000eab00000,0x00000000eb07e688,0x00000000ebb00000)
  from space 2560K, 99% used [0x00000000ebd80000,0x00000000ebffe638,0x00000000ec000000)
  to   space 2560K, 0% used [0x00000000ebb00000,0x00000000ebb00000,0x00000000ebd80000)
 ParOldGen       total 44032K, used 4353K [0x00000000c0000000, 0x00000000c2b00000, 0x00000000eab00000)
  object space 44032K, 9% used [0x00000000c0000000,0x00000000c0440710,0x00000000c2b00000)
 Metaspace       used 5927K, capacity 6896K, committed 7040K, reserved 1056768K
  class space    used 593K, capacity 616K, committed 640K, reserved 1048576K

Card table byte_map: [0x0000000002a90000,0x0000000002ca0000] byte_map_base: 0x0000000002490000

Marking Bits: (ParMarkBitMap*) 0x000000006bfc4040
 Begin Bits: [0x0000000003200000, 0x0000000004200000)
 End Bits:   [0x0000000004200000, 0x0000000005200000)

Polling page: 0x0000000000690000

CodeCache: size=245760Kb used=5078Kb max_used=5091Kb free=240681Kb
 bounds [0x000000000f010000, 0x000000000f510000, 0x000000001e010000]
 total_blobs=1504 nmethods=1230 adapters=187
 compilation: enabled

Compilation events (10 events):
Event: 22.125 Thread 0x0000000007aa3000 1229       3       java.util.TreeMap$Values::iterator (19 bytes)
Event: 22.126 Thread 0x0000000007aa3000 nmethod 1229 0x000000000f4e7210 code [0x000000000f4e73a0, 0x000000000f4e78b0]
Event: 22.126 Thread 0x0000000007aa3000 1230       3       java.util.TreeMap$ValueIterator::<init> (12 bytes)
Event: 22.126 Thread 0x0000000007aa3000 nmethod 1230 0x000000000f4e6d10 code [0x000000000f4e6e80, 0x000000000f4e70f0]
Event: 22.126 Thread 0x0000000007aa3000 1232       3       com.android.dx.rop.type.Prototype::compareTo (120 bytes)
Event: 22.128 Thread 0x0000000007aa3000 nmethod 1232 0x000000000f4eded0 code [0x000000000f4ee0e0, 0x000000000f4eef78]
Event: 22.128 Thread 0x0000000007aa3000 1231       3       java.util.TreeMap::rotateRight (96 bytes)
Event: 22.129 Thread 0x0000000007aa3000 nmethod 1231 0x000000000f4e6750 code [0x000000000f4e68c0, 0x000000000f4e6c10]
Event: 22.130 Thread 0x0000000007aa3000 1234       3       com.android.dx.cf.code.RopperMachine::updateReturnOp (115 bytes)
Event: 22.133 Thread 0x0000000007aa3000 nmethod 1234 0x000000000f4ec1d0 code [0x000000000f4ec460, 0x000000000f4ed698]

GC Heap History (4 events):
Event: 20.035 GC heap before
{Heap before GC invocations=1 (full 0):
 PSYoungGen      total 18944K, used 16384K [0x00000000eab00000, 0x00000000ec000000, 0x0000000100000000)
  eden space 16384K, 100% used [0x00000000eab00000,0x00000000ebb00000,0x00000000ebb00000)
  from space 2560K, 0% used [0x00000000ebd80000,0x00000000ebd80000,0x00000000ec000000)
  to   space 2560K, 0% used [0x00000000ebb00000,0x00000000ebb00000,0x00000000ebd80000)
 ParOldGen       total 44032K, used 0K [0x00000000c0000000, 0x00000000c2b00000, 0x00000000eab00000)
  object space 44032K, 0% used [0x00000000c0000000,0x00000000c0000000,0x00000000c2b00000)
 Metaspace       used 5811K, capacity 6768K, committed 7040K, reserved 1056768K
  class space    used 590K, capacity 616K, committed 640K, reserved 1048576K
Event: 20.045 GC heap after
Heap after GC invocations=1 (full 0):
 PSYoungGen      total 18944K, used 2553K [0x00000000eab00000, 0x00000000ec000000, 0x0000000100000000)
  eden space 16384K, 0% used [0x00000000eab00000,0x00000000eab00000,0x00000000ebb00000)
  from space 2560K, 99% used [0x00000000ebb00000,0x00000000ebd7e638,0x00000000ebd80000)
  to   space 2560K, 0% used [0x00000000ebd80000,0x00000000ebd80000,0x00000000ec000000)
 ParOldGen       total 44032K, used 2217K [0x00000000c0000000, 0x00000000c2b00000, 0x00000000eab00000)
  object space 44032K, 5% used [0x00000000c0000000,0x00000000c022a678,0x00000000c2b00000)
 Metaspace       used 5811K, capacity 6768K, committed 7040K, reserved 1056768K
  class space    used 590K, capacity 616K, committed 640K, reserved 1048576K
}
Event: 21.882 GC heap before
{Heap before GC invocations=2 (full 0):
 PSYoungGen      total 18944K, used 18937K [0x00000000eab00000, 0x00000000ec000000, 0x0000000100000000)
  eden space 16384K, 100% used [0x00000000eab00000,0x00000000ebb00000,0x00000000ebb00000)
  from space 2560K, 99% used [0x00000000ebb00000,0x00000000ebd7e638,0x00000000ebd80000)
  to   space 2560K, 0% used [0x00000000ebd80000,0x00000000ebd80000,0x00000000ec000000)
 ParOldGen       total 44032K, used 2217K [0x00000000c0000000, 0x00000000c2b00000, 0x00000000eab00000)
  object space 44032K, 5% used [0x00000000c0000000,0x00000000c022a678,0x00000000c2b00000)
 Metaspace       used 5912K, capacity 6832K, committed 7040K, reserved 1056768K
  class space    used 591K, capacity 616K, committed 640K, reserved 1048576K
Event: 21.984 GC heap after
Heap after GC invocations=2 (full 0):
 PSYoungGen      total 18944K, used 2553K [0x00000000eab00000, 0x00000000ec000000, 0x0000000100000000)
  eden space 16384K, 0% used [0x00000000eab00000,0x00000000eab00000,0x00000000ebb00000)
  from space 2560K, 99% used [0x00000000ebd80000,0x00000000ebffe638,0x00000000ec000000)
  to   space 2560K, 0% used [0x00000000ebb00000,0x00000000ebb00000,0x00000000ebd80000)
 ParOldGen       total 44032K, used 4353K [0x00000000c0000000, 0x00000000c2b00000, 0x00000000eab00000)
  object space 44032K, 9% used [0x00000000c0000000,0x00000000c0440710,0x00000000c2b00000)
 Metaspace       used 5912K, capacity 6832K, committed 7040K, reserved 1056768K
  class space    used 591K, capacity 616K, committed 640K, reserved 1048576K
}

Deoptimization events (9 events):
Event: 16.146 Thread 0x0000000007cc7000 Uncommon trap: reason=unstable_if action=reinterpret pc=0x000000000f24ad84 method=java.util.HashMap.getNode(ILjava/lang/Object;)Ljava/util/HashMap$Node; @ 129
Event: 19.331 Thread 0x0000000007cc7000 Uncommon trap: reason=null_check action=make_not_entrant pc=0x000000000f2f021c method=com.android.dx.ssa.SsaRenamer.getLocalForNewReg(I)Lcom/android/dx/rop/code/LocalItem; @ 19
Event: 19.532 Thread 0x0000000007c22000 Uncommon trap: reason=unstable_if action=reinterpret pc=0x000000000f275940 method=java.util.HashMap.getNode(ILjava/lang/Object;)Ljava/util/HashMap$Node; @ 129
Event: 20.483 Thread 0x0000000007a4f800 Uncommon trap: reason=unstable_if action=reinterpret pc=0x000000000f46c1b4 method=com.android.dx.ssa.SCCP.simulateStmt(Lcom/android/dx/ssa/SsaInsn;)V @ 53
Event: 20.521 Thread 0x0000000007a4f800 Uncommon trap: reason=bimorphic action=maybe_recompile pc=0x000000000f472268 method=com.android.dx.cf.code.BytecodeArray.parseInstruction(ILcom/android/dx/cf/code/BytecodeArray$Visitor;)I @ 1130
Event: 20.521 Thread 0x0000000007a4f800 Uncommon trap: reason=bimorphic action=maybe_recompile pc=0x000000000f471ec4 method=com.android.dx.cf.code.BytecodeArray.parseInstruction(ILcom/android/dx/cf/code/BytecodeArray$Visitor;)I @ 907
Event: 20.521 Thread 0x0000000007a4f800 Uncommon trap: reason=bimorphic action=maybe_recompile pc=0x000000000f472268 method=com.android.dx.cf.code.BytecodeArray.parseInstruction(ILcom/android/dx/cf/code/BytecodeArray$Visitor;)I @ 1130
Event: 20.521 Thread 0x0000000007a4f800 Uncommon trap: reason=bimorphic action=maybe_recompile pc=0x000000000f471f44 method=com.android.dx.cf.code.BytecodeArray.parseInstruction(ILcom/android/dx/cf/code/BytecodeArray$Visitor;)I @ 923
Event: 20.521 Thread 0x0000000007a4f800 Uncommon trap: reason=bimorphic action=maybe_recompile pc=0x000000000f472268 method=com.android.dx.cf.code.BytecodeArray.parseInstruction(ILcom/android/dx/cf/code/BytecodeArray$Visitor;)I @ 1130

Internal exceptions (3 events):
Event: 0.861 Thread 0x0000000002541000 Exception <a 'java/lang/NoSuchMethodError': Method sun.misc.Unsafe.defineClass(Ljava/lang/String;[BII)Ljava/lang/Class; name or signature does not match> (0x00000000eab12f00) thrown at [C:\re\workspace\8-2-build-windows-amd64-cygwin\jdk8u45\3627\hotspot\sr
Event: 0.862 Thread 0x0000000002541000 Exception <a 'java/lang/NoSuchMethodError': Method sun.misc.Unsafe.prefetchRead(Ljava/lang/Object;J)V name or signature does not match> (0x00000000eab13190) thrown at [C:\re\workspace\8-2-build-windows-amd64-cygwin\jdk8u45\3627\hotspot\src\share\vm\prims\j‡‡fH≥T3@
Event: 19.331 Thread 0x0000000007cc7000 Implicit null exception at 0x000000000f2ee28a to 0x000000000f2f01f9

Events (10 events):
Event: 22.034 Thread 0x0000000007a4f800 DEOPT PACKING pc=0x000000000f42d863 sp=0x000000000873ea80
Event: 22.035 Thread 0x0000000007a4f800 DEOPT UNPACKING pc=0x000000000f05787f sp=0x000000000873e848 mode 0
Event: 22.044 loading class java/util/TreeMap$EntrySet
Event: 22.044 loading class java/util/TreeMap$EntrySet done
Event: 22.044 loading class java/util/TreeMap$EntryIterator
Event: 22.044 loading class java/util/TreeMap$EntryIterator done
Event: 22.044 Executing VM operation: Deoptimize
Event: 22.048 Executing VM operation: Deoptimize done
Event: 22.097 Thread 0x0000000007aea000 DEOPT PACKING pc=0x000000000f3b1bd7 sp=0x000000000853e940
Event: 22.097 Thread 0x0000000007aea000 DEOPT UNPACKING pc=0x000000000f05787f sp=0x000000000853e720 mode 0


Dynamic libraries:
0x00007ff7b0dc0000 - 0x00007ff7b0df7000 	C:\Program Files\Java\jdk1.8.0_45\bin\java.exe
0x00007ffe8e9c0000 - 0x00007ffe8eb81000 	C:\WINDOWS\SYSTEM32\ntdll.dll
0x00007ffe8c470000 - 0x00007ffe8c51d000 	C:\WINDOWS\system32\KERNEL32.DLL
0x00007ffe8bb40000 - 0x00007ffe8bd28000 	C:\WINDOWS\system32\KERNELBASE.dll
0x00007ffe8e0a0000 - 0x00007ffe8e147000 	C:\WINDOWS\system32\ADVAPI32.dll
0x00007ffe8e240000 - 0x00007ffe8e2dd000 	C:\WINDOWS\system32\msvcrt.dll
0x00007ffe8e960000 - 0x00007ffe8e9bb000 	C:\WINDOWS\system32\sechost.dll
0x00007ffe8df20000 - 0x00007ffe8e03c000 	C:\WINDOWS\system32\RPCRT4.dll
0x00007ffe8bed0000 - 0x00007ffe8c026000 	C:\WINDOWS\system32\USER32.dll
0x00007ffe8e340000 - 0x00007ffe8e4c6000 	C:\WINDOWS\system32\GDI32.dll
0x00007ffe86660000 - 0x00007ffe868d4000 	C:\WINDOWS\WinSxS\amd64_microsoft.windows.common-controls_6595b64144ccf1df_6.0.10586.494_none_a2d8b04ea53e3145\COMCTL32.dll
0x00007ffe8e630000 - 0x00007ffe8e8ad000 	C:\WINDOWS\system32\combase.dll
0x00007ffe8b3a0000 - 0x00007ffe8b40a000 	C:\WINDOWS\system32\bcryptPrimitives.dll
0x00007ffe8e920000 - 0x00007ffe8e95b000 	C:\WINDOWS\system32\IMM32.DLL
0x00007ffe8aec0000 - 0x00007ffe8aef1000 	C:\Windows\system32\nvinitx.dll
0x00007ffe8af30000 - 0x00007ffe8af3a000 	C:\WINDOWS\SYSTEM32\VERSION.dll
0x000000000f000000 - 0x000000000f006000 	C:\Program Files\NVIDIA Corporation\CoProcManager\_etoured.dll
0x00007ffe87e90000 - 0x00007ffe87ec2000 	C:\Program Files\NVIDIA Corporation\CoProcManager\nvd3d9wrapx.dll
0x00007ffe8c030000 - 0x00007ffe8c459000 	C:\WINDOWS\system32\SETUPAPI.dll
0x00007ffe8b350000 - 0x00007ffe8b393000 	C:\WINDOWS\system32\CFGMGR32.dll
0x00007ffe87e60000 - 0x00007ffe87e82000 	C:\Program Files\NVIDIA Corporation\CoProcManager\nvdxgiwrapx.dll
0x000000006b340000 - 0x000000006b412000 	C:\Program Files\Java\jdk1.8.0_45\jre\bin\msvcr100.dll
0x000000006b7c0000 - 0x000000006c043000 	C:\Program Files\Java\jdk1.8.0_45\jre\bin\server\jvm.dll
0x00007ffe8c460000 - 0x00007ffe8c468000 	C:\WINDOWS\system32\PSAPI.DLL
0x00007ffe7e890000 - 0x00007ffe7e899000 	C:\WINDOWS\SYSTEM32\WSOCK32.dll
0x00007ffe8de40000 - 0x00007ffe8deab000 	C:\WINDOWS\system32\WS2_32.dll
0x00007ffe892a0000 - 0x00007ffe892c3000 	C:\WINDOWS\SYSTEM32\WINMM.dll
0x00007ffe89050000 - 0x00007ffe8907c000 	C:\WINDOWS\SYSTEM32\WINMMBASE.dll
0x000000006b7b0000 - 0x000000006b7bf000 	C:\Program Files\Java\jdk1.8.0_45\jre\bin\verify.dll
0x000000006b780000 - 0x000000006b7a9000 	C:\Program Files\Java\jdk1.8.0_45\jre\bin\java.dll
0x000000006b760000 - 0x000000006b776000 	C:\Program Files\Java\jdk1.8.0_45\jre\bin\zip.dll
0x00007ffe8c6d0000 - 0x00007ffe8dc2c000 	C:\WINDOWS\system32\SHELL32.dll
0x00000000070f0000 - 0x0000000007735000 	C:\WINDOWS\system32\windows.storage.dll
0x00007ffe8e2e0000 - 0x00007ffe8e332000 	C:\WINDOWS\system32\shlwapi.dll
0x00007ffe8afe0000 - 0x00007ffe8afef000 	C:\WINDOWS\system32\kernel.appcore.dll
0x00007ffe8b410000 - 0x00007ffe8b4c5000 	C:\WINDOWS\system32\shcore.dll
0x00007ffe8aff0000 - 0x00007ffe8b03b000 	C:\WINDOWS\system32\powrprof.dll
0x00007ffe8b050000 - 0x00007ffe8b064000 	C:\WINDOWS\system32\profapi.dll
0x00007ffe77d00000 - 0x00007ffe77e8c000 	C:\WINDOWS\SYSTEM32\dbghelp.dll

VM Arguments:
jvm_args: -Djava.awt.headless=true -Xmx1024M -Dfile.encoding=x-windows-949 -Duser.country=KR -Duser.language=ko -Duser.variant 
java_command: com.android.dx.command.Main --dex --force-jumbo --num-threads=4 --multi-dex --output E:\AndroidStudioProjects\CheongwonPay\app\build\intermediates\transforms\dex\debug\folders\1000\5\slice_3 E:\AndroidStudioProjects\CheongwonPay\app\build\intermediates\transforms\instantRunSlicer\debug\folders\1\5\slice_3
java_class_path (initial): E:\Android\sdk\build-tools\23.0.3\lib\dx.jar
Launcher Type: SUN_STANDARD

Environment Variables:
PATH=C:\ProgramData\Oracle\Java\javapath;C:\Program Files (x86)\Wizvera\Delfino;C:\Program Files (x86)\NVIDIA Corporation\PhysX\Common;C:\WINDOWS\system32;C:\WINDOWS;C:\WINDOWS\System32\Wbem;C:\WINDOWS\System32\WindowsPowerShell\v1.0\;C:\Program Files\WIDCOMM\Bluetooth Software\;C:\Program Files\WIDCOMM\Bluetooth Software\syswow64;;C:\Program Files (x86)\Intel\OpenCL SDK\2.0\bin\x86;C:\Program Files (x86)\Intel\OpenCL SDK\2.0\bin\x64;C:\Program Files\Java\jdk1.8.0_45\bin;C:\Program Files\Java\jre1.8.0_45\bin;E:\Android\sdk\platform-tools;C:\Program Files (x86)\Skype\Phone\;C:\Users\¡§º∑\AppData\Local\Bandizip\7z
USERNAME=¡§º∑
OS=Windows_NT
PROCESSOR_IDENTIFIER=Intel64 Family 6 Model 42 Stepping 7, GenuineIntel



---------------  S Y S T E M  ---------------

OS: Windows 10.0 , 64 bit Build 10586 (10.0.10586.0)

CPU:total 4 (2 cores per cpu, 2 threads per core) family 6 model 42 stepping 7, cmov, cx8, fxsr, mmx, sse, sse2, sse3, ssse3, sse4.1, sse4.2, popcnt, avx, aes, clmul, ht, tsc, tscinvbit

Memory: 4k page, physical 4104480k(551464k free), swap 6601276k(177768k free)

vm_info: Java HotSpot(TM) 64-Bit Server VM (25.45-b02) for windows-amd64 JRE (1.8.0_45-b15), built on Apr 30 2015 12:40:44 by "java_re" with MS VC++ 10.0 (VS2010)

time: Fri Sep 02 15:05:19 2016
elapsed time: 22 seconds (0d 0h 0m 22s)

