#
# There is insufficient memory for the Java Runtime Environment to continue.
# Native memory allocation (malloc) failed to allocate 40976 bytes for Chunk::new
# Possible reasons:
#   The system is out of physical RAM or swap space
#   In 32 bit mode, the process size limit was hit
# Possible solutions:
#   Reduce memory load on the system
#   Increase physical memory or swap space
#   Check if swap backing store is full
#   Use 64 bit Java on a 64 bit OS
#   Decrease Java heap size (-Xmx/-Xms)
#   Decrease number of Java threads
#   Decrease Java thread stack sizes (-Xss)
#   Set larger code cache with -XX:ReservedCodeCacheSize=
# This output file may be truncated or incomplete.
#
#  Out of Memory Error (allocation.cpp:390), pid=1648, tid=8076
#
# JRE version: Java(TM) SE Runtime Environment (8.0_45-b15) (build 1.8.0_45-b15)
# Java VM: Java HotSpot(TM) 64-Bit Server VM (25.45-b02 mixed mode windows-amd64 compressed oops)
# Failed to write core dump. Minidumps are not enabled by default on client versions of Windows
#

---------------  T H R E A D  ---------------

Current thread (0x0000000006c9e000):  JavaThread "C1 CompilerThread2" daemon [_thread_in_native, id=8076, stack(0x0000000008790000,0x0000000008890000)]

Stack: [0x0000000008790000,0x0000000008890000]
Native frames: (J=compiled Java code, j=interpreted, Vv=VM code, C=native code)
V  [jvm.dll+0x32b57a]
V  [jvm.dll+0x279873]
V  [jvm.dll+0x27a509]
V  [jvm.dll+0x271825]
V  [jvm.dll+0xcb9e2]
V  [jvm.dll+0xcbeac]
V  [jvm.dll+0x903d2]
V  [jvm.dll+0x90a07]
V  [jvm.dll+0x91cf2]
V  [jvm.dll+0x91e79]
V  [jvm.dll+0x41bde3]
V  [jvm.dll+0x41bdd7]
V  [jvm.dll+0x41c019]
V  [jvm.dll+0x42aec7]
V  [jvm.dll+0x2b285e]
V  [jvm.dll+0x42aae3]
V  [jvm.dll+0x405b8b]
V  [jvm.dll+0x40629a]
V  [jvm.dll+0x406372]
V  [jvm.dll+0x406541]
V  [jvm.dll+0x40674f]
V  [jvm.dll+0xa4352]
V  [jvm.dll+0xa4c8f]
V  [jvm.dll+0x241984]
V  [jvm.dll+0x29853a]
C  [msvcr100.dll+0x21d9f]
C  [msvcr100.dll+0x21e3b]
C  [KERNEL32.DLL+0x18102]
C  [ntdll.dll+0x5c5b4]


Current CompileTask:
C1:   1541  822   !   3       com.android.dx.cf.code.RopperMachine::run (1550 bytes)


---------------  P R O C E S S  ---------------

Java Threads: ( => current thread )
  0x000000000844b800 JavaThread "pool-1-thread-4" [_thread_blocked, id=4244, stack(0x0000000008e90000,0x0000000008f90000)]
  0x000000000844a800 JavaThread "pool-1-thread-3" [_thread_blocked, id=80, stack(0x0000000008d90000,0x0000000008e90000)]
  0x0000000008441000 JavaThread "pool-1-thread-2" [_thread_blocked, id=7916, stack(0x0000000008c90000,0x0000000008d90000)]
  0x0000000008440800 JavaThread "pool-2-thread-1" [_thread_blocked, id=10908, stack(0x0000000008b90000,0x0000000008c90000)]
  0x000000000843d800 JavaThread "pool-1-thread-1" [_thread_blocked, id=8620, stack(0x0000000008a90000,0x0000000008b90000)]
  0x000000000830a800 JavaThread "Service Thread" daemon [_thread_blocked, id=10392, stack(0x0000000008890000,0x0000000008990000)]
=>0x0000000006c9e000 JavaThread "C1 CompilerThread2" daemon [_thread_in_native, id=8076, stack(0x0000000008790000,0x0000000008890000)]
  0x0000000006c9d000 JavaThread "C2 CompilerThread1" daemon [_thread_blocked, id=9052, stack(0x0000000008690000,0x0000000008790000)]
  0x0000000006c9a000 JavaThread "C2 CompilerThread0" daemon [_thread_blocked, id=8856, stack(0x0000000008190000,0x0000000008290000)]
  0x0000000006c4e000 JavaThread "Attach Listener" daemon [_thread_blocked, id=5444, stack(0x0000000008090000,0x0000000008190000)]
  0x0000000006c4d000 JavaThread "Signal Dispatcher" daemon [_thread_blocked, id=10648, stack(0x0000000007f90000,0x0000000008090000)]
  0x0000000003560800 JavaThread "Finalizer" daemon [_thread_blocked, id=3152, stack(0x0000000007e90000,0x0000000007f90000)]
  0x000000000355d000 JavaThread "Reference Handler" daemon [_thread_blocked, id=13124, stack(0x0000000007d90000,0x0000000007e90000)]
  0x0000000003470800 JavaThread "main" [_thread_in_native, id=12464, stack(0x0000000003270000,0x0000000003370000)]

Other Threads:
  0x0000000006c08000 VMThread [stack: 0x0000000007c90000,0x0000000007d90000] [id=10540]
  0x000000000830e000 WatcherThread [stack: 0x0000000008990000,0x0000000008a90000] [id=2368]

VM state:not at safepoint (normal execution)

VM Mutex/Monitor currently owned by a thread: None

Heap:
 PSYoungGen      total 18944K, used 14563K [0x00000000eab00000, 0x00000000ec000000, 0x0000000100000000)
  eden space 16384K, 88% used [0x00000000eab00000,0x00000000eb938e48,0x00000000ebb00000)
  from space 2560K, 0% used [0x00000000ebd80000,0x00000000ebd80000,0x00000000ec000000)
  to   space 2560K, 0% used [0x00000000ebb00000,0x00000000ebb00000,0x00000000ebd80000)
 ParOldGen       total 44032K, used 0K [0x00000000c0000000, 0x00000000c2b00000, 0x00000000eab00000)
  object space 44032K, 0% used [0x00000000c0000000,0x00000000c0000000,0x00000000c2b00000)
 Metaspace       used 5616K, capacity 6640K, committed 6784K, reserved 1056768K
  class space    used 580K, capacity 616K, committed 640K, reserved 1048576K

Card table byte_map: [0x0000000003930000,0x0000000003b40000] byte_map_base: 0x0000000003330000

Marking Bits: (ParMarkBitMap*) 0x0000000071d94040
 Begin Bits: [0x00000000040a0000, 0x00000000050a0000)
 End Bits:   [0x00000000050a0000, 0x00000000060a0000)

Polling page: 0x0000000001910000

CodeCache: size=245760Kb used=3135Kb max_used=3147Kb free=242624Kb
 bounds [0x000000000f010000, 0x000000000f330000, 0x000000001e010000]
 total_blobs=1094 nmethods=824 adapters=183
 compilation: enabled

Compilation events (10 events):
Event: 1.448 Thread 0x0000000006c9e000 nmethod 820 0x000000000f31b0d0 code [0x000000000f31b220, 0x000000000f31b330]
Event: 1.448 Thread 0x0000000006c9e000  821       1       com.android.dx.rop.type.Prototype::getParameterTypes (5 bytes)
Event: 1.448 Thread 0x0000000006c9e000 nmethod 821 0x000000000f3232d0 code [0x000000000f323420, 0x000000000f323530]
Event: 1.448 Thread 0x0000000006c9e000  822   !   3       com.android.dx.cf.code.RopperMachine::run (1550 bytes)
Event: 1.449 Thread 0x0000000006c9a000  827       4       com.android.dx.ssa.SsaBasicBlock::forEachInsn (37 bytes)
Event: 1.450 Thread 0x0000000006c9d000  828       4       java.util.HashSet::contains (9 bytes)
Event: 1.454 Thread 0x0000000006c9a000 nmethod 827 0x000000000f321690 code [0x000000000f321800, 0x000000000f321a48]
Event: 1.455 Thread 0x0000000006c9a000  829       4       java.util.ArrayList::iterator (10 bytes)
Event: 1.456 Thread 0x0000000006c9a000 nmethod 829 0x000000000f321350 code [0x000000000f3214a0, 0x000000000f3215a8]
Event: 1.457 Thread 0x0000000006c9d000 nmethod 828 0x000000000f324450 code [0x000000000f3245c0, 0x000000000f324a28]

GC Heap History (0 events):
No events

Deoptimization events (10 events):
Event: 0.684 Thread 0x000000000844b800 Uncommon trap: reason=speculate_class_check action=maybe_recompile pc=0x000000000f1e230c method=com.android.dx.rop.cst.Constant.compareTo(Lcom/android/dx/rop/cst/Constant;)I @ 29
Event: 0.684 Thread 0x000000000844b800 Uncommon trap: reason=speculate_class_check action=maybe_recompile pc=0x000000000f1e230c method=com.android.dx.rop.cst.Constant.compareTo(Lcom/android/dx/rop/cst/Constant;)I @ 29
Event: 0.684 Thread 0x000000000844b800 Uncommon trap: reason=speculate_class_check action=maybe_recompile pc=0x000000000f1e230c method=com.android.dx.rop.cst.Constant.compareTo(Lcom/android/dx/rop/cst/Constant;)I @ 29
Event: 0.684 Thread 0x000000000844b800 Uncommon trap: reason=speculate_class_check action=maybe_recompile pc=0x000000000f1e230c method=com.android.dx.rop.cst.Constant.compareTo(Lcom/android/dx/rop/cst/Constant;)I @ 29
Event: 0.887 Thread 0x000000000844a800 Uncommon trap: reason=class_check action=maybe_recompile pc=0x000000000f1dc7d0 method=com.android.dx.rop.cst.CstMemberRef.compareTo0(Lcom/android/dx/rop/cst/Constant;)I @ 1
Event: 0.887 Thread 0x000000000844b800 Uncommon trap: reason=class_check action=maybe_recompile pc=0x000000000f1dc7d0 method=com.android.dx.rop.cst.CstMemberRef.compareTo0(Lcom/android/dx/rop/cst/Constant;)I @ 1
Event: 0.887 Thread 0x000000000844b800 Uncommon trap: reason=class_check action=maybe_recompile pc=0x000000000f1dc7d0 method=com.android.dx.rop.cst.CstMemberRef.compareTo0(Lcom/android/dx/rop/cst/Constant;)I @ 1
Event: 0.887 Thread 0x000000000844a800 Uncommon trap: reason=class_check action=maybe_recompile pc=0x000000000f1dc7d0 method=com.android.dx.rop.cst.CstMemberRef.compareTo0(Lcom/android/dx/rop/cst/Constant;)I @ 1
Event: 1.108 Thread 0x0000000003470800 Uncommon trap: reason=unstable_if action=reinterpret pc=0x000000000f1f518c method=com.android.dx.rop.cst.CstFieldRef.compareTo0(Lcom/android/dx/rop/cst/Constant;)I @ 7
Event: 1.108 Thread 0x0000000003470800 Uncommon trap: reason=unstable_if action=reinterpret pc=0x000000000f1d89d4 method=com.android.dx.rop.cst.CstFieldRef.compareTo0(Lcom/android/dx/rop/cst/Constant;)I @ 7

Internal exceptions (2 events):
Event: 0.103 Thread 0x0000000003470800 Exception <a 'java/lang/NoSuchMethodError': Method sun.misc.Unsafe.defineClass(Ljava/lang/String;[BII)Ljava/lang/Class; name or signature does not match> (0x00000000eab12f00) thrown at [C:\re\workspace\8-2-build-windows-amd64-cygwin\jdk8u45\3627\hotspot\srâ9ÈÞLEº?
Event: 0.103 Thread 0x0000000003470800 Exception <a 'java/lang/NoSuchMethodError': Method sun.misc.Unsafe.prefetchRead(Ljava/lang/Object;J)V name or signature does not match> (0x00000000eab13190) thrown at [C:\re\workspace\8-2-build-windows-amd64-cygwin\jdk8u45\3627\hotspot\src\share\vm\prims\j

Events (10 events):
Event: 0.887 Thread 0x000000000844a800 DEOPT PACKING pc=0x000000000f1dc7d0 sp=0x0000000008e8eaa0
Event: 0.887 Thread 0x000000000844a800 DEOPT UNPACKING pc=0x000000000f05582a sp=0x0000000008e8ea28 mode 2
Event: 0.910 loading class com/android/dx/cf/code/BytecodeArray$ConstantParserVisitor
Event: 0.910 loading class com/android/dx/cf/code/BytecodeArray$ConstantParserVisitor done
Event: 1.108 Thread 0x0000000003470800 Uncommon trap: trap_request=0xffffff65 fr.pc=0x000000000f1f518c
Event: 1.108 Thread 0x0000000003470800 DEOPT PACKING pc=0x000000000f1f518c sp=0x000000000336e750
Event: 1.108 Thread 0x0000000003470800 DEOPT UNPACKING pc=0x000000000f05582a sp=0x000000000336e608 mode 2
Event: 1.108 Thread 0x0000000003470800 Uncommon trap: trap_request=0xffffff65 fr.pc=0x000000000f1d89d4
Event: 1.108 Thread 0x0000000003470800 DEOPT PACKING pc=0x000000000f1d89d4 sp=0x000000000336e690
Event: 1.108 Thread 0x0000000003470800 DEOPT UNPACKING pc=0x000000000f05582a sp=0x000000000336e618 mode 2


Dynamic libraries:
0x00007ff768890000 - 0x00007ff7688c7000 	C:\Program Files\Java\jdk1.8.0_45\bin\java.exe
0x00007ff9fb1b0000 - 0x00007ff9fb371000 	C:\WINDOWS\SYSTEM32\ntdll.dll
0x00007ff9facc0000 - 0x00007ff9fad6d000 	C:\WINDOWS\system32\KERNEL32.DLL
0x00007ff9f8020000 - 0x00007ff9f8208000 	C:\WINDOWS\system32\KERNELBASE.dll
0x00007ff9f9120000 - 0x00007ff9f91c7000 	C:\WINDOWS\system32\ADVAPI32.dll
0x00007ff9fa9f0000 - 0x00007ff9faa8d000 	C:\WINDOWS\system32\msvcrt.dll
0x00007ff9f8a20000 - 0x00007ff9f8a7b000 	C:\WINDOWS\system32\sechost.dll
0x00007ff9faba0000 - 0x00007ff9facbc000 	C:\WINDOWS\system32\RPCRT4.dll
0x00007ff9f8c10000 - 0x00007ff9f8d66000 	C:\WINDOWS\system32\USER32.dll
0x00007ff9f8a80000 - 0x00007ff9f8c06000 	C:\WINDOWS\system32\GDI32.dll
0x00007ff9f37a0000 - 0x00007ff9f3a14000 	C:\WINDOWS\WinSxS\amd64_microsoft.windows.common-controls_6595b64144ccf1df_6.0.10586.494_none_a2d8b04ea53e3145\COMCTL32.dll
0x00007ff9f8620000 - 0x00007ff9f889d000 	C:\WINDOWS\system32\combase.dll
0x00007ff9f78f0000 - 0x00007ff9f795a000 	C:\WINDOWS\system32\bcryptPrimitives.dll
0x00007ff9f8eb0000 - 0x00007ff9f8eeb000 	C:\WINDOWS\system32\IMM32.DLL
0x00007ff9f76c0000 - 0x00007ff9f76f1000 	C:\Windows\system32\nvinitx.dll
0x00007ff9f76b0000 - 0x00007ff9f76ba000 	C:\WINDOWS\SYSTEM32\VERSION.dll
0x000000000f000000 - 0x000000000f006000 	C:\Program Files\NVIDIA Corporation\CoProcManager\_etoured.dll
0x00007ff9f4420000 - 0x00007ff9f4452000 	C:\Program Files\NVIDIA Corporation\CoProcManager\nvd3d9wrapx.dll
0x00007ff9fad70000 - 0x00007ff9fb199000 	C:\WINDOWS\system32\SETUPAPI.dll
0x00007ff9f7fb0000 - 0x00007ff9f7ff3000 	C:\WINDOWS\system32\CFGMGR32.dll
0x00007ff9f3d80000 - 0x00007ff9f3da2000 	C:\Program Files\NVIDIA Corporation\CoProcManager\nvdxgiwrapx.dll
0x0000000071e40000 - 0x0000000071f12000 	C:\Program Files\Java\jdk1.8.0_45\jre\bin\msvcr100.dll
0x0000000071590000 - 0x0000000071e13000 	C:\Program Files\Java\jdk1.8.0_45\jre\bin\server\jvm.dll
0x00007ff9f85b0000 - 0x00007ff9f85b8000 	C:\WINDOWS\system32\PSAPI.DLL
0x00007ff9ea450000 - 0x00007ff9ea459000 	C:\WINDOWS\SYSTEM32\WSOCK32.dll
0x00007ff9f5e80000 - 0x00007ff9f5ea3000 	C:\WINDOWS\SYSTEM32\WINMM.dll
0x00007ff9f8d70000 - 0x00007ff9f8ddb000 	C:\WINDOWS\system32\WS2_32.dll
0x00007ff9f5e50000 - 0x00007ff9f5e7c000 	C:\WINDOWS\SYSTEM32\winmmbase.dll
0x0000000071580000 - 0x000000007158f000 	C:\Program Files\Java\jdk1.8.0_45\jre\bin\verify.dll
0x0000000071550000 - 0x0000000071579000 	C:\Program Files\Java\jdk1.8.0_45\jre\bin\java.dll
0x0000000071530000 - 0x0000000071546000 	C:\Program Files\Java\jdk1.8.0_45\jre\bin\zip.dll
0x00007ff9f92e0000 - 0x00007ff9fa83c000 	C:\WINDOWS\system32\SHELL32.dll
0x00007ff9f7960000 - 0x00007ff9f7fa5000 	C:\WINDOWS\system32\windows.storage.dll
0x00007ff9f90c0000 - 0x00007ff9f9112000 	C:\WINDOWS\system32\shlwapi.dll
0x00007ff9f77f0000 - 0x00007ff9f77ff000 	C:\WINDOWS\system32\kernel.appcore.dll
0x00007ff9f83e0000 - 0x00007ff9f8495000 	C:\WINDOWS\system32\shcore.dll
0x00007ff9f7810000 - 0x00007ff9f785b000 	C:\WINDOWS\system32\powrprof.dll
0x00007ff9f77d0000 - 0x00007ff9f77e4000 	C:\WINDOWS\system32\profapi.dll
0x00007ff9e60b0000 - 0x00007ff9e623c000 	C:\WINDOWS\SYSTEM32\dbghelp.dll

VM Arguments:
jvm_args: -Djava.awt.headless=true -Xmx1024M -Dfile.encoding=x-windows-949 -Duser.country=KR -Duser.language=ko -Duser.variant 
java_command: com.android.dx.command.Main --dex --num-threads=4 --output E:\AndroidStudioProjects\CheongwonPay\app\build\intermediates\pre-dexed\debug\debug_96c2712b25744ad3003ba9e4a54ac1dbfc345c61.jar E:\AndroidStudioProjects\CheongwonPay\app\build\intermediates\classes\debug
java_class_path (initial): E:\Android\sdk\build-tools\23.0.3\lib\dx.jar
Launcher Type: SUN_STANDARD

Environment Variables:
PATH=C:\ProgramData\Oracle\Java\javapath;C:\Program Files (x86)\Wizvera\Delfino;C:\Program Files (x86)\NVIDIA Corporation\PhysX\Common;C:\WINDOWS\system32;C:\WINDOWS;C:\WINDOWS\System32\Wbem;C:\WINDOWS\System32\WindowsPowerShell\v1.0\;C:\Program Files\WIDCOMM\Bluetooth Software\;C:\Program Files\WIDCOMM\Bluetooth Software\syswow64;;C:\Program Files (x86)\Intel\OpenCL SDK\2.0\bin\x86;C:\Program Files (x86)\Intel\OpenCL SDK\2.0\bin\x64;C:\Program Files\Java\jdk1.8.0_45\bin;C:\Program Files\Java\jre1.8.0_45\bin;E:\Android\sdk\platform-tools;C:\Program Files (x86)\Skype\Phone\;C:\Users\Á¤¼·\AppData\Local\Bandizip\7z
USERNAME=Á¤¼·
OS=Windows_NT
PROCESSOR_IDENTIFIER=Intel64 Family 6 Model 42 Stepping 7, GenuineIntel



---------------  S Y S T E M  ---------------

OS: Windows 10.0 , 64 bit Build 10586 (10.0.10586.0)

CPU:total 4 (2 cores per cpu, 2 threads per core) family 6 model 42 stepping 7, cmov, cx8, fxsr, mmx, sse, sse2, sse3, ssse3, sse4.1, sse4.2, popcnt, avx, aes, clmul, ht, tsc, tscinvbit

Memory: 4k page, physical 4104480k(674716k free), swap 5864692k(1052k free)

vm_info: Java HotSpot(TM) 64-Bit Server VM (25.45-b02) for windows-amd64 JRE (1.8.0_45-b15), built on Apr 30 2015 12:40:44 by "java_re" with MS VC++ 10.0 (VS2010)

time: Wed Sep 21 02:43:03 2016
elapsed time: 1 seconds (0d 0h 0m 1s)

