#
# There is insufficient memory for the Java Runtime Environment to continue.
# Native memory allocation (malloc) failed to allocate 977056 bytes for Chunk::new
# Possible reasons:
#   The system is out of physical RAM or swap space
#   In 32 bit mode, the process size limit was hit
# Possible solutions:
#   Reduce memory load on the system
#   Increase physical memory or swap space
#   Check if swap backing store is full
#   Use 64 bit Java on a 64 bit OS
#   Decrease Java heap size (-Xmx/-Xms)
#   Decrease number of Java threads
#   Decrease Java thread stack sizes (-Xss)
#   Set larger code cache with -XX:ReservedCodeCacheSize=
# This output file may be truncated or incomplete.
#
#  Out of Memory Error (allocation.cpp:390), pid=2072, tid=4244
#
# JRE version: Java(TM) SE Runtime Environment (8.0_45-b15) (build 1.8.0_45-b15)
# Java VM: Java HotSpot(TM) 64-Bit Server VM (25.45-b02 mixed mode windows-amd64 compressed oops)
# Failed to write core dump. Minidumps are not enabled by default on client versions of Windows
#

---------------  T H R E A D  ---------------

Current thread (0x0000000007f83800):  JavaThread "C2 CompilerThread1" daemon [_thread_in_native, id=4244, stack(0x0000000008330000,0x0000000008430000)]

Stack: [0x0000000008330000,0x0000000008430000]
Native frames: (J=compiled Java code, j=interpreted, Vv=VM code, C=native code)
V  [jvm.dll+0x32b57a]
V  [jvm.dll+0x279873]
V  [jvm.dll+0x27a509]
V  [jvm.dll+0x271825]
V  [jvm.dll+0xcb9e2]
V  [jvm.dll+0xcbeac]
V  [jvm.dll+0x476ef2]
V  [jvm.dll+0x4b955f]
V  [jvm.dll+0x46b92f]
V  [jvm.dll+0x46ccbe]
V  [jvm.dll+0x4500f2]
V  [jvm.dll+0xa4352]
V  [jvm.dll+0xa4c8f]
V  [jvm.dll+0x241984]
V  [jvm.dll+0x29853a]
C  [msvcr100.dll+0x21d9f]
C  [msvcr100.dll+0x21e3b]
C  [KERNEL32.DLL+0x18102]
C  [ntdll.dll+0x5c5b4]


Current CompileTask:
C2:   9189 1517       4       com.android.dx.ssa.SCCP::simulateBranch (666 bytes)


---------------  P R O C E S S  ---------------

Java Threads: ( => current thread )
  0x00000000081ac800 JavaThread "pool-1-thread-4" [_thread_in_Java, id=2168, stack(0x0000000008b30000,0x0000000008c30000)]
  0x00000000081a9000 JavaThread "pool-1-thread-3" [_thread_in_Java, id=7916, stack(0x0000000008a30000,0x0000000008b30000)]
  0x000000000820e800 JavaThread "pool-1-thread-2" [_thread_in_Java, id=10068, stack(0x0000000008930000,0x0000000008a30000)]
  0x0000000008205800 JavaThread "pool-2-thread-1" [_thread_blocked, id=8800, stack(0x0000000008830000,0x0000000008930000)]
  0x0000000008203000 JavaThread "pool-1-thread-1" [_thread_in_Java, id=8304, stack(0x0000000008730000,0x0000000008830000)]
  0x0000000007f92000 JavaThread "Service Thread" daemon [_thread_blocked, id=4772, stack(0x0000000008530000,0x0000000008630000)]
  0x0000000007f89800 JavaThread "C1 CompilerThread2" daemon [_thread_blocked, id=80, stack(0x0000000008430000,0x0000000008530000)]
=>0x0000000007f83800 JavaThread "C2 CompilerThread1" daemon [_thread_in_native, id=4244, stack(0x0000000008330000,0x0000000008430000)]
  0x0000000006919000 JavaThread "C2 CompilerThread0" daemon [_thread_in_native, id=7084, stack(0x0000000007e30000,0x0000000007f30000)]
  0x00000000068cd000 JavaThread "Attach Listener" daemon [_thread_blocked, id=6796, stack(0x0000000007d30000,0x0000000007e30000)]
  0x00000000068cc000 JavaThread "Signal Dispatcher" daemon [_thread_blocked, id=2916, stack(0x0000000007c30000,0x0000000007d30000)]
  0x00000000031e0800 JavaThread "Finalizer" daemon [_thread_blocked, id=4708, stack(0x0000000007b30000,0x0000000007c30000)]
  0x00000000031dd000 JavaThread "Reference Handler" daemon [_thread_blocked, id=3156, stack(0x0000000007a30000,0x0000000007b30000)]
  0x00000000030f0800 JavaThread "main" [_thread_in_Java, id=8832, stack(0x0000000002ff0000,0x00000000030f0000)]

Other Threads:
  0x0000000006888000 VMThread [stack: 0x0000000007930000,0x0000000007a30000] [id=32]
  0x0000000007fa3000 WatcherThread [stack: 0x0000000008630000,0x0000000008730000] [id=10800]

VM state:not at safepoint (normal execution)

VM Mutex/Monitor currently owned by a thread: None

Heap:
 PSYoungGen      total 18944K, used 14927K [0x00000000eab00000, 0x00000000ec000000, 0x0000000100000000)
  eden space 16384K, 75% used [0x00000000eab00000,0x00000000eb715840,0x00000000ebb00000)
  from space 2560K, 99% used [0x00000000ebb00000,0x00000000ebd7e3f0,0x00000000ebd80000)
  to   space 2560K, 0% used [0x00000000ebd80000,0x00000000ebd80000,0x00000000ec000000)
 ParOldGen       total 44032K, used 6936K [0x00000000c0000000, 0x00000000c2b00000, 0x00000000eab00000)
  object space 44032K, 15% used [0x00000000c0000000,0x00000000c06c6270,0x00000000c2b00000)
 Metaspace       used 6189K, capacity 7088K, committed 7296K, reserved 1056768K
  class space    used 597K, capacity 616K, committed 640K, reserved 1048576K

Card table byte_map: [0x00000000035b0000,0x00000000037c0000] byte_map_base: 0x0000000002fb0000

Marking Bits: (ParMarkBitMap*) 0x0000000071d94040
 Begin Bits: [0x0000000003d20000, 0x0000000004d20000)
 End Bits:   [0x0000000004d20000, 0x0000000005d20000)

Polling page: 0x0000000001100000

CodeCache: size=245760Kb used=6327Kb max_used=6360Kb free=239432Kb
 bounds [0x000000000f010000, 0x000000000f650000, 0x000000001e010000]
 total_blobs=1796 nmethods=1525 adapters=184
 compilation: enabled

Compilation events (10 events):
Event: 9.083 Thread 0x0000000007f83800 1517       4       com.android.dx.ssa.SCCP::simulateBranch (666 bytes)
Event: 9.083 Thread 0x0000000007f89800 nmethod 1529 0x000000000f620a90 code [0x000000000f620cc0, 0x000000000f621368]
Event: 9.083 Thread 0x0000000007f89800 1534       2       com.android.dx.dex.cf.AttributeTranslator::getParameterAnnotations (69 bytes)
Event: 9.083 Thread 0x0000000007f89800 nmethod 1534 0x000000000f62ee50 code [0x000000000f62f020, 0x000000000f62f3d8]
Event: 9.083 Thread 0x0000000007f89800 1539   !   2       java.lang.Class::getEnumConstantsShared (73 bytes)
Event: 9.084 Thread 0x0000000007f89800 nmethod 1539 0x000000000f62e550 code [0x000000000f62e700, 0x000000000f62eba8]
Event: 9.084 Thread 0x0000000007f89800 1540       2       com.android.dx.ssa.back.SsaToRop::convert (99 bytes)
Event: 9.086 Thread 0x0000000007f89800 nmethod 1540 0x000000000f630350 code [0x000000000f630560, 0x000000000f630c78]
Event: 9.088 Thread 0x0000000007f89800 1541       2       com.android.dx.rop.code.Rops::opReturn (89 bytes)
Event: 9.089 Thread 0x0000000007f89800 nmethod 1541 0x000000000f62db90 code [0x000000000f62dd60, 0x000000000f62e258]

GC Heap History (6 events):
Event: 7.287 GC heap before
{Heap before GC invocations=1 (full 0):
 PSYoungGen      total 18944K, used 16384K [0x00000000eab00000, 0x00000000ec000000, 0x0000000100000000)
  eden space 16384K, 100% used [0x00000000eab00000,0x00000000ebb00000,0x00000000ebb00000)
  from space 2560K, 0% used [0x00000000ebd80000,0x00000000ebd80000,0x00000000ec000000)
  to   space 2560K, 0% used [0x00000000ebb00000,0x00000000ebb00000,0x00000000ebd80000)
 ParOldGen       total 44032K, used 0K [0x00000000c0000000, 0x00000000c2b00000, 0x00000000eab00000)
  object space 44032K, 0% used [0x00000000c0000000,0x00000000c0000000,0x00000000c2b00000)
 Metaspace       used 5735K, capacity 6704K, committed 6784K, reserved 1056768K
  class space    used 589K, capacity 616K, committed 640K, reserved 1048576K
Event: 7.296 GC heap after
Heap after GC invocations=1 (full 0):
 PSYoungGen      total 18944K, used 2548K [0x00000000eab00000, 0x00000000ec000000, 0x0000000100000000)
  eden space 16384K, 0% used [0x00000000eab00000,0x00000000eab00000,0x00000000ebb00000)
  from space 2560K, 99% used [0x00000000ebb00000,0x00000000ebd7d0b8,0x00000000ebd80000)
  to   space 2560K, 0% used [0x00000000ebd80000,0x00000000ebd80000,0x00000000ec000000)
 ParOldGen       total 44032K, used 1658K [0x00000000c0000000, 0x00000000c2b00000, 0x00000000eab00000)
  object space 44032K, 3% used [0x00000000c0000000,0x00000000c019e850,0x00000000c2b00000)
 Metaspace       used 5735K, capacity 6704K, committed 6784K, reserved 1056768K
  class space    used 589K, capacity 616K, committed 640K, reserved 1048576K
}
Event: 8.490 GC heap before
{Heap before GC invocations=2 (full 0):
 PSYoungGen      total 18944K, used 18932K [0x00000000eab00000, 0x00000000ec000000, 0x0000000100000000)
  eden space 16384K, 100% used [0x00000000eab00000,0x00000000ebb00000,0x00000000ebb00000)
  from space 2560K, 99% used [0x00000000ebb00000,0x00000000ebd7d0b8,0x00000000ebd80000)
  to   space 2560K, 0% used [0x00000000ebd80000,0x00000000ebd80000,0x00000000ec000000)
 ParOldGen       total 44032K, used 1658K [0x00000000c0000000, 0x00000000c2b00000, 0x00000000eab00000)
  object space 44032K, 3% used [0x00000000c0000000,0x00000000c019e850,0x00000000c2b00000)
 Metaspace       used 6060K, capacity 6960K, committed 7040K, reserved 1056768K
  class space    used 595K, capacity 616K, committed 640K, reserved 1048576K
Event: 8.527 GC heap after
Heap after GC invocations=2 (full 0):
 PSYoungGen      total 18944K, used 2553K [0x00000000eab00000, 0x00000000ec000000, 0x0000000100000000)
  eden space 16384K, 0% used [0x00000000eab00000,0x00000000eab00000,0x00000000ebb00000)
  from space 2560K, 99% used [0x00000000ebd80000,0x00000000ebffe768,0x00000000ec000000)
  to   space 2560K, 0% used [0x00000000ebb00000,0x00000000ebb00000,0x00000000ebd80000)
 ParOldGen       total 44032K, used 3963K [0x00000000c0000000, 0x00000000c2b00000, 0x00000000eab00000)
  object space 44032K, 9% used [0x00000000c0000000,0x00000000c03def20,0x00000000c2b00000)
 Metaspace       used 6060K, capacity 6960K, committed 7040K, reserved 1056768K
  class space    used 595K, capacity 616K, committed 640K, reserved 1048576K
}
Event: 8.956 GC heap before
{Heap before GC invocations=3 (full 0):
 PSYoungGen      total 18944K, used 18937K [0x00000000eab00000, 0x00000000ec000000, 0x0000000100000000)
  eden space 16384K, 100% used [0x00000000eab00000,0x00000000ebb00000,0x00000000ebb00000)
  from space 2560K, 99% used [0x00000000ebd80000,0x00000000ebffe768,0x00000000ec000000)
  to   space 2560K, 0% used [0x00000000ebb00000,0x00000000ebb00000,0x00000000ebd80000)
 ParOldGen       total 44032K, used 3963K [0x00000000c0000000, 0x00000000c2b00000, 0x00000000eab00000)
  object space 44032K, 9% used [0x00000000c0000000,0x00000000c03def20,0x00000000c2b00000)
 Metaspace       used 6155K, capacity 7024K, committed 7296K, reserved 1056768K
  class space    used 595K, capacity 616K, committed 640K, reserved 1048576K
Event: 8.969 GC heap after
Heap after GC invocations=3 (full 0):
 PSYoungGen      total 18944K, used 2552K [0x00000000eab00000, 0x00000000ec000000, 0x0000000100000000)
  eden space 16384K, 0% used [0x00000000eab00000,0x00000000eab00000,0x00000000ebb00000)
  from space 2560K, 99% used [0x00000000ebb00000,0x00000000ebd7e3f0,0x00000000ebd80000)
  to   space 2560K, 0% used [0x00000000ebd80000,0x00000000ebd80000,0x00000000ec000000)
 ParOldGen       total 44032K, used 6936K [0x00000000c0000000, 0x00000000c2b00000, 0x00000000eab00000)
  object space 44032K, 15% used [0x00000000c0000000,0x00000000c06c6270,0x00000000c2b00000)
 Metaspace       used 6155K, capacity 7024K, committed 7296K, reserved 1056768K
  class space    used 595K, capacity 616K, committed 640K, reserved 1048576K
}

Deoptimization events (10 events):
Event: 8.970 Thread 0x00000000081a9000 Uncommon trap: reason=unstable_if action=reinterpret pc=0x000000000f54c0e0 method=com.android.dx.rop.code.RegisterSpec.equals(ILcom/android/dx/rop/type/TypeBearer;Lcom/android/dx/rop/code/LocalItem;)Z @ 42
Event: 8.981 Thread 0x000000000820e800 Uncommon trap: reason=unstable_if action=reinterpret pc=0x000000000f54b278 method=com.android.dx.cf.code.Ropper.labelToResultIndex(I)I @ 34
Event: 8.983 Thread 0x000000000820e800 Uncommon trap: reason=unstable_if action=reinterpret pc=0x000000000f55f99c method=com.android.dx.util.LabeledList.set(ILcom/android/dx/util/LabeledItem;)V @ 16
Event: 9.001 Thread 0x000000000820e800 Uncommon trap: reason=class_check action=maybe_recompile pc=0x000000000f55e904 method=java.util.HashMap.putVal(ILjava/lang/Object;Ljava/lang/Object;ZZ)Ljava/lang/Object; @ 203
Event: 9.001 Thread 0x000000000820e800 Uncommon trap: reason=bimorphic action=maybe_recompile pc=0x000000000f5473f8 method=java.util.HashMap.getNode(ILjava/lang/Object;)Ljava/util/HashMap$Node; @ 126
Event: 9.002 Thread 0x000000000820e800 Uncommon trap: reason=bimorphic action=maybe_recompile pc=0x000000000f5473f8 method=java.util.HashMap.getNode(ILjava/lang/Object;)Ljava/util/HashMap$Node; @ 126
Event: 9.038 Thread 0x00000000030f0800 Uncommon trap: reason=bimorphic action=maybe_recompile pc=0x000000000f5473f8 method=java.util.HashMap.getNode(ILjava/lang/Object;)Ljava/util/HashMap$Node; @ 126
Event: 9.039 Thread 0x00000000030f0800 Uncommon trap: reason=class_check action=maybe_recompile pc=0x000000000f55e904 method=java.util.HashMap.putVal(ILjava/lang/Object;Ljava/lang/Object;ZZ)Ljava/lang/Object; @ 203
Event: 9.039 Thread 0x00000000030f0800 Uncommon trap: reason=bimorphic action=maybe_recompile pc=0x000000000f5473f8 method=java.util.HashMap.getNode(ILjava/lang/Object;)Ljava/util/HashMap$Node; @ 126
Event: 9.039 Thread 0x00000000030f0800 Uncommon trap: reason=class_check action=maybe_recompile pc=0x000000000f55e904 method=java.util.HashMap.putVal(ILjava/lang/Object;Ljava/lang/Object;ZZ)Ljava/lang/Object; @ 203

Internal exceptions (4 events):
Event: 1.738 Thread 0x00000000030f0800 Exception <a 'java/lang/NoSuchMethodError': Method sun.misc.Unsafe.defineClass(Ljava/lang/String;[BII)Ljava/lang/Class; name or signature does not match> (0x00000000eab12f00) thrown at [C:\re\workspace\8-2-build-windows-amd64-cygwin\jdk8u45\3627\hotspot\srÅ¬\Lœ˚?
Event: 1.738 Thread 0x00000000030f0800 Exception <a 'java/lang/NoSuchMethodError': Method sun.misc.Unsafe.prefetchRead(Ljava/lang/Object;J)V name or signature does not match> (0x00000000eab13190) thrown at [C:\re\workspace\8-2-build-windows-amd64-cygwin\jdk8u45\3627\hotspot\src\share\vm\prims\jÊ∞∂8™ @
Event: 8.332 Thread 0x00000000081ac800 Implicit null exception at 0x000000000f4b28e2 to 0x000000000f4b29d2
Event: 8.666 Thread 0x000000000820e800 Implicit null exception at 0x000000000f34e7d5 to 0x000000000f350d25

Events (10 events):
Event: 9.039 Thread 0x00000000030f0800 DEOPT UNPACKING pc=0x000000000f05582a sp=0x00000000030edfe0 mode 2
Event: 9.039 Thread 0x00000000030f0800 Uncommon trap: trap_request=0xffffffde fr.pc=0x000000000f55e904
Event: 9.039 Thread 0x00000000030f0800 DEOPT PACKING pc=0x000000000f55e904 sp=0x00000000030ee030
Event: 9.039 Thread 0x00000000030f0800 DEOPT UNPACKING pc=0x000000000f05582a sp=0x00000000030edfb8 mode 2
Event: 9.039 Thread 0x00000000030f0800 Uncommon trap: trap_request=0xffffffc6 fr.pc=0x000000000f5473f8
Event: 9.039 Thread 0x00000000030f0800 DEOPT PACKING pc=0x000000000f5473f8 sp=0x00000000030ee060
Event: 9.039 Thread 0x00000000030f0800 DEOPT UNPACKING pc=0x000000000f05582a sp=0x00000000030edfe0 mode 2
Event: 9.039 Thread 0x00000000030f0800 Uncommon trap: trap_request=0xffffffde fr.pc=0x000000000f55e904
Event: 9.039 Thread 0x00000000030f0800 DEOPT PACKING pc=0x000000000f55e904 sp=0x00000000030ee030
Event: 9.039 Thread 0x00000000030f0800 DEOPT UNPACKING pc=0x000000000f05582a sp=0x00000000030edfb8 mode 2


Dynamic libraries:
0x00007ff768890000 - 0x00007ff7688c7000 	C:\Program Files\Java\jdk1.8.0_45\bin\java.exe
0x00007ff9fb1b0000 - 0x00007ff9fb371000 	C:\WINDOWS\SYSTEM32\ntdll.dll
0x00007ff9facc0000 - 0x00007ff9fad6d000 	C:\WINDOWS\system32\KERNEL32.DLL
0x00007ff9f8020000 - 0x00007ff9f8208000 	C:\WINDOWS\system32\KERNELBASE.dll
0x00007ff9f9120000 - 0x00007ff9f91c7000 	C:\WINDOWS\system32\ADVAPI32.dll
0x00007ff9fa9f0000 - 0x00007ff9faa8d000 	C:\WINDOWS\system32\msvcrt.dll
0x00007ff9f8a20000 - 0x00007ff9f8a7b000 	C:\WINDOWS\system32\sechost.dll
0x00007ff9faba0000 - 0x00007ff9facbc000 	C:\WINDOWS\system32\RPCRT4.dll
0x00007ff9f8c10000 - 0x00007ff9f8d66000 	C:\WINDOWS\system32\USER32.dll
0x00007ff9f8a80000 - 0x00007ff9f8c06000 	C:\WINDOWS\system32\GDI32.dll
0x00007ff9f37a0000 - 0x00007ff9f3a14000 	C:\WINDOWS\WinSxS\amd64_microsoft.windows.common-controls_6595b64144ccf1df_6.0.10586.494_none_a2d8b04ea53e3145\COMCTL32.dll
0x00007ff9f8620000 - 0x00007ff9f889d000 	C:\WINDOWS\system32\combase.dll
0x00007ff9f78f0000 - 0x00007ff9f795a000 	C:\WINDOWS\system32\bcryptPrimitives.dll
0x00007ff9f8eb0000 - 0x00007ff9f8eeb000 	C:\WINDOWS\system32\IMM32.DLL
0x00007ff9f76c0000 - 0x00007ff9f76f1000 	C:\Windows\system32\nvinitx.dll
0x00007ff9f76b0000 - 0x00007ff9f76ba000 	C:\WINDOWS\SYSTEM32\VERSION.dll
0x000000000f000000 - 0x000000000f006000 	C:\Program Files\NVIDIA Corporation\CoProcManager\_etoured.dll
0x00007ff9f4420000 - 0x00007ff9f4452000 	C:\Program Files\NVIDIA Corporation\CoProcManager\nvd3d9wrapx.dll
0x00007ff9fad70000 - 0x00007ff9fb199000 	C:\WINDOWS\system32\SETUPAPI.dll
0x00007ff9f7fb0000 - 0x00007ff9f7ff3000 	C:\WINDOWS\system32\CFGMGR32.dll
0x00007ff9f3d80000 - 0x00007ff9f3da2000 	C:\Program Files\NVIDIA Corporation\CoProcManager\nvdxgiwrapx.dll
0x0000000071e40000 - 0x0000000071f12000 	C:\Program Files\Java\jdk1.8.0_45\jre\bin\msvcr100.dll
0x0000000071590000 - 0x0000000071e13000 	C:\Program Files\Java\jdk1.8.0_45\jre\bin\server\jvm.dll
0x00007ff9f85b0000 - 0x00007ff9f85b8000 	C:\WINDOWS\system32\PSAPI.DLL
0x00007ff9ea450000 - 0x00007ff9ea459000 	C:\WINDOWS\SYSTEM32\WSOCK32.dll
0x00007ff9f8d70000 - 0x00007ff9f8ddb000 	C:\WINDOWS\system32\WS2_32.dll
0x00007ff9f5e80000 - 0x00007ff9f5ea3000 	C:\WINDOWS\SYSTEM32\WINMM.dll
0x00007ff9f5e50000 - 0x00007ff9f5e7c000 	C:\WINDOWS\SYSTEM32\WINMMBASE.dll
0x0000000071580000 - 0x000000007158f000 	C:\Program Files\Java\jdk1.8.0_45\jre\bin\verify.dll
0x0000000071550000 - 0x0000000071579000 	C:\Program Files\Java\jdk1.8.0_45\jre\bin\java.dll
0x0000000071530000 - 0x0000000071546000 	C:\Program Files\Java\jdk1.8.0_45\jre\bin\zip.dll
0x00007ff9f92e0000 - 0x00007ff9fa83c000 	C:\WINDOWS\system32\SHELL32.dll
0x00007ff9f7960000 - 0x00007ff9f7fa5000 	C:\WINDOWS\system32\windows.storage.dll
0x00007ff9f90c0000 - 0x00007ff9f9112000 	C:\WINDOWS\system32\shlwapi.dll
0x00007ff9f77f0000 - 0x00007ff9f77ff000 	C:\WINDOWS\system32\kernel.appcore.dll
0x00007ff9f83e0000 - 0x00007ff9f8495000 	C:\WINDOWS\system32\shcore.dll
0x00007ff9f7810000 - 0x00007ff9f785b000 	C:\WINDOWS\system32\powrprof.dll
0x00007ff9f77d0000 - 0x00007ff9f77e4000 	C:\WINDOWS\system32\profapi.dll
0x00007ff9e60b0000 - 0x00007ff9e623c000 	C:\WINDOWS\SYSTEM32\dbghelp.dll

VM Arguments:
jvm_args: -Djava.awt.headless=true -Xmx1024M -Dfile.encoding=x-windows-949 -Duser.country=KR -Duser.language=ko -Duser.variant 
java_command: com.android.dx.command.Main --dex --num-threads=4 --output E:\AndroidStudioProjects\CheongwonPay\app\build\intermediates\pre-dexed\debug\com.android.support-design-24.1.1_6ceb22d17974f36b875b5a94114d5f2c2ed12311.jar E:\AndroidStudioProjects\CheongwonPay\app\build\intermediates\exploded-aar\com.android.support\design\24.1.1\jars\classes.jar
java_class_path (initial): E:\Android\sdk\build-tools\23.0.2\lib\dx.jar
Launcher Type: SUN_STANDARD

Environment Variables:
PATH=C:\ProgramData\Oracle\Java\javapath;C:\Program Files (x86)\Wizvera\Delfino;C:\Program Files (x86)\NVIDIA Corporation\PhysX\Common;C:\WINDOWS\system32;C:\WINDOWS;C:\WINDOWS\System32\Wbem;C:\WINDOWS\System32\WindowsPowerShell\v1.0\;C:\Program Files\WIDCOMM\Bluetooth Software\;C:\Program Files\WIDCOMM\Bluetooth Software\syswow64;;C:\Program Files (x86)\Intel\OpenCL SDK\2.0\bin\x86;C:\Program Files (x86)\Intel\OpenCL SDK\2.0\bin\x64;C:\Program Files\Java\jdk1.8.0_45\bin;C:\Program Files\Java\jre1.8.0_45\bin;E:\Android\sdk\platform-tools;C:\Program Files (x86)\Skype\Phone\;C:\Users\¡§º∑\AppData\Local\Bandizip\7z
USERNAME=¡§º∑
OS=Windows_NT
PROCESSOR_IDENTIFIER=Intel64 Family 6 Model 42 Stepping 7, GenuineIntel



---------------  S Y S T E M  ---------------

OS: Windows 10.0 , 64 bit Build 10586 (10.0.10586.0)

CPU:total 4 (2 cores per cpu, 2 threads per core) family 6 model 42 stepping 7, cmov, cx8, fxsr, mmx, sse, sse2, sse3, ssse3, sse4.1, sse4.2, popcnt, avx, aes, clmul, ht, tsc, tscinvbit

Memory: 4k page, physical 4104480k(667752k free), swap 5866180k(6356k free)

vm_info: Java HotSpot(TM) 64-Bit Server VM (25.45-b02) for windows-amd64 JRE (1.8.0_45-b15), built on Apr 30 2015 12:40:44 by "java_re" with MS VC++ 10.0 (VS2010)

time: Wed Sep 21 02:33:57 2016
elapsed time: 9 seconds (0d 0h 0m 9s)

