#
# There is insufficient memory for the Java Runtime Environment to continue.
# Native memory allocation (malloc) failed to allocate 32784 bytes for Chunk::new
# Possible reasons:
#   The system is out of physical RAM or swap space
#   In 32 bit mode, the process size limit was hit
# Possible solutions:
#   Reduce memory load on the system
#   Increase physical memory or swap space
#   Check if swap backing store is full
#   Use 64 bit Java on a 64 bit OS
#   Decrease Java heap size (-Xmx/-Xms)
#   Decrease number of Java threads
#   Decrease Java thread stack sizes (-Xss)
#   Set larger code cache with -XX:ReservedCodeCacheSize=
# This output file may be truncated or incomplete.
#
#  Out of Memory Error (allocation.cpp:390), pid=32, tid=9864
#
# JRE version: Java(TM) SE Runtime Environment (8.0_45-b15) (build 1.8.0_45-b15)
# Java VM: Java HotSpot(TM) 64-Bit Server VM (25.45-b02 mixed mode windows-amd64 compressed oops)
# Failed to write core dump. Minidumps are not enabled by default on client versions of Windows
#

---------------  T H R E A D  ---------------

Current thread (0x00000000066ea000):  JavaThread "C2 CompilerThread0" daemon [_thread_in_native, id=9864, stack(0x0000000007c00000,0x0000000007d00000)]

Stack: [0x0000000007c00000,0x0000000007d00000]
Native frames: (J=compiled Java code, j=interpreted, Vv=VM code, C=native code)
V  [jvm.dll+0x32b57a]


Current CompileTask:
C2:   6505 1140       4       com.android.dx.ssa.SsaMethod::computeReachability (131 bytes)


---------------  P R O C E S S  ---------------

Java Threads: ( => current thread )
  0x000000000800e800 JavaThread "pool-2-thread-4" [_thread_in_Java, id=2816, stack(0x0000000008900000,0x0000000008a00000)]
  0x000000000800d800 JavaThread "pool-2-thread-3" [_thread_blocked, id=10104, stack(0x0000000008800000,0x0000000008900000)]
  0x000000000800d000 JavaThread "pool-2-thread-2" [_thread_blocked, id=10116, stack(0x0000000008700000,0x0000000008800000)]
  0x000000000800c000 JavaThread "pool-3-thread-1" [_thread_blocked, id=11332, stack(0x0000000008600000,0x0000000008700000)]
  0x0000000007e6c000 JavaThread "pool-2-thread-1" [_thread_in_Java, id=9976, stack(0x0000000008500000,0x0000000008600000)]
  0x0000000007d5b800 JavaThread "Service Thread" daemon [_thread_blocked, id=10136, stack(0x0000000008300000,0x0000000008400000)]
  0x0000000007d57800 JavaThread "C1 CompilerThread2" daemon [_thread_in_native, id=5304, stack(0x0000000008200000,0x0000000008300000)]
  0x0000000007d54800 JavaThread "C2 CompilerThread1" daemon [_thread_in_native, id=2324, stack(0x0000000008100000,0x0000000008200000)]
=>0x00000000066ea000 JavaThread "C2 CompilerThread0" daemon [_thread_in_native, id=9864, stack(0x0000000007c00000,0x0000000007d00000)]
  0x000000000669e000 JavaThread "Attach Listener" daemon [_thread_blocked, id=10920, stack(0x0000000007b00000,0x0000000007c00000)]
  0x000000000669d000 JavaThread "Signal Dispatcher" daemon [_thread_blocked, id=6808, stack(0x0000000007a00000,0x0000000007b00000)]
  0x0000000002fb2800 JavaThread "Finalizer" daemon [_thread_blocked, id=11288, stack(0x0000000007900000,0x0000000007a00000)]
  0x0000000002faf800 JavaThread "Reference Handler" daemon [_thread_blocked, id=7500, stack(0x0000000007800000,0x0000000007900000)]
  0x0000000002ec0800 JavaThread "main" [_thread_blocked, id=12176, stack(0x0000000002a50000,0x0000000002b50000)]

Other Threads:
  0x0000000006657000 VMThread [stack: 0x0000000007700000,0x0000000007800000] [id=5724]
  0x0000000007d5d800 WatcherThread [stack: 0x0000000008400000,0x0000000008500000] [id=6904]

VM state:not at safepoint (normal execution)

VM Mutex/Monitor currently owned by a thread: None

Heap:
 PSYoungGen      total 18944K, used 14673K [0x00000000eab00000, 0x00000000ed000000, 0x0000000100000000)
  eden space 16384K, 74% used [0x00000000eab00000,0x00000000eb6d7dd0,0x00000000ebb00000)
  from space 2560K, 99% used [0x00000000ebb00000,0x00000000ebd7ca10,0x00000000ebd80000)
  to   space 2560K, 0% used [0x00000000ecd80000,0x00000000ecd80000,0x00000000ed000000)
 ParOldGen       total 44032K, used 903K [0x00000000c0000000, 0x00000000c2b00000, 0x00000000eab00000)
  object space 44032K, 2% used [0x00000000c0000000,0x00000000c00e1e40,0x00000000c2b00000)
 Metaspace       used 5930K, capacity 6832K, committed 7040K, reserved 1056768K
  class space    used 592K, capacity 616K, committed 640K, reserved 1048576K

Card table byte_map: [0x0000000003380000,0x0000000003590000] byte_map_base: 0x0000000002d80000

Marking Bits: (ParMarkBitMap*) 0x000000006f4b4040
 Begin Bits: [0x0000000003af0000, 0x0000000004af0000)
 End Bits:   [0x0000000004af0000, 0x0000000005af0000)

Polling page: 0x0000000001260000

CodeCache: size=245760Kb used=4486Kb max_used=4486Kb free=241273Kb
 bounds [0x000000000f010000, 0x000000000f480000, 0x000000001e010000]
 total_blobs=1430 nmethods=1159 adapters=184
 compilation: enabled

Compilation events (10 events):
Event: 6.489 Thread 0x0000000007d57800 nmethod 1144 0x000000000f462b50 code [0x000000000f462d00, 0x000000000f4633b8]
Event: 6.489 Thread 0x0000000007d57800 1145       3       java.util.TreeMap$Values::iterator (19 bytes)
Event: 6.490 Thread 0x0000000007d57800 nmethod 1145 0x000000000f463650 code [0x000000000f4637e0, 0x000000000f463cf0]
Event: 6.491 Thread 0x0000000007d57800 1147       3       com.android.dx.ssa.back.SsaToRop::removePhiFunctions (83 bytes)
Event: 6.493 Thread 0x0000000007d57800 nmethod 1147 0x000000000f463f50 code [0x000000000f464220, 0x000000000f4655a8]
Event: 6.495 Thread 0x0000000007d57800 1148       3       com.android.dx.ssa.SsaMethod::getCountReachableBlocks (44 bytes)
Event: 6.496 Thread 0x0000000007d57800 nmethod 1148 0x000000000f466090 code [0x000000000f466260, 0x000000000f466b18]
Event: 6.496 Thread 0x0000000007d57800 1149       3       com.android.dx.ssa.back.SsaToRop::convertBasicBlocks (151 bytes)
Event: 6.499 Thread 0x0000000007d57800 nmethod 1149 0x000000000f466ed0 code [0x000000000f4671e0, 0x000000000f468ab8]
Event: 6.500 Thread 0x0000000007d57800 1150       3       com.android.dx.rop.code.RegisterSpecSet::equals (106 bytes)

GC Heap History (2 events):
Event: 3.678 GC heap before
{Heap before GC invocations=1 (full 0):
 PSYoungGen      total 18944K, used 16384K [0x00000000eab00000, 0x00000000ec000000, 0x0000000100000000)
  eden space 16384K, 100% used [0x00000000eab00000,0x00000000ebb00000,0x00000000ebb00000)
  from space 2560K, 0% used [0x00000000ebd80000,0x00000000ebd80000,0x00000000ec000000)
  to   space 2560K, 0% used [0x00000000ebb00000,0x00000000ebb00000,0x00000000ebd80000)
 ParOldGen       total 44032K, used 0K [0x00000000c0000000, 0x00000000c2b00000, 0x00000000eab00000)
  object space 44032K, 0% used [0x00000000c0000000,0x00000000c0000000,0x00000000c2b00000)
 Metaspace       used 5410K, capacity 6384K, committed 6528K, reserved 1056768K
  class space    used 584K, capacity 616K, committed 640K, reserved 1048576K
Event: 4.162 GC heap after
Heap after GC invocations=1 (full 0):
 PSYoungGen      total 18944K, used 2546K [0x00000000eab00000, 0x00000000ed000000, 0x0000000100000000)
  eden space 16384K, 0% used [0x00000000eab00000,0x00000000eab00000,0x00000000ebb00000)
  from space 2560K, 99% used [0x00000000ebb00000,0x00000000ebd7ca10,0x00000000ebd80000)
  to   space 2560K, 0% used [0x00000000ecd80000,0x00000000ecd80000,0x00000000ed000000)
 ParOldGen       total 44032K, used 903K [0x00000000c0000000, 0x00000000c2b00000, 0x00000000eab00000)
  object space 44032K, 2% used [0x00000000c0000000,0x00000000c00e1e40,0x00000000c2b00000)
 Metaspace       used 5410K, capacity 6384K, committed 6528K, reserved 1056768K
  class space    used 584K, capacity 616K, committed 640K, reserved 1048576K
}

Deoptimization events (3 events):
Event: 1.829 Thread 0x0000000002ec0800 Uncommon trap: reason=unstable_if action=reinterpret pc=0x000000000f175698 method=java.lang.String.indexOf(II)I @ 49
Event: 2.064 Thread 0x0000000002ec0800 Uncommon trap: reason=unstable_if action=reinterpret pc=0x000000000f176694 method=java.lang.String.compareTo(Ljava/lang/String;)I @ 38
Event: 5.211 Thread 0x000000000800e800 Uncommon trap: reason=unstable_if action=reinterpret pc=0x000000000f3b8e5c method=com.android.dx.rop.cst.Constant.compareTo(Lcom/android/dx/rop/cst/Constant;)I @ 12

Internal exceptions (2 events):
Event: 0.379 Thread 0x0000000002ec0800 Exception <a 'java/lang/NoSuchMethodError': Method sun.misc.Unsafe.defineClass(Ljava/lang/String;[BII)Ljava/lang/Class; name or signature does not match> (0x00000000eab12f00) thrown at [C:\re\workspace\8-2-build-windows-amd64-cygwin\jdk8u45\3627\hotspot\sr¾­·~PAØ?
Event: 0.379 Thread 0x0000000002ec0800 Exception <a 'java/lang/NoSuchMethodError': Method sun.misc.Unsafe.prefetchRead(Ljava/lang/Object;J)V name or signature does not match> (0x00000000eab13190) thrown at [C:\re\workspace\8-2-build-windows-amd64-cygwin\jdk8u45\3627\hotspot\src\share\vm\prims\j

Events (10 events):
Event: 5.163 loading class com/android/dx/dex/file/ParameterAnnotationStruct done
Event: 5.164 loading class com/android/dx/dex/file/UniformListItem
Event: 5.164 loading class com/android/dx/dex/file/UniformListItem done
Event: 5.165 loading class com/android/dx/dex/file/AnnotationSetRefItem
Event: 5.165 loading class com/android/dx/dex/file/AnnotationSetRefItem done
Event: 5.196 loading class java/util/DualPivotQuicksort
Event: 5.196 loading class java/util/DualPivotQuicksort done
Event: 5.211 Thread 0x000000000800e800 Uncommon trap: trap_request=0xffffff65 fr.pc=0x000000000f3b8e5c
Event: 5.211 Thread 0x000000000800e800 DEOPT PACKING pc=0x000000000f3b8e5c sp=0x00000000089fea40
Event: 5.211 Thread 0x000000000800e800 DEOPT UNPACKING pc=0x000000000f05582a sp=0x00000000089fe9e0 mode 2


Dynamic libraries:
0x00007ff6c7f10000 - 0x00007ff6c7f47000 	C:\Program Files\Java\jdk1.8.0_45\bin\java.exe
0x00007ff994cc0000 - 0x00007ff994e81000 	C:\WINDOWS\SYSTEM32\ntdll.dll
0x00007ff993610000 - 0x00007ff9936bd000 	C:\WINDOWS\system32\KERNEL32.DLL
0x00007ff991e40000 - 0x00007ff992028000 	C:\WINDOWS\system32\KERNELBASE.dll
0x00007ff992350000 - 0x00007ff9923f7000 	C:\WINDOWS\system32\ADVAPI32.dll
0x00007ff9936c0000 - 0x00007ff99375d000 	C:\WINDOWS\system32\msvcrt.dll
0x00007ff9933a0000 - 0x00007ff9933fb000 	C:\WINDOWS\system32\sechost.dll
0x00007ff992400000 - 0x00007ff99251c000 	C:\WINDOWS\system32\RPCRT4.dll
0x00007ff9927d0000 - 0x00007ff992926000 	C:\WINDOWS\system32\USER32.dll
0x00007ff9920c0000 - 0x00007ff992246000 	C:\WINDOWS\system32\GDI32.dll
0x00007ff98cee0000 - 0x00007ff98d154000 	C:\WINDOWS\WinSxS\amd64_microsoft.windows.common-controls_6595b64144ccf1df_6.0.10586.494_none_a2d8b04ea53e3145\COMCTL32.dll
0x00007ff992b00000 - 0x00007ff992d7d000 	C:\WINDOWS\system32\combase.dll
0x00007ff991700000 - 0x00007ff99176a000 	C:\WINDOWS\system32\bcryptPrimitives.dll
0x00007ff992d80000 - 0x00007ff992dbb000 	C:\WINDOWS\system32\IMM32.DLL
0x00007ff9911d0000 - 0x00007ff991201000 	C:\Windows\system32\nvinitx.dll
0x00007ff9911c0000 - 0x00007ff9911ca000 	C:\WINDOWS\SYSTEM32\VERSION.dll
0x000000000f000000 - 0x000000000f006000 	C:\Program Files\NVIDIA Corporation\CoProcManager\_etoured.dll
0x00007ff98da00000 - 0x00007ff98da32000 	C:\Program Files\NVIDIA Corporation\CoProcManager\nvd3d9wrapx.dll
0x00007ff992dc0000 - 0x00007ff9931e9000 	C:\WINDOWS\system32\SETUPAPI.dll
0x00007ff9916b0000 - 0x00007ff9916f3000 	C:\WINDOWS\system32\CFGMGR32.dll
0x00007ff98d630000 - 0x00007ff98d652000 	C:\Program Files\NVIDIA Corporation\CoProcManager\nvdxgiwrapx.dll
0x000000006e7e0000 - 0x000000006e8b2000 	C:\Program Files\Java\jdk1.8.0_45\jre\bin\msvcr100.dll
0x000000006ecb0000 - 0x000000006f533000 	C:\Program Files\Java\jdk1.8.0_45\jre\bin\server\jvm.dll
0x00007ff992af0000 - 0x00007ff992af8000 	C:\WINDOWS\system32\PSAPI.DLL
0x00007ff9839d0000 - 0x00007ff9839d9000 	C:\WINDOWS\SYSTEM32\WSOCK32.dll
0x00007ff98f990000 - 0x00007ff98f9b3000 	C:\WINDOWS\SYSTEM32\WINMM.dll
0x00007ff992690000 - 0x00007ff9926fb000 	C:\WINDOWS\system32\WS2_32.dll
0x00007ff98f960000 - 0x00007ff98f98c000 	C:\WINDOWS\SYSTEM32\WINMMBASE.dll
0x000000006eca0000 - 0x000000006ecaf000 	C:\Program Files\Java\jdk1.8.0_45\jre\bin\verify.dll
0x000000006ec70000 - 0x000000006ec99000 	C:\Program Files\Java\jdk1.8.0_45\jre\bin\java.dll
0x000000006ec50000 - 0x000000006ec66000 	C:\Program Files\Java\jdk1.8.0_45\jre\bin\zip.dll
0x00007ff993760000 - 0x00007ff994cbc000 	C:\WINDOWS\system32\SHELL32.dll
0x00007ff9917d0000 - 0x00007ff991e15000 	C:\WINDOWS\system32\windows.storage.dll
0x00007ff992270000 - 0x00007ff9922c2000 	C:\WINDOWS\system32\shlwapi.dll
0x00007ff9912e0000 - 0x00007ff9912ef000 	C:\WINDOWS\system32\kernel.appcore.dll
0x00007ff991420000 - 0x00007ff9914d5000 	C:\WINDOWS\system32\shcore.dll
0x00007ff991300000 - 0x00007ff99134b000 	C:\WINDOWS\system32\powrprof.dll
0x00007ff991350000 - 0x00007ff991364000 	C:\WINDOWS\system32\profapi.dll

VM Arguments:
jvm_args: -Djava.awt.headless=true -Xmx1024M -Dfile.encoding=x-windows-949 -Duser.country=KR -Duser.language=ko -Duser.variant 
java_command: com.android.dx.command.Main --dex --force-jumbo --num-threads=4 --multi-dex --output E:\AndroidStudioProjects\CheongwonPay\app\build\intermediates\transforms\dex\debug\folders\1000\10\internal_impl-24.1.1_ceeea9eb622860764f87cad1e2198dd10a179814 E:\AndroidStudioProjects\CheongwonPay\app\build\intermediates\exploded-aar\com.android.support\support-v4\24.1.1\jars\libs\internal_impl-24.1.1.jar
java_class_path (initial): E:\Android\sdk\build-tools\23.0.3\lib\dx.jar
Launcher Type: SUN_STANDARD

Environment Variables:
PATH=C:\ProgramData\Oracle\Java\javapath;C:\Program Files (x86)\Wizvera\Delfino;C:\Program Files (x86)\NVIDIA Corporation\PhysX\Common;C:\WINDOWS\system32;C:\WINDOWS;C:\WINDOWS\System32\Wbem;C:\WINDOWS\System32\WindowsPowerShell\v1.0\;C:\Program Files\WIDCOMM\Bluetooth Software\;C:\Program Files\WIDCOMM\Bluetooth Software\syswow64;;C:\Program Files (x86)\Intel\OpenCL SDK\2.0\bin\x86;C:\Program Files (x86)\Intel\OpenCL SDK\2.0\bin\x64;C:\Program Files\Java\jdk1.8.0_45\bin;C:\Program Files\Java\jre1.8.0_45\bin;E:\Android\sdk\platform-tools;C:\Program Files (x86)\Skype\Phone\;C:\Users\Á¤¼·\AppData\Local\Bandizip\7z
USERNAME=Á¤¼·
OS=Windows_NT
PROCESSOR_IDENTIFIER=Intel64 Family 6 Model 42 Stepping 7, GenuineIntel



---------------  S Y S T E M  ---------------

OS: Windows 10.0 , 64 bit Build 10586 (10.0.10586.0)

CPU:total 4 (2 cores per cpu, 2 threads per core) family 6 model 42 stepping 7, cmov, cx8, fxsr, mmx, sse, sse2, sse3, ssse3, sse4.1, sse4.2, popcnt, avx, aes, clmul, ht, tsc, tscinvbit

Memory: 4k page, physical 4104480k(410640k free), swap 5868564k(5124k free)

vm_info: Java HotSpot(TM) 64-Bit Server VM (25.45-b02) for windows-amd64 JRE (1.8.0_45-b15), built on Apr 30 2015 12:40:44 by "java_re" with MS VC++ 10.0 (VS2010)

time: Sat Sep 17 23:12:45 2016
elapsed time: 6 seconds (0d 0h 0m 6s)

