#
# A fatal error has been detected by the Java Runtime Environment:
#
#  Internal Error (0xc06d007e), pid=1644, tid=1636
#
# JRE version:  (8.0_45-b15) (build )
# Java VM: Java HotSpot(TM) 64-Bit Server VM (25.45-b02 mixed mode windows-amd64 compressed oops)
# Problematic frame:
# C  [KERNELBASE.dll+0x71f28]
#
# Failed to write core dump. Minidumps are not enabled by default on client versions of Windows
#
# If you would like to submit a bug report, please visit:
#   http://bugreport.java.com/bugreport/crash.jsp
# The crash happened outside the Java Virtual Machine in native code.
# See problematic frame for where to report the bug.
#

---------------  T H R E A D  ---------------

Current thread (0x0000000002b80800):  JavaThread "main" [_thread_in_native, id=1636, stack(0x0000000002a80000,0x0000000002b80000)]

siginfo: ExceptionCode=0xc06d007e, ExceptionInformation=0x0000000002b7ebe0 

Registers:
RAX=0x00007ffb85860bf9, RBX=0x0000000000000000, RCX=0x0000000000b5ed10, RDX=0x00007ffb85872742
RSP=0x0000000002b7eae0, RBP=0x0000000002b7ec38, RSI=0x00000000656cd7ac, RDI=0x0000000000000000
R8 =0x00007ffb85860bf9, R9 =0x0000000000b51bf0, R10=0x0000000000b5ed10, R11=0x0000000000000001
R12=0x0000000000000001, R13=0x00000000656d5780, R14=0x00000000656d5510, R15=0x00000000656cd838
RIP=0x00007ffb82801f28, EFLAGS=0x0000000000000202

Top of Stack: (sp=0x0000000002b7eae0)
0x0000000002b7eae0:   0000000000000000 0000000000000000
0x0000000002b7eaf0:   00000000656cd7ac 0000000000000000
0x0000000002b7eb00:   00000000c06d007e 0000000000000000
0x0000000002b7eb10:   00007ffb82801f28 00007ffb00000001
0x0000000002b7eb20:   0000000002b7ebe0 0000000000000001
0x0000000002b7eb30:   0000000000000000 00000000656cd7ac
0x0000000002b7eb40:   0000000000000000 00007ffb827efaff
0x0000000002b7eb50:   0000000000000000 0000000000000000
0x0000000002b7eb60:   0000000000000000 0000000000000000
0x0000000002b7eb70:   0000000000000000 0000000000000000
0x0000000002b7eb80:   00000000656ccaa0 00007ffb827efaa9
0x0000000002b7eb90:   0000000000000000 0000000064f34e7e
0x0000000002b7eba0:   00000cd8bc223dcd 0000000064f05695
0x0000000002b7ebb0:   0000000000000000 00000000656c8507
0x0000000002b7ebc0:   0000000000000000 00000000656cd7ac
0x0000000002b7ebd0:   0000000000000001 0000000064f338a8 

Instructions: (pc=0x00007ffb82801f28)
0x00007ffb82801f08:   49 8b d1 44 0f 47 c0 44 89 44 24 38 49 c1 e0 03
0x00007ffb82801f18:   e8 27 b2 00 00 48 8d 4c 24 20 ff 15 c8 a7 05 00
0x00007ffb82801f28:   48 8b 8c 24 c0 00 00 00 48 33 cc e8 98 7a 00 00
0x00007ffb82801f38:   48 81 c4 d8 00 00 00 c3 83 64 24 38 00 eb d6 cc 


Register to memory mapping:

RAX=0x00007ffb85860bf9 is an unknown value
RBX=0x0000000000000000 is an unknown value
RCX=0x0000000000b5ed10 is an unknown value
RDX=0x00007ffb85872742 is an unknown value
RSP=0x0000000002b7eae0 is pointing into the stack for thread: 0x0000000002b80800
RBP=0x0000000002b7ec38 is pointing into the stack for thread: 0x0000000002b80800
RSI=0x00000000656cd7ac is an unknown value
RDI=0x0000000000000000 is an unknown value
R8 =0x00007ffb85860bf9 is an unknown value
R9 =0x0000000000b51bf0 is an unknown value
R10=0x0000000000b5ed10 is an unknown value
R11=0x0000000000000001 is an unknown value
R12=0x0000000000000001 is an unknown value
R13=0x00000000656d5780 is an unknown value
R14=0x00000000656d5510 is an unknown value
R15=0x00000000656cd838 is an unknown value


Stack: [0x0000000002a80000,0x0000000002b80000],  sp=0x0000000002b7eae0,  free space=1018k
Native frames: (J=compiled Java code, j=interpreted, Vv=VM code, C=native code)
C  [KERNELBASE.dll+0x71f28]

Java frames: (J=compiled Java code, j=interpreted, Vv=VM code)
j  java.lang.System.initProperties(Ljava/util/Properties;)Ljava/util/Properties;+0
j  java.lang.System.initializeSystemClass()V+13
v  ~StubRoutines::call_stub

---------------  P R O C E S S  ---------------

Java Threads: ( => current thread )
  0x0000000002c70800 JavaThread "Finalizer" daemon [_thread_blocked, id=6760, stack(0x00000000075a0000,0x00000000076a0000)]
  0x0000000002c6d000 JavaThread "Reference Handler" daemon [_thread_blocked, id=11724, stack(0x00000000074a0000,0x00000000075a0000)]
=>0x0000000002b80800 JavaThread "main" [_thread_in_native, id=1636, stack(0x0000000002a80000,0x0000000002b80000)]

Other Threads:
  0x0000000006318000 VMThread [stack: 0x00000000073a0000,0x00000000074a0000] [id=9552]

VM state:not at safepoint (normal execution)

VM Mutex/Monitor currently owned by a thread: None

Heap:
 PSYoungGen      total 18944K, used 655K [0x00000000eab00000, 0x00000000ec000000, 0x0000000100000000)
  eden space 16384K, 4% used [0x00000000eab00000,0x00000000eaba3e30,0x00000000ebb00000)
  from space 2560K, 0% used [0x00000000ebd80000,0x00000000ebd80000,0x00000000ec000000)
  to   space 2560K, 0% used [0x00000000ebb00000,0x00000000ebb00000,0x00000000ebd80000)
 ParOldGen       total 44032K, used 0K [0x00000000c0000000, 0x00000000c2b00000, 0x00000000eab00000)
  object space 44032K, 0% used [0x00000000c0000000,0x00000000c0000000,0x00000000c2b00000)
 Metaspace       used 957K, capacity 4480K, committed 4480K, reserved 1056768K
  class space    used 99K, capacity 384K, committed 384K, reserved 1048576K

Card table byte_map: [0x0000000003040000,0x0000000003250000] byte_map_base: 0x0000000002a40000

Marking Bits: (ParMarkBitMap*) 0x0000000065ef4040
 Begin Bits: [0x00000000037b0000, 0x00000000047b0000)
 End Bits:   [0x00000000047b0000, 0x00000000057b0000)

Polling page: 0x00000000029c0000

CodeCache: size=245760Kb used=402Kb max_used=402Kb free=245357Kb
 bounds [0x000000000f010000, 0x000000000f280000, 0x000000001e010000]
 total_blobs=99 nmethods=0 adapters=73
 compilation: enabled

Compilation events (0 events):
No events

GC Heap History (0 events):
No events

Deoptimization events (0 events):
No events

Internal exceptions (0 events):
No events

Events (10 events):
Event: 0.458 loading class java/lang/ref/Finalizer$FinalizerThread done
Event: 0.458 Thread 0x0000000002c70800 Thread added: 0x0000000002c70800
Event: 0.461 loading class java/util/Hashtable$Entry
Event: 0.461 loading class java/util/Map$Entry
Event: 0.461 loading class java/util/Map$Entry done
Event: 0.461 loading class java/util/Hashtable$Entry done
Event: 0.461 loading class java/lang/Math
Event: 0.462 loading class java/lang/Math done
Event: 0.513 loading class sun/misc/VM
Event: 0.513 loading class sun/misc/VM done


Dynamic libraries:
0x00007ff7fcaf0000 - 0x00007ff7fcb27000 	C:\Program Files\Java\jdk1.8.0_45\bin\java.exe
0x00007ffb85840000 - 0x00007ffb85a01000 	C:\WINDOWS\SYSTEM32\ntdll.dll
0x00007ffb85790000 - 0x00007ffb8583d000 	C:\WINDOWS\system32\KERNEL32.DLL
0x00007ffb82790000 - 0x00007ffb82978000 	C:\WINDOWS\system32\KERNELBASE.dll
0x00007ffb851b0000 - 0x00007ffb85257000 	C:\WINDOWS\system32\ADVAPI32.dll
0x00007ffb853c0000 - 0x00007ffb8545d000 	C:\WINDOWS\system32\msvcrt.dll
0x00007ffb846d0000 - 0x00007ffb8472b000 	C:\WINDOWS\system32\sechost.dll
0x00007ffb84fa0000 - 0x00007ffb850bc000 	C:\WINDOWS\system32\RPCRT4.dll
0x00007ffb84b60000 - 0x00007ffb84cb6000 	C:\WINDOWS\system32\USER32.dll
0x00007ffb82c40000 - 0x00007ffb82dc6000 	C:\WINDOWS\system32\GDI32.dll
0x00007ffb7dff0000 - 0x00007ffb7e264000 	C:\WINDOWS\WinSxS\amd64_microsoft.windows.common-controls_6595b64144ccf1df_6.0.10586.494_none_a2d8b04ea53e3145\COMCTL32.dll
0x00007ffb85460000 - 0x00007ffb856dd000 	C:\WINDOWS\system32\combase.dll
0x00007ffb82980000 - 0x00007ffb829ea000 	C:\WINDOWS\system32\bcryptPrimitives.dll
0x00007ffb845c0000 - 0x00007ffb845fb000 	C:\WINDOWS\system32\IMM32.DLL
0x00007ffb81d50000 - 0x00007ffb81d81000 	C:\Windows\system32\nvinitx.dll
0x00007ffb81d40000 - 0x00007ffb81d4a000 	C:\WINDOWS\SYSTEM32\VERSION.dll
0x000000000f000000 - 0x000000000f006000 	C:\Program Files\NVIDIA Corporation\CoProcManager\_etoured.dll
0x00007ffb7eb00000 - 0x00007ffb7eb32000 	C:\Program Files\NVIDIA Corporation\CoProcManager\nvd3d9wrapx.dll
0x00007ffb84730000 - 0x00007ffb84b59000 	C:\WINDOWS\system32\SETUPAPI.dll
0x00007ffb82bf0000 - 0x00007ffb82c33000 	C:\WINDOWS\system32\CFGMGR32.dll
0x00007ffb7eac0000 - 0x00007ffb7eae2000 	C:\Program Files\NVIDIA Corporation\CoProcManager\nvdxgiwrapx.dll
0x0000000064ee0000 - 0x0000000064fb2000 	C:\Program Files\Java\jdk1.8.0_45\jre\bin\msvcr100.dll
0x00000000656f0000 - 0x0000000065f73000 	C:\Program Files\Java\jdk1.8.0_45\jre\bin\server\jvm.dll
0x00007ffb84330000 - 0x00007ffb84338000 	C:\WINDOWS\system32\PSAPI.DLL
0x00007ffb74960000 - 0x00007ffb74969000 	C:\WINDOWS\SYSTEM32\WSOCK32.dll
0x00007ffb85120000 - 0x00007ffb8518b000 	C:\WINDOWS\system32\WS2_32.dll
0x00007ffb804e0000 - 0x00007ffb80503000 	C:\WINDOWS\SYSTEM32\WINMM.dll
0x00007ffb804b0000 - 0x00007ffb804dc000 	C:\WINDOWS\SYSTEM32\WINMMBASE.dll
0x00000000656e0000 - 0x00000000656ef000 	C:\Program Files\Java\jdk1.8.0_45\jre\bin\verify.dll
0x00000000656b0000 - 0x00000000656d9000 	C:\Program Files\Java\jdk1.8.0_45\jre\bin\java.dll
0x0000000065690000 - 0x00000000656a6000 	C:\Program Files\Java\jdk1.8.0_45\jre\bin\zip.dll
0x00007ffb70450000 - 0x00007ffb705dc000 	C:\WINDOWS\SYSTEM32\dbghelp.dll

VM Arguments:
jvm_args: -Djava.awt.headless=true -Xmx1024M -Dfile.encoding=x-windows-949 -Duser.country=KR -Duser.language=ko -Duser.variant 
java_command: com.android.dx.command.Main --dex --num-threads=4 --output E:\AndroidStudioProjects\CheongwonPay\app\build\intermediates\pre-dexed\release\core-3.2.1_9b7a5b312715182e2a1404d8d1facd7b67020648.jar E:\AndroidStudioProjects\CheongwonPay\core-3.2.1\core-3.2.1.jar
java_class_path (initial): E:\Android\sdk\build-tools\23.0.3\lib\dx.jar
Launcher Type: SUN_STANDARD

Environment Variables:
PATH=C:\ProgramData\Oracle\Java\javapath;C:\Program Files (x86)\Wizvera\Delfino;C:\Program Files (x86)\NVIDIA Corporation\PhysX\Common;C:\WINDOWS\system32;C:\WINDOWS;C:\WINDOWS\System32\Wbem;C:\WINDOWS\System32\WindowsPowerShell\v1.0\;C:\Program Files\WIDCOMM\Bluetooth Software\;C:\Program Files\WIDCOMM\Bluetooth Software\syswow64;;C:\Program Files (x86)\Intel\OpenCL SDK\2.0\bin\x86;C:\Program Files (x86)\Intel\OpenCL SDK\2.0\bin\x64;C:\Program Files\Java\jdk1.8.0_45\bin;C:\Program Files\Java\jre1.8.0_45\bin;E:\Android\sdk\platform-tools;C:\Program Files (x86)\Skype\Phone\;C:\Users\Á¤¼·\AppData\Local\Bandizip\7z
USERNAME=Á¤¼·
OS=Windows_NT
PROCESSOR_IDENTIFIER=Intel64 Family 6 Model 42 Stepping 7, GenuineIntel



---------------  S Y S T E M  ---------------

OS: Windows 10.0 , 64 bit Build 10586 (10.0.10586.0)

CPU:total 4 (2 cores per cpu, 2 threads per core) family 6 model 42 stepping 7, cmov, cx8, fxsr, mmx, sse, sse2, sse3, ssse3, sse4.1, sse4.2, popcnt, avx, aes, clmul, ht, tsc, tscinvbit

Memory: 4k page, physical 4104480k(517320k free), swap 6730592k(1688k free)

vm_info: Java HotSpot(TM) 64-Bit Server VM (25.45-b02) for windows-amd64 JRE (1.8.0_45-b15), built on Apr 30 2015 12:40:44 by "java_re" with MS VC++ 10.0 (VS2010)

time: Fri Sep 16 20:05:22 2016
elapsed time: 0 seconds (0d 0h 0m 0s)

