#
# There is insufficient memory for the Java Runtime Environment to continue.
# Native memory allocation (malloc) failed to allocate 229776 bytes for Chunk::new
# Possible reasons:
#   The system is out of physical RAM or swap space
#   In 32 bit mode, the process size limit was hit
# Possible solutions:
#   Reduce memory load on the system
#   Increase physical memory or swap space
#   Check if swap backing store is full
#   Use 64 bit Java on a 64 bit OS
#   Decrease Java heap size (-Xmx/-Xms)
#   Decrease number of Java threads
#   Decrease Java thread stack sizes (-Xss)
#   Set larger code cache with -XX:ReservedCodeCacheSize=
# This output file may be truncated or incomplete.
#
#  Out of Memory Error (allocation.cpp:390), pid=12924, tid=13160
#
# JRE version: Java(TM) SE Runtime Environment (8.0_45-b15) (build 1.8.0_45-b15)
# Java VM: Java HotSpot(TM) 64-Bit Server VM (25.45-b02 mixed mode windows-amd64 compressed oops)
# Failed to write core dump. Minidumps are not enabled by default on client versions of Windows
#

---------------  T H R E A D  ---------------

Current thread (0x000000000684e000):  JavaThread "C2 CompilerThread0" daemon [_thread_in_native, id=13160, stack(0x0000000007db0000,0x0000000007eb0000)]

Stack: [0x0000000007db0000,0x0000000007eb0000]
Native frames: (J=compiled Java code, j=interpreted, Vv=VM code, C=native code)
V  [jvm.dll+0x32b57a]


Current CompileTask:
C2:  32235 2840       4       com.android.dx.dex.code.DalvCode::finishProcessingIfNecessary (69 bytes)


---------------  P R O C E S S  ---------------

Java Threads: ( => current thread )
  0x0000000007f12000 JavaThread "Service Thread" daemon [_thread_blocked, id=13176, stack(0x00000000084b0000,0x00000000085b0000)]
  0x0000000007f06800 JavaThread "C1 CompilerThread2" daemon [_thread_in_vm, id=13172, stack(0x00000000083b0000,0x00000000084b0000)]
  0x000000000689c800 JavaThread "C2 CompilerThread1" daemon [_thread_in_native, id=13168, stack(0x00000000082b0000,0x00000000083b0000)]
=>0x000000000684e000 JavaThread "C2 CompilerThread0" daemon [_thread_in_native, id=13160, stack(0x0000000007db0000,0x0000000007eb0000)]
  0x000000000684c000 JavaThread "Attach Listener" daemon [_thread_blocked, id=13156, stack(0x0000000007cb0000,0x0000000007db0000)]
  0x000000000684b000 JavaThread "Signal Dispatcher" daemon [_thread_blocked, id=13152, stack(0x0000000007bb0000,0x0000000007cb0000)]
  0x0000000003160000 JavaThread "Finalizer" daemon [_thread_blocked, id=13076, stack(0x0000000007ab0000,0x0000000007bb0000)]
  0x000000000315d000 JavaThread "Reference Handler" daemon [_thread_blocked, id=13072, stack(0x00000000079b0000,0x0000000007ab0000)]
  0x0000000003070800 JavaThread "main" [_thread_in_vm, id=13020, stack(0x0000000002f70000,0x0000000003070000)]

Other Threads:
  0x0000000006808000 VMThread [stack: 0x00000000078b0000,0x00000000079b0000] [id=13068]
  0x0000000007f23800 WatcherThread [stack: 0x00000000085b0000,0x00000000086b0000] [id=13180]

VM state:not at safepoint (normal execution)

VM Mutex/Monitor currently owned by a thread: None

Heap:
 PSYoungGen      total 68096K, used 58058K [0x00000000eab00000, 0x00000000f2400000, 0x0000000100000000)
  eden space 50176K, 98% used [0x00000000eab00000,0x00000000edb35ec8,0x00000000edc00000)
  from space 17920K, 48% used [0x00000000edc00000,0x00000000ee47ca60,0x00000000eed80000)
  to   space 16896K, 0% used [0x00000000f1380000,0x00000000f1380000,0x00000000f2400000)
 ParOldGen       total 69120K, used 34515K [0x00000000c0000000, 0x00000000c4380000, 0x00000000eab00000)
  object space 69120K, 49% used [0x00000000c0000000,0x00000000c21b4e78,0x00000000c4380000)
 Metaspace       used 6852K, capacity 7600K, committed 7808K, reserved 1056768K
  class space    used 614K, capacity 616K, committed 640K, reserved 1048576K

Card table byte_map: [0x0000000003530000,0x0000000003740000] byte_map_base: 0x0000000002f30000

Marking Bits: (ParMarkBitMap*) 0x0000000071e94040
 Begin Bits: [0x0000000003ca0000, 0x0000000004ca0000)
 End Bits:   [0x0000000004ca0000, 0x0000000005ca0000)

Polling page: 0x0000000002b20000

CodeCache: size=245760Kb used=13225Kb max_used=13225Kb free=232534Kb
 bounds [0x000000000f010000, 0x000000000fd10000, 0x000000001e010000]
 total_blobs=2932 nmethods=2659 adapters=185
 compilation: enabled

Compilation events (10 events):
Event: 32.190 Thread 0x0000000007f06800 2878       3       com.android.dx.dex.code.form.Form21s::writeTo (40 bytes)
Event: 32.191 Thread 0x0000000007f06800 nmethod 2878 0x000000000fcfe090 code [0x000000000fcfe280, 0x000000000fcfec48]
Event: 32.191 Thread 0x0000000007f06800 2879       3       com.android.dx.dex.code.SwitchData::codeSize (27 bytes)
Event: 32.192 Thread 0x0000000007f06800 nmethod 2879 0x000000000fcff010 code [0x000000000fcff180, 0x000000000fcff488]
Event: 32.192 Thread 0x0000000007f06800 2880       3       com.android.dx.rop.code.RegisterSpecList::getWordCount (33 bytes)
Event: 32.192 Thread 0x0000000007f06800 nmethod 2880 0x000000000fcff590 code [0x000000000fcff760, 0x000000000fd00108]
Event: 32.197 Thread 0x0000000007f06800 2882       3       com.android.dx.dex.code.InsnFormat::codeUnit (46 bytes)
Event: 32.198 Thread 0x0000000007f06800 nmethod 2882 0x000000000fd00510 code [0x000000000fd006a0, 0x000000000fd009d8]
Event: 32.199 Thread 0x0000000007f06800 2883       3       com.android.dx.dex.code.form.Form23x::writeTo (41 bytes)
Event: 32.200 Thread 0x0000000007f06800 nmethod 2883 0x000000000fd00b10 code [0x000000000fd00d20, 0x000000000fd01a28]

GC Heap History (10 events):
Event: 13.213 GC heap before
{Heap before GC invocations=4 (full 0):
 PSYoungGen      total 35328K, used 35305K [0x00000000eab00000, 0x00000000ef000000, 0x0000000100000000)
  eden space 32768K, 100% used [0x00000000eab00000,0x00000000ecb00000,0x00000000ecb00000)
  from space 2560K, 99% used [0x00000000ecb00000,0x00000000ecd7a620,0x00000000ecd80000)
  to   space 2560K, 0% used [0x00000000eed80000,0x00000000eed80000,0x00000000ef000000)
 ParOldGen       total 44032K, used 7143K [0x00000000c0000000, 0x00000000c2b00000, 0x00000000eab00000)
  object space 44032K, 16% used [0x00000000c0000000,0x00000000c06f9fc8,0x00000000c2b00000)
 Metaspace       used 6258K, capacity 7088K, committed 7296K, reserved 1056768K
  class space    used 592K, capacity 616K, committed 640K, reserved 1048576K
Event: 14.471 GC heap after
Heap after GC invocations=4 (full 0):
 PSYoungGen      total 68096K, used 2553K [0x00000000eab00000, 0x00000000ef000000, 0x0000000100000000)
  eden space 65536K, 0% used [0x00000000eab00000,0x00000000eab00000,0x00000000eeb00000)
  from space 2560K, 99% used [0x00000000eed80000,0x00000000eeffe620,0x00000000ef000000)
  to   space 2560K, 0% used [0x00000000eeb00000,0x00000000eeb00000,0x00000000eed80000)
 ParOldGen       total 44032K, used 12654K [0x00000000c0000000, 0x00000000c2b00000, 0x00000000eab00000)
  object space 44032K, 28% used [0x00000000c0000000,0x00000000c0c5bb80,0x00000000c2b00000)
 Metaspace       used 6258K, capacity 7088K, committed 7296K, reserved 1056768K
  class space    used 592K, capacity 616K, committed 640K, reserved 1048576K
}
Event: 20.148 GC heap before
{Heap before GC invocations=5 (full 0):
 PSYoungGen      total 68096K, used 68089K [0x00000000eab00000, 0x00000000ef000000, 0x0000000100000000)
  eden space 65536K, 100% used [0x00000000eab00000,0x00000000eeb00000,0x00000000eeb00000)
  from space 2560K, 99% used [0x00000000eed80000,0x00000000eeffe620,0x00000000ef000000)
  to   space 2560K, 0% used [0x00000000eeb00000,0x00000000eeb00000,0x00000000eed80000)
 ParOldGen       total 44032K, used 12654K [0x00000000c0000000, 0x00000000c2b00000, 0x00000000eab00000)
  object space 44032K, 28% used [0x00000000c0000000,0x00000000c0c5bb80,0x00000000c2b00000)
 Metaspace       used 6350K, capacity 7152K, committed 7296K, reserved 1056768K
  class space    used 592K, capacity 616K, committed 640K, reserved 1048576K
Event: 20.861 GC heap after
Heap after GC invocations=5 (full 0):
 PSYoungGen      total 68096K, used 2537K [0x00000000eab00000, 0x00000000ef000000, 0x0000000100000000)
  eden space 65536K, 0% used [0x00000000eab00000,0x00000000eab00000,0x00000000eeb00000)
  from space 2560K, 99% used [0x00000000eeb00000,0x00000000eed7a610,0x00000000eed80000)
  to   space 2560K, 0% used [0x00000000eed80000,0x00000000eed80000,0x00000000ef000000)
 ParOldGen       total 44032K, used 22537K [0x00000000c0000000, 0x00000000c2b00000, 0x00000000eab00000)
  object space 44032K, 51% used [0x00000000c0000000,0x00000000c1602720,0x00000000c2b00000)
 Metaspace       used 6350K, capacity 7152K, committed 7296K, reserved 1056768K
  class space    used 592K, capacity 616K, committed 640K, reserved 1048576K
}
Event: 25.461 GC heap before
{Heap before GC invocations=6 (full 0):
 PSYoungGen      total 68096K, used 68073K [0x00000000eab00000, 0x00000000ef000000, 0x0000000100000000)
  eden space 65536K, 100% used [0x00000000eab00000,0x00000000eeb00000,0x00000000eeb00000)
  from space 2560K, 99% used [0x00000000eeb00000,0x00000000eed7a610,0x00000000eed80000)
  to   space 2560K, 0% used [0x00000000eed80000,0x00000000eed80000,0x00000000ef000000)
 ParOldGen       total 44032K, used 22537K [0x00000000c0000000, 0x00000000c2b00000, 0x00000000eab00000)
  object space 44032K, 51% used [0x00000000c0000000,0x00000000c1602720,0x00000000c2b00000)
 Metaspace       used 6379K, capacity 7216K, committed 7296K, reserved 1056768K
  class space    used 592K, capacity 616K, committed 640K, reserved 1048576K
Event: 25.605 GC heap after
Heap after GC invocations=6 (full 0):
 PSYoungGen      total 52736K, used 2537K [0x00000000eab00000, 0x00000000f4e00000, 0x0000000100000000)
  eden space 50176K, 0% used [0x00000000eab00000,0x00000000eab00000,0x00000000edc00000)
  from space 2560K, 99% used [0x00000000eed80000,0x00000000eeffa620,0x00000000ef000000)
  to   space 17920K, 0% used [0x00000000edc00000,0x00000000edc00000,0x00000000eed80000)
 ParOldGen       total 44032K, used 34672K [0x00000000c0000000, 0x00000000c2b00000, 0x00000000eab00000)
  object space 44032K, 78% used [0x00000000c0000000,0x00000000c21dc350,0x00000000c2b00000)
 Metaspace       used 6379K, capacity 7216K, committed 7296K, reserved 1056768K
  class space    used 592K, capacity 616K, committed 640K, reserved 1048576K
}
Event: 25.605 GC heap before
{Heap before GC invocations=7 (full 1):
 PSYoungGen      total 52736K, used 2537K [0x00000000eab00000, 0x00000000f4e00000, 0x0000000100000000)
  eden space 50176K, 0% used [0x00000000eab00000,0x00000000eab00000,0x00000000edc00000)
  from space 2560K, 99% used [0x00000000eed80000,0x00000000eeffa620,0x00000000ef000000)
  to   space 17920K, 0% used [0x00000000edc00000,0x00000000edc00000,0x00000000eed80000)
 ParOldGen       total 44032K, used 34672K [0x00000000c0000000, 0x00000000c2b00000, 0x00000000eab00000)
  object space 44032K, 78% used [0x00000000c0000000,0x00000000c21dc350,0x00000000c2b00000)
 Metaspace       used 6379K, capacity 7216K, committed 7296K, reserved 1056768K
  class space    used 592K, capacity 616K, committed 640K, reserved 1048576K
Event: 26.295 GC heap after
Heap after GC invocations=7 (full 1):
 PSYoungGen      total 52736K, used 0K [0x00000000eab00000, 0x00000000f4e00000, 0x0000000100000000)
  eden space 50176K, 0% used [0x00000000eab00000,0x00000000eab00000,0x00000000edc00000)
  from space 2560K, 0% used [0x00000000eed80000,0x00000000eed80000,0x00000000ef000000)
  to   space 17920K, 0% used [0x00000000edc00000,0x00000000edc00000,0x00000000eed80000)
 ParOldGen       total 69120K, used 34507K [0x00000000c0000000, 0x00000000c4380000, 0x00000000eab00000)
  object space 69120K, 49% used [0x00000000c0000000,0x00000000c21b2e78,0x00000000c4380000)
 Metaspace       used 6379K, capacity 7216K, committed 7296K, reserved 1056768K
  class space    used 592K, capacity 616K, committed 640K, reserved 1048576K
}
Event: 27.705 GC heap before
{Heap before GC invocations=8 (full 1):
 PSYoungGen      total 52736K, used 50176K [0x00000000eab00000, 0x00000000f4e00000, 0x0000000100000000)
  eden space 50176K, 100% used [0x00000000eab00000,0x00000000edc00000,0x00000000edc00000)
  from space 2560K, 0% used [0x00000000eed80000,0x00000000eed80000,0x00000000ef000000)
  to   space 17920K, 0% used [0x00000000edc00000,0x00000000edc00000,0x00000000eed80000)
 ParOldGen       total 69120K, used 34507K [0x00000000c0000000, 0x00000000c4380000, 0x00000000eab00000)
  object space 69120K, 49% used [0x00000000c0000000,0x00000000c21b2e78,0x00000000c4380000)
 Metaspace       used 6385K, capacity 7216K, committed 7296K, reserved 1056768K
  class space    used 592K, capacity 616K, committed 640K, reserved 1048576K
Event: 27.894 GC heap after
Heap after GC invocations=8 (full 1):
 PSYoungGen      total 68096K, used 8690K [0x00000000eab00000, 0x00000000f2400000, 0x0000000100000000)
  eden space 50176K, 0% used [0x00000000eab00000,0x00000000eab00000,0x00000000edc00000)
  from space 17920K, 48% used [0x00000000edc00000,0x00000000ee47ca60,0x00000000eed80000)
  to   space 16896K, 0% used [0x00000000f1380000,0x00000000f1380000,0x00000000f2400000)
 ParOldGen       total 69120K, used 34515K [0x00000000c0000000, 0x00000000c4380000, 0x00000000eab00000)
  object space 69120K, 49% used [0x00000000c0000000,0x00000000c21b4e78,0x00000000c4380000)
 Metaspace       used 6385K, capacity 7216K, committed 7296K, reserved 1056768K
  class space    used 592K, capacity 616K, committed 640K, reserved 1048576K
}

Deoptimization events (10 events):
Event: 31.359 Thread 0x0000000003070800 Uncommon trap: reason=unstable_if action=reinterpret pc=0x000000000fc00d94 method=com.android.dx.dex.code.OutputFinisher.align64bits([Lcom/android/dx/dex/code/Dop;)V @ 205
Event: 31.360 Thread 0x0000000003070800 Uncommon trap: reason=class_check action=maybe_recompile pc=0x000000000fbe8428 method=com.android.dx.dex.code.OutputFinisher.calculateReservedCount([Lcom/android/dx/dex/code/Dop;)I @ 72
Event: 31.362 Thread 0x0000000003070800 Uncommon trap: reason=bimorphic action=maybe_recompile pc=0x000000000fc0d0fc method=com.android.dx.dex.code.OutputFinisher.calculateReservedCount([Lcom/android/dx/dex/code/Dop;)I @ 72
Event: 31.363 Thread 0x0000000003070800 Uncommon trap: reason=bimorphic action=maybe_recompile pc=0x000000000fc0d0fc method=com.android.dx.dex.code.OutputFinisher.calculateReservedCount([Lcom/android/dx/dex/code/Dop;)I @ 72
Event: 31.365 Thread 0x0000000003070800 Uncommon trap: reason=bimorphic action=maybe_recompile pc=0x000000000fc0d0fc method=com.android.dx.dex.code.OutputFinisher.calculateReservedCount([Lcom/android/dx/dex/code/Dop;)I @ 72
Event: 31.370 Thread 0x0000000003070800 Uncommon trap: reason=bimorphic action=maybe_recompile pc=0x000000000fc0d0fc method=com.android.dx.dex.code.OutputFinisher.calculateReservedCount([Lcom/android/dx/dex/code/Dop;)I @ 72
Event: 31.523 Thread 0x0000000003070800 Uncommon trap: reason=null_check action=make_not_entrant pc=0x000000000fc10b5c method=com.android.dx.dex.code.LocalList$MakeState.finish()Lcom/android/dx/dex/code/LocalList; @ 81
Event: 31.676 Thread 0x0000000003070800 Uncommon trap: reason=unstable_if action=reinterpret pc=0x000000000fc20484 method=com.android.dx.dex.code.form.Form35c.wordCount(Lcom/android/dx/rop/code/RegisterSpecList;)I @ 65
Event: 31.854 Thread 0x0000000003070800 Uncommon trap: reason=unstable_if action=reinterpret pc=0x000000000fbca0e0 method=java.util.ArrayList.<init>(I)V @ 5
Event: 32.033 Thread 0x0000000003070800 Uncommon trap: reason=unstable_if action=reinterpret pc=0x000000000fc57cc4 method=com.android.dx.util.ByteArrayAnnotatedOutput.writeByte(I)V @ 13

Internal exceptions (6 events):
Event: 0.131 Thread 0x0000000003070800 Exception <a 'java/lang/NoSuchMethodError': Method sun.misc.Unsafe.defineClass(Ljava/lang/String;[BII)Ljava/lang/Class; name or signature does not match> (0x00000000eab12f00) thrown at [C:\re\workspace\8-2-build-windows-amd64-cygwin\jdk8u45\3627\hotspot\srÑh+…Ò—¿?
Event: 0.131 Thread 0x0000000003070800 Exception <a 'java/lang/NoSuchMethodError': Method sun.misc.Unsafe.prefetchRead(Ljava/lang/Object;J)V name or signature does not match> (0x00000000eab13190) thrown at [C:\re\workspace\8-2-build-windows-amd64-cygwin\jdk8u45\3627\hotspot\src\share\vm\prims\j}ç1%v<&@
Event: 11.118 Thread 0x000000000894d800 Implicit null exception at 0x000000000f3643e2 to 0x000000000f3644d2
Event: 26.960 Thread 0x000000000894d800 Implicit null exception at 0x000000000f4c99c6 to 0x000000000f4cb109
Event: 26.960 Thread 0x000000000894d800 Implicit null exception at 0x000000000f4b222d to 0x000000000f4b3675
Event: 31.523 Thread 0x0000000003070800 Implicit null exception at 0x000000000fc0fee8 to 0x000000000fc10b4d

Events (10 events):
Event: 31.895 loading class com/android/dex/EncodedValueCodec done
Event: 32.009 loading class com/android/dx/dex/file/MapItem
Event: 32.009 loading class com/android/dx/dex/file/MapItem done
Event: 32.010 loading class com/android/dx/dex/file/UniformListItem
Event: 32.010 loading class com/android/dx/dex/file/UniformListItem done
Event: 32.032 loading class com/android/dex/DexFormat
Event: 32.032 loading class com/android/dex/DexFormat done
Event: 32.033 Thread 0x0000000003070800 Uncommon trap: trap_request=0xffffff65 fr.pc=0x000000000fc57cc4
Event: 32.033 Thread 0x0000000003070800 DEOPT PACKING pc=0x000000000fc57cc4 sp=0x000000000306f180
Event: 32.033 Thread 0x0000000003070800 DEOPT UNPACKING pc=0x000000000f05582a sp=0x000000000306f138 mode 2


Dynamic libraries:
0x00007ff7003c0000 - 0x00007ff7003f7000 	C:\Program Files\Java\jdk1.8.0_45\bin\java.exe
0x00007ff9fb1b0000 - 0x00007ff9fb371000 	C:\WINDOWS\SYSTEM32\ntdll.dll
0x00007ff9facc0000 - 0x00007ff9fad6d000 	C:\WINDOWS\system32\KERNEL32.DLL
0x00007ff9f8020000 - 0x00007ff9f8208000 	C:\WINDOWS\system32\KERNELBASE.dll
0x00007ff9f9120000 - 0x00007ff9f91c7000 	C:\WINDOWS\system32\ADVAPI32.dll
0x00007ff9fa9f0000 - 0x00007ff9faa8d000 	C:\WINDOWS\system32\msvcrt.dll
0x00007ff9f8a20000 - 0x00007ff9f8a7b000 	C:\WINDOWS\system32\sechost.dll
0x00007ff9faba0000 - 0x00007ff9facbc000 	C:\WINDOWS\system32\RPCRT4.dll
0x00007ff9f8c10000 - 0x00007ff9f8d66000 	C:\WINDOWS\system32\USER32.dll
0x00007ff9f8a80000 - 0x00007ff9f8c06000 	C:\WINDOWS\system32\GDI32.dll
0x00007ff9f37a0000 - 0x00007ff9f3a14000 	C:\WINDOWS\WinSxS\amd64_microsoft.windows.common-controls_6595b64144ccf1df_6.0.10586.494_none_a2d8b04ea53e3145\COMCTL32.dll
0x00007ff9f8620000 - 0x00007ff9f889d000 	C:\WINDOWS\system32\combase.dll
0x00007ff9f78f0000 - 0x00007ff9f795a000 	C:\WINDOWS\system32\bcryptPrimitives.dll
0x00007ff9f8eb0000 - 0x00007ff9f8eeb000 	C:\WINDOWS\system32\IMM32.DLL
0x00007ff9f76c0000 - 0x00007ff9f76f1000 	C:\Windows\system32\nvinitx.dll
0x00007ff9f76b0000 - 0x00007ff9f76ba000 	C:\WINDOWS\SYSTEM32\VERSION.dll
0x000000000f000000 - 0x000000000f006000 	C:\Program Files\NVIDIA Corporation\CoProcManager\_etoured.dll
0x00007ff9f4420000 - 0x00007ff9f4452000 	C:\Program Files\NVIDIA Corporation\CoProcManager\nvd3d9wrapx.dll
0x00007ff9fad70000 - 0x00007ff9fb199000 	C:\WINDOWS\system32\SETUPAPI.dll
0x00007ff9f7fb0000 - 0x00007ff9f7ff3000 	C:\WINDOWS\system32\CFGMGR32.dll
0x00007ff9f3d80000 - 0x00007ff9f3da2000 	C:\Program Files\NVIDIA Corporation\CoProcManager\nvdxgiwrapx.dll
0x0000000071240000 - 0x0000000071312000 	C:\Program Files\Java\jdk1.8.0_45\jre\bin\msvcr100.dll
0x0000000071690000 - 0x0000000071f13000 	C:\Program Files\Java\jdk1.8.0_45\jre\bin\server\jvm.dll
0x00007ff9f85b0000 - 0x00007ff9f85b8000 	C:\WINDOWS\system32\PSAPI.DLL
0x00007ff9ea450000 - 0x00007ff9ea459000 	C:\WINDOWS\SYSTEM32\WSOCK32.dll
0x00007ff9f8d70000 - 0x00007ff9f8ddb000 	C:\WINDOWS\system32\WS2_32.dll
0x00007ff9f5e80000 - 0x00007ff9f5ea3000 	C:\WINDOWS\SYSTEM32\WINMM.dll
0x00007ff9f5e50000 - 0x00007ff9f5e7c000 	C:\WINDOWS\SYSTEM32\WINMMBASE.dll
0x0000000071680000 - 0x000000007168f000 	C:\Program Files\Java\jdk1.8.0_45\jre\bin\verify.dll
0x0000000071650000 - 0x0000000071679000 	C:\Program Files\Java\jdk1.8.0_45\jre\bin\java.dll
0x0000000071630000 - 0x0000000071646000 	C:\Program Files\Java\jdk1.8.0_45\jre\bin\zip.dll
0x00007ff9f92e0000 - 0x00007ff9fa83c000 	C:\WINDOWS\system32\SHELL32.dll
0x00007ff9f7960000 - 0x00007ff9f7fa5000 	C:\WINDOWS\system32\windows.storage.dll
0x00007ff9f90c0000 - 0x00007ff9f9112000 	C:\WINDOWS\system32\shlwapi.dll
0x00007ff9f77f0000 - 0x00007ff9f77ff000 	C:\WINDOWS\system32\kernel.appcore.dll
0x00007ff9f83e0000 - 0x00007ff9f8495000 	C:\WINDOWS\system32\shcore.dll
0x00007ff9f7810000 - 0x00007ff9f785b000 	C:\WINDOWS\system32\powrprof.dll
0x00007ff9f77d0000 - 0x00007ff9f77e4000 	C:\WINDOWS\system32\profapi.dll

VM Arguments:
jvm_args: -Djava.awt.headless=true -Xmx1024M -Dfile.encoding=x-windows-949 -Duser.country=KR -Duser.language=ko -Duser.variant 
java_command: com.android.dx.command.Main --dex --num-threads=4 --output E:\AndroidStudioProjects\CheongwonPay\app\build\intermediates\pre-dexed\release\com.google.android.gms-play-services-basement-8.1.0_c18b5382230a8437a6298f25f84d01df875633d0.jar E:\AndroidStudioProjects\CheongwonPay\app\build\intermediates\exploded-aar\com.google.android.gms\play-services-basement\8.1.0\jars\classes.jar
java_class_path (initial): E:\Android\sdk\build-tools\23.0.3\lib\dx.jar
Launcher Type: SUN_STANDARD

Environment Variables:
PATH=C:\ProgramData\Oracle\Java\javapath;C:\Program Files (x86)\Wizvera\Delfino;C:\Program Files (x86)\NVIDIA Corporation\PhysX\Common;C:\WINDOWS\system32;C:\WINDOWS;C:\WINDOWS\System32\Wbem;C:\WINDOWS\System32\WindowsPowerShell\v1.0\;C:\Program Files\WIDCOMM\Bluetooth Software\;C:\Program Files\WIDCOMM\Bluetooth Software\syswow64;;C:\Program Files (x86)\Intel\OpenCL SDK\2.0\bin\x86;C:\Program Files (x86)\Intel\OpenCL SDK\2.0\bin\x64;C:\Program Files\Java\jdk1.8.0_45\bin;C:\Program Files\Java\jre1.8.0_45\bin;E:\Android\sdk\platform-tools;C:\Program Files (x86)\Skype\Phone\;C:\Users\¡§º∑\AppData\Local\Bandizip\7z
USERNAME=¡§º∑
OS=Windows_NT
PROCESSOR_IDENTIFIER=Intel64 Family 6 Model 42 Stepping 7, GenuineIntel



---------------  S Y S T E M  ---------------

OS: Windows 10.0 , 64 bit Build 10586 (10.0.10586.0)

CPU:total 4 (2 cores per cpu, 2 threads per core) family 6 model 42 stepping 7, cmov, cx8, fxsr, mmx, sse, sse2, sse3, ssse3, sse4.1, sse4.2, popcnt, avx, aes, clmul, ht, tsc, tscinvbit

Memory: 4k page, physical 4104480k(358216k free), swap 6427392k(4700k free)

vm_info: Java HotSpot(TM) 64-Bit Server VM (25.45-b02) for windows-amd64 JRE (1.8.0_45-b15), built on Apr 30 2015 12:40:44 by "java_re" with MS VC++ 10.0 (VS2010)

time: Sun Sep 18 00:00:00 2016
elapsed time: 32 seconds (0d 0h 0m 32s)

