#
# There is insufficient memory for the Java Runtime Environment to continue.
# Native memory allocation (malloc) failed to allocate 284256 bytes for Chunk::new
# Possible reasons:
#   The system is out of physical RAM or swap space
#   In 32 bit mode, the process size limit was hit
# Possible solutions:
#   Reduce memory load on the system
#   Increase physical memory or swap space
#   Check if swap backing store is full
#   Use 64 bit Java on a 64 bit OS
#   Decrease Java heap size (-Xmx/-Xms)
#   Decrease number of Java threads
#   Decrease Java thread stack sizes (-Xss)
#   Set larger code cache with -XX:ReservedCodeCacheSize=
# This output file may be truncated or incomplete.
#
#  Out of Memory Error (allocation.cpp:390), pid=2952, tid=188
#
# JRE version: Java(TM) SE Runtime Environment (8.0_45-b15) (build 1.8.0_45-b15)
# Java VM: Java HotSpot(TM) 64-Bit Server VM (25.45-b02 mixed mode windows-amd64 compressed oops)
# Failed to write core dump. Minidumps are not enabled by default on client versions of Windows
#

---------------  T H R E A D  ---------------

Current thread (0x0000000006aac000):  JavaThread "C2 CompilerThread1" daemon [_thread_in_native, id=188, stack(0x0000000008710000,0x0000000008810000)]

Stack: [0x0000000008710000,0x0000000008810000]
Native frames: (J=compiled Java code, j=interpreted, Vv=VM code, C=native code)
V  [jvm.dll+0x32b57a]


Current CompileTask:
C2:   1599  764   !   4       com.android.dx.rop.code.RegisterSpec::intern (70 bytes)


---------------  P R O C E S S  ---------------

Java Threads: ( => current thread )
  0x0000000008a0d800 JavaThread "pool-2-thread-4" [_thread_in_Java, id=12588, stack(0x0000000009310000,0x0000000009410000)]
  0x0000000008a0b800 JavaThread "pool-2-thread-3" [_thread_blocked, id=10892, stack(0x0000000009210000,0x0000000009310000)]
  0x0000000008a0a800 JavaThread "pool-2-thread-2" [_thread_blocked, id=4484, stack(0x0000000009110000,0x0000000009210000)]
  0x0000000008a09800 JavaThread "pool-3-thread-1" [_thread_blocked, id=3736, stack(0x0000000009010000,0x0000000009110000)]
  0x0000000008a07000 JavaThread "pool-2-thread-1" [_thread_in_Java, id=12320, stack(0x0000000008f10000,0x0000000009010000)]
  0x0000000008872000 JavaThread "Service Thread" daemon [_thread_blocked, id=6612, stack(0x0000000008d10000,0x0000000008e10000)]
  0x0000000008869000 JavaThread "C1 CompilerThread2" daemon [_thread_blocked, id=12344, stack(0x0000000008c10000,0x0000000008d10000)]
=>0x0000000006aac000 JavaThread "C2 CompilerThread1" daemon [_thread_in_native, id=188, stack(0x0000000008710000,0x0000000008810000)]
  0x0000000006a5c000 JavaThread "C2 CompilerThread0" daemon [_thread_in_native, id=2912, stack(0x0000000008610000,0x0000000008710000)]
  0x0000000006a5a800 JavaThread "Attach Listener" daemon [_thread_blocked, id=12644, stack(0x0000000008510000,0x0000000008610000)]
  0x0000000006aa9000 JavaThread "Signal Dispatcher" daemon [_thread_blocked, id=440, stack(0x0000000008410000,0x0000000008510000)]
  0x0000000003370800 JavaThread "Finalizer" daemon [_thread_blocked, id=11904, stack(0x0000000007cc0000,0x0000000007dc0000)]
  0x000000000336d000 JavaThread "Reference Handler" daemon [_thread_blocked, id=4836, stack(0x0000000007bc0000,0x0000000007cc0000)]
  0x0000000003280800 JavaThread "main" [_thread_blocked, id=996, stack(0x0000000002cd0000,0x0000000002dd0000)]

Other Threads:
  0x0000000006a18000 VMThread [stack: 0x0000000007ac0000,0x0000000007bc0000] [id=9236]
  0x0000000008883800 WatcherThread [stack: 0x0000000008e10000,0x0000000008f10000] [id=7392]

VM state:not at safepoint (normal execution)

VM Mutex/Monitor currently owned by a thread: None

Heap:
 PSYoungGen      total 18944K, used 14787K [0x00000000eab00000, 0x00000000ec000000, 0x0000000100000000)
  eden space 16384K, 90% used [0x00000000eab00000,0x00000000eb970cd0,0x00000000ebb00000)
  from space 2560K, 0% used [0x00000000ebd80000,0x00000000ebd80000,0x00000000ec000000)
  to   space 2560K, 0% used [0x00000000ebb00000,0x00000000ebb00000,0x00000000ebd80000)
 ParOldGen       total 44032K, used 0K [0x00000000c0000000, 0x00000000c2b00000, 0x00000000eab00000)
  object space 44032K, 0% used [0x00000000c0000000,0x00000000c0000000,0x00000000c2b00000)
 Metaspace       used 5683K, capacity 6704K, committed 6784K, reserved 1056768K
  class space    used 589K, capacity 616K, committed 640K, reserved 1048576K

Card table byte_map: [0x0000000003740000,0x0000000003950000] byte_map_base: 0x0000000003140000

Marking Bits: (ParMarkBitMap*) 0x000000006c934040
 Begin Bits: [0x0000000003eb0000, 0x0000000004eb0000)
 End Bits:   [0x0000000004eb0000, 0x0000000005eb0000)

Polling page: 0x0000000001550000

CodeCache: size=245760Kb used=3018Kb max_used=3018Kb free=242742Kb
 bounds [0x000000000f010000, 0x000000000f310000, 0x000000001e010000]
 total_blobs=1034 nmethods=763 adapters=184
 compilation: enabled

Compilation events (10 events):
Event: 1.591 Thread 0x0000000008869000  767   !   3       com.android.dx.cf.code.Simulator::simulate (74 bytes)
Event: 1.592 Thread 0x0000000008869000 nmethod 767 0x000000000f301510 code [0x000000000f3016e0, 0x000000000f301fb8]
Event: 1.592 Thread 0x0000000008869000  766       3       com.android.dx.cf.code.Frame::copy (26 bytes)
Event: 1.592 Thread 0x0000000008869000 nmethod 766 0x000000000f302410 code [0x000000000f3025a0, 0x000000000f302928]
Event: 1.592 Thread 0x0000000008869000  768       3       com.android.dx.cf.code.Simulator$SimVisitor::setFrame (20 bytes)
Event: 1.592 Thread 0x0000000008869000 nmethod 768 0x000000000f302a50 code [0x000000000f302bc0, 0x000000000f302e28]
Event: 1.592 Thread 0x0000000008869000  769       3       com.android.dx.cf.code.RopperMachine::hasRet (13 bytes)
Event: 1.592 Thread 0x0000000008869000 nmethod 769 0x000000000f302f10 code [0x000000000f303060, 0x000000000f303210]
Event: 1.592 Thread 0x0000000008869000  770       3       com.android.dx.cf.code.Ropper::addOrReplaceBlock (66 bytes)
Event: 1.594 Thread 0x0000000008869000 nmethod 770 0x000000000f303290 code [0x000000000f3034e0, 0x000000000f304338]

GC Heap History (0 events):
No events

Deoptimization events (0 events):
No events

Internal exceptions (2 events):
Event: 0.182 Thread 0x0000000003280800 Exception <a 'java/lang/NoSuchMethodError': Method sun.misc.Unsafe.defineClass(Ljava/lang/String;[BII)Ljava/lang/Class; name or signature does not match> (0x00000000eab12f00) thrown at [C:\re\workspace\8-2-build-windows-amd64-cygwin\jdk8u45\3627\hotspot\sr¾RHÇ?
Event: 0.182 Thread 0x0000000003280800 Exception <a 'java/lang/NoSuchMethodError': Method sun.misc.Unsafe.prefetchRead(Ljava/lang/Object;J)V name or signature does not match> (0x00000000eab13190) thrown at [C:\re\workspace\8-2-build-windows-amd64-cygwin\jdk8u45\3627\hotspot\src\share\vm\prims\j

Events (10 events):
Event: 1.308 loading class java/util/TreeMap$EntryIterator
Event: 1.308 loading class java/util/TreeMap$EntryIterator done
Event: 1.311 loading class com/android/dx/dex/file/FieldAnnotationStruct
Event: 1.311 loading class com/android/dx/dex/file/FieldAnnotationStruct done
Event: 1.325 loading class com/android/dx/cf/code/BytecodeArray$ConstantParserVisitor
Event: 1.325 loading class com/android/dx/cf/code/BytecodeArray$ConstantParserVisitor done
Event: 1.437 loading class java/util/ArrayList$1
Event: 1.437 loading class java/util/ArrayList$1 done
Event: 1.567 Executing VM operation: ForceSafepoint
Event: 1.579 Executing VM operation: ForceSafepoint done


Dynamic libraries:
0x00007ff67cce0000 - 0x00007ff67cd17000 	C:\Program Files\Java\jdk1.8.0_45\bin\java.exe
0x00007ffe8e9c0000 - 0x00007ffe8eb81000 	C:\WINDOWS\SYSTEM32\ntdll.dll
0x00007ffe8c470000 - 0x00007ffe8c51d000 	C:\WINDOWS\system32\KERNEL32.DLL
0x00007ffe8bb40000 - 0x00007ffe8bd28000 	C:\WINDOWS\system32\KERNELBASE.dll
0x00007ffe8e0a0000 - 0x00007ffe8e147000 	C:\WINDOWS\system32\ADVAPI32.dll
0x00007ffe8e240000 - 0x00007ffe8e2dd000 	C:\WINDOWS\system32\msvcrt.dll
0x00007ffe8e960000 - 0x00007ffe8e9bb000 	C:\WINDOWS\system32\sechost.dll
0x00007ffe8df20000 - 0x00007ffe8e03c000 	C:\WINDOWS\system32\RPCRT4.dll
0x00007ffe8bed0000 - 0x00007ffe8c026000 	C:\WINDOWS\system32\USER32.dll
0x00007ffe8e340000 - 0x00007ffe8e4c6000 	C:\WINDOWS\system32\GDI32.dll
0x00007ffe86660000 - 0x00007ffe868d4000 	C:\WINDOWS\WinSxS\amd64_microsoft.windows.common-controls_6595b64144ccf1df_6.0.10586.494_none_a2d8b04ea53e3145\COMCTL32.dll
0x00007ffe8e630000 - 0x00007ffe8e8ad000 	C:\WINDOWS\system32\combase.dll
0x00007ffe8b3a0000 - 0x00007ffe8b40a000 	C:\WINDOWS\system32\bcryptPrimitives.dll
0x00007ffe8e920000 - 0x00007ffe8e95b000 	C:\WINDOWS\system32\IMM32.DLL
0x00007ffe8aec0000 - 0x00007ffe8aef1000 	C:\Windows\system32\nvinitx.dll
0x00007ffe8af30000 - 0x00007ffe8af3a000 	C:\WINDOWS\SYSTEM32\VERSION.dll
0x000000000f000000 - 0x000000000f006000 	C:\Program Files\NVIDIA Corporation\CoProcManager\_etoured.dll
0x00007ffe89320000 - 0x00007ffe89352000 	C:\Program Files\NVIDIA Corporation\CoProcManager\nvd3d9wrapx.dll
0x00007ffe8c030000 - 0x00007ffe8c459000 	C:\WINDOWS\system32\SETUPAPI.dll
0x00007ffe8b350000 - 0x00007ffe8b393000 	C:\WINDOWS\system32\CFGMGR32.dll
0x00007ffe87ea0000 - 0x00007ffe87ec2000 	C:\Program Files\NVIDIA Corporation\CoProcManager\nvdxgiwrapx.dll
0x000000006b340000 - 0x000000006b412000 	C:\Program Files\Java\jdk1.8.0_45\jre\bin\msvcr100.dll
0x000000006c130000 - 0x000000006c9b3000 	C:\Program Files\Java\jdk1.8.0_45\jre\bin\server\jvm.dll
0x00007ffe8c460000 - 0x00007ffe8c468000 	C:\WINDOWS\system32\PSAPI.DLL
0x00007ffe7e890000 - 0x00007ffe7e899000 	C:\WINDOWS\SYSTEM32\WSOCK32.dll
0x00007ffe8de40000 - 0x00007ffe8deab000 	C:\WINDOWS\system32\WS2_32.dll
0x00007ffe892a0000 - 0x00007ffe892c3000 	C:\WINDOWS\SYSTEM32\WINMM.dll
0x00007ffe89050000 - 0x00007ffe8907c000 	C:\WINDOWS\SYSTEM32\WINMMBASE.dll
0x000000006c120000 - 0x000000006c12f000 	C:\Program Files\Java\jdk1.8.0_45\jre\bin\verify.dll
0x000000006c0f0000 - 0x000000006c119000 	C:\Program Files\Java\jdk1.8.0_45\jre\bin\java.dll
0x000000006c0d0000 - 0x000000006c0e6000 	C:\Program Files\Java\jdk1.8.0_45\jre\bin\zip.dll
0x00007ffe8c6d0000 - 0x00007ffe8dc2c000 	C:\WINDOWS\system32\SHELL32.dll
0x0000000007dc0000 - 0x0000000008405000 	C:\WINDOWS\system32\windows.storage.dll
0x00007ffe8e2e0000 - 0x00007ffe8e332000 	C:\WINDOWS\system32\shlwapi.dll
0x00007ffe8afe0000 - 0x00007ffe8afef000 	C:\WINDOWS\system32\kernel.appcore.dll
0x00007ffe8b410000 - 0x00007ffe8b4c5000 	C:\WINDOWS\system32\shcore.dll
0x00007ffe8aff0000 - 0x00007ffe8b03b000 	C:\WINDOWS\system32\powrprof.dll
0x00007ffe8b050000 - 0x00007ffe8b064000 	C:\WINDOWS\system32\profapi.dll

VM Arguments:
jvm_args: -Djava.awt.headless=true -Xmx1024M -Dfile.encoding=x-windows-949 -Duser.country=KR -Duser.language=ko -Duser.variant 
java_command: com.android.dx.command.Main --dex --force-jumbo --num-threads=4 --multi-dex --output E:\AndroidStudioProjects\CheongwonPay\app\build\intermediates\transforms\dex\debug\folders\1000\10\instant-run_5f07e77c7fdeb73c66fc1bf91bd5156849243ac7 E:\AndroidStudioProjects\CheongwonPay\app\build\intermediates\incremental-runtime-classes\debug\instant-run.jar
java_class_path (initial): E:\Android\sdk\build-tools\23.0.3\lib\dx.jar
Launcher Type: SUN_STANDARD

Environment Variables:
PATH=C:\ProgramData\Oracle\Java\javapath;C:\Program Files (x86)\Wizvera\Delfino;C:\Program Files (x86)\NVIDIA Corporation\PhysX\Common;C:\WINDOWS\system32;C:\WINDOWS;C:\WINDOWS\System32\Wbem;C:\WINDOWS\System32\WindowsPowerShell\v1.0\;C:\Program Files\WIDCOMM\Bluetooth Software\;C:\Program Files\WIDCOMM\Bluetooth Software\syswow64;;C:\Program Files (x86)\Intel\OpenCL SDK\2.0\bin\x86;C:\Program Files (x86)\Intel\OpenCL SDK\2.0\bin\x64;C:\Program Files\Java\jdk1.8.0_45\bin;C:\Program Files\Java\jre1.8.0_45\bin;E:\Android\sdk\platform-tools;C:\Program Files (x86)\Skype\Phone\;C:\Users\Á¤¼·\AppData\Local\Bandizip\7z
USERNAME=Á¤¼·
OS=Windows_NT
PROCESSOR_IDENTIFIER=Intel64 Family 6 Model 42 Stepping 7, GenuineIntel



---------------  S Y S T E M  ---------------

OS: Windows 10.0 , 64 bit Build 10586 (10.0.10586.0)

CPU:total 4 (2 cores per cpu, 2 threads per core) family 6 model 42 stepping 7, cmov, cx8, fxsr, mmx, sse, sse2, sse3, ssse3, sse4.1, sse4.2, popcnt, avx, aes, clmul, ht, tsc, tscinvbit

Memory: 4k page, physical 4104480k(470284k free), swap 6560280k(7344k free)

vm_info: Java HotSpot(TM) 64-Bit Server VM (25.45-b02) for windows-amd64 JRE (1.8.0_45-b15), built on Apr 30 2015 12:40:44 by "java_re" with MS VC++ 10.0 (VS2010)

time: Sat Sep 03 23:30:48 2016
elapsed time: 1 seconds (0d 0h 0m 1s)

