#
# There is insufficient memory for the Java Runtime Environment to continue.
# Native memory allocation (malloc) failed to allocate 618816 bytes for Chunk::new
# Possible reasons:
#   The system is out of physical RAM or swap space
#   In 32 bit mode, the process size limit was hit
# Possible solutions:
#   Reduce memory load on the system
#   Increase physical memory or swap space
#   Check if swap backing store is full
#   Use 64 bit Java on a 64 bit OS
#   Decrease Java heap size (-Xmx/-Xms)
#   Decrease number of Java threads
#   Decrease Java thread stack sizes (-Xss)
#   Set larger code cache with -XX:ReservedCodeCacheSize=
# This output file may be truncated or incomplete.
#
#  Out of Memory Error (allocation.cpp:390), pid=6516, tid=8884
#
# JRE version: Java(TM) SE Runtime Environment (8.0_45-b15) (build 1.8.0_45-b15)
# Java VM: Java HotSpot(TM) 64-Bit Server VM (25.45-b02 mixed mode windows-amd64 compressed oops)
# Failed to write core dump. Minidumps are not enabled by default on client versions of Windows
#

---------------  T H R E A D  ---------------

Current thread (0x0000000006168000):  JavaThread "C2 CompilerThread0" daemon [_thread_in_native, id=8884, stack(0x0000000007cd0000,0x0000000007dd0000)]

Stack: [0x0000000007cd0000,0x0000000007dd0000]
Native frames: (J=compiled Java code, j=interpreted, Vv=VM code, C=native code)
V  [jvm.dll+0x32b57a]
V  [jvm.dll+0x279873]
V  [jvm.dll+0x27a509]
V  [jvm.dll+0x271825]
V  [jvm.dll+0xcb9e2]
V  [jvm.dll+0xcbeac]
V  [jvm.dll+0x476ef2]
V  [jvm.dll+0x4b955f]
V  [jvm.dll+0x46bf81]
V  [jvm.dll+0x46ccbe]
V  [jvm.dll+0x4500f2]
V  [jvm.dll+0xa4352]
V  [jvm.dll+0xa4c8f]
V  [jvm.dll+0x241984]
V  [jvm.dll+0x29853a]
C  [msvcr100.dll+0x21d9f]
C  [msvcr100.dll+0x21e3b]
C  [KERNEL32.DLL+0x18102]
C  [ntdll.dll+0x5c5b4]


Current CompileTask:
C2:  23228 2145       4       com.android.dx.dex.code.LocalList::make (102 bytes)


---------------  P R O C E S S  ---------------

Java Threads: ( => current thread )
  0x0000000008032000 JavaThread "pool-1-thread-1" [_thread_in_Java, id=4360, stack(0x000000000b3f0000,0x000000000b4f0000)]
  0x0000000007f29800 JavaThread "Service Thread" daemon [_thread_blocked, id=8976, stack(0x00000000083d0000,0x00000000084d0000)]
  0x0000000007f26800 JavaThread "C1 CompilerThread2" daemon [_thread_blocked, id=6760, stack(0x00000000082d0000,0x00000000083d0000)]
  0x000000000616b800 JavaThread "C2 CompilerThread1" daemon [_thread_blocked, id=11904, stack(0x0000000007dd0000,0x0000000007ed0000)]
=>0x0000000006168000 JavaThread "C2 CompilerThread0" daemon [_thread_in_native, id=8884, stack(0x0000000007cd0000,0x0000000007dd0000)]
  0x000000000611d000 JavaThread "Attach Listener" daemon [_thread_blocked, id=11484, stack(0x0000000007bd0000,0x0000000007cd0000)]
  0x000000000611b800 JavaThread "Signal Dispatcher" daemon [_thread_blocked, id=12828, stack(0x0000000007ad0000,0x0000000007bd0000)]
  0x0000000002a30800 JavaThread "Finalizer" daemon [_thread_blocked, id=188, stack(0x0000000007380000,0x0000000007480000)]
  0x0000000002a2d000 JavaThread "Reference Handler" daemon [_thread_blocked, id=9504, stack(0x0000000007280000,0x0000000007380000)]
  0x0000000002941000 JavaThread "main" [_thread_blocked, id=12528, stack(0x0000000002740000,0x0000000002840000)]

Other Threads:
  0x00000000060d8000 VMThread [stack: 0x0000000007180000,0x0000000007280000] [id=5580]
  0x0000000007f2c000 WatcherThread [stack: 0x00000000084d0000,0x00000000085d0000] [id=12648]

VM state:not at safepoint (normal execution)

VM Mutex/Monitor currently owned by a thread: None

Heap:
 PSYoungGen      total 40448K, used 7456K [0x00000000eab00000, 0x00000000efa00000, 0x0000000100000000)
  eden space 32768K, 2% used [0x00000000eab00000,0x00000000eabda3b0,0x00000000ecb00000)
  from space 7680K, 85% used [0x00000000ef280000,0x00000000ef8edcc0,0x00000000efa00000)
  to   space 2560K, 0% used [0x00000000ecb00000,0x00000000ecb00000,0x00000000ecd80000)
 ParOldGen       total 44032K, used 16860K [0x00000000c0000000, 0x00000000c2b00000, 0x00000000eab00000)
  object space 44032K, 38% used [0x00000000c0000000,0x00000000c10770a0,0x00000000c2b00000)
 Metaspace       used 6513K, capacity 7384K, committed 7680K, reserved 1056768K
  class space    used 630K, capacity 656K, committed 768K, reserved 1048576K

Card table byte_map: [0x0000000002e00000,0x0000000003010000] byte_map_base: 0x0000000002800000

Marking Bits: (ParMarkBitMap*) 0x000000006bfc4040
 Begin Bits: [0x0000000003570000, 0x0000000004570000)
 End Bits:   [0x0000000004570000, 0x0000000005570000)

Polling page: 0x0000000002380000

CodeCache: size=245760Kb used=8494Kb max_used=8494Kb free=237265Kb
 bounds [0x000000000f010000, 0x000000000f870000, 0x000000001e010000]
 total_blobs=2333 nmethods=2060 adapters=185
 compilation: enabled

Compilation events (10 events):
Event: 23.132 Thread 0x0000000007f26800 2175       3       com.android.dx.dex.file.DebugInfoEncoder$1::compare (10 bytes)
Event: 23.132 Thread 0x0000000007f26800 nmethod 2175 0x000000000f85c3d0 code [0x000000000f85c520, 0x000000000f85c6b0]
Event: 23.132 Thread 0x0000000007f26800 2170       3       com.android.dx.dex.file.DebugInfoEncoder::computeOpcode (35 bytes)
Event: 23.133 Thread 0x0000000007f26800 nmethod 2170 0x000000000f8607d0 code [0x000000000f860940, 0x000000000f860bc8]
Event: 23.133 Thread 0x0000000007f26800 2172       3       com.android.dx.dex.file.DebugInfoEncoder::emitPosition (214 bytes)
Event: 23.135 Thread 0x0000000007f26800 nmethod 2172 0x000000000f860c90 code [0x000000000f860f80, 0x000000000f862468]
Event: 23.135 Thread 0x0000000007f26800 2168       1       com.android.dx.rop.code.LocalItem::getSignature (5 bytes)
Event: 23.135 Thread 0x0000000007f26800 nmethod 2168 0x000000000f8630d0 code [0x000000000f863220, 0x000000000f863330]
Event: 23.135 Thread 0x0000000007f26800 2173       1       com.android.dx.dex.code.LocalList$Entry::getType (5 bytes)
Event: 23.135 Thread 0x0000000007f26800 nmethod 2173 0x000000000f863390 code [0x000000000f8634e0, 0x000000000f8635f0]

GC Heap History (10 events):
Event: 7.553 GC heap before
{Heap before GC invocations=2 (full 0):
 PSYoungGen      total 18944K, used 18937K [0x00000000eab00000, 0x00000000ec000000, 0x0000000100000000)
  eden space 16384K, 100% used [0x00000000eab00000,0x00000000ebb00000,0x00000000ebb00000)
  from space 2560K, 99% used [0x00000000ebb00000,0x00000000ebd7e620,0x00000000ebd80000)
  to   space 2560K, 0% used [0x00000000ebd80000,0x00000000ebd80000,0x00000000ec000000)
 ParOldGen       total 44032K, used 2056K [0x00000000c0000000, 0x00000000c2b00000, 0x00000000eab00000)
  object space 44032K, 4% used [0x00000000c0000000,0x00000000c02021b0,0x00000000c2b00000)
 Metaspace       used 5870K, capacity 6896K, committed 7040K, reserved 1056768K
  class space    used 588K, capacity 616K, committed 640K, reserved 1048576K
Event: 7.710 GC heap after
Heap after GC invocations=2 (full 0):
 PSYoungGen      total 18944K, used 2551K [0x00000000eab00000, 0x00000000ed000000, 0x0000000100000000)
  eden space 16384K, 0% used [0x00000000eab00000,0x00000000eab00000,0x00000000ebb00000)
  from space 2560K, 99% used [0x00000000ebd80000,0x00000000ebffdcb0,0x00000000ec000000)
  to   space 2560K, 0% used [0x00000000ebb00000,0x00000000ebb00000,0x00000000ebd80000)
 ParOldGen       total 44032K, used 5620K [0x00000000c0000000, 0x00000000c2b00000, 0x00000000eab00000)
  object space 44032K, 12% used [0x00000000c0000000,0x00000000c057d288,0x00000000c2b00000)
 Metaspace       used 5870K, capacity 6896K, committed 7040K, reserved 1056768K
  class space    used 588K, capacity 616K, committed 640K, reserved 1048576K
}
Event: 9.371 GC heap before
{Heap before GC invocations=3 (full 0):
 PSYoungGen      total 18944K, used 18935K [0x00000000eab00000, 0x00000000ed000000, 0x0000000100000000)
  eden space 16384K, 100% used [0x00000000eab00000,0x00000000ebb00000,0x00000000ebb00000)
  from space 2560K, 99% used [0x00000000ebd80000,0x00000000ebffdcb0,0x00000000ec000000)
  to   space 2560K, 0% used [0x00000000ebb00000,0x00000000ebb00000,0x00000000ebd80000)
 ParOldGen       total 44032K, used 5620K [0x00000000c0000000, 0x00000000c2b00000, 0x00000000eab00000)
  object space 44032K, 12% used [0x00000000c0000000,0x00000000c057d288,0x00000000c2b00000)
 Metaspace       used 5889K, capacity 6896K, committed 7040K, reserved 1056768K
  class space    used 588K, capacity 616K, committed 640K, reserved 1048576K
Event: 9.454 GC heap after
Heap after GC invocations=3 (full 0):
 PSYoungGen      total 18944K, used 2544K [0x00000000eab00000, 0x00000000ed000000, 0x0000000100000000)
  eden space 16384K, 0% used [0x00000000eab00000,0x00000000eab00000,0x00000000ebb00000)
  from space 2560K, 99% used [0x00000000ebb00000,0x00000000ebd7c3e0,0x00000000ebd80000)
  to   space 2560K, 0% used [0x00000000ecd80000,0x00000000ecd80000,0x00000000ed000000)
 ParOldGen       total 44032K, used 8567K [0x00000000c0000000, 0x00000000c2b00000, 0x00000000eab00000)
  object space 44032K, 19% used [0x00000000c0000000,0x00000000c085de98,0x00000000c2b00000)
 Metaspace       used 5889K, capacity 6896K, committed 7040K, reserved 1056768K
  class space    used 588K, capacity 616K, committed 640K, reserved 1048576K
}
Event: 9.953 GC heap before
{Heap before GC invocations=4 (full 0):
 PSYoungGen      total 18944K, used 18928K [0x00000000eab00000, 0x00000000ed000000, 0x0000000100000000)
  eden space 16384K, 100% used [0x00000000eab00000,0x00000000ebb00000,0x00000000ebb00000)
  from space 2560K, 99% used [0x00000000ebb00000,0x00000000ebd7c3e0,0x00000000ebd80000)
  to   space 2560K, 0% used [0x00000000ecd80000,0x00000000ecd80000,0x00000000ed000000)
 ParOldGen       total 44032K, used 8567K [0x00000000c0000000, 0x00000000c2b00000, 0x00000000eab00000)
  object space 44032K, 19% used [0x00000000c0000000,0x00000000c085de98,0x00000000c2b00000)
 Metaspace       used 5984K, capacity 6960K, committed 7040K, reserved 1056768K
  class space    used 590K, capacity 616K, committed 640K, reserved 1048576K
Event: 10.158 GC heap after
Heap after GC invocations=4 (full 0):
 PSYoungGen      total 35328K, used 2544K [0x00000000eab00000, 0x00000000ed000000, 0x0000000100000000)
  eden space 32768K, 0% used [0x00000000eab00000,0x00000000eab00000,0x00000000ecb00000)
  from space 2560K, 99% used [0x00000000ecd80000,0x00000000ecffc3e0,0x00000000ed000000)
  to   space 2560K, 0% used [0x00000000ecb00000,0x00000000ecb00000,0x00000000ecd80000)
 ParOldGen       total 44032K, used 11531K [0x00000000c0000000, 0x00000000c2b00000, 0x00000000eab00000)
  object space 44032K, 26% used [0x00000000c0000000,0x00000000c0b42df0,0x00000000c2b00000)
 Metaspace       used 5984K, capacity 6960K, committed 7040K, reserved 1056768K
  class space    used 590K, capacity 616K, committed 640K, reserved 1048576K
}
Event: 11.357 GC heap before
{Heap before GC invocations=5 (full 0):
 PSYoungGen      total 35328K, used 35312K [0x00000000eab00000, 0x00000000ed000000, 0x0000000100000000)
  eden space 32768K, 100% used [0x00000000eab00000,0x00000000ecb00000,0x00000000ecb00000)
  from space 2560K, 99% used [0x00000000ecd80000,0x00000000ecffc3e0,0x00000000ed000000)
  to   space 2560K, 0% used [0x00000000ecb00000,0x00000000ecb00000,0x00000000ecd80000)
 ParOldGen       total 44032K, used 11531K [0x00000000c0000000, 0x00000000c2b00000, 0x00000000eab00000)
  object space 44032K, 26% used [0x00000000c0000000,0x00000000c0b42df0,0x00000000c2b00000)
 Metaspace       used 6035K, capacity 7024K, committed 7296K, reserved 1056768K
  class space    used 590K, capacity 616K, committed 640K, reserved 1048576K
Event: 11.473 GC heap after
Heap after GC invocations=5 (full 0):
 PSYoungGen      total 35328K, used 2535K [0x00000000eab00000, 0x00000000efa00000, 0x0000000100000000)
  eden space 32768K, 0% used [0x00000000eab00000,0x00000000eab00000,0x00000000ecb00000)
  from space 2560K, 99% used [0x00000000ecb00000,0x00000000ecd79ca0,0x00000000ecd80000)
  to   space 7680K, 0% used [0x00000000ef280000,0x00000000ef280000,0x00000000efa00000)
 ParOldGen       total 44032K, used 16852K [0x00000000c0000000, 0x00000000c2b00000, 0x00000000eab00000)
  object space 44032K, 38% used [0x00000000c0000000,0x00000000c10750a0,0x00000000c2b00000)
 Metaspace       used 6035K, capacity 7024K, committed 7296K, reserved 1056768K
  class space    used 590K, capacity 616K, committed 640K, reserved 1048576K
}
Event: 22.424 GC heap before
{Heap before GC invocations=6 (full 0):
 PSYoungGen      total 35328K, used 35303K [0x00000000eab00000, 0x00000000efa00000, 0x0000000100000000)
  eden space 32768K, 100% used [0x00000000eab00000,0x00000000ecb00000,0x00000000ecb00000)
  from space 2560K, 99% used [0x00000000ecb00000,0x00000000ecd79ca0,0x00000000ecd80000)
  to   space 7680K, 0% used [0x00000000ef280000,0x00000000ef280000,0x00000000efa00000)
 ParOldGen       total 44032K, used 16852K [0x00000000c0000000, 0x00000000c2b00000, 0x00000000eab00000)
  object space 44032K, 38% used [0x00000000c0000000,0x00000000c10750a0,0x00000000c2b00000)
 Metaspace       used 6474K, capacity 7320K, committed 7680K, reserved 1056768K
  class space    used 629K, capacity 656K, committed 768K, reserved 1048576K
Event: 23.077 GC heap after
Heap after GC invocations=6 (full 0):
 PSYoungGen      total 40448K, used 6583K [0x00000000eab00000, 0x00000000efa00000, 0x0000000100000000)
  eden space 32768K, 0% used [0x00000000eab00000,0x00000000eab00000,0x00000000ecb00000)
  from space 7680K, 85% used [0x00000000ef280000,0x00000000ef8edcc0,0x00000000efa00000)
  to   space 2560K, 0% used [0x00000000ecb00000,0x00000000ecb00000,0x00000000ecd80000)
 ParOldGen       total 44032K, used 16860K [0x00000000c0000000, 0x00000000c2b00000, 0x00000000eab00000)
  object space 44032K, 38% used [0x00000000c0000000,0x00000000c10770a0,0x00000000c2b00000)
 Metaspace       used 6474K, capacity 7320K, committed 7680K, reserved 1056768K
  class space    used 629K, capacity 656K, committed 768K, reserved 1048576K
}

Deoptimization events (10 events):
Event: 12.114 Thread 0x00000000080ba800 Uncommon trap: reason=unstable_if action=reinterpret pc=0x000000000f50b6b0 method=com.android.dx.ssa.back.FirstFitLocalCombiningAllocator.getAlignment(I)Lcom/android/dx/ssa/back/FirstFitLocalCombiningAllocator$Alignment; @ 16
Event: 12.119 Thread 0x00000000080ba800 Uncommon trap: reason=unstable_if action=reinterpret pc=0x000000000f6dab18 method=com.android.dx.rop.code.RegisterSpecSet.put(Lcom/android/dx/rop/code/RegisterSpec;)V @ 77
Event: 12.126 Thread 0x0000000008032000 Uncommon trap: reason=unstable_if action=reinterpret pc=0x000000000f5b820c method=java.util.HashMap.resize()[Ljava/util/HashMap$Node; @ 206
Event: 14.831 Thread 0x0000000008032000 Uncommon trap: reason=class_check action=maybe_recompile pc=0x000000000f4f2748 method=java.util.Arrays.hashCode([Ljava/lang/Object;)I @ 43
Event: 14.831 Thread 0x0000000008032000 Uncommon trap: reason=class_check action=maybe_recompile pc=0x000000000f4f2748 method=java.util.Arrays.hashCode([Ljava/lang/Object;)I @ 43
Event: 14.833 Thread 0x0000000008032000 Uncommon trap: reason=class_check action=maybe_recompile pc=0x000000000f4f2748 method=java.util.Arrays.hashCode([Ljava/lang/Object;)I @ 43
Event: 14.833 Thread 0x0000000008032000 Uncommon trap: reason=class_check action=maybe_recompile pc=0x000000000f4f2748 method=java.util.Arrays.hashCode([Ljava/lang/Object;)I @ 43
Event: 14.833 Thread 0x0000000008032000 Uncommon trap: reason=class_check action=maybe_recompile pc=0x000000000f4f2fe8 method=java.util.Arrays.hashCode([Ljava/lang/Object;)I @ 43
Event: 17.685 Thread 0x0000000008032000 Uncommon trap: reason=unstable_if action=reinterpret pc=0x000000000f7b7a74 method=com.android.dx.dex.code.OutputFinisher.findOpcodeForInsn(Lcom/android/dx/dex/code/DalvInsn;Lcom/android/dx/dex/code/Dop;)Lcom/android/dx/dex/code/Dop; @ 12
Event: 21.747 Thread 0x0000000008032000 Uncommon trap: reason=unstable_if action=reinterpret pc=0x000000000f4dd278 method=java.util.TreeMap.put(Ljava/lang/Object;Ljava/lang/Object;)Ljava/lang/Object; @ 163

Internal exceptions (6 events):
Event: 0.494 Thread 0x0000000002941000 Exception <a 'java/lang/NoSuchMethodError': Method sun.misc.Unsafe.defineClass(Ljava/lang/String;[BII)Ljava/lang/Class; name or signature does not match> (0x00000000eab12f00) thrown at [C:\re\workspace\8-2-build-windows-amd64-cygwin\jdk8u45\3627\hotspot\sr>Ó‡Ájœß?
Event: 0.494 Thread 0x0000000002941000 Exception <a 'java/lang/NoSuchMethodError': Method sun.misc.Unsafe.prefetchRead(Ljava/lang/Object;J)V name or signature does not match> (0x00000000eab13190) thrown at [C:\re\workspace\8-2-build-windows-amd64-cygwin\jdk8u45\3627\hotspot\src\share\vm\prims\jÀTIøqÍ@
Event: 6.701 Thread 0x000000000812e000 Implicit null exception at 0x000000000f4b8f4c to 0x000000000f4ba425
Event: 11.518 Thread 0x0000000002941000 Exception <a 'java/lang/ArrayIndexOutOfBoundsException': 18> (0x00000000eada80a8) thrown at [C:\re\workspace\8-2-build-windows-amd64-cygwin\jdk8u45\3627\hotspot\src\share\vm\interpreter\interpreterRuntime.cpp, line 366]
Event: 11.518 Thread 0x0000000002941000 Exception <a 'java/lang/ArrayIndexOutOfBoundsException'> (0x00000000eada9d08) thrown at [C:\re\workspace\8-2-build-windows-amd64-cygwin\jdk8u45\3627\hotspot\src\share\vm\runtime\sharedRuntime.cpp, line 605]
Event: 11.520 Thread 0x0000000002941000 Exception <a 'java/lang/ArrayIndexOutOfBoundsException'> (0x00000000eadab0d0) thrown at [C:\re\workspace\8-2-build-windows-amd64-cygwin\jdk8u45\3627\hotspot\src\share\vm\runtime\sharedRuntime.cpp, line 605]

Events (10 events):
Event: 23.108 Thread 0x0000000008032000 DEOPT PACKING pc=0x000000000f810b89 sp=0x000000000b4eea50
Event: 23.109 Thread 0x0000000008032000 DEOPT UNPACKING pc=0x000000000f05787f sp=0x000000000b4ee7a0 mode 0
Event: 23.109 Thread 0x0000000008032000 DEOPT PACKING pc=0x000000000f808b9c sp=0x000000000b4ee990
Event: 23.109 Thread 0x0000000008032000 DEOPT UNPACKING pc=0x000000000f05787f sp=0x000000000b4ee6f0 mode 0
Event: 23.120 loading class com/android/dx/dex/file/DebugInfoEncoder
Event: 23.120 loading class com/android/dx/dex/file/DebugInfoEncoder done
Event: 23.122 loading class com/android/dx/dex/file/DebugInfoEncoder$1
Event: 23.122 loading class com/android/dx/dex/file/DebugInfoEncoder$1 done
Event: 23.123 loading class com/android/dx/dex/file/DebugInfoEncoder$2
Event: 23.123 loading class com/android/dx/dex/file/DebugInfoEncoder$2 done


Dynamic libraries:
0x00007ff7b0dc0000 - 0x00007ff7b0df7000 	C:\Program Files\Java\jdk1.8.0_45\bin\java.exe
0x00007ffe8e9c0000 - 0x00007ffe8eb81000 	C:\WINDOWS\SYSTEM32\ntdll.dll
0x00007ffe8c470000 - 0x00007ffe8c51d000 	C:\WINDOWS\system32\KERNEL32.DLL
0x00007ffe8bb40000 - 0x00007ffe8bd28000 	C:\WINDOWS\system32\KERNELBASE.dll
0x00007ffe8e0a0000 - 0x00007ffe8e147000 	C:\WINDOWS\system32\ADVAPI32.dll
0x00007ffe8e240000 - 0x00007ffe8e2dd000 	C:\WINDOWS\system32\msvcrt.dll
0x00007ffe8e960000 - 0x00007ffe8e9bb000 	C:\WINDOWS\system32\sechost.dll
0x00007ffe8df20000 - 0x00007ffe8e03c000 	C:\WINDOWS\system32\RPCRT4.dll
0x00007ffe8bed0000 - 0x00007ffe8c026000 	C:\WINDOWS\system32\USER32.dll
0x00007ffe8e340000 - 0x00007ffe8e4c6000 	C:\WINDOWS\system32\GDI32.dll
0x00007ffe86660000 - 0x00007ffe868d4000 	C:\WINDOWS\WinSxS\amd64_microsoft.windows.common-controls_6595b64144ccf1df_6.0.10586.494_none_a2d8b04ea53e3145\COMCTL32.dll
0x00007ffe8e630000 - 0x00007ffe8e8ad000 	C:\WINDOWS\system32\combase.dll
0x00007ffe8b3a0000 - 0x00007ffe8b40a000 	C:\WINDOWS\system32\bcryptPrimitives.dll
0x00007ffe8e920000 - 0x00007ffe8e95b000 	C:\WINDOWS\system32\IMM32.DLL
0x00007ffe8aec0000 - 0x00007ffe8aef1000 	C:\Windows\system32\nvinitx.dll
0x00007ffe8af30000 - 0x00007ffe8af3a000 	C:\WINDOWS\SYSTEM32\VERSION.dll
0x000000000f000000 - 0x000000000f006000 	C:\Program Files\NVIDIA Corporation\CoProcManager\_etoured.dll
0x00007ffe87e90000 - 0x00007ffe87ec2000 	C:\Program Files\NVIDIA Corporation\CoProcManager\nvd3d9wrapx.dll
0x00007ffe8c030000 - 0x00007ffe8c459000 	C:\WINDOWS\system32\SETUPAPI.dll
0x00007ffe8b350000 - 0x00007ffe8b393000 	C:\WINDOWS\system32\CFGMGR32.dll
0x00007ffe87e60000 - 0x00007ffe87e82000 	C:\Program Files\NVIDIA Corporation\CoProcManager\nvdxgiwrapx.dll
0x000000006b340000 - 0x000000006b412000 	C:\Program Files\Java\jdk1.8.0_45\jre\bin\msvcr100.dll
0x000000006b7c0000 - 0x000000006c043000 	C:\Program Files\Java\jdk1.8.0_45\jre\bin\server\jvm.dll
0x00007ffe8c460000 - 0x00007ffe8c468000 	C:\WINDOWS\system32\PSAPI.DLL
0x00007ffe7e890000 - 0x00007ffe7e899000 	C:\WINDOWS\SYSTEM32\WSOCK32.dll
0x00007ffe8de40000 - 0x00007ffe8deab000 	C:\WINDOWS\system32\WS2_32.dll
0x00007ffe892a0000 - 0x00007ffe892c3000 	C:\WINDOWS\SYSTEM32\WINMM.dll
0x00007ffe89050000 - 0x00007ffe8907c000 	C:\WINDOWS\SYSTEM32\WINMMBASE.dll
0x000000006b7b0000 - 0x000000006b7bf000 	C:\Program Files\Java\jdk1.8.0_45\jre\bin\verify.dll
0x000000006b780000 - 0x000000006b7a9000 	C:\Program Files\Java\jdk1.8.0_45\jre\bin\java.dll
0x000000006b760000 - 0x000000006b776000 	C:\Program Files\Java\jdk1.8.0_45\jre\bin\zip.dll
0x00007ffe8c6d0000 - 0x00007ffe8dc2c000 	C:\WINDOWS\system32\SHELL32.dll
0x0000000007480000 - 0x0000000007ac5000 	C:\WINDOWS\system32\windows.storage.dll
0x00007ffe8e2e0000 - 0x00007ffe8e332000 	C:\WINDOWS\system32\shlwapi.dll
0x00007ffe8afe0000 - 0x00007ffe8afef000 	C:\WINDOWS\system32\kernel.appcore.dll
0x00007ffe8b410000 - 0x00007ffe8b4c5000 	C:\WINDOWS\system32\shcore.dll
0x00007ffe8aff0000 - 0x00007ffe8b03b000 	C:\WINDOWS\system32\powrprof.dll
0x00007ffe8b050000 - 0x00007ffe8b064000 	C:\WINDOWS\system32\profapi.dll
0x00007ffe77d00000 - 0x00007ffe77e8c000 	C:\WINDOWS\SYSTEM32\dbghelp.dll

VM Arguments:
jvm_args: -Djava.awt.headless=true -Xmx1024M -Dfile.encoding=x-windows-949 -Duser.country=KR -Duser.language=ko -Duser.variant 
java_command: com.android.dx.command.Main --dex --force-jumbo --num-threads=4 --multi-dex --output E:\AndroidStudioProjects\CheongwonPay\app\build\intermediates\transforms\dex\debug\folders\1000\5\slice_2 E:\AndroidStudioProjects\CheongwonPay\app\build\intermediates\transforms\instantRunSlicer\debug\folders\1\5\slice_2
java_class_path (initial): E:\Android\sdk\build-tools\23.0.3\lib\dx.jar
Launcher Type: SUN_STANDARD

Environment Variables:
PATH=C:\ProgramData\Oracle\Java\javapath;C:\Program Files (x86)\Wizvera\Delfino;C:\Program Files (x86)\NVIDIA Corporation\PhysX\Common;C:\WINDOWS\system32;C:\WINDOWS;C:\WINDOWS\System32\Wbem;C:\WINDOWS\System32\WindowsPowerShell\v1.0\;C:\Program Files\WIDCOMM\Bluetooth Software\;C:\Program Files\WIDCOMM\Bluetooth Software\syswow64;;C:\Program Files (x86)\Intel\OpenCL SDK\2.0\bin\x86;C:\Program Files (x86)\Intel\OpenCL SDK\2.0\bin\x64;C:\Program Files\Java\jdk1.8.0_45\bin;C:\Program Files\Java\jre1.8.0_45\bin;E:\Android\sdk\platform-tools;C:\Program Files (x86)\Skype\Phone\;C:\Users\Á¤¼·\AppData\Local\Bandizip\7z
USERNAME=Á¤¼·
OS=Windows_NT
PROCESSOR_IDENTIFIER=Intel64 Family 6 Model 42 Stepping 7, GenuineIntel



---------------  S Y S T E M  ---------------

OS: Windows 10.0 , 64 bit Build 10586 (10.0.10586.0)

CPU:total 4 (2 cores per cpu, 2 threads per core) family 6 model 42 stepping 7, cmov, cx8, fxsr, mmx, sse, sse2, sse3, ssse3, sse4.1, sse4.2, popcnt, avx, aes, clmul, ht, tsc, tscinvbit

Memory: 4k page, physical 4104480k(492096k free), swap 6601276k(6008k free)

vm_info: Java HotSpot(TM) 64-Bit Server VM (25.45-b02) for windows-amd64 JRE (1.8.0_45-b15), built on Apr 30 2015 12:40:44 by "java_re" with MS VC++ 10.0 (VS2010)

time: Fri Sep 02 15:05:19 2016
elapsed time: 23 seconds (0d 0h 0m 23s)

