#
# There is insufficient memory for the Java Runtime Environment to continue.
# Native memory allocation (malloc) failed to allocate 97664 bytes for Chunk::new
# Possible reasons:
#   The system is out of physical RAM or swap space
#   In 32 bit mode, the process size limit was hit
# Possible solutions:
#   Reduce memory load on the system
#   Increase physical memory or swap space
#   Check if swap backing store is full
#   Use 64 bit Java on a 64 bit OS
#   Decrease Java heap size (-Xmx/-Xms)
#   Decrease number of Java threads
#   Decrease Java thread stack sizes (-Xss)
#   Set larger code cache with -XX:ReservedCodeCacheSize=
# This output file may be truncated or incomplete.
#
#  Out of Memory Error (allocation.cpp:390), pid=4980, tid=2308
#
# JRE version: Java(TM) SE Runtime Environment (8.0_45-b15) (build 1.8.0_45-b15)
# Java VM: Java HotSpot(TM) 64-Bit Server VM (25.45-b02 mixed mode windows-amd64 compressed oops)
# Failed to write core dump. Minidumps are not enabled by default on client versions of Windows
#

---------------  T H R E A D  ---------------

Current thread (0x000000000643a000):  JavaThread "C2 CompilerThread0" daemon [_thread_in_native, id=2308, stack(0x0000000007960000,0x0000000007a60000)]

Stack: [0x0000000007960000,0x0000000007a60000]
Native frames: (J=compiled Java code, j=interpreted, Vv=VM code, C=native code)
V  [jvm.dll+0x32b57a]
V  [jvm.dll+0x279873]
V  [jvm.dll+0x27a509]
V  [jvm.dll+0x271825]
V  [jvm.dll+0xcb9e2]
V  [jvm.dll+0xcbeac]
V  [jvm.dll+0xcc204]
V  [jvm.dll+0xeada5]
V  [jvm.dll+0x4b09b4]
V  [jvm.dll+0x4b8be2]
V  [jvm.dll+0x4b8f13]
V  [jvm.dll+0x4b907d]
V  [jvm.dll+0x4b907d]
V  [jvm.dll+0x4b907d]
V  [jvm.dll+0x4b907d]
V  [jvm.dll+0x4b97d9]
V  [jvm.dll+0x46b6b5]
V  [jvm.dll+0x46ccbe]
V  [jvm.dll+0x4500f2]
V  [jvm.dll+0xa4352]
V  [jvm.dll+0xa4c8f]
V  [jvm.dll+0x241984]
V  [jvm.dll+0x29853a]
C  [msvcr100.dll+0x21d9f]
C  [msvcr100.dll+0x21e3b]
C  [KERNEL32.DLL+0x18102]
C  [ntdll.dll+0x5c5b4]


Current CompileTask:
C2:   7022 1730       4       com.android.dx.ssa.DeadCodeRemover::run (194 bytes)


---------------  P R O C E S S  ---------------

Java Threads: ( => current thread )
  0x0000000007cd6800 JavaThread "pool-2-thread-4" [_thread_blocked, id=11844, stack(0x0000000008660000,0x0000000008760000)]
  0x0000000007cd5800 JavaThread "pool-2-thread-3" [_thread_blocked, id=10392, stack(0x0000000008560000,0x0000000008660000)]
  0x0000000007cd2000 JavaThread "pool-2-thread-2" [_thread_blocked, id=9964, stack(0x0000000008460000,0x0000000008560000)]
  0x0000000007cd1000 JavaThread "pool-3-thread-1" [_thread_blocked, id=472, stack(0x0000000008360000,0x0000000008460000)]
  0x0000000007cce800 JavaThread "pool-2-thread-1" [_thread_blocked, id=7956, stack(0x0000000008260000,0x0000000008360000)]
  0x0000000007ad1000 JavaThread "Service Thread" daemon [_thread_blocked, id=6748, stack(0x0000000008060000,0x0000000008160000)]
  0x0000000007ac2800 JavaThread "C1 CompilerThread2" daemon [_thread_blocked, id=5468, stack(0x0000000007f60000,0x0000000008060000)]
  0x000000000643d000 JavaThread "C2 CompilerThread1" daemon [_thread_blocked, id=9760, stack(0x0000000007e60000,0x0000000007f60000)]
=>0x000000000643a000 JavaThread "C2 CompilerThread0" daemon [_thread_in_native, id=2308, stack(0x0000000007960000,0x0000000007a60000)]
  0x00000000063ee000 JavaThread "Attach Listener" daemon [_thread_blocked, id=12232, stack(0x0000000007860000,0x0000000007960000)]
  0x00000000063ed000 JavaThread "Signal Dispatcher" daemon [_thread_blocked, id=10080, stack(0x0000000007760000,0x0000000007860000)]
  0x0000000002d07000 JavaThread "Finalizer" daemon [_thread_blocked, id=7304, stack(0x0000000007660000,0x0000000007760000)]
  0x0000000002cfe000 JavaThread "Reference Handler" daemon [_thread_blocked, id=4704, stack(0x0000000007560000,0x0000000007660000)]
  0x0000000002c10800 JavaThread "main" [_thread_blocked, id=11328, stack(0x0000000002b10000,0x0000000002c10000)]

Other Threads:
  0x00000000063a8000 VMThread [stack: 0x0000000007460000,0x0000000007560000] [id=8024]
  0x0000000007ac7800 WatcherThread [stack: 0x0000000008160000,0x0000000008260000] [id=660]

VM state:at safepoint (normal execution)

VM Mutex/Monitor currently owned by a thread:  ([mutex/lock_event])
[0x000000000273c740] Threads_lock - owner thread: 0x00000000063a8000
[0x000000000273bf40] Heap_lock - owner thread: 0x0000000007cce800

Heap:
 PSYoungGen      total 35328K, used 35313K [0x00000000eab00000, 0x00000000ed000000, 0x0000000100000000)
  eden space 32768K, 100% used [0x00000000eab00000,0x00000000ecb00000,0x00000000ecb00000)
  from space 2560K, 99% used [0x00000000ecb00000,0x00000000ecd7c460,0x00000000ecd80000)
  to   space 2560K, 98% used [0x00000000ecd80000,0x00000000ecff8780,0x00000000ed000000)
 ParOldGen       total 44032K, used 13143K [0x00000000c0000000, 0x00000000c2b00000, 0x00000000eab00000)
  object space 44032K, 29% used [0x00000000c0000000,0x00000000c0cd5ec0,0x00000000c2b00000)
 Metaspace       used 6256K, capacity 7088K, committed 7296K, reserved 1056768K
  class space    used 596K, capacity 616K, committed 640K, reserved 1048576K

Card table byte_map: [0x00000000030d0000,0x00000000032e0000] byte_map_base: 0x0000000002ad0000

Marking Bits: (ParMarkBitMap*) 0x000000006f4b4040
 Begin Bits: [0x0000000003840000, 0x0000000004840000)
 End Bits:   [0x0000000004840000, 0x0000000005840000)

Polling page: 0x0000000000c60000

CodeCache: size=245760Kb used=7238Kb max_used=7258Kb free=238521Kb
 bounds [0x000000000f010000, 0x000000000f740000, 0x000000001e010000]
 total_blobs=1994 nmethods=1722 adapters=184
 compilation: enabled

Compilation events (10 events):
Event: 5.682 Thread 0x000000000643d000 nmethod 1716 0x000000000f71bc50 code [0x000000000f71be60, 0x000000000f71cda8]
Event: 5.682 Thread 0x000000000643d000 1688       4       com.android.dx.dex.code.RopTranslator$LocalVariableAwareTranslationVisitor::visitPlainInsn (11 bytes)
Event: 5.784 Thread 0x000000000643d000 nmethod 1688 0x000000000f71e3d0 code [0x000000000f71e680, 0x000000000f720450]
Event: 5.844 Thread 0x000000000643a000 nmethod 1694 0x000000000f727cd0 code [0x000000000f728040, 0x000000000f72b370]
Event: 6.951 Thread 0x000000000643d000 1729       4       com.android.dx.dex.code.RopToDop::dopFor (792 bytes)
Event: 6.953 Thread 0x000000000643a000 1730       4       com.android.dx.ssa.DeadCodeRemover::run (194 bytes)
Event: 6.953 Thread 0x0000000007ac2800 1731       3       com.android.dx.ssa.SsaInsn::setResult (20 bytes)
Event: 6.954 Thread 0x0000000007ac2800 nmethod 1731 0x000000000f715a10 code [0x000000000f715b80, 0x000000000f715de8]
Event: 6.967 Thread 0x0000000007ac2800 1744       2       com.android.dx.dex.file.ValueEncoder::addContents (75 bytes)
Event: 6.969 Thread 0x0000000007ac2800 nmethod 1744 0x000000000f726dd0 code [0x000000000f726fc0, 0x000000000f727678]

GC Heap History (6 events):
Event: 2.179 GC heap before
{Heap before GC invocations=1 (full 0):
 PSYoungGen      total 18944K, used 16384K [0x00000000eab00000, 0x00000000ec000000, 0x0000000100000000)
  eden space 16384K, 100% used [0x00000000eab00000,0x00000000ebb00000,0x00000000ebb00000)
  from space 2560K, 0% used [0x00000000ebd80000,0x00000000ebd80000,0x00000000ec000000)
  to   space 2560K, 0% used [0x00000000ebb00000,0x00000000ebb00000,0x00000000ebd80000)
 ParOldGen       total 44032K, used 0K [0x00000000c0000000, 0x00000000c2b00000, 0x00000000eab00000)
  object space 44032K, 0% used [0x00000000c0000000,0x00000000c0000000,0x00000000c2b00000)
 Metaspace       used 5532K, capacity 6512K, committed 6784K, reserved 1056768K
  class space    used 591K, capacity 616K, committed 640K, reserved 1048576K
Event: 2.243 GC heap after
Heap after GC invocations=1 (full 0):
 PSYoungGen      total 18944K, used 2558K [0x00000000eab00000, 0x00000000ed000000, 0x0000000100000000)
  eden space 16384K, 0% used [0x00000000eab00000,0x00000000eab00000,0x00000000ebb00000)
  from space 2560K, 99% used [0x00000000ebb00000,0x00000000ebd7f8a8,0x00000000ebd80000)
  to   space 2560K, 0% used [0x00000000ecd80000,0x00000000ecd80000,0x00000000ed000000)
 ParOldGen       total 44032K, used 1013K [0x00000000c0000000, 0x00000000c2b00000, 0x00000000eab00000)
  object space 44032K, 2% used [0x00000000c0000000,0x00000000c00fd728,0x00000000c2b00000)
 Metaspace       used 5532K, capacity 6512K, committed 6784K, reserved 1056768K
  class space    used 591K, capacity 616K, committed 640K, reserved 1048576K
}
Event: 3.217 GC heap before
{Heap before GC invocations=2 (full 0):
 PSYoungGen      total 18944K, used 18942K [0x00000000eab00000, 0x00000000ed000000, 0x0000000100000000)
  eden space 16384K, 100% used [0x00000000eab00000,0x00000000ebb00000,0x00000000ebb00000)
  from space 2560K, 99% used [0x00000000ebb00000,0x00000000ebd7f8a8,0x00000000ebd80000)
  to   space 2560K, 0% used [0x00000000ecd80000,0x00000000ecd80000,0x00000000ed000000)
 ParOldGen       total 44032K, used 1013K [0x00000000c0000000, 0x00000000c2b00000, 0x00000000eab00000)
  object space 44032K, 2% used [0x00000000c0000000,0x00000000c00fd728,0x00000000c2b00000)
 Metaspace       used 6021K, capacity 6896K, committed 7040K, reserved 1056768K
  class space    used 596K, capacity 616K, committed 640K, reserved 1048576K
Event: 3.297 GC heap after
Heap after GC invocations=2 (full 0):
 PSYoungGen      total 35328K, used 2557K [0x00000000eab00000, 0x00000000ed000000, 0x0000000100000000)
  eden space 32768K, 0% used [0x00000000eab00000,0x00000000eab00000,0x00000000ecb00000)
  from space 2560K, 99% used [0x00000000ecd80000,0x00000000ecfff458,0x00000000ed000000)
  to   space 2560K, 0% used [0x00000000ecb00000,0x00000000ecb00000,0x00000000ecd80000)
 ParOldGen       total 44032K, used 3155K [0x00000000c0000000, 0x00000000c2b00000, 0x00000000eab00000)
  object space 44032K, 7% used [0x00000000c0000000,0x00000000c0314cd0,0x00000000c2b00000)
 Metaspace       used 6021K, capacity 6896K, committed 7040K, reserved 1056768K
  class space    used 596K, capacity 616K, committed 640K, reserved 1048576K
}
Event: 4.882 GC heap before
{Heap before GC invocations=3 (full 0):
 PSYoungGen      total 35328K, used 35325K [0x00000000eab00000, 0x00000000ed000000, 0x0000000100000000)
  eden space 32768K, 100% used [0x00000000eab00000,0x00000000ecb00000,0x00000000ecb00000)
  from space 2560K, 99% used [0x00000000ecd80000,0x00000000ecfff458,0x00000000ed000000)
  to   space 2560K, 0% used [0x00000000ecb00000,0x00000000ecb00000,0x00000000ecd80000)
 ParOldGen       total 44032K, used 3155K [0x00000000c0000000, 0x00000000c2b00000, 0x00000000eab00000)
  object space 44032K, 7% used [0x00000000c0000000,0x00000000c0314cd0,0x00000000c2b00000)
 Metaspace       used 6209K, capacity 7088K, committed 7296K, reserved 1056768K
  class space    used 596K, capacity 616K, committed 640K, reserved 1048576K
Event: 4.899 GC heap after
Heap after GC invocations=3 (full 0):
 PSYoungGen      total 35328K, used 2545K [0x00000000eab00000, 0x00000000ed000000, 0x0000000100000000)
  eden space 32768K, 0% used [0x00000000eab00000,0x00000000eab00000,0x00000000ecb00000)
  from space 2560K, 99% used [0x00000000ecb00000,0x00000000ecd7c460,0x00000000ecd80000)
  to   space 2560K, 0% used [0x00000000ecd80000,0x00000000ecd80000,0x00000000ed000000)
 ParOldGen       total 44032K, used 8182K [0x00000000c0000000, 0x00000000c2b00000, 0x00000000eab00000)
  object space 44032K, 18% used [0x00000000c0000000,0x00000000c07fdb28,0x00000000c2b00000)
 Metaspace       used 6209K, capacity 7088K, committed 7296K, reserved 1056768K
  class space    used 596K, capacity 616K, committed 640K, reserved 1048576K
}

Deoptimization events (10 events):
Event: 3.305 Thread 0x0000000007cd2000 Uncommon trap: reason=unstable_if action=reinterpret pc=0x000000000f3231a0 method=com.android.dx.rop.code.RegisterSpec.equals(ILcom/android/dx/rop/type/TypeBearer;Lcom/android/dx/rop/code/LocalItem;)Z @ 42
Event: 3.834 Thread 0x0000000007cd6800 Uncommon trap: reason=unstable_if action=reinterpret pc=0x000000000f3a6ddc method=com.android.dx.rop.cst.Constant.compareTo(Lcom/android/dx/rop/cst/Constant;)I @ 12
Event: 4.203 Thread 0x0000000007cd5800 Uncommon trap: reason=unstable_if action=reinterpret pc=0x000000000f611abc method=com.android.dx.ssa.SCCP.simulateBranch(Lcom/android/dx/ssa/SsaInsn;)V @ 64
Event: 4.391 Thread 0x0000000002c10800 Uncommon trap: reason=uninitialized action=reinterpret pc=0x000000000f5e97d8 method=com.android.dx.cf.code.BytecodeArray.parseInstruction(ILcom/android/dx/cf/code/BytecodeArray$Visitor;)I @ 999
Event: 4.437 Thread 0x0000000002c10800 Uncommon trap: reason=bimorphic action=maybe_recompile pc=0x000000000f4c6704 method=java.util.HashMap.putVal(ILjava/lang/Object;Ljava/lang/Object;ZZ)Ljava/lang/Object; @ 203
Event: 5.004 Thread 0x0000000002c10800 Uncommon trap: reason=unloaded action=reinterpret pc=0x000000000f51f794 method=com.android.dx.cf.cst.ConstantPoolParser.parse0(ILjava/util/BitSet;)Lcom/android/dx/rop/cst/Constant; @ 198
Event: 5.079 Thread 0x0000000002c10800 Uncommon trap: reason=unstable_if action=reinterpret pc=0x000000000f5b4718 method=com.android.dx.ssa.SCCP.simulateStmt(Lcom/android/dx/ssa/SsaInsn;)V @ 53
Event: 5.447 Thread 0x0000000007cce800 Uncommon trap: reason=class_check action=maybe_recompile pc=0x000000000f6e59ac method=com.android.dx.rop.code.RegisterSpec.withSimpleType()Lcom/android/dx/rop/code/RegisterSpec; @ 21
Event: 5.451 Thread 0x0000000007cce800 Uncommon trap: reason=class_check action=maybe_recompile pc=0x000000000f6e59ac method=com.android.dx.rop.code.RegisterSpec.withSimpleType()Lcom/android/dx/rop/code/RegisterSpec; @ 21
Event: 5.518 Thread 0x0000000002c10800 Uncommon trap: reason=unstable_if action=reinterpret pc=0x000000000f471bbc method=com.android.dx.util.IntList.binarysearch(I)I @ 105

Internal exceptions (2 events):
Event: 0.124 Thread 0x0000000002c10800 Exception <a 'java/lang/NoSuchMethodError': Method sun.misc.Unsafe.defineClass(Ljava/lang/String;[BII)Ljava/lang/Class; name or signature does not match> (0x00000000eab12f00) thrown at [C:\re\workspace\8-2-build-windows-amd64-cygwin\jdk8u45\3627\hotspot\sr!‚aÎ¿?
Event: 0.124 Thread 0x0000000002c10800 Exception <a 'java/lang/NoSuchMethodError': Method sun.misc.Unsafe.prefetchRead(Ljava/lang/Object;J)V name or signature does not match> (0x00000000eab13190) thrown at [C:\re\workspace\8-2-build-windows-amd64-cygwin\jdk8u45\3627\hotspot\src\share\vm\prims\j

Events (10 events):
Event: 5.447 Thread 0x0000000007cce800 DEOPT PACKING pc=0x000000000f6e59ac sp=0x000000000835ead0
Event: 5.447 Thread 0x0000000007cce800 DEOPT UNPACKING pc=0x000000000f05582a sp=0x000000000835ea48 mode 2
Event: 5.451 Thread 0x0000000007cce800 Uncommon trap: trap_request=0xffffffde fr.pc=0x000000000f6e59ac
Event: 5.451 Thread 0x0000000007cce800 DEOPT PACKING pc=0x000000000f6e59ac sp=0x000000000835ea20
Event: 5.451 Thread 0x0000000007cce800 DEOPT UNPACKING pc=0x000000000f05582a sp=0x000000000835e998 mode 2
Event: 5.480 Thread 0x0000000007cd5800 DEOPT PACKING pc=0x000000000f3c9e7d sp=0x000000000865ecf0
Event: 5.480 Thread 0x0000000007cd5800 DEOPT UNPACKING pc=0x000000000f05787f sp=0x000000000865ea90 mode 0
Event: 5.518 Thread 0x0000000002c10800 Uncommon trap: trap_request=0xffffff65 fr.pc=0x000000000f471bbc
Event: 5.518 Thread 0x0000000002c10800 DEOPT PACKING pc=0x000000000f471bbc sp=0x0000000002c0e1d0
Event: 5.518 Thread 0x0000000002c10800 DEOPT UNPACKING pc=0x000000000f05582a sp=0x0000000002c0e148 mode 2


Dynamic libraries:
0x00007ff6c7f10000 - 0x00007ff6c7f47000 	C:\Program Files\Java\jdk1.8.0_45\bin\java.exe
0x00007ff994cc0000 - 0x00007ff994e81000 	C:\WINDOWS\SYSTEM32\ntdll.dll
0x00007ff993610000 - 0x00007ff9936bd000 	C:\WINDOWS\system32\KERNEL32.DLL
0x00007ff991e40000 - 0x00007ff992028000 	C:\WINDOWS\system32\KERNELBASE.dll
0x00007ff992350000 - 0x00007ff9923f7000 	C:\WINDOWS\system32\ADVAPI32.dll
0x00007ff9936c0000 - 0x00007ff99375d000 	C:\WINDOWS\system32\msvcrt.dll
0x00007ff9933a0000 - 0x00007ff9933fb000 	C:\WINDOWS\system32\sechost.dll
0x00007ff992400000 - 0x00007ff99251c000 	C:\WINDOWS\system32\RPCRT4.dll
0x00007ff9927d0000 - 0x00007ff992926000 	C:\WINDOWS\system32\USER32.dll
0x00007ff9920c0000 - 0x00007ff992246000 	C:\WINDOWS\system32\GDI32.dll
0x00007ff98cee0000 - 0x00007ff98d154000 	C:\WINDOWS\WinSxS\amd64_microsoft.windows.common-controls_6595b64144ccf1df_6.0.10586.494_none_a2d8b04ea53e3145\COMCTL32.dll
0x00007ff992b00000 - 0x00007ff992d7d000 	C:\WINDOWS\system32\combase.dll
0x00007ff991700000 - 0x00007ff99176a000 	C:\WINDOWS\system32\bcryptPrimitives.dll
0x00007ff992d80000 - 0x00007ff992dbb000 	C:\WINDOWS\system32\IMM32.DLL
0x00007ff9911d0000 - 0x00007ff991201000 	C:\Windows\system32\nvinitx.dll
0x00007ff9911c0000 - 0x00007ff9911ca000 	C:\WINDOWS\SYSTEM32\VERSION.dll
0x000000000f000000 - 0x000000000f006000 	C:\Program Files\NVIDIA Corporation\CoProcManager\_etoured.dll
0x00007ff98da00000 - 0x00007ff98da32000 	C:\Program Files\NVIDIA Corporation\CoProcManager\nvd3d9wrapx.dll
0x00007ff992dc0000 - 0x00007ff9931e9000 	C:\WINDOWS\system32\SETUPAPI.dll
0x00007ff9916b0000 - 0x00007ff9916f3000 	C:\WINDOWS\system32\CFGMGR32.dll
0x00007ff98d630000 - 0x00007ff98d652000 	C:\Program Files\NVIDIA Corporation\CoProcManager\nvdxgiwrapx.dll
0x000000006e7e0000 - 0x000000006e8b2000 	C:\Program Files\Java\jdk1.8.0_45\jre\bin\msvcr100.dll
0x000000006ecb0000 - 0x000000006f533000 	C:\Program Files\Java\jdk1.8.0_45\jre\bin\server\jvm.dll
0x00007ff992af0000 - 0x00007ff992af8000 	C:\WINDOWS\system32\PSAPI.DLL
0x00007ff9839d0000 - 0x00007ff9839d9000 	C:\WINDOWS\SYSTEM32\WSOCK32.dll
0x00007ff992690000 - 0x00007ff9926fb000 	C:\WINDOWS\system32\WS2_32.dll
0x00007ff98f990000 - 0x00007ff98f9b3000 	C:\WINDOWS\SYSTEM32\WINMM.dll
0x00007ff98f960000 - 0x00007ff98f98c000 	C:\WINDOWS\SYSTEM32\WINMMBASE.dll
0x000000006eca0000 - 0x000000006ecaf000 	C:\Program Files\Java\jdk1.8.0_45\jre\bin\verify.dll
0x000000006ec70000 - 0x000000006ec99000 	C:\Program Files\Java\jdk1.8.0_45\jre\bin\java.dll
0x000000006ec50000 - 0x000000006ec66000 	C:\Program Files\Java\jdk1.8.0_45\jre\bin\zip.dll
0x00007ff993760000 - 0x00007ff994cbc000 	C:\WINDOWS\system32\SHELL32.dll
0x00007ff9917d0000 - 0x00007ff991e15000 	C:\WINDOWS\system32\windows.storage.dll
0x00007ff992270000 - 0x00007ff9922c2000 	C:\WINDOWS\system32\shlwapi.dll
0x00007ff9912e0000 - 0x00007ff9912ef000 	C:\WINDOWS\system32\kernel.appcore.dll
0x00007ff991420000 - 0x00007ff9914d5000 	C:\WINDOWS\system32\shcore.dll
0x00007ff991300000 - 0x00007ff99134b000 	C:\WINDOWS\system32\powrprof.dll
0x00007ff991350000 - 0x00007ff991364000 	C:\WINDOWS\system32\profapi.dll
0x00007ff97f930000 - 0x00007ff97fabc000 	C:\WINDOWS\SYSTEM32\dbghelp.dll

VM Arguments:
jvm_args: -Djava.awt.headless=true -Xmx1024M -Dfile.encoding=x-windows-949 -Duser.country=KR -Duser.language=ko -Duser.variant 
java_command: com.android.dx.command.Main --dex --force-jumbo --num-threads=4 --multi-dex --output E:\AndroidStudioProjects\CheongwonPay\app\build\intermediates\transforms\dex\debug\folders\1000\10\com.android.support-appcompat-v7-24.1.1_c07326e7290ee2387f81167e5d732b31896ae87a E:\AndroidStudioProjects\CheongwonPay\app\build\intermediates\exploded-aar\com.android.support\appcompat-v7\24.1.1\jars\classes.jar
java_class_path (initial): E:\Android\sdk\build-tools\23.0.3\lib\dx.jar
Launcher Type: SUN_STANDARD

Environment Variables:
PATH=C:\ProgramData\Oracle\Java\javapath;C:\Program Files (x86)\Wizvera\Delfino;C:\Program Files (x86)\NVIDIA Corporation\PhysX\Common;C:\WINDOWS\system32;C:\WINDOWS;C:\WINDOWS\System32\Wbem;C:\WINDOWS\System32\WindowsPowerShell\v1.0\;C:\Program Files\WIDCOMM\Bluetooth Software\;C:\Program Files\WIDCOMM\Bluetooth Software\syswow64;;C:\Program Files (x86)\Intel\OpenCL SDK\2.0\bin\x86;C:\Program Files (x86)\Intel\OpenCL SDK\2.0\bin\x64;C:\Program Files\Java\jdk1.8.0_45\bin;C:\Program Files\Java\jre1.8.0_45\bin;E:\Android\sdk\platform-tools;C:\Program Files (x86)\Skype\Phone\;C:\Users\Á¤¼·\AppData\Local\Bandizip\7z
USERNAME=Á¤¼·
OS=Windows_NT
PROCESSOR_IDENTIFIER=Intel64 Family 6 Model 42 Stepping 7, GenuineIntel



---------------  S Y S T E M  ---------------

OS: Windows 10.0 , 64 bit Build 10586 (10.0.10586.0)

CPU:total 4 (2 cores per cpu, 2 threads per core) family 6 model 42 stepping 7, cmov, cx8, fxsr, mmx, sse, sse2, sse3, ssse3, sse4.1, sse4.2, popcnt, avx, aes, clmul, ht, tsc, tscinvbit

Memory: 4k page, physical 4104480k(391220k free), swap 5868564k(472k free)

vm_info: Java HotSpot(TM) 64-Bit Server VM (25.45-b02) for windows-amd64 JRE (1.8.0_45-b15), built on Apr 30 2015 12:40:44 by "java_re" with MS VC++ 10.0 (VS2010)

time: Sat Sep 17 23:12:46 2016
elapsed time: 7 seconds (0d 0h 0m 7s)

