#
# There is insufficient memory for the Java Runtime Environment to continue.
# Native memory allocation (malloc) failed to allocate 32744 bytes for ChunkPool::allocate
# Possible reasons:
#   The system is out of physical RAM or swap space
#   In 32 bit mode, the process size limit was hit
# Possible solutions:
#   Reduce memory load on the system
#   Increase physical memory or swap space
#   Check if swap backing store is full
#   Use 64 bit Java on a 64 bit OS
#   Decrease Java heap size (-Xmx/-Xms)
#   Decrease number of Java threads
#   Decrease Java thread stack sizes (-Xss)
#   Set larger code cache with -XX:ReservedCodeCacheSize=
# This output file may be truncated or incomplete.
#
#  Out of Memory Error (allocation.cpp:273), pid=11256, tid=2988
#
# JRE version: Java(TM) SE Runtime Environment (8.0_45-b15) (build 1.8.0_45-b15)
# Java VM: Java HotSpot(TM) 64-Bit Server VM (25.45-b02 mixed mode windows-amd64 compressed oops)
# Failed to write core dump. Minidumps are not enabled by default on client versions of Windows
#

---------------  T H R E A D  ---------------

Current thread (0x000000000885d800):  JavaThread "C1 CompilerThread2" daemon [_thread_in_native, id=2988, stack(0x0000000008c10000,0x0000000008d10000)]

Stack: [0x0000000008c10000,0x0000000008d10000]
Native frames: (J=compiled Java code, j=interpreted, Vv=VM code, C=native code)
V  [jvm.dll+0x32b57a]
V  [jvm.dll+0x279873]
V  [jvm.dll+0x27a509]
V  [jvm.dll+0x271825]
V  [jvm.dll+0xcb804]
V  [jvm.dll+0xcba27]
V  [jvm.dll+0xcbeac]
V  [jvm.dll+0x423b12]
V  [jvm.dll+0x423925]
V  [jvm.dll+0x423925]
V  [jvm.dll+0x423925]
V  [jvm.dll+0x423f77]
V  [jvm.dll+0x4240dc]
V  [jvm.dll+0x4273ab]
V  [jvm.dll+0x405e70]
V  [jvm.dll+0x406240]
V  [jvm.dll+0x406372]
V  [jvm.dll+0x406541]
V  [jvm.dll+0x40674f]
V  [jvm.dll+0xa4352]
V  [jvm.dll+0xa4c8f]
V  [jvm.dll+0x241984]
V  [jvm.dll+0x29853a]
C  [msvcr100.dll+0x21d9f]
C  [msvcr100.dll+0x21e3b]
C  [KERNEL32.DLL+0x18102]
C  [ntdll.dll+0x5c5b4]


Current CompileTask:
C1:    672   24       3       java.io.DataInputStream::readUTF (501 bytes)


---------------  P R O C E S S  ---------------

Java Threads: ( => current thread )
  0x000000000886f000 JavaThread "Service Thread" daemon [_thread_blocked, id=10504, stack(0x0000000008d10000,0x0000000008e10000)]
=>0x000000000885d800 JavaThread "C1 CompilerThread2" daemon [_thread_in_native, id=2988, stack(0x0000000008c10000,0x0000000008d10000)]
  0x0000000006aac000 JavaThread "C2 CompilerThread1" daemon [_thread_blocked, id=2356, stack(0x0000000008710000,0x0000000008810000)]
  0x0000000006a5c000 JavaThread "C2 CompilerThread0" daemon [_thread_blocked, id=6384, stack(0x0000000008610000,0x0000000008710000)]
  0x0000000006a5a000 JavaThread "Attach Listener" daemon [_thread_blocked, id=11040, stack(0x0000000008510000,0x0000000008610000)]
  0x0000000006aa9800 JavaThread "Signal Dispatcher" daemon [_thread_blocked, id=8092, stack(0x0000000008410000,0x0000000008510000)]
  0x0000000003370800 JavaThread "Finalizer" daemon [_thread_blocked, id=10464, stack(0x0000000007cc0000,0x0000000007dc0000)]
  0x000000000336d000 JavaThread "Reference Handler" daemon [_thread_blocked, id=12432, stack(0x0000000007bc0000,0x0000000007cc0000)]
  0x0000000003280800 JavaThread "main" [_thread_in_vm, id=7756, stack(0x0000000002d70000,0x0000000002e70000)]

Other Threads:
  0x0000000006a18000 VMThread [stack: 0x0000000007ac0000,0x0000000007bc0000] [id=9192]
  0x000000000887b800 WatcherThread [stack: 0x0000000008e10000,0x0000000008f10000] [id=4404]

VM state:not at safepoint (normal execution)

VM Mutex/Monitor currently owned by a thread:  ([mutex/lock_event])
[0x0000000002e9cbc0] AdapterHandlerLibrary_lock - owner thread: 0x0000000003280800

Heap:
 PSYoungGen      total 18944K, used 1311K [0x00000000eab00000, 0x00000000ec000000, 0x0000000100000000)
  eden space 16384K, 8% used [0x00000000eab00000,0x00000000eac47d30,0x00000000ebb00000)
  from space 2560K, 0% used [0x00000000ebd80000,0x00000000ebd80000,0x00000000ec000000)
  to   space 2560K, 0% used [0x00000000ebb00000,0x00000000ebb00000,0x00000000ebd80000)
 ParOldGen       total 44032K, used 0K [0x00000000c0000000, 0x00000000c2b00000, 0x00000000eab00000)
  object space 44032K, 0% used [0x00000000c0000000,0x00000000c0000000,0x00000000c2b00000)
 Metaspace       used 2913K, capacity 4486K, committed 4864K, reserved 1056768K
  class space    used 310K, capacity 386K, committed 512K, reserved 1048576K

Card table byte_map: [0x0000000003740000,0x0000000003950000] byte_map_base: 0x0000000003140000

Marking Bits: (ParMarkBitMap*) 0x0000000065ef4040
 Begin Bits: [0x0000000003eb0000, 0x0000000004eb0000)
 End Bits:   [0x0000000004eb0000, 0x0000000005eb0000)

Polling page: 0x0000000001130000

CodeCache: size=245760Kb used=1103Kb max_used=1114Kb free=244656Kb
 bounds [0x000000000f010000, 0x000000000f280000, 0x000000001e010000]
 total_blobs=269 nmethods=23 adapters=160
 compilation: enabled

Compilation events (10 events):
Event: 0.531 Thread 0x000000000885d800 nmethod 17 0x000000000f11ec90 code [0x000000000f11eea0, 0x000000000f11f9d8]
Event: 0.532 Thread 0x000000000885d800   18  s    3       java.lang.StringBuffer::append (13 bytes)
Event: 0.532 Thread 0x000000000885d800 nmethod 18 0x000000000f11ff10 code [0x000000000f1200a0, 0x000000000f120588]
Event: 0.537 Thread 0x000000000885d800   19       3       java.lang.String::getChars (62 bytes)
Event: 0.538 Thread 0x000000000885d800 nmethod 19 0x000000000f1207d0 code [0x000000000f120980, 0x000000000f120db8]
Event: 0.539 Thread 0x000000000885d800   20       1       java.lang.Object::<init> (1 bytes)
Event: 0.539 Thread 0x000000000885d800 nmethod 20 0x000000000f120fd0 code [0x000000000f121120, 0x000000000f121230]
Event: 0.635 Thread 0x000000000885d800   21       3       java.lang.String::<init> (62 bytes)
Event: 0.635 Thread 0x000000000885d800 nmethod 21 0x000000000f1228d0 code [0x000000000f122a80, 0x000000000f122eb8]
Event: 0.636 Thread 0x000000000885d800   24       3       java.io.DataInputStream::readUTF (501 bytes)

GC Heap History (0 events):
No events

Deoptimization events (0 events):
No events

Internal exceptions (2 events):
Event: 0.231 Thread 0x0000000003280800 Exception <a 'java/lang/NoSuchMethodError': Method sun.misc.Unsafe.defineClass(Ljava/lang/String;[BII)Ljava/lang/Class; name or signature does not match> (0x00000000eab12f00) thrown at [C:\re\workspace\8-2-build-windows-amd64-cygwin\jdk8u45\3627\hotspot\srñ0‰†Í?
Event: 0.231 Thread 0x0000000003280800 Exception <a 'java/lang/NoSuchMethodError': Method sun.misc.Unsafe.prefetchRead(Ljava/lang/Object;J)V name or signature does not match> (0x00000000eab13190) thrown at [C:\re\workspace\8-2-build-windows-amd64-cygwin\jdk8u45\3627\hotspot\src\share\vm\prims\j

Events (10 events):
Event: 0.605 loading class sun/util/calendar/ZoneInfo
Event: 0.606 loading class sun/util/calendar/ZoneInfo done
Event: 0.606 loading class sun/util/calendar/ZoneInfoFile
Event: 0.606 loading class sun/util/calendar/ZoneInfoFile done
Event: 0.606 loading class sun/util/calendar/ZoneInfoFile$1
Event: 0.606 loading class sun/util/calendar/ZoneInfoFile$1 done
Event: 0.606 loading class java/io/DataInputStream
Event: 0.606 loading class java/io/DataInput
Event: 0.606 loading class java/io/DataInput done
Event: 0.634 loading class java/io/DataInputStream done


Dynamic libraries:
0x00007ff7fcaf0000 - 0x00007ff7fcb27000 	C:\Program Files\Java\jdk1.8.0_45\bin\java.exe
0x00007ffb85840000 - 0x00007ffb85a01000 	C:\WINDOWS\SYSTEM32\ntdll.dll
0x00007ffb85790000 - 0x00007ffb8583d000 	C:\WINDOWS\system32\KERNEL32.DLL
0x00007ffb82790000 - 0x00007ffb82978000 	C:\WINDOWS\system32\KERNELBASE.dll
0x00007ffb851b0000 - 0x00007ffb85257000 	C:\WINDOWS\system32\ADVAPI32.dll
0x00007ffb853c0000 - 0x00007ffb8545d000 	C:\WINDOWS\system32\msvcrt.dll
0x00007ffb846d0000 - 0x00007ffb8472b000 	C:\WINDOWS\system32\sechost.dll
0x00007ffb84fa0000 - 0x00007ffb850bc000 	C:\WINDOWS\system32\RPCRT4.dll
0x00007ffb84b60000 - 0x00007ffb84cb6000 	C:\WINDOWS\system32\USER32.dll
0x00007ffb82c40000 - 0x00007ffb82dc6000 	C:\WINDOWS\system32\GDI32.dll
0x00007ffb7dff0000 - 0x00007ffb7e264000 	C:\WINDOWS\WinSxS\amd64_microsoft.windows.common-controls_6595b64144ccf1df_6.0.10586.494_none_a2d8b04ea53e3145\COMCTL32.dll
0x00007ffb85460000 - 0x00007ffb856dd000 	C:\WINDOWS\system32\combase.dll
0x00007ffb82980000 - 0x00007ffb829ea000 	C:\WINDOWS\system32\bcryptPrimitives.dll
0x00007ffb845c0000 - 0x00007ffb845fb000 	C:\WINDOWS\system32\IMM32.DLL
0x00007ffb81d50000 - 0x00007ffb81d81000 	C:\Windows\system32\nvinitx.dll
0x00007ffb81d40000 - 0x00007ffb81d4a000 	C:\WINDOWS\SYSTEM32\VERSION.dll
0x000000000f000000 - 0x000000000f006000 	C:\Program Files\NVIDIA Corporation\CoProcManager\_etoured.dll
0x00007ffb7eb00000 - 0x00007ffb7eb32000 	C:\Program Files\NVIDIA Corporation\CoProcManager\nvd3d9wrapx.dll
0x00007ffb84730000 - 0x00007ffb84b59000 	C:\WINDOWS\system32\SETUPAPI.dll
0x00007ffb82bf0000 - 0x00007ffb82c33000 	C:\WINDOWS\system32\CFGMGR32.dll
0x00007ffb7eac0000 - 0x00007ffb7eae2000 	C:\Program Files\NVIDIA Corporation\CoProcManager\nvdxgiwrapx.dll
0x0000000064ee0000 - 0x0000000064fb2000 	C:\Program Files\Java\jdk1.8.0_45\jre\bin\msvcr100.dll
0x00000000656f0000 - 0x0000000065f73000 	C:\Program Files\Java\jdk1.8.0_45\jre\bin\server\jvm.dll
0x00007ffb84330000 - 0x00007ffb84338000 	C:\WINDOWS\system32\PSAPI.DLL
0x00007ffb74960000 - 0x00007ffb74969000 	C:\WINDOWS\SYSTEM32\WSOCK32.dll
0x00007ffb85120000 - 0x00007ffb8518b000 	C:\WINDOWS\system32\WS2_32.dll
0x00007ffb804e0000 - 0x00007ffb80503000 	C:\WINDOWS\SYSTEM32\WINMM.dll
0x00007ffb804b0000 - 0x00007ffb804dc000 	C:\WINDOWS\SYSTEM32\WINMMBASE.dll
0x00000000656e0000 - 0x00000000656ef000 	C:\Program Files\Java\jdk1.8.0_45\jre\bin\verify.dll
0x00000000656b0000 - 0x00000000656d9000 	C:\Program Files\Java\jdk1.8.0_45\jre\bin\java.dll
0x0000000065690000 - 0x00000000656a6000 	C:\Program Files\Java\jdk1.8.0_45\jre\bin\zip.dll
0x00007ffb82dd0000 - 0x00007ffb8432c000 	C:\WINDOWS\system32\SHELL32.dll
0x0000000007dc0000 - 0x0000000008405000 	C:\WINDOWS\system32\windows.storage.dll
0x00007ffb84560000 - 0x00007ffb845b2000 	C:\WINDOWS\system32\shlwapi.dll
0x00007ffb81eb0000 - 0x00007ffb81ebf000 	C:\WINDOWS\system32\kernel.appcore.dll
0x00007ffb829f0000 - 0x00007ffb82aa5000 	C:\WINDOWS\system32\shcore.dll
0x00007ffb81e60000 - 0x00007ffb81eab000 	C:\WINDOWS\system32\powrprof.dll
0x00007ffb81ec0000 - 0x00007ffb81ed4000 	C:\WINDOWS\system32\profapi.dll
0x00007ffb70450000 - 0x00007ffb705dc000 	C:\WINDOWS\SYSTEM32\dbghelp.dll

VM Arguments:
jvm_args: -Djava.awt.headless=true -Xmx1024M -Dfile.encoding=x-windows-949 -Duser.country=KR -Duser.language=ko -Duser.variant 
java_command: com.android.dx.command.Main --dex --num-threads=4 --output E:\AndroidStudioProjects\CheongwonPay\app\build\intermediates\pre-dexed\release\internal_impl-24.1.1_ceeea9eb622860764f87cad1e2198dd10a179814.jar E:\AndroidStudioProjects\CheongwonPay\app\build\intermediates\exploded-aar\com.android.support\support-v4\24.1.1\jars\libs\internal_impl-24.1.1.jar
java_class_path (initial): E:\Android\sdk\build-tools\23.0.3\lib\dx.jar
Launcher Type: SUN_STANDARD

Environment Variables:
PATH=C:\ProgramData\Oracle\Java\javapath;C:\Program Files (x86)\Wizvera\Delfino;C:\Program Files (x86)\NVIDIA Corporation\PhysX\Common;C:\WINDOWS\system32;C:\WINDOWS;C:\WINDOWS\System32\Wbem;C:\WINDOWS\System32\WindowsPowerShell\v1.0\;C:\Program Files\WIDCOMM\Bluetooth Software\;C:\Program Files\WIDCOMM\Bluetooth Software\syswow64;;C:\Program Files (x86)\Intel\OpenCL SDK\2.0\bin\x86;C:\Program Files (x86)\Intel\OpenCL SDK\2.0\bin\x64;C:\Program Files\Java\jdk1.8.0_45\bin;C:\Program Files\Java\jre1.8.0_45\bin;E:\Android\sdk\platform-tools;C:\Program Files (x86)\Skype\Phone\;C:\Users\Á¤¼·\AppData\Local\Bandizip\7z
USERNAME=Á¤¼·
OS=Windows_NT
PROCESSOR_IDENTIFIER=Intel64 Family 6 Model 42 Stepping 7, GenuineIntel



---------------  S Y S T E M  ---------------

OS: Windows 10.0 , 64 bit Build 10586 (10.0.10586.0)

CPU:total 4 (2 cores per cpu, 2 threads per core) family 6 model 42 stepping 7, cmov, cx8, fxsr, mmx, sse, sse2, sse3, ssse3, sse4.1, sse4.2, popcnt, avx, aes, clmul, ht, tsc, tscinvbit

Memory: 4k page, physical 4104480k(517788k free), swap 6730592k(105812k free)

vm_info: Java HotSpot(TM) 64-Bit Server VM (25.45-b02) for windows-amd64 JRE (1.8.0_45-b15), built on Apr 30 2015 12:40:44 by "java_re" with MS VC++ 10.0 (VS2010)

time: Fri Sep 16 20:05:21 2016
elapsed time: 0 seconds (0d 0h 0m 0s)

