#
# There is insufficient memory for the Java Runtime Environment to continue.
# Native memory allocation (malloc) failed to allocate 32784 bytes for Chunk::new
# Possible reasons:
#   The system is out of physical RAM or swap space
#   In 32 bit mode, the process size limit was hit
# Possible solutions:
#   Reduce memory load on the system
#   Increase physical memory or swap space
#   Check if swap backing store is full
#   Use 64 bit Java on a 64 bit OS
#   Decrease Java heap size (-Xmx/-Xms)
#   Decrease number of Java threads
#   Decrease Java thread stack sizes (-Xss)
#   Set larger code cache with -XX:ReservedCodeCacheSize=
# This output file may be truncated or incomplete.
#
#  Out of Memory Error (allocation.cpp:390), pid=11632, tid=11892
#
# JRE version: Java(TM) SE Runtime Environment (8.0_45-b15) (build 1.8.0_45-b15)
# Java VM: Java HotSpot(TM) 64-Bit Server VM (25.45-b02 mixed mode windows-amd64 compressed oops)
# Failed to write core dump. Minidumps are not enabled by default on client versions of Windows
#

---------------  T H R E A D  ---------------

Current thread (0x0000000006adc000):  JavaThread "C2 CompilerThread1" daemon [_thread_in_native, id=11892, stack(0x00000000084f0000,0x00000000085f0000)]

Stack: [0x00000000084f0000,0x00000000085f0000]
Native frames: (J=compiled Java code, j=interpreted, Vv=VM code, C=native code)
V  [jvm.dll+0x32b57a]


Current CompileTask:
C2:   6225 1303       4       com.android.dx.rop.code.RopMethod::labelToPredecessors (54 bytes)


---------------  P R O C E S S  ---------------

Java Threads: ( => current thread )
  0x0000000008318000 JavaThread "pool-1-thread-4" [_thread_in_vm, id=1136, stack(0x0000000008cf0000,0x0000000008df0000)]
  0x0000000008316800 JavaThread "pool-1-thread-3" [_thread_blocked, id=6208, stack(0x0000000008bf0000,0x0000000008cf0000)]
  0x0000000008315000 JavaThread "pool-1-thread-2" [_thread_blocked, id=1012, stack(0x0000000008af0000,0x0000000008bf0000)]
  0x0000000008311000 JavaThread "pool-2-thread-1" [_thread_blocked, id=6128, stack(0x00000000089f0000,0x0000000008af0000)]
  0x0000000008357000 JavaThread "pool-1-thread-1" [_thread_in_Java, id=5816, stack(0x00000000088f0000,0x00000000089f0000)]
  0x000000000814f000 JavaThread "Service Thread" daemon [_thread_blocked, id=12716, stack(0x00000000086f0000,0x00000000087f0000)]
  0x000000000812c000 JavaThread "C1 CompilerThread2" daemon [_thread_blocked, id=10944, stack(0x00000000085f0000,0x00000000086f0000)]
=>0x0000000006adc000 JavaThread "C2 CompilerThread1" daemon [_thread_in_native, id=11892, stack(0x00000000084f0000,0x00000000085f0000)]
  0x0000000006a8e000 JavaThread "C2 CompilerThread0" daemon [_thread_in_native, id=11784, stack(0x0000000007ff0000,0x00000000080f0000)]
  0x0000000006a8c000 JavaThread "Attach Listener" daemon [_thread_blocked, id=12672, stack(0x0000000007ef0000,0x0000000007ff0000)]
  0x0000000006a8b000 JavaThread "Signal Dispatcher" daemon [_thread_blocked, id=12412, stack(0x0000000007df0000,0x0000000007ef0000)]
  0x00000000033a0000 JavaThread "Finalizer" daemon [_thread_blocked, id=1280, stack(0x0000000007cf0000,0x0000000007df0000)]
  0x000000000339d000 JavaThread "Reference Handler" daemon [_thread_blocked, id=9568, stack(0x0000000007bf0000,0x0000000007cf0000)]
  0x00000000032b0800 JavaThread "main" [_thread_in_vm, id=8660, stack(0x00000000031b0000,0x00000000032b0000)]

Other Threads:
  0x0000000006a48000 VMThread [stack: 0x0000000007af0000,0x0000000007bf0000] [id=896]
  0x0000000008150000 WatcherThread [stack: 0x00000000087f0000,0x00000000088f0000] [id=8668]

VM state:not at safepoint (normal execution)

VM Mutex/Monitor currently owned by a thread: None

Heap:
 PSYoungGen      total 18944K, used 13445K [0x00000000eab00000, 0x00000000ed000000, 0x0000000100000000)
  eden space 16384K, 66% used [0x00000000eab00000,0x00000000eb5a9570,0x00000000ebb00000)
  from space 2560K, 98% used [0x00000000ebb00000,0x00000000ebd78270,0x00000000ebd80000)
  to   space 2560K, 0% used [0x00000000ecd80000,0x00000000ecd80000,0x00000000ed000000)
 ParOldGen       total 44032K, used 1720K [0x00000000c0000000, 0x00000000c2b00000, 0x00000000eab00000)
  object space 44032K, 3% used [0x00000000c0000000,0x00000000c01ae1e0,0x00000000c2b00000)
 Metaspace       used 6024K, capacity 6960K, committed 7040K, reserved 1056768K
  class space    used 591K, capacity 616K, committed 640K, reserved 1048576K

Card table byte_map: [0x0000000003770000,0x0000000003980000] byte_map_base: 0x0000000003170000

Marking Bits: (ParMarkBitMap*) 0x0000000071e94040
 Begin Bits: [0x0000000003ee0000, 0x0000000004ee0000)
 End Bits:   [0x0000000004ee0000, 0x0000000005ee0000)

Polling page: 0x0000000001550000

CodeCache: size=245760Kb used=5270Kb max_used=5278Kb free=240489Kb
 bounds [0x000000000f010000, 0x000000000f540000, 0x000000001e010000]
 total_blobs=1579 nmethods=1308 adapters=184
 compilation: enabled

Compilation events (10 events):
Event: 6.209 Thread 0x000000000812c000 1304       3       com.android.dx.ssa.back.FirstFitLocalCombiningAllocator::findRopRegForLocal (74 bytes)
Event: 6.209 Thread 0x000000000812c000 nmethod 1304 0x000000000f530bd0 code [0x000000000f530da0, 0x000000000f531488]
Event: 6.210 Thread 0x000000000812c000 1305       3       com.android.dx.ssa.back.FirstFitLocalCombiningAllocator::canMapRegs (60 bytes)
Event: 6.211 Thread 0x000000000812c000 nmethod 1305 0x000000000f52f050 code [0x000000000f52f2c0, 0x000000000f530308]
Event: 6.213 Thread 0x000000000812c000 1306       3       com.android.dx.ssa.ConstCollector::updateConstUses (248 bytes)
Event: 6.218 Thread 0x000000000812c000 nmethod 1306 0x000000000f533150 code [0x000000000f533520, 0x000000000f535b38]
Event: 6.218 Thread 0x000000000812c000 1307       3       com.android.dx.ssa.SsaMethod::updateOneDefinition (70 bytes)
Event: 6.219 Thread 0x000000000812c000 nmethod 1307 0x000000000f537250 code [0x000000000f537400, 0x000000000f537c28]
Event: 6.220 Thread 0x0000000006a8e000 nmethod 1298 0x000000000f53b410 code [0x000000000f53b5a0, 0x000000000f53be28]
Event: 6.221 Thread 0x000000000812c000 1308       3       com.android.dx.rop.cst.CstMethodRef::<init> (7 bytes)

GC Heap History (2 events):
Event: 4.648 GC heap before
{Heap before GC invocations=1 (full 0):
 PSYoungGen      total 18944K, used 16384K [0x00000000eab00000, 0x00000000ec000000, 0x0000000100000000)
  eden space 16384K, 100% used [0x00000000eab00000,0x00000000ebb00000,0x00000000ebb00000)
  from space 2560K, 0% used [0x00000000ebd80000,0x00000000ebd80000,0x00000000ec000000)
  to   space 2560K, 0% used [0x00000000ebb00000,0x00000000ebb00000,0x00000000ebd80000)
 ParOldGen       total 44032K, used 0K [0x00000000c0000000, 0x00000000c2b00000, 0x00000000eab00000)
  object space 44032K, 0% used [0x00000000c0000000,0x00000000c0000000,0x00000000c2b00000)
 Metaspace       used 5801K, capacity 6768K, committed 7040K, reserved 1056768K
  class space    used 589K, capacity 616K, committed 640K, reserved 1048576K
Event: 5.344 GC heap after
Heap after GC invocations=1 (full 0):
 PSYoungGen      total 18944K, used 2528K [0x00000000eab00000, 0x00000000ed000000, 0x0000000100000000)
  eden space 16384K, 0% used [0x00000000eab00000,0x00000000eab00000,0x00000000ebb00000)
  from space 2560K, 98% used [0x00000000ebb00000,0x00000000ebd78270,0x00000000ebd80000)
  to   space 2560K, 0% used [0x00000000ecd80000,0x00000000ecd80000,0x00000000ed000000)
 ParOldGen       total 44032K, used 1720K [0x00000000c0000000, 0x00000000c2b00000, 0x00000000eab00000)
  object space 44032K, 3% used [0x00000000c0000000,0x00000000c01ae1e0,0x00000000c2b00000)
 Metaspace       used 5801K, capacity 6768K, committed 7040K, reserved 1056768K
  class space    used 589K, capacity 616K, committed 640K, reserved 1048576K
}

Deoptimization events (8 events):
Event: 0.956 Thread 0x00000000032b0800 Uncommon trap: reason=unstable_if action=reinterpret pc=0x000000000f168a98 method=java.lang.String.indexOf(II)I @ 49
Event: 3.100 Thread 0x0000000008357000 Uncommon trap: reason=unstable_if action=reinterpret pc=0x000000000f26e2d8 method=java.util.HashMap.getNode(ILjava/lang/Object;)Ljava/util/HashMap$Node; @ 62
Event: 3.991 Thread 0x0000000008316800 Uncommon trap: reason=unstable_if action=reinterpret pc=0x000000000f37472c method=java.util.HashMap.getNode(ILjava/lang/Object;)Ljava/util/HashMap$Node; @ 129
Event: 4.011 Thread 0x0000000008357000 Uncommon trap: reason=unstable_if action=reinterpret pc=0x000000000f37170c method=com.android.dx.rop.code.RegisterSpec.equals(ILcom/android/dx/rop/type/TypeBearer;Lcom/android/dx/rop/code/LocalItem;)Z @ 16
Event: 4.012 Thread 0x0000000008357000 Uncommon trap: reason=unstable_if action=reinterpret pc=0x000000000f2421e0 method=java.util.HashMap.getNode(ILjava/lang/Object;)Ljava/util/HashMap$Node; @ 62
Event: 4.015 Thread 0x0000000008357000 Uncommon trap: reason=unstable_if action=reinterpret pc=0x000000000f2f83f4 method=java.util.HashMap.getNode(ILjava/lang/Object;)Ljava/util/HashMap$Node; @ 129
Event: 5.359 Thread 0x0000000008316800 Uncommon trap: reason=unstable_if action=reinterpret pc=0x000000000f2446f0 method=java.util.BitSet.nextSetBit(I)I @ 87
Event: 6.200 Thread 0x0000000008316800 Uncommon trap: reason=unstable_if action=reinterpret pc=0x000000000f479fdc method=com.android.dx.ssa.SsaMethod.updateOneDefinition(Lcom/android/dx/ssa/SsaInsn;Lcom/android/dx/rop/code/RegisterSpec;)V @ 4

Internal exceptions (2 events):
Event: 0.173 Thread 0x00000000032b0800 Exception <a 'java/lang/NoSuchMethodError': Method sun.misc.Unsafe.defineClass(Ljava/lang/String;[BII)Ljava/lang/Class; name or signature does not match> (0x00000000eab12f00) thrown at [C:\re\workspace\8-2-build-windows-amd64-cygwin\jdk8u45\3627\hotspot\srPâ$çB∆?
Event: 0.173 Thread 0x00000000032b0800 Exception <a 'java/lang/NoSuchMethodError': Method sun.misc.Unsafe.prefetchRead(Ljava/lang/Object;J)V name or signature does not match> (0x00000000eab13190) thrown at [C:\re\workspace\8-2-build-windows-amd64-cygwin\jdk8u45\3627\hotspot\src\share\vm\prims\j

Events (10 events):
Event: 5.679 loading class com/android/dx/cf/direct/AnnotationParser done
Event: 5.728 loading class com/android/dx/cf/attrib/AttRuntimeVisibleAnnotations
Event: 5.728 loading class com/android/dx/cf/attrib/AttRuntimeVisibleAnnotations done
Event: 5.734 loading class com/android/dx/cf/attrib/BaseAnnotations
Event: 5.734 loading class com/android/dx/cf/attrib/BaseAnnotations done
Event: 6.200 loading class com/android/dx/rop/code/RegOps
Event: 6.200 loading class com/android/dx/rop/code/RegOps done
Event: 6.200 Thread 0x0000000008316800 Uncommon trap: trap_request=0xffffff65 fr.pc=0x000000000f479fdc
Event: 6.200 Thread 0x0000000008316800 DEOPT PACKING pc=0x000000000f479fdc sp=0x0000000008ceebf0
Event: 6.200 Thread 0x0000000008316800 DEOPT UNPACKING pc=0x000000000f05582a sp=0x0000000008ceeb98 mode 2


Dynamic libraries:
0x00007ff7003c0000 - 0x00007ff7003f7000 	C:\Program Files\Java\jdk1.8.0_45\bin\java.exe
0x00007ff9fb1b0000 - 0x00007ff9fb371000 	C:\WINDOWS\SYSTEM32\ntdll.dll
0x00007ff9facc0000 - 0x00007ff9fad6d000 	C:\WINDOWS\system32\KERNEL32.DLL
0x00007ff9f8020000 - 0x00007ff9f8208000 	C:\WINDOWS\system32\KERNELBASE.dll
0x00007ff9f9120000 - 0x00007ff9f91c7000 	C:\WINDOWS\system32\ADVAPI32.dll
0x00007ff9fa9f0000 - 0x00007ff9faa8d000 	C:\WINDOWS\system32\msvcrt.dll
0x00007ff9f8a20000 - 0x00007ff9f8a7b000 	C:\WINDOWS\system32\sechost.dll
0x00007ff9faba0000 - 0x00007ff9facbc000 	C:\WINDOWS\system32\RPCRT4.dll
0x00007ff9f8c10000 - 0x00007ff9f8d66000 	C:\WINDOWS\system32\USER32.dll
0x00007ff9f8a80000 - 0x00007ff9f8c06000 	C:\WINDOWS\system32\GDI32.dll
0x00007ff9f37a0000 - 0x00007ff9f3a14000 	C:\WINDOWS\WinSxS\amd64_microsoft.windows.common-controls_6595b64144ccf1df_6.0.10586.494_none_a2d8b04ea53e3145\COMCTL32.dll
0x00007ff9f8620000 - 0x00007ff9f889d000 	C:\WINDOWS\system32\combase.dll
0x00007ff9f78f0000 - 0x00007ff9f795a000 	C:\WINDOWS\system32\bcryptPrimitives.dll
0x00007ff9f8eb0000 - 0x00007ff9f8eeb000 	C:\WINDOWS\system32\IMM32.DLL
0x00007ff9f76c0000 - 0x00007ff9f76f1000 	C:\Windows\system32\nvinitx.dll
0x00007ff9f76b0000 - 0x00007ff9f76ba000 	C:\WINDOWS\SYSTEM32\VERSION.dll
0x000000000f000000 - 0x000000000f006000 	C:\Program Files\NVIDIA Corporation\CoProcManager\_etoured.dll
0x00007ff9f4420000 - 0x00007ff9f4452000 	C:\Program Files\NVIDIA Corporation\CoProcManager\nvd3d9wrapx.dll
0x00007ff9fad70000 - 0x00007ff9fb199000 	C:\WINDOWS\system32\SETUPAPI.dll
0x00007ff9f7fb0000 - 0x00007ff9f7ff3000 	C:\WINDOWS\system32\CFGMGR32.dll
0x00007ff9f3d80000 - 0x00007ff9f3da2000 	C:\Program Files\NVIDIA Corporation\CoProcManager\nvdxgiwrapx.dll
0x0000000071240000 - 0x0000000071312000 	C:\Program Files\Java\jdk1.8.0_45\jre\bin\msvcr100.dll
0x0000000071690000 - 0x0000000071f13000 	C:\Program Files\Java\jdk1.8.0_45\jre\bin\server\jvm.dll
0x00007ff9f85b0000 - 0x00007ff9f85b8000 	C:\WINDOWS\system32\PSAPI.DLL
0x00007ff9ea450000 - 0x00007ff9ea459000 	C:\WINDOWS\SYSTEM32\WSOCK32.dll
0x00007ff9f8d70000 - 0x00007ff9f8ddb000 	C:\WINDOWS\system32\WS2_32.dll
0x00007ff9f5e80000 - 0x00007ff9f5ea3000 	C:\WINDOWS\SYSTEM32\WINMM.dll
0x00007ff9f5e50000 - 0x00007ff9f5e7c000 	C:\WINDOWS\SYSTEM32\WINMMBASE.dll
0x0000000071680000 - 0x000000007168f000 	C:\Program Files\Java\jdk1.8.0_45\jre\bin\verify.dll
0x0000000071650000 - 0x0000000071679000 	C:\Program Files\Java\jdk1.8.0_45\jre\bin\java.dll
0x0000000071630000 - 0x0000000071646000 	C:\Program Files\Java\jdk1.8.0_45\jre\bin\zip.dll
0x00007ff9f92e0000 - 0x00007ff9fa83c000 	C:\WINDOWS\system32\SHELL32.dll
0x00007ff9f7960000 - 0x00007ff9f7fa5000 	C:\WINDOWS\system32\windows.storage.dll
0x00007ff9f90c0000 - 0x00007ff9f9112000 	C:\WINDOWS\system32\shlwapi.dll
0x00007ff9f77f0000 - 0x00007ff9f77ff000 	C:\WINDOWS\system32\kernel.appcore.dll
0x00007ff9f83e0000 - 0x00007ff9f8495000 	C:\WINDOWS\system32\shcore.dll
0x00007ff9f7810000 - 0x00007ff9f785b000 	C:\WINDOWS\system32\powrprof.dll
0x00007ff9f77d0000 - 0x00007ff9f77e4000 	C:\WINDOWS\system32\profapi.dll

VM Arguments:
jvm_args: -Djava.awt.headless=true -Xmx1024M -Dfile.encoding=x-windows-949 -Duser.country=KR -Duser.language=ko -Duser.variant 
java_command: com.android.dx.command.Main --dex --num-threads=4 --output E:\AndroidStudioProjects\CheongwonPay\app\build\intermediates\pre-dexed\debug\com.google.android.gms-play-services-appindexing-8.1.0_79f66d43f2213ff8080f62f28235e0d0bb13b5c4.jar E:\AndroidStudioProjects\CheongwonPay\app\build\intermediates\exploded-aar\com.google.android.gms\play-services-appindexing\8.1.0\jars\classes.jar
java_class_path (initial): E:\Android\sdk\build-tools\23.0.3\lib\dx.jar
Launcher Type: SUN_STANDARD

Environment Variables:
PATH=C:\ProgramData\Oracle\Java\javapath;C:\Program Files (x86)\Wizvera\Delfino;C:\Program Files (x86)\NVIDIA Corporation\PhysX\Common;C:\WINDOWS\system32;C:\WINDOWS;C:\WINDOWS\System32\Wbem;C:\WINDOWS\System32\WindowsPowerShell\v1.0\;C:\Program Files\WIDCOMM\Bluetooth Software\;C:\Program Files\WIDCOMM\Bluetooth Software\syswow64;;C:\Program Files (x86)\Intel\OpenCL SDK\2.0\bin\x86;C:\Program Files (x86)\Intel\OpenCL SDK\2.0\bin\x64;C:\Program Files\Java\jdk1.8.0_45\bin;C:\Program Files\Java\jre1.8.0_45\bin;E:\Android\sdk\platform-tools;C:\Program Files (x86)\Skype\Phone\;C:\Users\¡§º∑\AppData\Local\Bandizip\7z
USERNAME=¡§º∑
OS=Windows_NT
PROCESSOR_IDENTIFIER=Intel64 Family 6 Model 42 Stepping 7, GenuineIntel



---------------  S Y S T E M  ---------------

OS: Windows 10.0 , 64 bit Build 10586 (10.0.10586.0)

CPU:total 4 (2 cores per cpu, 2 threads per core) family 6 model 42 stepping 7, cmov, cx8, fxsr, mmx, sse, sse2, sse3, ssse3, sse4.1, sse4.2, popcnt, avx, aes, clmul, ht, tsc, tscinvbit

Memory: 4k page, physical 4104480k(455192k free), swap 6427392k(3840k free)

vm_info: Java HotSpot(TM) 64-Bit Server VM (25.45-b02) for windows-amd64 JRE (1.8.0_45-b15), built on Apr 30 2015 12:40:44 by "java_re" with MS VC++ 10.0 (VS2010)

time: Sun Sep 18 00:03:06 2016
elapsed time: 6 seconds (0d 0h 0m 6s)

